2022-10-24 08:54:09: Using pytorch 1.12.0+cu113 (['/media/mldadmin/home/s122mdg36_01/anaconda3/envs/torchgpu/lib/python3.7/site-packages/torch'])
2022-10-24 08:54:09: Start training with args:
{
    "backend": "nccl",
    "batch_size": 8,
    "brighten_method": "lime",
    "clip_length": 16,
    "dataset": "ARID",
    "debug_mode": true,
    "dist_url": "tcp://192.168.0.11:23456",
    "end_epoch": 50,
    "fine_tune": true,
    "gpus": "0,1,2,3,4,5,6,7",
    "is_dark": false,
    "log_file": "./exps/logs/lime-arid-resnet3d-18-orimgsample-is-not-dark-std-mean_at-gpu36.log",
    "lr_base": 0.01,
    "lr_factor": 0.1,
    "lr_steps": [
        20000,
        40000,
        80000
    ],
    "model_dir": "./exps/models/archive",
    "model_prefix": "./exps/models/archive/lime-arid-resnet3d-18-orimgsample-is-not-dark-std-mean",
    "network": "resnet",
    "pretrained_2d": true,
    "pretrained_3d": null,
    "random_seed": 3407,
    "resume_epoch": -1,
    "save_frequency": 5,
    "segments": 1,
    "task_name": "lime-arid-resnet3d-18-orimgsample-is-not-dark-std-mean",
    "train_frame_interval": 2,
    "use_flow": false,
    "use_segments": false,
    "val_frame_interval": 2,
    "world_size": 1
}
2022-10-24 08:54:09: Target dataset: 'ARID', configs: {'num_classes': 10}
2022-10-24 08:54:10: Initializer:: 'BasicStem' is uninitialized.
2022-10-24 08:54:10: Initializer:: 'AdaptiveAvgPool3d' is uninitialized.
2022-10-24 08:54:10: Initializer:: 'VideoResNet' is uninitialized.
2022-10-24 08:54:10: Network:: graph initialized, loading pretrained model: `/media/mldadmin/home/s122mdg36_01/arid/assignment1/solutions/ARID_v1/network/pretrained/r3d_18-b3b3357e.pth'
2022-10-24 08:54:10: There are layers in current network not initialized by pretrained
2022-10-24 08:54:10: >> Failed to load: ['fc.weight', 'fc.bias']
2022-10-24 08:54:10: loading network configs of: RESNET
2022-10-24 08:54:10: Preprocessing:: using default mean & std from Kinetics original.
2022-10-24 08:54:10: data:: {'mean': [0.43216, 0.394666, 0.37645], 'std': [0.22803, 0.22145, 0.216989]}
2022-10-24 08:54:10: VideoIter:: clip_length = 16, interval = [train: 2, val: 2], seed = 3507
2022-10-24 08:54:10: VideoIter:: >> `check_video' is off, `tolerant_corrupted_video' is automatically activated.
2022-10-24 08:54:10: VideoIter:: found 750 videos in `./dataset/ARID/train.txt'
2022-10-24 08:54:10: VideoIter:: iterator initialized (phase: 'train', num: 750)
2022-10-24 08:54:10: VideoIter:: >> `check_video' is off, `tolerant_corrupted_video' is automatically activated.
2022-10-24 08:54:10: VideoIter:: found 320 videos in `./dataset/ARID/val.txt'
2022-10-24 08:54:10: VideoIter:: iterator initialized (phase: 'test', num: 320)
2022-10-24 08:54:12: Optimizer:: >> recuding the learning rate of 62 params: ['resnet.stem.0.weight', 'resnet.stem.1.weight', 'resnet.stem.1.bias', 'resnet.layer1.0.conv1.0.weight', 'resnet.layer1.0.conv1.1.weight', 'resnet.lay ... nv1.1.bias', 'resnet.layer4.1.conv2.0.weight', 'resnet.layer4.1.conv2.1.weight', 'resnet.layer4.1.conv2.1.bias', 'resnet.fc.weight', 'resnet.fc.bias']
2022-10-24 08:54:12: Iter 0: start with learning rate: 1.00000e-02 (next lr step: 2500)
2022-10-24 08:54:12: Start epoch 0:
2022-10-24 08:54:31: Epoch [0]   Batch [0]    Speed   0.4 (+ 2) sample/sec  loss-ce = 2.56121, top1 = 0.00000, top5 = 0.50000  
2022-10-24 08:56:13: Epoch [0]   Batch [50]   Speed   3.9 (+ 0) sample/sec  loss-ce = 2.19553, top1 = 0.25500, top5 = 0.66000  
2022-10-24 08:57:39: Epoch [0]   time cost: 207.04 sec (0.06 h)
2022-10-24 08:57:39: mkdir ./exps/models/archive_lime-arid-resnet3d-18-orimgsample-is-not-dark-std-mean
2022-10-24 08:57:40: Checkpoint (model & optimizer) saved to: ./exps/models/archive_lime-arid-resnet3d-18-orimgsample-is-not-dark-std-mean/lime-arid-resnet3d-18-orimgsample-is-not-dark-std-mean_ep-0001.pth
2022-10-24 08:57:40: Start epoch 1:
2022-10-24 08:57:58: Epoch [1]   Batch [0]    Speed   0.4 (+ 4) sample/sec  loss-ce = 1.65289, top1 = 0.25000, top5 = 1.00000  
2022-10-24 08:59:41: Epoch [1]   Batch [50]   Speed   3.9 (+ 0) sample/sec  loss-ce = 1.46490, top1 = 0.52000, top5 = 0.92500  
2022-10-24 09:01:07: Epoch [1]   time cost: 207.07 sec (0.06 h)
2022-10-24 09:01:07: Start evaluating epoch 1:
2022-10-24 09:01:42: Epoch [1]   Batch [159]  Speed   9.1 (+17) sample/sec  loss-ce = 2.12996, top1 = 0.28750, top5 = 0.81563  
2022-10-24 09:01:42: Current best epoch found with top5 accuracy 0.81563 at epoch 2, saved
2022-10-24 09:01:42: Checkpoint (model & optimizer) saved to: ./exps/models/archive_lime-arid-resnet3d-18-orimgsample-is-not-dark-std-mean/lime-arid-resnet3d-18-orimgsample-is-not-dark-std-mean_ep-0002.pth
2022-10-24 09:01:43: Checkpoint (model & optimizer) saved to: ./exps/models/archive_lime-arid-resnet3d-18-orimgsample-is-not-dark-std-mean/lime-arid-resnet3d-18-orimgsample-is-not-dark-std-mean_ep-0002.pth
2022-10-24 09:01:43: Current best epoch found with top1 accuracy 0.28750 at epoch 2, saved
2022-10-24 09:01:43: Start epoch 2:
2022-10-24 09:02:01: Epoch [2]   Batch [0]    Speed   0.4 (+ 4) sample/sec  loss-ce = 1.02230, top1 = 0.62500, top5 = 1.00000  
2022-10-24 09:03:43: Epoch [2]   Batch [50]   Speed   3.9 (+ 0) sample/sec  loss-ce = 0.90765, top1 = 0.74000, top5 = 0.98250  
2022-10-24 09:05:10: Epoch [2]   time cost: 207.35 sec (0.06 h)
2022-10-24 09:05:10: Start epoch 3:
2022-10-24 09:05:27: Epoch [3]   Batch [0]    Speed   0.5 (+ 8) sample/sec  loss-ce = 0.99571, top1 = 0.62500, top5 = 1.00000  
2022-10-24 09:07:08: Epoch [3]   Batch [50]   Speed   3.9 (+ 0) sample/sec  loss-ce = 0.57420, top1 = 0.86000, top5 = 0.98750  
2022-10-24 09:08:35: Epoch [3]   time cost: 205.12 sec (0.06 h)
2022-10-24 09:08:35: Start evaluating epoch 3:
2022-10-24 09:09:10: Epoch [3]   Batch [159]  Speed   9.2 (+13) sample/sec  loss-ce = 1.96737, top1 = 0.40313, top5 = 0.84062  
2022-10-24 09:09:10: Current best epoch found with top5 accuracy 0.84062 at epoch 4, saved
2022-10-24 09:09:11: Checkpoint (model & optimizer) saved to: ./exps/models/archive_lime-arid-resnet3d-18-orimgsample-is-not-dark-std-mean/lime-arid-resnet3d-18-orimgsample-is-not-dark-std-mean_ep-0004.pth
2022-10-24 09:09:13: Checkpoint (model & optimizer) saved to: ./exps/models/archive_lime-arid-resnet3d-18-orimgsample-is-not-dark-std-mean/lime-arid-resnet3d-18-orimgsample-is-not-dark-std-mean_ep-0004.pth
2022-10-24 09:09:13: Current best epoch found with top1 accuracy 0.40313 at epoch 4, saved
2022-10-24 09:09:13: Start epoch 4:
2022-10-24 09:09:28: Epoch [4]   Batch [0]    Speed   0.5 (+ 8) sample/sec  loss-ce = 0.80938, top1 = 0.75000, top5 = 1.00000  
2022-10-24 09:11:11: Epoch [4]   Batch [50]   Speed   3.9 (+ 0) sample/sec  loss-ce = 0.43711, top1 = 0.89500, top5 = 0.99500  
2022-10-24 09:12:38: Epoch [4]   time cost: 205.42 sec (0.06 h)
2022-10-24 09:12:39: Checkpoint (model & optimizer) saved to: ./exps/models/archive_lime-arid-resnet3d-18-orimgsample-is-not-dark-std-mean/lime-arid-resnet3d-18-orimgsample-is-not-dark-std-mean_ep-0005.pth
2022-10-24 09:12:39: Start epoch 5:
2022-10-24 09:12:55: Epoch [5]   Batch [0]    Speed   0.5 (+ 8) sample/sec  loss-ce = 0.41112, top1 = 0.87500, top5 = 1.00000  
2022-10-24 09:14:34: Epoch [5]   Batch [50]   Speed   4.0 (+ 0) sample/sec  loss-ce = 0.34202, top1 = 0.89750, top5 = 0.99750  
2022-10-24 09:16:02: Epoch [5]   time cost: 202.83 sec (0.06 h)
2022-10-24 09:16:02: Start evaluating epoch 5:
2022-10-24 09:16:36: Epoch [5]   Batch [159]  Speed   9.4 (+12) sample/sec  loss-ce = 2.05261, top1 = 0.40313, top5 = 0.90312  
2022-10-24 09:16:36: Current best epoch found with top5 accuracy 0.90312 at epoch 6, saved
2022-10-24 09:16:36: Checkpoint (model & optimizer) saved to: ./exps/models/archive_lime-arid-resnet3d-18-orimgsample-is-not-dark-std-mean/lime-arid-resnet3d-18-orimgsample-is-not-dark-std-mean_ep-0006.pth
2022-10-24 09:16:37: Checkpoint (model & optimizer) saved to: ./exps/models/archive_lime-arid-resnet3d-18-orimgsample-is-not-dark-std-mean/lime-arid-resnet3d-18-orimgsample-is-not-dark-std-mean_ep-0006.pth
2022-10-24 09:16:37: Current best epoch found with top1 accuracy 0.40313 at epoch 6, saved
2022-10-24 09:16:37: Start epoch 6:
2022-10-24 09:16:52: Epoch [6]   Batch [0]    Speed   0.5 (+ 8) sample/sec  loss-ce = 0.18835, top1 = 1.00000, top5 = 1.00000  
2022-10-24 09:18:25: Epoch [6]   Batch [50]   Speed   4.3 (+ 0) sample/sec  loss-ce = 0.25858, top1 = 0.93500, top5 = 0.99500  
2022-10-24 09:19:52: Epoch [6]   time cost: 194.65 sec (0.05 h)
2022-10-24 09:19:52: Start epoch 7:
2022-10-24 09:20:05: Epoch [7]   Batch [0]    Speed   0.6 (+ 8) sample/sec  loss-ce = 0.44018, top1 = 0.75000, top5 = 1.00000  
2022-10-24 09:21:32: Epoch [7]   Batch [50]   Speed   4.6 (+ 0) sample/sec  loss-ce = 0.20270, top1 = 0.95000, top5 = 1.00000  
2022-10-24 09:22:59: Epoch [7]   time cost: 187.79 sec (0.05 h)
2022-10-24 09:22:59: Start evaluating epoch 7:
2022-10-24 09:23:26: Epoch [7]   Batch [159]  Speed  12.2 (+ 4) sample/sec  loss-ce = 1.93031, top1 = 0.44688, top5 = 0.93437  
2022-10-24 09:23:26: Current best epoch found with top5 accuracy 0.93437 at epoch 8, saved
2022-10-24 09:23:26: Checkpoint (model & optimizer) saved to: ./exps/models/archive_lime-arid-resnet3d-18-orimgsample-is-not-dark-std-mean/lime-arid-resnet3d-18-orimgsample-is-not-dark-std-mean_ep-0008.pth
2022-10-24 09:23:28: Checkpoint (model & optimizer) saved to: ./exps/models/archive_lime-arid-resnet3d-18-orimgsample-is-not-dark-std-mean/lime-arid-resnet3d-18-orimgsample-is-not-dark-std-mean_ep-0008.pth
2022-10-24 09:23:28: Current best epoch found with top1 accuracy 0.44688 at epoch 8, saved
2022-10-24 09:23:28: Start epoch 8:
2022-10-24 09:23:46: Epoch [8]   Batch [0]    Speed   0.4 (+ 5) sample/sec  loss-ce = 0.26240, top1 = 0.87500, top5 = 1.00000  
2022-10-24 09:25:03: Epoch [8]   Batch [50]   Speed   5.2 (+ 0) sample/sec  loss-ce = 0.17265, top1 = 0.96250, top5 = 1.00000  
2022-10-24 09:26:30: Epoch [8]   time cost: 182.82 sec (0.05 h)
2022-10-24 09:26:30: Start epoch 9:
2022-10-24 09:26:43: Epoch [9]   Batch [0]    Speed   0.6 (+ 3) sample/sec  loss-ce = 0.04211, top1 = 1.00000, top5 = 1.00000  
2022-10-24 09:28:08: Epoch [9]   Batch [50]   Speed   4.7 (+ 0) sample/sec  loss-ce = 0.15360, top1 = 0.96500, top5 = 1.00000  
2022-10-24 09:29:36: Epoch [9]   time cost: 185.14 sec (0.05 h)
2022-10-24 09:29:36: Checkpoint (model & optimizer) saved to: ./exps/models/archive_lime-arid-resnet3d-18-orimgsample-is-not-dark-std-mean/lime-arid-resnet3d-18-orimgsample-is-not-dark-std-mean_ep-0010.pth
2022-10-24 09:29:36: Start evaluating epoch 9:
2022-10-24 09:30:03: Epoch [9]   Batch [159]  Speed  11.9 (+ 3) sample/sec  loss-ce = 2.01718, top1 = 0.46250, top5 = 0.90938  
2022-10-24 09:30:03: Current best epoch found with top1 accuracy 0.46250 at epoch 10, saved
2022-10-24 09:30:03: Start epoch 10:
2022-10-24 09:30:18: Epoch [10]  Batch [0]    Speed   0.5 (+ 4) sample/sec  loss-ce = 0.07194, top1 = 1.00000, top5 = 1.00000  
2022-10-24 09:31:26: Epoch [10]  Batch [50]   Speed   5.9 (+ 0) sample/sec  loss-ce = 0.15798, top1 = 0.96250, top5 = 0.99750  
2022-10-24 09:32:53: Epoch [10]   time cost: 170.15 sec (0.05 h)
2022-10-24 09:32:53: Start epoch 11:
2022-10-24 09:33:09: Epoch [11]  Batch [0]    Speed   0.5 (+ 4) sample/sec  loss-ce = 0.04925, top1 = 1.00000, top5 = 1.00000  
2022-10-24 09:34:33: Epoch [11]  Batch [50]   Speed   4.7 (+ 0) sample/sec  loss-ce = 0.15158, top1 = 0.96750, top5 = 0.99750  
2022-10-24 09:36:00: Epoch [11]   time cost: 186.99 sec (0.05 h)
2022-10-24 09:36:00: Start evaluating epoch 11:
2022-10-24 09:36:31: Epoch [11]  Batch [159]  Speed  10.3 (+ 4) sample/sec  loss-ce = 2.09210, top1 = 0.45937, top5 = 0.88750  
2022-10-24 09:36:31: Start epoch 12:
2022-10-24 09:36:45: Epoch [12]  Batch [0]    Speed   0.6 (+ 3) sample/sec  loss-ce = 0.05318, top1 = 1.00000, top5 = 1.00000  
2022-10-24 09:37:59: Epoch [12]  Batch [50]   Speed   5.4 (+ 0) sample/sec  loss-ce = 0.12011, top1 = 0.96750, top5 = 1.00000  
2022-10-24 09:39:24: Epoch [12]   time cost: 172.99 sec (0.05 h)
2022-10-24 09:39:24: Start epoch 13:
2022-10-24 09:39:40: Epoch [13]  Batch [0]    Speed   0.5 (+ 3) sample/sec  loss-ce = 0.05886, top1 = 1.00000, top5 = 1.00000  
2022-10-24 09:41:08: Epoch [13]  Batch [50]   Speed   4.5 (+ 0) sample/sec  loss-ce = 0.09730, top1 = 0.97750, top5 = 1.00000  
2022-10-24 09:42:32: Epoch [13]   time cost: 187.79 sec (0.05 h)
2022-10-24 09:42:32: Start evaluating epoch 13:
2022-10-24 09:43:03: Epoch [13]  Batch [159]  Speed  10.4 (+ 4) sample/sec  loss-ce = 2.03344, top1 = 0.47187, top5 = 0.90625  
2022-10-24 09:43:04: Checkpoint (model & optimizer) saved to: ./exps/models/archive_lime-arid-resnet3d-18-orimgsample-is-not-dark-std-mean/lime-arid-resnet3d-18-orimgsample-is-not-dark-std-mean_ep-0014.pth
2022-10-24 09:43:04: Current best epoch found with top1 accuracy 0.47187 at epoch 14, saved
2022-10-24 09:43:04: Start epoch 14:
2022-10-24 09:43:18: Epoch [14]  Batch [0]    Speed   0.6 (+ 3) sample/sec  loss-ce = 0.12721, top1 = 0.87500, top5 = 1.00000  
2022-10-24 09:44:38: Epoch [14]  Batch [50]   Speed   5.0 (+ 0) sample/sec  loss-ce = 0.07737, top1 = 0.98750, top5 = 1.00000  
2022-10-24 09:45:58: Epoch [14]   time cost: 174.57 sec (0.05 h)
2022-10-24 09:45:59: Checkpoint (model & optimizer) saved to: ./exps/models/archive_lime-arid-resnet3d-18-orimgsample-is-not-dark-std-mean/lime-arid-resnet3d-18-orimgsample-is-not-dark-std-mean_ep-0015.pth
2022-10-24 09:45:59: Start epoch 15:
2022-10-24 09:46:14: Epoch [15]  Batch [0]    Speed   0.5 (+ 4) sample/sec  loss-ce = 0.01230, top1 = 1.00000, top5 = 1.00000  
2022-10-24 09:47:48: Epoch [15]  Batch [50]   Speed   4.3 (+ 0) sample/sec  loss-ce = 0.07807, top1 = 0.98750, top5 = 1.00000  
2022-10-24 09:49:07: Epoch [15]   time cost: 188.28 sec (0.05 h)
2022-10-24 09:49:07: Start evaluating epoch 15:
2022-10-24 09:49:39: Epoch [15]  Batch [159]  Speed  10.0 (+ 4) sample/sec  loss-ce = 2.17866, top1 = 0.49062, top5 = 0.90625  
2022-10-24 09:49:39: Checkpoint (model & optimizer) saved to: ./exps/models/archive_lime-arid-resnet3d-18-orimgsample-is-not-dark-std-mean/lime-arid-resnet3d-18-orimgsample-is-not-dark-std-mean_ep-0016.pth
2022-10-24 09:49:39: Current best epoch found with top1 accuracy 0.49062 at epoch 16, saved
2022-10-24 09:49:39: Start epoch 16:
2022-10-24 09:49:55: Epoch [16]  Batch [0]    Speed   0.5 (+ 3) sample/sec  loss-ce = 0.02134, top1 = 1.00000, top5 = 1.00000  
2022-10-24 09:51:18: Epoch [16]  Batch [50]   Speed   4.8 (+ 0) sample/sec  loss-ce = 0.08824, top1 = 0.97750, top5 = 1.00000  
2022-10-24 09:52:34: Epoch [16]   time cost: 174.76 sec (0.05 h)
2022-10-24 09:52:34: Start epoch 17:
2022-10-24 09:52:51: Epoch [17]  Batch [0]    Speed   0.5 (+ 4) sample/sec  loss-ce = 0.46763, top1 = 0.87500, top5 = 1.00000  
2022-10-24 09:54:27: Epoch [17]  Batch [50]   Speed   4.2 (+ 0) sample/sec  loss-ce = 0.09720, top1 = 0.98750, top5 = 1.00000  
2022-10-24 09:55:43: Epoch [17]   time cost: 189.22 sec (0.05 h)
2022-10-24 09:55:43: Start evaluating epoch 17:
2022-10-24 09:56:15: Epoch [17]  Batch [159]  Speed  10.1 (+ 4) sample/sec  loss-ce = 2.27075, top1 = 0.44688, top5 = 0.90312  
2022-10-24 09:56:15: Start epoch 18:
2022-10-24 09:56:32: Epoch [18]  Batch [0]    Speed   0.5 (+ 3) sample/sec  loss-ce = 0.02590, top1 = 1.00000, top5 = 1.00000  
2022-10-24 09:57:57: Epoch [18]  Batch [50]   Speed   4.7 (+ 0) sample/sec  loss-ce = 0.07768, top1 = 0.98250, top5 = 1.00000  
2022-10-24 09:59:12: Epoch [18]   time cost: 176.60 sec (0.05 h)
2022-10-24 09:59:12: Start epoch 19:
2022-10-24 09:59:29: Epoch [19]  Batch [0]    Speed   0.5 (+ 3) sample/sec  loss-ce = 0.02567, top1 = 1.00000, top5 = 1.00000  
2022-10-24 10:01:06: Epoch [19]  Batch [50]   Speed   4.1 (+ 0) sample/sec  loss-ce = 0.06055, top1 = 0.99000, top5 = 1.00000  
2022-10-24 10:02:23: Epoch [19]   time cost: 191.06 sec (0.05 h)
2022-10-24 10:02:24: Checkpoint (model & optimizer) saved to: ./exps/models/archive_lime-arid-resnet3d-18-orimgsample-is-not-dark-std-mean/lime-arid-resnet3d-18-orimgsample-is-not-dark-std-mean_ep-0020.pth
2022-10-24 10:02:24: Start evaluating epoch 19:
2022-10-24 10:02:56: Epoch [19]  Batch [159]  Speed  10.0 (+ 4) sample/sec  loss-ce = 2.11781, top1 = 0.45312, top5 = 0.92812  
2022-10-24 10:02:56: Start epoch 20:
2022-10-24 10:03:11: Epoch [20]  Batch [0]    Speed   0.5 (+ 4) sample/sec  loss-ce = 0.08603, top1 = 1.00000, top5 = 1.00000  
2022-10-24 10:04:36: Epoch [20]  Batch [50]   Speed   4.7 (+ 0) sample/sec  loss-ce = 0.04589, top1 = 0.99500, top5 = 1.00000  
2022-10-24 10:05:52: Epoch [20]   time cost: 176.41 sec (0.05 h)
2022-10-24 10:05:52: Start epoch 21:
2022-10-24 10:06:07: Epoch [21]  Batch [0]    Speed   0.6 (+ 3) sample/sec  loss-ce = 0.01574, top1 = 1.00000, top5 = 1.00000  
2022-10-24 10:07:46: Epoch [21]  Batch [50]   Speed   4.0 (+ 0) sample/sec  loss-ce = 0.04909, top1 = 0.98750, top5 = 1.00000  
2022-10-24 10:09:00: Epoch [21]   time cost: 188.18 sec (0.05 h)
2022-10-24 10:09:00: Start evaluating epoch 21:
2022-10-24 10:09:32: Epoch [21]  Batch [159]  Speed  10.2 (+ 4) sample/sec  loss-ce = 1.97836, top1 = 0.50313, top5 = 0.93125  
2022-10-24 10:09:32: Checkpoint (model & optimizer) saved to: ./exps/models/archive_lime-arid-resnet3d-18-orimgsample-is-not-dark-std-mean/lime-arid-resnet3d-18-orimgsample-is-not-dark-std-mean_ep-0022.pth
2022-10-24 10:09:32: Current best epoch found with top1 accuracy 0.50313 at epoch 22, saved
2022-10-24 10:09:32: Start epoch 22:
2022-10-24 10:09:50: Epoch [22]  Batch [0]    Speed   0.5 (+ 4) sample/sec  loss-ce = 0.11495, top1 = 1.00000, top5 = 1.00000  
2022-10-24 10:11:16: Epoch [22]  Batch [50]   Speed   4.6 (+ 0) sample/sec  loss-ce = 0.08486, top1 = 0.98000, top5 = 1.00000  
2022-10-24 10:12:28: Epoch [22]   time cost: 175.26 sec (0.05 h)
2022-10-24 10:12:28: Start epoch 23:
2022-10-24 10:12:45: Epoch [23]  Batch [0]    Speed   0.5 (+ 3) sample/sec  loss-ce = 0.26891, top1 = 0.87500, top5 = 1.00000  
2022-10-24 10:14:25: Epoch [23]  Batch [50]   Speed   4.0 (+ 0) sample/sec  loss-ce = 0.04776, top1 = 0.99250, top5 = 1.00000  
2022-10-24 10:15:38: Epoch [23]   time cost: 190.33 sec (0.05 h)
2022-10-24 10:15:38: Start evaluating epoch 23:
2022-10-24 10:16:10: Epoch [23]  Batch [159]  Speed  10.0 (+ 4) sample/sec  loss-ce = 2.38297, top1 = 0.48125, top5 = 0.90312  
2022-10-24 10:16:10: Start epoch 24:
2022-10-24 10:16:27: Epoch [24]  Batch [0]    Speed   0.5 (+ 4) sample/sec  loss-ce = 0.00291, top1 = 1.00000, top5 = 1.00000  
2022-10-24 10:17:55: Epoch [24]  Batch [50]   Speed   4.5 (+ 0) sample/sec  loss-ce = 0.04101, top1 = 0.99250, top5 = 1.00000  
2022-10-24 10:19:08: Epoch [24]   time cost: 177.23 sec (0.05 h)
2022-10-24 10:19:08: Checkpoint (model & optimizer) saved to: ./exps/models/archive_lime-arid-resnet3d-18-orimgsample-is-not-dark-std-mean/lime-arid-resnet3d-18-orimgsample-is-not-dark-std-mean_ep-0025.pth
2022-10-24 10:19:08: Start epoch 25:
2022-10-24 10:19:25: Epoch [25]  Batch [0]    Speed   0.5 (+ 4) sample/sec  loss-ce = 0.03784, top1 = 1.00000, top5 = 1.00000  
2022-10-24 10:21:04: Epoch [25]  Batch [50]   Speed   4.0 (+ 0) sample/sec  loss-ce = 0.04189, top1 = 0.99750, top5 = 1.00000  
2022-10-24 10:22:18: Epoch [25]   time cost: 190.08 sec (0.05 h)
2022-10-24 10:22:18: Start evaluating epoch 25:
2022-10-24 10:22:52: Epoch [25]  Batch [159]  Speed   9.5 (+ 5) sample/sec  loss-ce = 2.12122, top1 = 0.52812, top5 = 0.93125  
2022-10-24 10:22:53: Checkpoint (model & optimizer) saved to: ./exps/models/archive_lime-arid-resnet3d-18-orimgsample-is-not-dark-std-mean/lime-arid-resnet3d-18-orimgsample-is-not-dark-std-mean_ep-0026.pth
2022-10-24 10:22:53: Current best epoch found with top1 accuracy 0.52812 at epoch 26, saved
2022-10-24 10:22:53: Start epoch 26:
2022-10-24 10:23:08: Epoch [26]  Batch [0]    Speed   0.5 (+ 3) sample/sec  loss-ce = 0.01726, top1 = 1.00000, top5 = 1.00000  
2022-10-24 10:24:34: Epoch [26]  Batch [50]   Speed   4.6 (+ 0) sample/sec  loss-ce = 0.03490, top1 = 0.99500, top5 = 1.00000  
2022-10-24 10:24:39: Iter: 2500, change learning rate to 1.00000e-03 for step [2500:5000)
2022-10-24 10:25:48: Epoch [26]   time cost: 175.11 sec (0.05 h)
2022-10-24 10:25:48: Start epoch 27:
2022-10-24 10:26:05: Epoch [27]  Batch [0]    Speed   0.5 (+ 3) sample/sec  loss-ce = 0.01562, top1 = 1.00000, top5 = 1.00000  
2022-10-24 10:27:44: Epoch [27]  Batch [50]   Speed   4.0 (+ 0) sample/sec  loss-ce = 0.05503, top1 = 0.99000, top5 = 1.00000  
2022-10-24 10:28:57: Epoch [27]   time cost: 189.41 sec (0.05 h)
2022-10-24 10:28:57: Start evaluating epoch 27:
2022-10-24 10:29:32: Epoch [27]  Batch [159]  Speed   9.2 (+ 5) sample/sec  loss-ce = 2.13004, top1 = 0.51562, top5 = 0.93125  
2022-10-24 10:29:32: Start epoch 28:
2022-10-24 10:29:49: Epoch [28]  Batch [0]    Speed   0.5 (+ 4) sample/sec  loss-ce = 0.00935, top1 = 1.00000, top5 = 1.00000  
2022-10-24 10:31:14: Epoch [28]  Batch [50]   Speed   4.7 (+ 0) sample/sec  loss-ce = 0.06596, top1 = 0.97500, top5 = 1.00000  
2022-10-24 10:32:30: Epoch [28]   time cost: 177.65 sec (0.05 h)
2022-10-24 10:32:30: Start epoch 29:
2022-10-24 10:32:45: Epoch [29]  Batch [0]    Speed   0.5 (+ 3) sample/sec  loss-ce = 0.01584, top1 = 1.00000, top5 = 1.00000  
2022-10-24 10:34:23: Epoch [29]  Batch [50]   Speed   4.1 (+ 0) sample/sec  loss-ce = 0.03085, top1 = 0.99750, top5 = 1.00000  
2022-10-24 10:35:36: Epoch [29]   time cost: 186.65 sec (0.05 h)
2022-10-24 10:35:37: Checkpoint (model & optimizer) saved to: ./exps/models/archive_lime-arid-resnet3d-18-orimgsample-is-not-dark-std-mean/lime-arid-resnet3d-18-orimgsample-is-not-dark-std-mean_ep-0030.pth
2022-10-24 10:35:37: Start evaluating epoch 29:
2022-10-24 10:36:10: Epoch [29]  Batch [159]  Speed   9.7 (+ 5) sample/sec  loss-ce = 2.18142, top1 = 0.51875, top5 = 0.92500  
2022-10-24 10:36:10: Start epoch 30:
2022-10-24 10:36:27: Epoch [30]  Batch [0]    Speed   0.5 (+ 4) sample/sec  loss-ce = 0.01583, top1 = 1.00000, top5 = 1.00000  
2022-10-24 10:37:53: Epoch [30]  Batch [50]   Speed   4.7 (+ 0) sample/sec  loss-ce = 0.03139, top1 = 0.99750, top5 = 1.00000  
2022-10-24 10:39:08: Epoch [30]   time cost: 177.61 sec (0.05 h)
2022-10-24 10:39:08: Start epoch 31:
2022-10-24 10:39:22: Epoch [31]  Batch [0]    Speed   0.5 (+ 4) sample/sec  loss-ce = 0.02209, top1 = 1.00000, top5 = 1.00000  
2022-10-24 10:41:03: Epoch [31]  Batch [50]   Speed   4.0 (+ 0) sample/sec  loss-ce = 0.02836, top1 = 0.99750, top5 = 1.00000  
2022-10-24 10:42:14: Epoch [31]   time cost: 186.45 sec (0.05 h)
2022-10-24 10:42:14: Start evaluating epoch 31:
2022-10-24 10:42:47: Epoch [31]  Batch [159]  Speed   9.8 (+ 5) sample/sec  loss-ce = 2.32251, top1 = 0.48125, top5 = 0.90938  
2022-10-24 10:42:47: Start epoch 32:
2022-10-24 10:43:03: Epoch [32]  Batch [0]    Speed   0.5 (+ 4) sample/sec  loss-ce = 0.01287, top1 = 1.00000, top5 = 1.00000  
2022-10-24 10:44:33: Epoch [32]  Batch [50]   Speed   4.5 (+ 0) sample/sec  loss-ce = 0.03548, top1 = 0.99500, top5 = 1.00000  
2022-10-24 10:45:44: Epoch [32]   time cost: 177.07 sec (0.05 h)
2022-10-24 10:45:44: Start epoch 33:
2022-10-24 10:46:02: Epoch [33]  Batch [0]    Speed   0.4 (+ 4) sample/sec  loss-ce = 0.00768, top1 = 1.00000, top5 = 1.00000  
2022-10-24 10:47:43: Epoch [33]  Batch [50]   Speed   4.0 (+ 0) sample/sec  loss-ce = 0.04638, top1 = 0.98500, top5 = 1.00000  
2022-10-24 10:49:00: Epoch [33]   time cost: 195.71 sec (0.05 h)
2022-10-24 10:49:00: Start evaluating epoch 33:
2022-10-24 10:49:25: Epoch [33]  Batch [159]  Speed  12.7 (+ 2) sample/sec  loss-ce = 2.27086, top1 = 0.48125, top5 = 0.90312  
2022-10-24 10:49:25: Start epoch 34:
2022-10-24 10:49:36: Epoch [34]  Batch [0]    Speed   0.7 (+ 3) sample/sec  loss-ce = 0.07872, top1 = 1.00000, top5 = 1.00000  
2022-10-24 10:51:13: Epoch [34]  Batch [50]   Speed   4.1 (+ 0) sample/sec  loss-ce = 0.04262, top1 = 0.99250, top5 = 1.00000  
2022-10-24 10:52:30: Epoch [34]   time cost: 185.10 sec (0.05 h)
2022-10-24 10:52:31: Checkpoint (model & optimizer) saved to: ./exps/models/archive_lime-arid-resnet3d-18-orimgsample-is-not-dark-std-mean/lime-arid-resnet3d-18-orimgsample-is-not-dark-std-mean_ep-0035.pth
2022-10-24 10:52:31: Start epoch 35:
2022-10-24 10:52:42: Epoch [35]  Batch [0]    Speed   0.7 (+ 3) sample/sec  loss-ce = 0.00652, top1 = 1.00000, top5 = 1.00000  
2022-10-24 10:54:23: Epoch [35]  Batch [50]   Speed   4.0 (+ 0) sample/sec  loss-ce = 0.02644, top1 = 0.99750, top5 = 1.00000  
2022-10-24 10:55:39: Epoch [35]   time cost: 188.81 sec (0.05 h)
2022-10-24 10:55:39: Start evaluating epoch 35:
2022-10-24 10:56:04: Epoch [35]  Batch [159]  Speed  12.8 (+ 2) sample/sec  loss-ce = 2.14678, top1 = 0.52500, top5 = 0.91563  
2022-10-24 10:56:04: Start epoch 36:
2022-10-24 10:56:16: Epoch [36]  Batch [0]    Speed   0.7 (+ 3) sample/sec  loss-ce = 0.01746, top1 = 1.00000, top5 = 1.00000  
2022-10-24 10:57:53: Epoch [36]  Batch [50]   Speed   4.1 (+ 0) sample/sec  loss-ce = 0.03553, top1 = 0.99000, top5 = 1.00000  
2022-10-24 10:59:09: Epoch [36]   time cost: 184.79 sec (0.05 h)
2022-10-24 10:59:09: Start epoch 37:
2022-10-24 10:59:21: Epoch [37]  Batch [0]    Speed   0.7 (+ 3) sample/sec  loss-ce = 0.07282, top1 = 1.00000, top5 = 1.00000  
2022-10-24 11:01:03: Epoch [37]  Batch [50]   Speed   3.9 (+ 0) sample/sec  loss-ce = 0.03801, top1 = 0.99500, top5 = 1.00000  
2022-10-24 11:02:19: Epoch [37]   time cost: 190.22 sec (0.05 h)
2022-10-24 11:02:19: Start evaluating epoch 37:
2022-10-24 11:02:44: Epoch [37]  Batch [159]  Speed  12.8 (+ 2) sample/sec  loss-ce = 2.23041, top1 = 0.49375, top5 = 0.92812  
2022-10-24 11:02:44: Start epoch 38:
2022-10-24 11:02:56: Epoch [38]  Batch [0]    Speed   0.7 (+ 3) sample/sec  loss-ce = 0.04900, top1 = 1.00000, top5 = 1.00000  
2022-10-24 11:04:33: Epoch [38]  Batch [50]   Speed   4.1 (+ 0) sample/sec  loss-ce = 0.04220, top1 = 0.99000, top5 = 1.00000  
2022-10-24 11:05:49: Epoch [38]   time cost: 184.83 sec (0.05 h)
2022-10-24 11:05:49: Start epoch 39:
2022-10-24 11:06:01: Epoch [39]  Batch [0]    Speed   0.7 (+ 3) sample/sec  loss-ce = 0.00386, top1 = 1.00000, top5 = 1.00000  
2022-10-24 11:07:42: Epoch [39]  Batch [50]   Speed   3.9 (+ 0) sample/sec  loss-ce = 0.03970, top1 = 0.99000, top5 = 1.00000  
2022-10-24 11:08:58: Epoch [39]   time cost: 188.79 sec (0.05 h)
2022-10-24 11:08:58: Checkpoint (model & optimizer) saved to: ./exps/models/archive_lime-arid-resnet3d-18-orimgsample-is-not-dark-std-mean/lime-arid-resnet3d-18-orimgsample-is-not-dark-std-mean_ep-0040.pth
2022-10-24 11:08:58: Start evaluating epoch 39:
2022-10-24 11:09:23: Epoch [39]  Batch [159]  Speed  12.9 (+ 2) sample/sec  loss-ce = 2.16632, top1 = 0.51875, top5 = 0.93125  
2022-10-24 11:09:23: Start epoch 40:
2022-10-24 11:09:35: Epoch [40]  Batch [0]    Speed   0.7 (+ 3) sample/sec  loss-ce = 0.00727, top1 = 1.00000, top5 = 1.00000  
2022-10-24 11:11:12: Epoch [40]  Batch [50]   Speed   4.1 (+ 0) sample/sec  loss-ce = 0.02742, top1 = 1.00000, top5 = 1.00000  
2022-10-24 11:12:28: Epoch [40]   time cost: 184.31 sec (0.05 h)
2022-10-24 11:12:28: Start epoch 41:
2022-10-24 11:12:40: Epoch [41]  Batch [0]    Speed   0.7 (+ 3) sample/sec  loss-ce = 0.01836, top1 = 1.00000, top5 = 1.00000  
2022-10-24 11:14:21: Epoch [41]  Batch [50]   Speed   3.9 (+ 0) sample/sec  loss-ce = 0.02948, top1 = 0.99500, top5 = 1.00000  
2022-10-24 11:15:37: Epoch [41]   time cost: 189.69 sec (0.05 h)
2022-10-24 11:15:37: Start evaluating epoch 41:
2022-10-24 11:16:02: Epoch [41]  Batch [159]  Speed  12.9 (+ 2) sample/sec  loss-ce = 2.29234, top1 = 0.52187, top5 = 0.90938  
2022-10-24 11:16:02: Start epoch 42:
2022-10-24 11:16:14: Epoch [42]  Batch [0]    Speed   0.7 (+ 3) sample/sec  loss-ce = 0.10608, top1 = 1.00000, top5 = 1.00000  
2022-10-24 11:17:52: Epoch [42]  Batch [50]   Speed   4.1 (+ 0) sample/sec  loss-ce = 0.02909, top1 = 0.99500, top5 = 1.00000  
2022-10-24 11:19:08: Epoch [42]   time cost: 185.84 sec (0.05 h)
2022-10-24 11:19:08: Start epoch 43:
2022-10-24 11:19:20: Epoch [43]  Batch [0]    Speed   0.7 (+ 3) sample/sec  loss-ce = 0.01006, top1 = 1.00000, top5 = 1.00000  
2022-10-24 11:21:01: Epoch [43]  Batch [50]   Speed   3.9 (+ 0) sample/sec  loss-ce = 0.02950, top1 = 0.99000, top5 = 1.00000  
2022-10-24 11:22:18: Epoch [43]   time cost: 189.45 sec (0.05 h)
2022-10-24 11:22:18: Start evaluating epoch 43:
2022-10-24 11:22:43: Epoch [43]  Batch [159]  Speed  12.8 (+ 2) sample/sec  loss-ce = 2.26116, top1 = 0.50313, top5 = 0.90938  
2022-10-24 11:22:43: Start epoch 44:
2022-10-24 11:22:55: Epoch [44]  Batch [0]    Speed   0.6 (+ 3) sample/sec  loss-ce = 0.00288, top1 = 1.00000, top5 = 1.00000  
2022-10-24 11:24:32: Epoch [44]  Batch [50]   Speed   4.1 (+ 0) sample/sec  loss-ce = 0.03193, top1 = 0.99500, top5 = 1.00000  
2022-10-24 11:25:48: Epoch [44]   time cost: 185.65 sec (0.05 h)
2022-10-24 11:25:49: Checkpoint (model & optimizer) saved to: ./exps/models/archive_lime-arid-resnet3d-18-orimgsample-is-not-dark-std-mean/lime-arid-resnet3d-18-orimgsample-is-not-dark-std-mean_ep-0045.pth
2022-10-24 11:25:49: Start epoch 45:
2022-10-24 11:26:00: Epoch [45]  Batch [0]    Speed   0.7 (+ 3) sample/sec  loss-ce = 0.01487, top1 = 1.00000, top5 = 1.00000  
2022-10-24 11:27:41: Epoch [45]  Batch [50]   Speed   3.9 (+ 0) sample/sec  loss-ce = 0.04001, top1 = 0.99000, top5 = 1.00000  
2022-10-24 11:28:58: Epoch [45]   time cost: 189.78 sec (0.05 h)
2022-10-24 11:28:58: Start evaluating epoch 45:
2022-10-24 11:29:23: Epoch [45]  Batch [159]  Speed  12.9 (+ 2) sample/sec  loss-ce = 2.26633, top1 = 0.48750, top5 = 0.91563  
2022-10-24 11:29:23: Start epoch 46:
2022-10-24 11:29:35: Epoch [46]  Batch [0]    Speed   0.7 (+ 3) sample/sec  loss-ce = 0.11649, top1 = 1.00000, top5 = 1.00000  
2022-10-24 11:31:13: Epoch [46]  Batch [50]   Speed   4.1 (+ 0) sample/sec  loss-ce = 0.03663, top1 = 0.99500, top5 = 1.00000  
2022-10-24 11:32:29: Epoch [46]   time cost: 185.61 sec (0.05 h)
2022-10-24 11:32:29: Start epoch 47:
2022-10-24 11:32:39: Epoch [47]  Batch [0]    Speed   0.8 (+ 3) sample/sec  loss-ce = 0.00930, top1 = 1.00000, top5 = 1.00000  
2022-10-24 11:34:21: Epoch [47]  Batch [50]   Speed   3.9 (+ 0) sample/sec  loss-ce = 0.03784, top1 = 0.99000, top5 = 1.00000  
2022-10-24 11:35:37: Epoch [47]   time cost: 188.57 sec (0.05 h)
2022-10-24 11:35:37: Start evaluating epoch 47:
2022-10-24 11:36:02: Epoch [47]  Batch [159]  Speed  12.9 (+ 2) sample/sec  loss-ce = 2.24635, top1 = 0.48438, top5 = 0.90625  
2022-10-24 11:36:02: Start epoch 48:
2022-10-24 11:36:14: Epoch [48]  Batch [0]    Speed   0.7 (+ 3) sample/sec  loss-ce = 0.03534, top1 = 1.00000, top5 = 1.00000  
2022-10-24 11:37:51: Epoch [48]  Batch [50]   Speed   4.1 (+ 0) sample/sec  loss-ce = 0.03147, top1 = 0.99500, top5 = 1.00000  
2022-10-24 11:38:36: Epoch [48]   time cost: 153.46 sec (0.04 h)
2022-10-24 11:38:36: Start epoch 49:
2022-10-24 11:38:44: Epoch [49]  Batch [0]    Speed   1.0 (+ 7) sample/sec  loss-ce = 0.00405, top1 = 1.00000, top5 = 1.00000  
2022-10-24 11:39:32: Epoch [49]  Batch [50]   Speed   8.4 (+ 0) sample/sec  loss-ce = 0.02738, top1 = 0.99500, top5 = 1.00000  
2022-10-24 11:40:13: Epoch [49]   time cost: 97.18 sec (0.03 h)
2022-10-24 11:40:13: Checkpoint (model & optimizer) saved to: ./exps/models/archive_lime-arid-resnet3d-18-orimgsample-is-not-dark-std-mean/lime-arid-resnet3d-18-orimgsample-is-not-dark-std-mean_ep-0050.pth
2022-10-24 11:40:13: Start evaluating epoch 49:
2022-10-24 11:40:30: Epoch [49]  Batch [159]  Speed  19.6 (+10) sample/sec  loss-ce = 2.19362, top1 = 0.51250, top5 = 0.93125  
2022-10-24 11:40:30: Optimization done!
