2022-11-07 13:48:22: Using pytorch 1.12.0+cu113 (['/media/mldadmin/home/s122mdg36_01/anaconda3/envs/torchgpu/lib/python3.7/site-packages/torch'])
2022-11-07 13:48:22: Start training with args:
{
    "backend": "nccl",
    "batch_size": 8,
    "brighten_method": "lime_canny_150_250",
    "clip_length": 16,
    "dataset": "ARID",
    "debug_mode": true,
    "dist_url": "tcp://192.168.0.11:23456",
    "end_epoch": 50,
    "fine_tune": true,
    "gpus": "0,1,2,3,4,5,6,7",
    "is_dark": false,
    "log_file": "./exps/logs/arid-resnet3d-18-MGsample-lime_canny_thresh_150_250_at-gpu36.log",
    "lr_base": 0.01,
    "lr_factor": 0.1,
    "lr_steps": [
        20000,
        40000,
        80000
    ],
    "model_dir": "./exps/models/archive",
    "model_prefix": "./exps/models/archive/arid-resnet3d-18-MGsample-lime_canny_thresh_150_250",
    "network": "resnet",
    "pretrained_2d": true,
    "pretrained_3d": null,
    "random_seed": 3407,
    "resume_epoch": -1,
    "save_frequency": 2,
    "segments": 1,
    "task_name": "arid-resnet3d-18-MGsample-lime_canny_thresh_150_250",
    "train_frame_interval": 2,
    "use_flow": false,
    "use_segments": false,
    "val_frame_interval": 2,
    "world_size": 1
}
2022-11-07 13:48:22: Target dataset: 'ARID', configs: {'num_classes': 10}
2022-11-07 13:48:23: Initializer:: 'BasicStem' is uninitialized.
2022-11-07 13:48:23: Initializer:: 'AdaptiveAvgPool3d' is uninitialized.
2022-11-07 13:48:23: Initializer:: 'VideoResNet' is uninitialized.
2022-11-07 13:48:23: Network:: graph initialized, loading pretrained model: `/media/mldadmin/home/s122mdg36_01/caipei/assignment1/solutions/ARID_v1/network/pretrained/r3d_18-b3b3357e.pth'
2022-11-07 13:48:23: There are layers in current network not initialized by pretrained
2022-11-07 13:48:23: >> Failed to load: ['fc.weight', 'fc.bias']
2022-11-07 13:48:23: loading network configs of: RESNET
2022-11-07 13:48:23: Preprocessing:: using default mean & std from Kinetics original.
2022-11-07 13:48:23: data:: {'mean': [0.43216, 0.394666, 0.37645], 'std': [0.22803, 0.22145, 0.216989]}
2022-11-07 13:48:23: VideoIter:: clip_length = 16, interval = [train: 2, val: 2], seed = 3507
2022-11-07 13:48:23: VideoIter:: >> `check_video' is off, `tolerant_corrupted_video' is automatically activated.
2022-11-07 13:48:23: VideoIter:: found 750 videos in `./dataset/ARID/train.txt'
2022-11-07 13:48:23: VideoIter:: iterator initialized (phase: 'train', num: 750)
2022-11-07 13:48:23: VideoIter:: >> `check_video' is off, `tolerant_corrupted_video' is automatically activated.
2022-11-07 13:48:23: VideoIter:: found 320 videos in `./dataset/ARID/val.txt'
2022-11-07 13:48:23: VideoIter:: iterator initialized (phase: 'test', num: 320)
2022-11-07 13:48:55: Using pytorch 1.12.0+cu113 (['/media/mldadmin/home/s122mdg36_01/anaconda3/envs/torchgpu/lib/python3.7/site-packages/torch'])
2022-11-07 13:48:55: Start training with args:
{
    "backend": "nccl",
    "batch_size": 8,
    "brighten_method": "lime_canny_150_250",
    "clip_length": 16,
    "dataset": "ARID",
    "debug_mode": true,
    "dist_url": "tcp://192.168.0.11:23456",
    "end_epoch": 50,
    "fine_tune": true,
    "gpus": "0,1,2,3,4,5,6,7",
    "is_dark": false,
    "log_file": "./exps/logs/arid-resnet3d-18-MGsample-lime_canny_thresh_150_250_at-gpu36.log",
    "lr_base": 0.01,
    "lr_factor": 0.1,
    "lr_steps": [
        20000,
        40000,
        80000
    ],
    "model_dir": "./exps/models/archive",
    "model_prefix": "./exps/models/archive/arid-resnet3d-18-MGsample-lime_canny_thresh_150_250",
    "network": "resnet",
    "pretrained_2d": true,
    "pretrained_3d": null,
    "random_seed": 3407,
    "resume_epoch": -1,
    "save_frequency": 2,
    "segments": 1,
    "task_name": "arid-resnet3d-18-MGsample-lime_canny_thresh_150_250",
    "train_frame_interval": 2,
    "use_flow": false,
    "use_segments": false,
    "val_frame_interval": 2,
    "world_size": 1
}
2022-11-07 13:48:55: Target dataset: 'ARID', configs: {'num_classes': 10}
2022-11-07 13:48:56: Initializer:: 'BasicStem' is uninitialized.
2022-11-07 13:48:56: Initializer:: 'AdaptiveAvgPool3d' is uninitialized.
2022-11-07 13:48:56: Initializer:: 'VideoResNet' is uninitialized.
2022-11-07 13:48:56: Network:: graph initialized, loading pretrained model: `/media/mldadmin/home/s122mdg36_01/caipei/assignment1/solutions/ARID_v1/network/pretrained/r3d_18-b3b3357e.pth'
2022-11-07 13:48:56: There are layers in current network not initialized by pretrained
2022-11-07 13:48:56: >> Failed to load: ['fc.weight', 'fc.bias']
2022-11-07 13:48:56: loading network configs of: RESNET
2022-11-07 13:48:56: Preprocessing:: using default mean & std from Kinetics original.
2022-11-07 13:48:56: data:: {'mean': [0.43216, 0.394666, 0.37645], 'std': [0.22803, 0.22145, 0.216989]}
2022-11-07 13:48:56: VideoIter:: clip_length = 16, interval = [train: 2, val: 2], seed = 3507
2022-11-07 13:48:56: VideoIter:: >> `check_video' is off, `tolerant_corrupted_video' is automatically activated.
2022-11-07 13:48:56: VideoIter:: found 750 videos in `./dataset/ARID/train.txt'
2022-11-07 13:48:56: VideoIter:: iterator initialized (phase: 'train', num: 750)
2022-11-07 13:48:56: VideoIter:: >> `check_video' is off, `tolerant_corrupted_video' is automatically activated.
2022-11-07 13:48:56: VideoIter:: found 320 videos in `./dataset/ARID/val.txt'
2022-11-07 13:48:56: VideoIter:: iterator initialized (phase: 'test', num: 320)
2022-11-07 13:48:57: Optimizer:: >> recuding the learning rate of 62 params: ['resnet.stem.0.weight', 'resnet.stem.1.weight', 'resnet.stem.1.bias', 'resnet.layer1.0.conv1.0.weight', 'resnet.layer1.0.conv1.1.weight', 'resnet.lay ... nv1.1.bias', 'resnet.layer4.1.conv2.0.weight', 'resnet.layer4.1.conv2.1.weight', 'resnet.layer4.1.conv2.1.bias', 'resnet.fc.weight', 'resnet.fc.bias']
2022-11-07 13:48:57: Iter 0: start with learning rate: 1.00000e-02 (next lr step: 2500)
2022-11-07 13:48:57: Start epoch 0:
2022-11-07 13:49:06: Epoch [0]   Batch [0]    Speed   0.9 (+ 3) sample/sec  loss-ce = 2.37563, top1 = 0.00000, top5 = 0.62500  
2022-11-07 13:49:54: Epoch [0]   Batch [50]   Speed   8.4 (+ 0) sample/sec  loss-ce = 2.22921, top1 = 0.18000, top5 = 0.64250  
2022-11-07 13:50:35: Epoch [0]   time cost: 98.05 sec (0.03 h)
2022-11-07 13:50:35: mkdir ./exps/models/archive_arid-resnet3d-18-MGsample-lime_canny_thresh_150_250
2022-11-07 13:50:35: Checkpoint (model & optimizer) saved to: ./exps/models/archive_arid-resnet3d-18-MGsample-lime_canny_thresh_150_250/arid-resnet3d-18-MGsample-lime_canny_thresh_150_250_ep-0001.pth
2022-11-07 13:50:35: Start evaluating epoch 0:
2022-11-07 13:50:53: Epoch [0]   Batch [159]  Speed  18.3 (+11) sample/sec  loss-ce = 2.16720, top1 = 0.25625, top5 = 0.73125  
2022-11-07 13:50:53: Current best epoch found with top5 accuracy 0.73125 at epoch 1, saved
2022-11-07 13:50:54: Checkpoint (model & optimizer) saved to: ./exps/models/archive_arid-resnet3d-18-MGsample-lime_canny_thresh_150_250/arid-resnet3d-18-MGsample-lime_canny_thresh_150_250_ep-0001.pth
2022-11-07 13:50:56: Checkpoint (model & optimizer) saved to: ./exps/models/archive_arid-resnet3d-18-MGsample-lime_canny_thresh_150_250/arid-resnet3d-18-MGsample-lime_canny_thresh_150_250_ep-0001.pth
2022-11-07 13:50:56: Current best epoch found with top1 accuracy 0.25625 at epoch 1, saved
2022-11-07 13:50:56: Start epoch 1:
2022-11-07 13:51:14: Epoch [1]   Batch [0]    Speed   0.4 (+ 7) sample/sec  loss-ce = 1.77282, top1 = 0.37500, top5 = 0.75000  
2022-11-07 13:52:40: Epoch [1]   Batch [50]   Speed   4.6 (+ 1) sample/sec  loss-ce = 1.57457, top1 = 0.43000, top5 = 0.93000  
2022-11-07 13:54:07: Epoch [1]   time cost: 191.36 sec (0.05 h)
2022-11-07 13:54:08: Checkpoint (model & optimizer) saved to: ./exps/models/archive_arid-resnet3d-18-MGsample-lime_canny_thresh_150_250/arid-resnet3d-18-MGsample-lime_canny_thresh_150_250_ep-0002.pth
2022-11-07 13:54:08: Start evaluating epoch 1:
2022-11-07 13:54:33: Epoch [1]   Batch [159]  Speed  12.8 (+ 2) sample/sec  loss-ce = 1.96290, top1 = 0.37188, top5 = 0.81250  
2022-11-07 13:54:33: Current best epoch found with top5 accuracy 0.81250 at epoch 2, saved
2022-11-07 13:54:33: Current best epoch found with top1 accuracy 0.37188 at epoch 2, saved
2022-11-07 13:54:33: Start epoch 2:
2022-11-07 13:54:42: Epoch [2]   Batch [0]    Speed   0.8 (+ 4) sample/sec  loss-ce = 1.03256, top1 = 0.62500, top5 = 1.00000  
2022-11-07 13:55:44: Epoch [2]   Batch [50]   Speed   6.5 (+ 0) sample/sec  loss-ce = 1.14893, top1 = 0.61000, top5 = 0.97500  
2022-11-07 13:56:51: Epoch [2]   time cost: 138.77 sec (0.04 h)
2022-11-07 13:56:51: Start evaluating epoch 2:
2022-11-07 13:57:51: Epoch [2]   Batch [159]  Speed   5.4 (+ 8) sample/sec  loss-ce = 1.75131, top1 = 0.40625, top5 = 0.86875  
2022-11-07 13:57:51: Current best epoch found with top5 accuracy 0.86875 at epoch 3, saved
2022-11-07 13:57:52: Checkpoint (model & optimizer) saved to: ./exps/models/archive_arid-resnet3d-18-MGsample-lime_canny_thresh_150_250/arid-resnet3d-18-MGsample-lime_canny_thresh_150_250_ep-0003.pth
2022-11-07 13:57:53: Checkpoint (model & optimizer) saved to: ./exps/models/archive_arid-resnet3d-18-MGsample-lime_canny_thresh_150_250/arid-resnet3d-18-MGsample-lime_canny_thresh_150_250_ep-0003.pth
2022-11-07 13:57:53: Current best epoch found with top1 accuracy 0.40625 at epoch 3, saved
2022-11-07 13:57:53: Start epoch 3:
2022-11-07 13:58:10: Epoch [3]   Batch [0]    Speed   0.5 (+ 4) sample/sec  loss-ce = 1.09220, top1 = 0.62500, top5 = 1.00000  
2022-11-07 13:59:18: Epoch [3]   Batch [50]   Speed   5.9 (+ 0) sample/sec  loss-ce = 0.84985, top1 = 0.74250, top5 = 0.99500  
2022-11-07 14:00:32: Epoch [3]   time cost: 158.78 sec (0.04 h)
2022-11-07 14:00:33: Checkpoint (model & optimizer) saved to: ./exps/models/archive_arid-resnet3d-18-MGsample-lime_canny_thresh_150_250/arid-resnet3d-18-MGsample-lime_canny_thresh_150_250_ep-0004.pth
2022-11-07 14:00:33: Start evaluating epoch 3:
2022-11-07 14:01:36: Epoch [3]   Batch [159]  Speed   5.1 (+ 9) sample/sec  loss-ce = 1.69960, top1 = 0.45625, top5 = 0.87813  
2022-11-07 14:01:36: Current best epoch found with top5 accuracy 0.87813 at epoch 4, saved
2022-11-07 14:01:36: Current best epoch found with top1 accuracy 0.45625 at epoch 4, saved
2022-11-07 14:01:36: Start epoch 4:
2022-11-07 14:01:50: Epoch [4]   Batch [0]    Speed   0.6 (+ 8) sample/sec  loss-ce = 0.64884, top1 = 0.62500, top5 = 1.00000  
2022-11-07 14:02:52: Epoch [4]   Batch [50]   Speed   6.5 (+ 0) sample/sec  loss-ce = 0.65477, top1 = 0.82000, top5 = 0.99250  
2022-11-07 14:04:13: Epoch [4]   time cost: 157.44 sec (0.04 h)
2022-11-07 14:04:13: Start evaluating epoch 4:
2022-11-07 14:05:07: Epoch [4]   Batch [159]  Speed   6.0 (+ 7) sample/sec  loss-ce = 1.82328, top1 = 0.43125, top5 = 0.90000  
2022-11-07 14:05:07: Current best epoch found with top5 accuracy 0.90000 at epoch 5, saved
2022-11-07 14:05:08: Checkpoint (model & optimizer) saved to: ./exps/models/archive_arid-resnet3d-18-MGsample-lime_canny_thresh_150_250/arid-resnet3d-18-MGsample-lime_canny_thresh_150_250_ep-0005.pth
2022-11-07 14:05:08: Start epoch 5:
2022-11-07 14:05:21: Epoch [5]   Batch [0]    Speed   0.6 (+ 3) sample/sec  loss-ce = 0.62869, top1 = 0.87500, top5 = 1.00000  
2022-11-07 14:06:45: Epoch [5]   Batch [50]   Speed   4.8 (+ 0) sample/sec  loss-ce = 0.56594, top1 = 0.84250, top5 = 0.98750  
2022-11-07 14:08:12: Epoch [5]   time cost: 184.36 sec (0.05 h)
2022-11-07 14:08:12: Checkpoint (model & optimizer) saved to: ./exps/models/archive_arid-resnet3d-18-MGsample-lime_canny_thresh_150_250/arid-resnet3d-18-MGsample-lime_canny_thresh_150_250_ep-0006.pth
2022-11-07 14:08:12: Start evaluating epoch 5:
2022-11-07 14:08:38: Epoch [5]   Batch [159]  Speed  12.5 (+ 2) sample/sec  loss-ce = 1.81498, top1 = 0.46563, top5 = 0.87813  
2022-11-07 14:08:38: Current best epoch found with top1 accuracy 0.46563 at epoch 6, saved
2022-11-07 14:08:38: Start epoch 6:
2022-11-07 14:08:49: Epoch [6]   Batch [0]    Speed   0.7 (+ 3) sample/sec  loss-ce = 0.19506, top1 = 1.00000, top5 = 1.00000  
2022-11-07 14:10:15: Epoch [6]   Batch [50]   Speed   4.7 (+ 0) sample/sec  loss-ce = 0.45948, top1 = 0.87250, top5 = 0.99500  
2022-11-07 14:11:42: Epoch [6]   time cost: 184.20 sec (0.05 h)
2022-11-07 14:11:42: Start evaluating epoch 6:
2022-11-07 14:12:10: Epoch [6]   Batch [159]  Speed  11.5 (+ 3) sample/sec  loss-ce = 1.85158, top1 = 0.46250, top5 = 0.88438  
2022-11-07 14:12:10: Start epoch 7:
2022-11-07 14:12:22: Epoch [7]   Batch [0]    Speed   0.7 (+ 3) sample/sec  loss-ce = 0.44546, top1 = 0.87500, top5 = 1.00000  
2022-11-07 14:13:47: Epoch [7]   Batch [50]   Speed   4.7 (+ 0) sample/sec  loss-ce = 0.44635, top1 = 0.87500, top5 = 0.99250  
2022-11-07 14:15:14: Epoch [7]   time cost: 184.25 sec (0.05 h)
2022-11-07 14:15:15: Checkpoint (model & optimizer) saved to: ./exps/models/archive_arid-resnet3d-18-MGsample-lime_canny_thresh_150_250/arid-resnet3d-18-MGsample-lime_canny_thresh_150_250_ep-0008.pth
2022-11-07 14:15:15: Start evaluating epoch 7:
2022-11-07 14:15:45: Epoch [7]   Batch [159]  Speed  11.0 (+ 4) sample/sec  loss-ce = 1.90608, top1 = 0.44375, top5 = 0.89687  
2022-11-07 14:15:45: Start epoch 8:
2022-11-07 14:15:57: Epoch [8]   Batch [0]    Speed   0.7 (+ 3) sample/sec  loss-ce = 0.74126, top1 = 0.75000, top5 = 1.00000  
2022-11-07 14:17:17: Epoch [8]   Batch [50]   Speed   5.0 (+ 0) sample/sec  loss-ce = 0.33799, top1 = 0.92250, top5 = 0.99500  
2022-11-07 14:18:44: Epoch [8]   time cost: 179.78 sec (0.05 h)
2022-11-07 14:18:44: Start evaluating epoch 8:
2022-11-07 14:19:19: Epoch [8]   Batch [159]  Speed   9.3 (+ 5) sample/sec  loss-ce = 1.96782, top1 = 0.46875, top5 = 0.90312  
2022-11-07 14:19:19: Current best epoch found with top5 accuracy 0.90312 at epoch 9, saved
2022-11-07 14:19:19: Checkpoint (model & optimizer) saved to: ./exps/models/archive_arid-resnet3d-18-MGsample-lime_canny_thresh_150_250/arid-resnet3d-18-MGsample-lime_canny_thresh_150_250_ep-0009.pth
2022-11-07 14:19:21: Checkpoint (model & optimizer) saved to: ./exps/models/archive_arid-resnet3d-18-MGsample-lime_canny_thresh_150_250/arid-resnet3d-18-MGsample-lime_canny_thresh_150_250_ep-0009.pth
2022-11-07 14:19:21: Current best epoch found with top1 accuracy 0.46875 at epoch 9, saved
2022-11-07 14:19:21: Start epoch 9:
2022-11-07 14:19:31: Epoch [9]   Batch [0]    Speed   0.8 (+ 8) sample/sec  loss-ce = 0.19160, top1 = 1.00000, top5 = 1.00000  
2022-11-07 14:20:47: Epoch [9]   Batch [50]   Speed   5.3 (+ 0) sample/sec  loss-ce = 0.35357, top1 = 0.91500, top5 = 1.00000  
2022-11-07 14:22:14: Epoch [9]   time cost: 173.73 sec (0.05 h)
2022-11-07 14:22:15: Checkpoint (model & optimizer) saved to: ./exps/models/archive_arid-resnet3d-18-MGsample-lime_canny_thresh_150_250/arid-resnet3d-18-MGsample-lime_canny_thresh_150_250_ep-0010.pth
2022-11-07 14:22:15: Start evaluating epoch 9:
2022-11-07 14:22:54: Epoch [9]   Batch [159]  Speed   8.2 (+ 6) sample/sec  loss-ce = 1.94336, top1 = 0.46563, top5 = 0.90000  
2022-11-07 14:22:54: Start epoch 10:
2022-11-07 14:23:06: Epoch [10]  Batch [0]    Speed   0.7 (+ 8) sample/sec  loss-ce = 0.17942, top1 = 1.00000, top5 = 1.00000  
2022-11-07 14:24:23: Epoch [10]  Batch [50]   Speed   5.2 (+ 0) sample/sec  loss-ce = 0.22157, top1 = 0.94000, top5 = 1.00000  
2022-11-07 14:25:51: Epoch [10]   time cost: 176.95 sec (0.05 h)
2022-11-07 14:25:51: Start evaluating epoch 10:
2022-11-07 14:26:28: Epoch [10]  Batch [159]  Speed   8.8 (+ 6) sample/sec  loss-ce = 2.15130, top1 = 0.41563, top5 = 0.88438  
2022-11-07 14:26:28: Start epoch 11:
2022-11-07 14:26:39: Epoch [11]  Batch [0]    Speed   0.7 (+ 8) sample/sec  loss-ce = 0.07146, top1 = 1.00000, top5 = 1.00000  
2022-11-07 14:27:55: Epoch [11]  Batch [50]   Speed   5.2 (+ 0) sample/sec  loss-ce = 0.21304, top1 = 0.94750, top5 = 1.00000  
2022-11-07 14:29:23: Epoch [11]   time cost: 175.23 sec (0.05 h)
2022-11-07 14:29:23: Checkpoint (model & optimizer) saved to: ./exps/models/archive_arid-resnet3d-18-MGsample-lime_canny_thresh_150_250/arid-resnet3d-18-MGsample-lime_canny_thresh_150_250_ep-0012.pth
2022-11-07 14:29:23: Start evaluating epoch 11:
2022-11-07 14:30:02: Epoch [11]  Batch [159]  Speed   8.3 (+ 6) sample/sec  loss-ce = 2.11872, top1 = 0.47500, top5 = 0.90312  
2022-11-07 14:30:02: Current best epoch found with top1 accuracy 0.47500 at epoch 12, saved
2022-11-07 14:30:02: Start epoch 12:
2022-11-07 14:30:15: Epoch [12]  Batch [0]    Speed   0.6 (+ 5) sample/sec  loss-ce = 0.32243, top1 = 0.87500, top5 = 1.00000  
2022-11-07 14:31:35: Epoch [12]  Batch [50]   Speed   5.0 (+ 0) sample/sec  loss-ce = 0.22184, top1 = 0.94500, top5 = 1.00000  
2022-11-07 14:33:04: Epoch [12]   time cost: 181.28 sec (0.05 h)
2022-11-07 14:33:04: Start evaluating epoch 12:
2022-11-07 14:33:36: Epoch [12]  Batch [159]  Speed  10.0 (+ 4) sample/sec  loss-ce = 2.02976, top1 = 0.48125, top5 = 0.90000  
2022-11-07 14:33:36: Checkpoint (model & optimizer) saved to: ./exps/models/archive_arid-resnet3d-18-MGsample-lime_canny_thresh_150_250/arid-resnet3d-18-MGsample-lime_canny_thresh_150_250_ep-0013.pth
2022-11-07 14:33:36: Current best epoch found with top1 accuracy 0.48125 at epoch 13, saved
2022-11-07 14:33:36: Start epoch 13:
2022-11-07 14:33:47: Epoch [13]  Batch [0]    Speed   0.7 (+ 3) sample/sec  loss-ce = 0.26973, top1 = 1.00000, top5 = 1.00000  
2022-11-07 14:35:04: Epoch [13]  Batch [50]   Speed   5.2 (+ 0) sample/sec  loss-ce = 0.20054, top1 = 0.94500, top5 = 0.99750  
2022-11-07 14:36:31: Epoch [13]   time cost: 175.32 sec (0.05 h)
2022-11-07 14:36:32: Checkpoint (model & optimizer) saved to: ./exps/models/archive_arid-resnet3d-18-MGsample-lime_canny_thresh_150_250/arid-resnet3d-18-MGsample-lime_canny_thresh_150_250_ep-0014.pth
2022-11-07 14:36:32: Start evaluating epoch 13:
2022-11-07 14:37:11: Epoch [13]  Batch [159]  Speed   8.2 (+ 6) sample/sec  loss-ce = 2.26018, top1 = 0.43125, top5 = 0.89375  
2022-11-07 14:37:11: Start epoch 14:
2022-11-07 14:37:23: Epoch [14]  Batch [0]    Speed   0.7 (+ 7) sample/sec  loss-ce = 0.06355, top1 = 1.00000, top5 = 1.00000  
2022-11-07 14:38:42: Epoch [14]  Batch [50]   Speed   5.1 (+ 0) sample/sec  loss-ce = 0.19475, top1 = 0.96500, top5 = 1.00000  
2022-11-07 14:40:09: Epoch [14]   time cost: 178.02 sec (0.05 h)
2022-11-07 14:40:09: Start evaluating epoch 14:
2022-11-07 14:40:44: Epoch [14]  Batch [159]  Speed   9.3 (+ 5) sample/sec  loss-ce = 2.31581, top1 = 0.44688, top5 = 0.89375  
2022-11-07 14:40:44: Start epoch 15:
2022-11-07 14:40:55: Epoch [15]  Batch [0]    Speed   0.7 (+ 4) sample/sec  loss-ce = 0.13250, top1 = 1.00000, top5 = 1.00000  
2022-11-07 14:42:10: Epoch [15]  Batch [50]   Speed   5.3 (+ 0) sample/sec  loss-ce = 0.17807, top1 = 0.96250, top5 = 0.99500  
2022-11-07 14:43:38: Epoch [15]   time cost: 174.05 sec (0.05 h)
2022-11-07 14:43:38: Checkpoint (model & optimizer) saved to: ./exps/models/archive_arid-resnet3d-18-MGsample-lime_canny_thresh_150_250/arid-resnet3d-18-MGsample-lime_canny_thresh_150_250_ep-0016.pth
2022-11-07 14:43:38: Start evaluating epoch 15:
2022-11-07 14:44:18: Epoch [15]  Batch [159]  Speed   8.0 (+ 6) sample/sec  loss-ce = 2.35266, top1 = 0.39687, top5 = 0.90312  
2022-11-07 14:44:18: Start epoch 16:
2022-11-07 14:44:30: Epoch [16]  Batch [0]    Speed   0.7 (+ 8) sample/sec  loss-ce = 0.24136, top1 = 1.00000, top5 = 1.00000  
2022-11-07 14:45:47: Epoch [16]  Batch [50]   Speed   5.2 (+ 0) sample/sec  loss-ce = 0.14861, top1 = 0.96250, top5 = 1.00000  
2022-11-07 14:47:15: Epoch [16]   time cost: 176.74 sec (0.05 h)
2022-11-07 14:47:15: Start evaluating epoch 16:
2022-11-07 14:47:52: Epoch [16]  Batch [159]  Speed   8.6 (+ 6) sample/sec  loss-ce = 2.23908, top1 = 0.44688, top5 = 0.90000  
2022-11-07 14:47:52: Start epoch 17:
2022-11-07 14:48:03: Epoch [17]  Batch [0]    Speed   0.7 (+ 8) sample/sec  loss-ce = 0.07427, top1 = 1.00000, top5 = 1.00000  
2022-11-07 14:49:17: Epoch [17]  Batch [50]   Speed   5.4 (+ 0) sample/sec  loss-ce = 0.13967, top1 = 0.95500, top5 = 1.00000  
2022-11-07 14:50:45: Epoch [17]   time cost: 172.71 sec (0.05 h)
2022-11-07 14:50:46: Checkpoint (model & optimizer) saved to: ./exps/models/archive_arid-resnet3d-18-MGsample-lime_canny_thresh_150_250/arid-resnet3d-18-MGsample-lime_canny_thresh_150_250_ep-0018.pth
2022-11-07 14:50:46: Start evaluating epoch 17:
2022-11-07 14:51:26: Epoch [17]  Batch [159]  Speed   7.9 (+ 6) sample/sec  loss-ce = 1.99271, top1 = 0.47500, top5 = 0.91250  
2022-11-07 14:51:26: Current best epoch found with top5 accuracy 0.91250 at epoch 18, saved
2022-11-07 14:51:26: Start epoch 18:
2022-11-07 14:51:39: Epoch [18]  Batch [0]    Speed   0.6 (+ 7) sample/sec  loss-ce = 0.28879, top1 = 0.87500, top5 = 1.00000  
2022-11-07 14:52:57: Epoch [18]  Batch [50]   Speed   5.1 (+ 0) sample/sec  loss-ce = 0.14349, top1 = 0.97500, top5 = 1.00000  
2022-11-07 14:54:25: Epoch [18]   time cost: 178.55 sec (0.05 h)
2022-11-07 14:54:25: Start evaluating epoch 18:
2022-11-07 14:55:02: Epoch [18]  Batch [159]  Speed   8.7 (+ 6) sample/sec  loss-ce = 2.50212, top1 = 0.42500, top5 = 0.88750  
2022-11-07 14:55:02: Start epoch 19:
2022-11-07 14:55:12: Epoch [19]  Batch [0]    Speed   0.8 (+ 8) sample/sec  loss-ce = 0.06138, top1 = 1.00000, top5 = 1.00000  
2022-11-07 14:56:27: Epoch [19]  Batch [50]   Speed   5.3 (+ 0) sample/sec  loss-ce = 0.09273, top1 = 0.98750, top5 = 1.00000  
2022-11-07 14:57:55: Epoch [19]   time cost: 173.11 sec (0.05 h)
2022-11-07 14:57:56: Checkpoint (model & optimizer) saved to: ./exps/models/archive_arid-resnet3d-18-MGsample-lime_canny_thresh_150_250/arid-resnet3d-18-MGsample-lime_canny_thresh_150_250_ep-0020.pth
2022-11-07 14:57:56: Start evaluating epoch 19:
2022-11-07 14:58:36: Epoch [19]  Batch [159]  Speed   8.0 (+ 6) sample/sec  loss-ce = 2.34131, top1 = 0.44688, top5 = 0.88438  
2022-11-07 14:58:36: Start epoch 20:
2022-11-07 14:58:47: Epoch [20]  Batch [0]    Speed   0.7 (+ 8) sample/sec  loss-ce = 0.00542, top1 = 1.00000, top5 = 1.00000  
2022-11-07 15:00:05: Epoch [20]  Batch [50]   Speed   5.1 (+ 0) sample/sec  loss-ce = 0.09980, top1 = 0.98000, top5 = 0.99750  
2022-11-07 15:01:32: Epoch [20]   time cost: 176.67 sec (0.05 h)
2022-11-07 15:01:32: Start evaluating epoch 20:
2022-11-07 15:02:09: Epoch [20]  Batch [159]  Speed   8.8 (+ 6) sample/sec  loss-ce = 2.22435, top1 = 0.48750, top5 = 0.89062  
2022-11-07 15:02:09: Checkpoint (model & optimizer) saved to: ./exps/models/archive_arid-resnet3d-18-MGsample-lime_canny_thresh_150_250/arid-resnet3d-18-MGsample-lime_canny_thresh_150_250_ep-0021.pth
2022-11-07 15:02:09: Current best epoch found with top1 accuracy 0.48750 at epoch 21, saved
2022-11-07 15:02:09: Start epoch 21:
2022-11-07 15:02:19: Epoch [21]  Batch [0]    Speed   0.9 (+ 7) sample/sec  loss-ce = 0.07604, top1 = 1.00000, top5 = 1.00000  
2022-11-07 15:03:32: Epoch [21]  Batch [50]   Speed   5.4 (+ 0) sample/sec  loss-ce = 0.11097, top1 = 0.97500, top5 = 1.00000  
2022-11-07 15:05:00: Epoch [21]   time cost: 170.37 sec (0.05 h)
2022-11-07 15:05:00: Checkpoint (model & optimizer) saved to: ./exps/models/archive_arid-resnet3d-18-MGsample-lime_canny_thresh_150_250/arid-resnet3d-18-MGsample-lime_canny_thresh_150_250_ep-0022.pth
2022-11-07 15:05:00: Start evaluating epoch 21:
2022-11-07 15:05:43: Epoch [21]  Batch [159]  Speed   7.4 (+ 7) sample/sec  loss-ce = 2.45168, top1 = 0.45312, top5 = 0.89375  
2022-11-07 15:05:43: Start epoch 22:
2022-11-07 15:06:00: Epoch [22]  Batch [0]    Speed   0.5 (+ 4) sample/sec  loss-ce = 0.03357, top1 = 1.00000, top5 = 1.00000  
2022-11-07 15:07:21: Epoch [22]  Batch [50]   Speed   4.9 (+ 0) sample/sec  loss-ce = 0.11765, top1 = 0.97000, top5 = 1.00000  
2022-11-07 15:08:50: Epoch [22]   time cost: 186.20 sec (0.05 h)
2022-11-07 15:08:50: Start evaluating epoch 22:
2022-11-07 15:09:18: Epoch [22]  Batch [159]  Speed  11.4 (+ 3) sample/sec  loss-ce = 2.59760, top1 = 0.42500, top5 = 0.89062  
2022-11-07 15:09:18: Start epoch 23:
2022-11-07 15:09:29: Epoch [23]  Batch [0]    Speed   0.7 (+ 3) sample/sec  loss-ce = 0.01434, top1 = 1.00000, top5 = 1.00000  
2022-11-07 15:10:47: Epoch [23]  Batch [50]   Speed   5.1 (+ 0) sample/sec  loss-ce = 0.07793, top1 = 0.98500, top5 = 1.00000  
2022-11-07 15:12:15: Epoch [23]   time cost: 177.19 sec (0.05 h)
2022-11-07 15:12:16: Checkpoint (model & optimizer) saved to: ./exps/models/archive_arid-resnet3d-18-MGsample-lime_canny_thresh_150_250/arid-resnet3d-18-MGsample-lime_canny_thresh_150_250_ep-0024.pth
2022-11-07 15:12:16: Start evaluating epoch 23:
2022-11-07 15:12:54: Epoch [23]  Batch [159]  Speed   8.4 (+ 6) sample/sec  loss-ce = 2.53240, top1 = 0.44375, top5 = 0.89375  
2022-11-07 15:12:54: Start epoch 24:
2022-11-07 15:13:04: Epoch [24]  Batch [0]    Speed   0.8 (+ 7) sample/sec  loss-ce = 0.05766, top1 = 1.00000, top5 = 1.00000  
2022-11-07 15:14:19: Epoch [24]  Batch [50]   Speed   5.3 (+ 0) sample/sec  loss-ce = 0.07080, top1 = 0.98250, top5 = 1.00000  
2022-11-07 15:15:47: Epoch [24]   time cost: 173.69 sec (0.05 h)
2022-11-07 15:15:47: Start evaluating epoch 24:
2022-11-07 15:16:28: Epoch [24]  Batch [159]  Speed   7.9 (+ 6) sample/sec  loss-ce = 2.52632, top1 = 0.41250, top5 = 0.90938  
2022-11-07 15:16:28: Start epoch 25:
2022-11-07 15:16:39: Epoch [25]  Batch [0]    Speed   0.7 (+ 7) sample/sec  loss-ce = 0.04391, top1 = 1.00000, top5 = 1.00000  
2022-11-07 15:17:55: Epoch [25]  Batch [50]   Speed   5.2 (+ 0) sample/sec  loss-ce = 0.08907, top1 = 0.98500, top5 = 1.00000  
2022-11-07 15:19:23: Epoch [25]   time cost: 175.29 sec (0.05 h)
2022-11-07 15:19:24: Checkpoint (model & optimizer) saved to: ./exps/models/archive_arid-resnet3d-18-MGsample-lime_canny_thresh_150_250/arid-resnet3d-18-MGsample-lime_canny_thresh_150_250_ep-0026.pth
2022-11-07 15:19:24: Start evaluating epoch 25:
2022-11-07 15:20:02: Epoch [25]  Batch [159]  Speed   8.5 (+ 6) sample/sec  loss-ce = 2.50959, top1 = 0.44062, top5 = 0.90000  
2022-11-07 15:20:02: Start epoch 26:
2022-11-07 15:20:13: Epoch [26]  Batch [0]    Speed   0.7 (+ 8) sample/sec  loss-ce = 0.36766, top1 = 0.87500, top5 = 1.00000  
2022-11-07 15:21:32: Epoch [26]  Batch [50]   Speed   5.1 (+ 0) sample/sec  loss-ce = 0.06318, top1 = 0.99500, top5 = 1.00000  
2022-11-07 15:21:43: Iter: 2500, change learning rate to 1.00000e-03 for step [2500:5000)
2022-11-07 15:23:00: Epoch [26]   time cost: 178.04 sec (0.05 h)
2022-11-07 15:23:00: Start evaluating epoch 26:
2022-11-07 15:23:35: Epoch [26]  Batch [159]  Speed   9.1 (+ 5) sample/sec  loss-ce = 2.40039, top1 = 0.45937, top5 = 0.91875  
2022-11-07 15:23:35: Current best epoch found with top5 accuracy 0.91875 at epoch 27, saved
2022-11-07 15:23:35: Checkpoint (model & optimizer) saved to: ./exps/models/archive_arid-resnet3d-18-MGsample-lime_canny_thresh_150_250/arid-resnet3d-18-MGsample-lime_canny_thresh_150_250_ep-0027.pth
2022-11-07 15:23:35: Start epoch 27:
2022-11-07 15:23:46: Epoch [27]  Batch [0]    Speed   0.8 (+ 8) sample/sec  loss-ce = 0.01022, top1 = 1.00000, top5 = 1.00000  
2022-11-07 15:25:01: Epoch [27]  Batch [50]   Speed   5.3 (+ 0) sample/sec  loss-ce = 0.10160, top1 = 0.96750, top5 = 0.99750  
2022-11-07 15:26:29: Epoch [27]   time cost: 173.22 sec (0.05 h)
2022-11-07 15:26:29: Checkpoint (model & optimizer) saved to: ./exps/models/archive_arid-resnet3d-18-MGsample-lime_canny_thresh_150_250/arid-resnet3d-18-MGsample-lime_canny_thresh_150_250_ep-0028.pth
2022-11-07 15:26:29: Start evaluating epoch 27:
2022-11-07 15:27:10: Epoch [27]  Batch [159]  Speed   8.0 (+ 6) sample/sec  loss-ce = 2.31035, top1 = 0.45625, top5 = 0.91563  
2022-11-07 15:27:10: Start epoch 28:
2022-11-07 15:27:23: Epoch [28]  Batch [0]    Speed   0.6 (+ 5) sample/sec  loss-ce = 0.50072, top1 = 0.87500, top5 = 1.00000  
2022-11-07 15:28:41: Epoch [28]  Batch [50]   Speed   5.1 (+ 0) sample/sec  loss-ce = 0.07703, top1 = 0.98000, top5 = 1.00000  
2022-11-07 15:30:09: Epoch [28]   time cost: 178.82 sec (0.05 h)
2022-11-07 15:30:09: Start evaluating epoch 28:
2022-11-07 15:30:43: Epoch [28]  Batch [159]  Speed   9.3 (+ 5) sample/sec  loss-ce = 2.31799, top1 = 0.46250, top5 = 0.91563  
2022-11-07 15:30:43: Start epoch 29:
2022-11-07 15:30:53: Epoch [29]  Batch [0]    Speed   0.8 (+ 5) sample/sec  loss-ce = 0.03574, top1 = 1.00000, top5 = 1.00000  
2022-11-07 15:32:08: Epoch [29]  Batch [50]   Speed   5.4 (+ 0) sample/sec  loss-ce = 0.05802, top1 = 0.98500, top5 = 1.00000  
2022-11-07 15:33:36: Epoch [29]   time cost: 172.94 sec (0.05 h)
2022-11-07 15:33:37: Checkpoint (model & optimizer) saved to: ./exps/models/archive_arid-resnet3d-18-MGsample-lime_canny_thresh_150_250/arid-resnet3d-18-MGsample-lime_canny_thresh_150_250_ep-0030.pth
2022-11-07 15:33:37: Start evaluating epoch 29:
2022-11-07 15:34:17: Epoch [29]  Batch [159]  Speed   7.9 (+ 6) sample/sec  loss-ce = 2.35723, top1 = 0.46563, top5 = 0.91875  
2022-11-07 15:34:17: Start epoch 30:
2022-11-07 15:34:32: Epoch [30]  Batch [0]    Speed   0.6 (+ 4) sample/sec  loss-ce = 0.02474, top1 = 1.00000, top5 = 1.00000  
2022-11-07 15:35:50: Epoch [30]  Batch [50]   Speed   5.1 (+ 0) sample/sec  loss-ce = 0.07345, top1 = 0.98000, top5 = 1.00000  
2022-11-07 15:37:18: Epoch [30]   time cost: 180.58 sec (0.05 h)
2022-11-07 15:37:18: Start evaluating epoch 30:
2022-11-07 15:37:54: Epoch [30]  Batch [159]  Speed   8.8 (+ 6) sample/sec  loss-ce = 2.39666, top1 = 0.45312, top5 = 0.91563  
2022-11-07 15:37:54: Start epoch 31:
2022-11-07 15:38:05: Epoch [31]  Batch [0]    Speed   0.8 (+ 7) sample/sec  loss-ce = 0.02003, top1 = 1.00000, top5 = 1.00000  
2022-11-07 15:39:23: Epoch [31]  Batch [50]   Speed   5.2 (+ 0) sample/sec  loss-ce = 0.04556, top1 = 0.99000, top5 = 1.00000  
2022-11-07 15:40:51: Epoch [31]   time cost: 176.11 sec (0.05 h)
2022-11-07 15:40:51: Checkpoint (model & optimizer) saved to: ./exps/models/archive_arid-resnet3d-18-MGsample-lime_canny_thresh_150_250/arid-resnet3d-18-MGsample-lime_canny_thresh_150_250_ep-0032.pth
2022-11-07 15:40:51: Start evaluating epoch 31:
2022-11-07 15:41:27: Epoch [31]  Batch [159]  Speed   8.8 (+ 5) sample/sec  loss-ce = 2.38299, top1 = 0.46563, top5 = 0.92500  
2022-11-07 15:41:27: Current best epoch found with top5 accuracy 0.92500 at epoch 32, saved
2022-11-07 15:41:27: Start epoch 32:
2022-11-07 15:41:38: Epoch [32]  Batch [0]    Speed   0.8 (+ 8) sample/sec  loss-ce = 0.01043, top1 = 1.00000, top5 = 1.00000  
2022-11-07 15:42:54: Epoch [32]  Batch [50]   Speed   5.2 (+ 0) sample/sec  loss-ce = 0.07710, top1 = 0.98750, top5 = 1.00000  
2022-11-07 15:44:21: Epoch [32]   time cost: 173.99 sec (0.05 h)
2022-11-07 15:44:21: Start evaluating epoch 32:
2022-11-07 15:45:00: Epoch [32]  Batch [159]  Speed   8.3 (+ 6) sample/sec  loss-ce = 2.30843, top1 = 0.46250, top5 = 0.91563  
2022-11-07 15:45:00: Start epoch 33:
2022-11-07 15:45:11: Epoch [33]  Batch [0]    Speed   0.7 (+ 8) sample/sec  loss-ce = 0.06745, top1 = 1.00000, top5 = 1.00000  
2022-11-07 15:46:27: Epoch [33]  Batch [50]   Speed   5.3 (+ 0) sample/sec  loss-ce = 0.06683, top1 = 0.98750, top5 = 0.99750  
2022-11-07 15:47:55: Epoch [33]   time cost: 175.05 sec (0.05 h)
2022-11-07 15:47:56: Checkpoint (model & optimizer) saved to: ./exps/models/archive_arid-resnet3d-18-MGsample-lime_canny_thresh_150_250/arid-resnet3d-18-MGsample-lime_canny_thresh_150_250_ep-0034.pth
2022-11-07 15:47:56: Start evaluating epoch 33:
2022-11-07 15:48:35: Epoch [33]  Batch [159]  Speed   8.2 (+ 6) sample/sec  loss-ce = 2.31551, top1 = 0.46563, top5 = 0.92188  
2022-11-07 15:48:35: Start epoch 34:
2022-11-07 15:48:49: Epoch [34]  Batch [0]    Speed   0.6 (+ 4) sample/sec  loss-ce = 0.05535, top1 = 1.00000, top5 = 1.00000  
2022-11-07 15:50:07: Epoch [34]  Batch [50]   Speed   5.1 (+ 0) sample/sec  loss-ce = 0.05041, top1 = 0.99000, top5 = 1.00000  
2022-11-07 15:51:36: Epoch [34]   time cost: 181.02 sec (0.05 h)
2022-11-07 15:51:36: Start evaluating epoch 34:
2022-11-07 15:52:09: Epoch [34]  Batch [159]  Speed   9.8 (+ 5) sample/sec  loss-ce = 2.43445, top1 = 0.44688, top5 = 0.91563  
2022-11-07 15:52:09: Start epoch 35:
2022-11-07 15:52:21: Epoch [35]  Batch [0]    Speed   0.7 (+ 5) sample/sec  loss-ce = 0.16921, top1 = 1.00000, top5 = 1.00000  
2022-11-07 15:53:36: Epoch [35]  Batch [50]   Speed   5.3 (+ 0) sample/sec  loss-ce = 0.05356, top1 = 0.98750, top5 = 1.00000  
2022-11-07 15:55:04: Epoch [35]   time cost: 174.33 sec (0.05 h)
2022-11-07 15:55:04: Checkpoint (model & optimizer) saved to: ./exps/models/archive_arid-resnet3d-18-MGsample-lime_canny_thresh_150_250/arid-resnet3d-18-MGsample-lime_canny_thresh_150_250_ep-0036.pth
2022-11-07 15:55:04: Start evaluating epoch 35:
2022-11-07 15:55:43: Epoch [35]  Batch [159]  Speed   8.3 (+ 6) sample/sec  loss-ce = 2.34886, top1 = 0.45000, top5 = 0.91250  
2022-11-07 15:55:43: Start epoch 36:
2022-11-07 15:55:55: Epoch [36]  Batch [0]    Speed   0.6 (+ 8) sample/sec  loss-ce = 0.06448, top1 = 1.00000, top5 = 1.00000  
2022-11-07 15:57:13: Epoch [36]  Batch [50]   Speed   5.1 (+ 0) sample/sec  loss-ce = 0.05254, top1 = 0.99250, top5 = 1.00000  
2022-11-07 15:58:41: Epoch [36]   time cost: 178.51 sec (0.05 h)
2022-11-07 15:58:41: Start evaluating epoch 36:
2022-11-07 15:59:19: Epoch [36]  Batch [159]  Speed   8.6 (+ 6) sample/sec  loss-ce = 2.44318, top1 = 0.44375, top5 = 0.91250  
2022-11-07 15:59:19: Start epoch 37:
2022-11-07 15:59:30: Epoch [37]  Batch [0]    Speed   0.7 (+ 8) sample/sec  loss-ce = 0.04072, top1 = 1.00000, top5 = 1.00000  
2022-11-07 16:00:45: Epoch [37]  Batch [50]   Speed   5.3 (+ 0) sample/sec  loss-ce = 0.05461, top1 = 0.98500, top5 = 1.00000  
2022-11-07 16:02:13: Epoch [37]   time cost: 174.60 sec (0.05 h)
2022-11-07 16:02:14: Checkpoint (model & optimizer) saved to: ./exps/models/archive_arid-resnet3d-18-MGsample-lime_canny_thresh_150_250/arid-resnet3d-18-MGsample-lime_canny_thresh_150_250_ep-0038.pth
2022-11-07 16:02:14: Start evaluating epoch 37:
2022-11-07 16:02:53: Epoch [37]  Batch [159]  Speed   8.3 (+ 6) sample/sec  loss-ce = 2.37495, top1 = 0.45937, top5 = 0.91250  
2022-11-07 16:02:53: Start epoch 38:
2022-11-07 16:03:05: Epoch [38]  Batch [0]    Speed   0.7 (+ 7) sample/sec  loss-ce = 0.08707, top1 = 1.00000, top5 = 1.00000  
2022-11-07 16:04:22: Epoch [38]  Batch [50]   Speed   5.2 (+ 0) sample/sec  loss-ce = 0.06216, top1 = 0.98500, top5 = 1.00000  
2022-11-07 16:05:50: Epoch [38]   time cost: 177.36 sec (0.05 h)
2022-11-07 16:05:50: Start evaluating epoch 38:
2022-11-07 16:06:27: Epoch [38]  Batch [159]  Speed   8.7 (+ 6) sample/sec  loss-ce = 2.38908, top1 = 0.43750, top5 = 0.91563  
2022-11-07 16:06:27: Start epoch 39:
2022-11-07 16:06:37: Epoch [39]  Batch [0]    Speed   0.8 (+ 7) sample/sec  loss-ce = 0.02269, top1 = 1.00000, top5 = 1.00000  
2022-11-07 16:07:53: Epoch [39]  Batch [50]   Speed   5.3 (+ 0) sample/sec  loss-ce = 0.06236, top1 = 0.99000, top5 = 1.00000  
2022-11-07 16:09:21: Epoch [39]   time cost: 173.45 sec (0.05 h)
2022-11-07 16:09:21: Checkpoint (model & optimizer) saved to: ./exps/models/archive_arid-resnet3d-18-MGsample-lime_canny_thresh_150_250/arid-resnet3d-18-MGsample-lime_canny_thresh_150_250_ep-0040.pth
2022-11-07 16:09:21: Start evaluating epoch 39:
2022-11-07 16:10:01: Epoch [39]  Batch [159]  Speed   8.1 (+ 6) sample/sec  loss-ce = 2.46003, top1 = 0.44062, top5 = 0.91563  
2022-11-07 16:10:01: Start epoch 40:
2022-11-07 16:10:12: Epoch [40]  Batch [0]    Speed   0.7 (+ 8) sample/sec  loss-ce = 0.13981, top1 = 0.87500, top5 = 1.00000  
2022-11-07 16:11:30: Epoch [40]  Batch [50]   Speed   5.2 (+ 0) sample/sec  loss-ce = 0.05178, top1 = 0.99500, top5 = 1.00000  
2022-11-07 16:12:57: Epoch [40]   time cost: 176.09 sec (0.05 h)
2022-11-07 16:12:57: Start evaluating epoch 40:
2022-11-07 16:13:35: Epoch [40]  Batch [159]  Speed   8.5 (+ 6) sample/sec  loss-ce = 2.42134, top1 = 0.45312, top5 = 0.90625  
2022-11-07 16:13:35: Start epoch 41:
2022-11-07 16:13:45: Epoch [41]  Batch [0]    Speed   0.8 (+ 8) sample/sec  loss-ce = 0.03149, top1 = 1.00000, top5 = 1.00000  
2022-11-07 16:14:59: Epoch [41]  Batch [50]   Speed   5.4 (+ 0) sample/sec  loss-ce = 0.04045, top1 = 0.99750, top5 = 1.00000  
2022-11-07 16:16:27: Epoch [41]   time cost: 171.87 sec (0.05 h)
2022-11-07 16:16:27: Checkpoint (model & optimizer) saved to: ./exps/models/archive_arid-resnet3d-18-MGsample-lime_canny_thresh_150_250/arid-resnet3d-18-MGsample-lime_canny_thresh_150_250_ep-0042.pth
2022-11-07 16:16:27: Start evaluating epoch 41:
2022-11-07 16:16:54: Epoch [41]  Batch [159]  Speed  12.1 (+ 2) sample/sec  loss-ce = 2.37256, top1 = 0.45312, top5 = 0.91563  
2022-11-07 16:16:54: Start epoch 42:
2022-11-07 16:17:03: Epoch [42]  Batch [0]    Speed   0.8 (+ 3) sample/sec  loss-ce = 0.17070, top1 = 0.87500, top5 = 1.00000  
2022-11-07 16:18:22: Epoch [42]  Batch [50]   Speed   5.1 (+ 0) sample/sec  loss-ce = 0.06603, top1 = 0.98000, top5 = 1.00000  
2022-11-07 16:19:50: Epoch [42]   time cost: 176.15 sec (0.05 h)
2022-11-07 16:19:50: Start evaluating epoch 42:
2022-11-07 16:20:15: Epoch [42]  Batch [159]  Speed  12.8 (+ 2) sample/sec  loss-ce = 2.41830, top1 = 0.45625, top5 = 0.91563  
2022-11-07 16:20:15: Start epoch 43:
2022-11-07 16:20:24: Epoch [43]  Batch [0]    Speed   0.9 (+ 3) sample/sec  loss-ce = 0.00543, top1 = 1.00000, top5 = 1.00000  
2022-11-07 16:21:52: Epoch [43]  Batch [50]   Speed   4.5 (+ 0) sample/sec  loss-ce = 0.04594, top1 = 0.99500, top5 = 1.00000  
2022-11-07 16:23:20: Epoch [43]   time cost: 184.98 sec (0.05 h)
2022-11-07 16:23:20: Checkpoint (model & optimizer) saved to: ./exps/models/archive_arid-resnet3d-18-MGsample-lime_canny_thresh_150_250/arid-resnet3d-18-MGsample-lime_canny_thresh_150_250_ep-0044.pth
2022-11-07 16:23:20: Start evaluating epoch 43:
2022-11-07 16:23:45: Epoch [43]  Batch [159]  Speed  12.8 (+ 2) sample/sec  loss-ce = 2.30428, top1 = 0.46875, top5 = 0.92188  
2022-11-07 16:23:45: Start epoch 44:
2022-11-07 16:23:54: Epoch [44]  Batch [0]    Speed   0.9 (+ 3) sample/sec  loss-ce = 0.23978, top1 = 1.00000, top5 = 1.00000  
2022-11-07 16:25:22: Epoch [44]  Batch [50]   Speed   4.6 (+ 0) sample/sec  loss-ce = 0.03904, top1 = 0.99500, top5 = 1.00000  
2022-11-07 16:26:49: Epoch [44]   time cost: 184.22 sec (0.05 h)
2022-11-07 16:26:49: Start evaluating epoch 44:
2022-11-07 16:27:14: Epoch [44]  Batch [159]  Speed  12.9 (+ 2) sample/sec  loss-ce = 2.39629, top1 = 0.46250, top5 = 0.91563  
2022-11-07 16:27:14: Start epoch 45:
2022-11-07 16:27:25: Epoch [45]  Batch [0]    Speed   0.8 (+ 3) sample/sec  loss-ce = 0.30010, top1 = 0.87500, top5 = 1.00000  
2022-11-07 16:28:52: Epoch [45]  Batch [50]   Speed   4.6 (+ 0) sample/sec  loss-ce = 0.04743, top1 = 0.98750, top5 = 1.00000  
2022-11-07 16:30:20: Epoch [45]   time cost: 185.40 sec (0.05 h)
2022-11-07 16:30:20: Checkpoint (model & optimizer) saved to: ./exps/models/archive_arid-resnet3d-18-MGsample-lime_canny_thresh_150_250/arid-resnet3d-18-MGsample-lime_canny_thresh_150_250_ep-0046.pth
2022-11-07 16:30:20: Start evaluating epoch 45:
2022-11-07 16:30:45: Epoch [45]  Batch [159]  Speed  12.8 (+ 2) sample/sec  loss-ce = 2.45795, top1 = 0.44688, top5 = 0.91250  
2022-11-07 16:30:45: Start epoch 46:
2022-11-07 16:30:55: Epoch [46]  Batch [0]    Speed   0.8 (+ 3) sample/sec  loss-ce = 0.03993, top1 = 1.00000, top5 = 1.00000  
2022-11-07 16:32:24: Epoch [46]  Batch [50]   Speed   4.5 (+ 0) sample/sec  loss-ce = 0.05021, top1 = 0.98750, top5 = 1.00000  
2022-11-07 16:33:51: Epoch [46]   time cost: 186.47 sec (0.05 h)
2022-11-07 16:33:51: Start evaluating epoch 46:
2022-11-07 16:34:16: Epoch [46]  Batch [159]  Speed  12.9 (+ 2) sample/sec  loss-ce = 2.39039, top1 = 0.45312, top5 = 0.91875  
2022-11-07 16:34:16: Start epoch 47:
2022-11-07 16:34:27: Epoch [47]  Batch [0]    Speed   0.8 (+ 3) sample/sec  loss-ce = 0.03766, top1 = 1.00000, top5 = 1.00000  
2022-11-07 16:35:55: Epoch [47]  Batch [50]   Speed   4.5 (+ 0) sample/sec  loss-ce = 0.05560, top1 = 0.99000, top5 = 1.00000  
2022-11-07 16:37:22: Epoch [47]   time cost: 185.40 sec (0.05 h)
2022-11-07 16:37:22: Checkpoint (model & optimizer) saved to: ./exps/models/archive_arid-resnet3d-18-MGsample-lime_canny_thresh_150_250/arid-resnet3d-18-MGsample-lime_canny_thresh_150_250_ep-0048.pth
2022-11-07 16:37:22: Start evaluating epoch 47:
2022-11-07 16:37:47: Epoch [47]  Batch [159]  Speed  12.9 (+ 2) sample/sec  loss-ce = 2.31433, top1 = 0.48125, top5 = 0.91563  
2022-11-07 16:37:47: Start epoch 48:
2022-11-07 16:37:58: Epoch [48]  Batch [0]    Speed   0.8 (+ 3) sample/sec  loss-ce = 0.08576, top1 = 1.00000, top5 = 1.00000  
2022-11-07 16:39:26: Epoch [48]  Batch [50]   Speed   4.5 (+ 0) sample/sec  loss-ce = 0.08335, top1 = 0.97750, top5 = 1.00000  
2022-11-07 16:40:53: Epoch [48]   time cost: 186.15 sec (0.05 h)
2022-11-07 16:40:53: Start evaluating epoch 48:
2022-11-07 16:41:18: Epoch [48]  Batch [159]  Speed  12.9 (+ 2) sample/sec  loss-ce = 2.33652, top1 = 0.46250, top5 = 0.91563  
2022-11-07 16:41:18: Start epoch 49:
2022-11-07 16:41:27: Epoch [49]  Batch [0]    Speed   0.9 (+ 3) sample/sec  loss-ce = 0.16051, top1 = 1.00000, top5 = 1.00000  
2022-11-07 16:42:58: Epoch [49]  Batch [50]   Speed   4.4 (+ 0) sample/sec  loss-ce = 0.05602, top1 = 0.98750, top5 = 1.00000  
2022-11-07 16:44:23: Epoch [49]   time cost: 184.65 sec (0.05 h)
2022-11-07 16:44:23: Checkpoint (model & optimizer) saved to: ./exps/models/archive_arid-resnet3d-18-MGsample-lime_canny_thresh_150_250/arid-resnet3d-18-MGsample-lime_canny_thresh_150_250_ep-0050.pth
2022-11-07 16:44:23: Start evaluating epoch 49:
2022-11-07 16:44:48: Epoch [49]  Batch [159]  Speed  12.9 (+ 2) sample/sec  loss-ce = 2.30347, top1 = 0.47500, top5 = 0.91563  
2022-11-07 16:44:48: Optimization done!
