2022-10-21 08:04:08: Using pytorch 1.12.0+cu113 (['/media/mldadmin/home/s122mdg36_01/anaconda3/envs/torchgpu/lib/python3.7/site-packages/torch'])
2022-10-21 08:04:08: Start training with args:
{
    "backend": "nccl",
    "batch_size": 16,
    "brighten_method": null,
    "clip_length": 16,
    "dataset": "ARID",
    "debug_mode": true,
    "dist_url": "tcp://192.168.0.11:23456",
    "end_epoch": 50,
    "fine_tune": true,
    "gpus": "0,1,2,3,4,5,6,7",
    "is_dark": true,
    "log_file": "./exps/logs/ori-arid-resnet3d-18-orimgsample_at-gpu36.log",
    "lr_base": 0.01,
    "lr_factor": 0.1,
    "lr_steps": [
        20000,
        40000,
        80000
    ],
    "model_dir": "./exps/models/archive",
    "model_prefix": "./exps/models/archive/ori-arid-resnet3d-18-orimgsample",
    "network": "resnet",
    "pretrained_2d": true,
    "pretrained_3d": null,
    "random_seed": 3407,
    "resume_epoch": -1,
    "save_frequency": 3,
    "segments": 1,
    "task_name": "ori-arid-resnet3d-18-orimgsample",
    "train_frame_interval": 2,
    "use_flow": false,
    "use_segments": false,
    "val_frame_interval": 2,
    "world_size": 1
}
2022-10-21 08:04:08: Target dataset: 'ARID', configs: {'num_classes': 10}
2022-10-21 08:04:08: Initializer:: 'BasicStem' is uninitialized.
2022-10-21 08:04:08: Initializer:: 'AdaptiveAvgPool3d' is uninitialized.
2022-10-21 08:04:08: Initializer:: 'VideoResNet' is uninitialized.
2022-10-21 08:04:08: Network:: graph initialized, loading pretrained model: `/media/mldadmin/home/s122mdg36_01/arid/assignment1/solutions/ARID_v1/network/pretrained/r3d_18-b3b3357e.pth'
2022-10-21 08:04:09: There are layers in current network not initialized by pretrained
2022-10-21 08:04:09: >> Failed to load: ['fc.weight', 'fc.bias']
2022-10-21 08:04:09: loading network configs of: RESNET
2022-10-21 08:04:09: Preprocessing:: using default mean & std from dark dataset.
2022-10-21 08:04:09: data:: {'mean': [0.079612, 0.073888, 0.072454], 'std': [0.100459, 0.0970497, 0.089911]}
2022-10-21 08:04:09: VideoIter:: clip_length = 16, interval = [train: 2, val: 2], seed = 3507
2022-10-21 08:04:09: VideoIter:: >> `check_video' is off, `tolerant_corrupted_video' is automatically activated.
2022-10-21 08:04:09: VideoIter:: found 750 videos in `./dataset/ARID/train.txt'
2022-10-21 08:04:09: VideoIter:: iterator initialized (phase: 'train', num: 750)
2022-10-21 08:04:09: VideoIter:: >> `check_video' is off, `tolerant_corrupted_video' is automatically activated.
2022-10-21 08:04:09: VideoIter:: found 320 videos in `./dataset/ARID/val.txt'
2022-10-21 08:04:09: VideoIter:: iterator initialized (phase: 'test', num: 320)
2022-10-21 08:04:11: Optimizer:: >> recuding the learning rate of 62 params: ['resnet.stem.0.weight', 'resnet.stem.1.weight', 'resnet.stem.1.bias', 'resnet.layer1.0.conv1.0.weight', 'resnet.layer1.0.conv1.1.weight', 'resnet.lay ... nv1.1.bias', 'resnet.layer4.1.conv2.0.weight', 'resnet.layer4.1.conv2.1.weight', 'resnet.layer4.1.conv2.1.bias', 'resnet.fc.weight', 'resnet.fc.bias']
2022-10-21 08:04:11: Iter 0: start with learning rate: 1.00000e-02 (next lr step: 1250)
2022-10-21 08:04:11: Start epoch 0:
2022-10-21 08:04:56: Epoch [0]   Batch [0]    Speed   0.4 (+ 4) sample/sec  loss-ce = 2.52959, top1 = 0.18750, top5 = 0.62500  
2022-10-21 08:06:43: Epoch [0]   time cost: 151.93 sec (0.04 h)
2022-10-21 08:06:44: Checkpoint (model & optimizer) saved to: ./exps/models/archive/ori-arid-resnet3d-18-orimgsample_ep-0001.pth
2022-10-21 08:06:44: Start evaluating epoch 0:
2022-10-21 08:07:35: Epoch [0]   Batch [159]  Speed   6.2 (+21) sample/sec  loss-ce = 2.28468, top1 = 0.14375, top5 = 0.61250  
2022-10-21 08:07:35: Current best epoch found with top5 accuracy 0.61250 at epoch 1, saved
2022-10-21 08:07:37: Checkpoint (model & optimizer) saved to: ./exps/models/archive/ori-arid-resnet3d-18-orimgsample_ep-0001.pth
2022-10-21 08:07:39: Checkpoint (model & optimizer) saved to: ./exps/models/archive/ori-arid-resnet3d-18-orimgsample_ep-0001.pth
2022-10-21 08:07:39: Current best epoch found with top1 accuracy 0.14375 at epoch 1, saved
2022-10-21 08:07:39: Start epoch 1:
2022-10-21 08:08:24: Epoch [1]   Batch [0]    Speed   0.4 (+ 8) sample/sec  loss-ce = 1.92635, top1 = 0.37500, top5 = 0.68750  
2022-10-21 08:10:14: Epoch [1]   time cost: 154.46 sec (0.04 h)
2022-10-21 08:10:14: Start evaluating epoch 1:
2022-10-21 08:11:05: Epoch [1]   Batch [159]  Speed   6.2 (+21) sample/sec  loss-ce = 2.15760, top1 = 0.20312, top5 = 0.75000  
2022-10-21 08:11:05: Current best epoch found with top5 accuracy 0.75000 at epoch 2, saved
2022-10-21 08:11:06: Checkpoint (model & optimizer) saved to: ./exps/models/archive/ori-arid-resnet3d-18-orimgsample_ep-0002.pth
2022-10-21 08:11:07: Checkpoint (model & optimizer) saved to: ./exps/models/archive/ori-arid-resnet3d-18-orimgsample_ep-0002.pth
2022-10-21 08:11:07: Current best epoch found with top1 accuracy 0.20312 at epoch 2, saved
2022-10-21 08:11:07: Start epoch 2:
2022-10-21 08:11:50: Epoch [2]   Batch [0]    Speed   0.4 (+ 8) sample/sec  loss-ce = 1.96588, top1 = 0.31250, top5 = 0.75000  
2022-10-21 08:13:42: Epoch [2]   time cost: 154.74 sec (0.04 h)
2022-10-21 08:13:42: Checkpoint (model & optimizer) saved to: ./exps/models/archive/ori-arid-resnet3d-18-orimgsample_ep-0003.pth
2022-10-21 08:13:42: Start evaluating epoch 2:
2022-10-21 08:14:34: Epoch [2]   Batch [159]  Speed   6.2 (+21) sample/sec  loss-ce = 2.12373, top1 = 0.23750, top5 = 0.80625  
2022-10-21 08:14:34: Current best epoch found with top5 accuracy 0.80625 at epoch 3, saved
2022-10-21 08:14:34: Current best epoch found with top1 accuracy 0.23750 at epoch 3, saved
2022-10-21 08:14:34: Start epoch 3:
2022-10-21 08:15:19: Epoch [3]   Batch [0]    Speed   0.4 (+ 8) sample/sec  loss-ce = 1.30773, top1 = 0.62500, top5 = 0.87500  
2022-10-21 08:17:08: Epoch [3]   time cost: 153.21 sec (0.04 h)
2022-10-21 08:17:08: Start evaluating epoch 3:
2022-10-21 08:17:58: Epoch [3]   Batch [159]  Speed   6.4 (+21) sample/sec  loss-ce = 2.07317, top1 = 0.29688, top5 = 0.84375  
2022-10-21 08:17:58: Current best epoch found with top5 accuracy 0.84375 at epoch 4, saved
2022-10-21 08:17:59: Checkpoint (model & optimizer) saved to: ./exps/models/archive/ori-arid-resnet3d-18-orimgsample_ep-0004.pth
2022-10-21 08:18:01: Checkpoint (model & optimizer) saved to: ./exps/models/archive/ori-arid-resnet3d-18-orimgsample_ep-0004.pth
2022-10-21 08:18:01: Current best epoch found with top1 accuracy 0.29688 at epoch 4, saved
2022-10-21 08:18:01: Start epoch 4:
2022-10-21 08:18:42: Epoch [4]   Batch [0]    Speed   0.4 (+ 8) sample/sec  loss-ce = 1.07538, top1 = 0.68750, top5 = 1.00000  
2022-10-21 08:20:33: Epoch [4]   time cost: 151.94 sec (0.04 h)
2022-10-21 08:20:33: Start evaluating epoch 4:
2022-10-21 08:21:26: Epoch [4]   Batch [159]  Speed   6.1 (+20) sample/sec  loss-ce = 1.98905, top1 = 0.35938, top5 = 0.83750  
2022-10-21 08:21:26: Checkpoint (model & optimizer) saved to: ./exps/models/archive/ori-arid-resnet3d-18-orimgsample_ep-0005.pth
2022-10-21 08:21:26: Current best epoch found with top1 accuracy 0.35938 at epoch 5, saved
2022-10-21 08:21:26: Start epoch 5:
2022-10-21 08:22:10: Epoch [5]   Batch [0]    Speed   0.4 (+ 8) sample/sec  loss-ce = 1.05713, top1 = 0.68750, top5 = 0.93750  
2022-10-21 08:23:58: Epoch [5]   time cost: 151.90 sec (0.04 h)
2022-10-21 08:23:59: Checkpoint (model & optimizer) saved to: ./exps/models/archive/ori-arid-resnet3d-18-orimgsample_ep-0006.pth
2022-10-21 08:23:59: Start evaluating epoch 5:
2022-10-21 08:24:52: Epoch [5]   Batch [159]  Speed   6.1 (+22) sample/sec  loss-ce = 1.82220, top1 = 0.36875, top5 = 0.90000  
2022-10-21 08:24:52: Current best epoch found with top5 accuracy 0.90000 at epoch 6, saved
2022-10-21 08:24:52: Current best epoch found with top1 accuracy 0.36875 at epoch 6, saved
2022-10-21 08:24:52: Start epoch 6:
2022-10-21 08:25:36: Epoch [6]   Batch [0]    Speed   0.4 (+ 8) sample/sec  loss-ce = 0.51305, top1 = 0.93750, top5 = 1.00000  
2022-10-21 08:27:25: Epoch [6]   time cost: 153.79 sec (0.04 h)
2022-10-21 08:27:25: Start evaluating epoch 6:
2022-10-21 08:28:17: Epoch [6]   Batch [159]  Speed   6.2 (+22) sample/sec  loss-ce = 1.86508, top1 = 0.39687, top5 = 0.90000  
2022-10-21 08:28:18: Checkpoint (model & optimizer) saved to: ./exps/models/archive/ori-arid-resnet3d-18-orimgsample_ep-0007.pth
2022-10-21 08:28:18: Current best epoch found with top1 accuracy 0.39687 at epoch 7, saved
2022-10-21 08:28:18: Start epoch 7:
2022-10-21 08:29:00: Epoch [7]   Batch [0]    Speed   0.4 (+ 8) sample/sec  loss-ce = 0.58538, top1 = 0.87500, top5 = 1.00000  
2022-10-21 08:30:53: Epoch [7]   time cost: 154.45 sec (0.04 h)
2022-10-21 08:30:53: Start evaluating epoch 7:
2022-10-21 08:31:45: Epoch [7]   Batch [159]  Speed   6.2 (+22) sample/sec  loss-ce = 1.85664, top1 = 0.41875, top5 = 0.90938  
2022-10-21 08:31:45: Current best epoch found with top5 accuracy 0.90938 at epoch 8, saved
2022-10-21 08:31:45: Checkpoint (model & optimizer) saved to: ./exps/models/archive/ori-arid-resnet3d-18-orimgsample_ep-0008.pth
2022-10-21 08:31:47: Checkpoint (model & optimizer) saved to: ./exps/models/archive/ori-arid-resnet3d-18-orimgsample_ep-0008.pth
2022-10-21 08:31:47: Current best epoch found with top1 accuracy 0.41875 at epoch 8, saved
2022-10-21 08:31:47: Start epoch 8:
2022-10-21 08:32:32: Epoch [8]   Batch [0]    Speed   0.4 (+ 8) sample/sec  loss-ce = 0.58957, top1 = 0.81250, top5 = 1.00000  
2022-10-21 08:34:21: Epoch [8]   time cost: 153.74 sec (0.04 h)
2022-10-21 08:34:21: Checkpoint (model & optimizer) saved to: ./exps/models/archive/ori-arid-resnet3d-18-orimgsample_ep-0009.pth
2022-10-21 08:34:21: Start evaluating epoch 8:
2022-10-21 08:35:14: Epoch [8]   Batch [159]  Speed   6.1 (+21) sample/sec  loss-ce = 1.84307, top1 = 0.40000, top5 = 0.93750  
2022-10-21 08:35:14: Current best epoch found with top5 accuracy 0.93750 at epoch 9, saved
2022-10-21 08:35:14: Start epoch 9:
2022-10-21 08:36:01: Epoch [9]   Batch [0]    Speed   0.3 (+ 7) sample/sec  loss-ce = 0.34603, top1 = 1.00000, top5 = 1.00000  
2022-10-21 08:37:48: Epoch [9]   time cost: 154.33 sec (0.04 h)
2022-10-21 08:37:48: Start evaluating epoch 9:
2022-10-21 08:38:40: Epoch [9]   Batch [159]  Speed   6.2 (+22) sample/sec  loss-ce = 1.87572, top1 = 0.42500, top5 = 0.90625  
2022-10-21 08:38:41: Checkpoint (model & optimizer) saved to: ./exps/models/archive/ori-arid-resnet3d-18-orimgsample_ep-0010.pth
2022-10-21 08:38:41: Current best epoch found with top1 accuracy 0.42500 at epoch 10, saved
2022-10-21 08:38:41: Start epoch 10:
2022-10-21 08:39:29: Epoch [10]  Batch [0]    Speed   0.3 (+ 8) sample/sec  loss-ce = 0.30939, top1 = 0.93750, top5 = 1.00000  
2022-10-21 08:41:16: Epoch [10]   time cost: 154.60 sec (0.04 h)
2022-10-21 08:41:16: Start evaluating epoch 10:
2022-10-21 08:42:09: Epoch [10]  Batch [159]  Speed   6.1 (+22) sample/sec  loss-ce = 1.69288, top1 = 0.45312, top5 = 0.93437  
2022-10-21 08:42:09: Checkpoint (model & optimizer) saved to: ./exps/models/archive/ori-arid-resnet3d-18-orimgsample_ep-0011.pth
2022-10-21 08:42:09: Current best epoch found with top1 accuracy 0.45312 at epoch 11, saved
2022-10-21 08:42:09: Start epoch 11:
2022-10-21 08:42:53: Epoch [11]  Batch [0]    Speed   0.4 (+ 8) sample/sec  loss-ce = 0.35727, top1 = 1.00000, top5 = 1.00000  
2022-10-21 08:44:41: Epoch [11]   time cost: 152.06 sec (0.04 h)
2022-10-21 08:44:42: Checkpoint (model & optimizer) saved to: ./exps/models/archive/ori-arid-resnet3d-18-orimgsample_ep-0012.pth
2022-10-21 08:44:42: Start evaluating epoch 11:
2022-10-21 08:45:33: Epoch [11]  Batch [159]  Speed   6.3 (+21) sample/sec  loss-ce = 1.83497, top1 = 0.48125, top5 = 0.92812  
2022-10-21 08:45:33: Current best epoch found with top1 accuracy 0.48125 at epoch 12, saved
2022-10-21 08:45:33: Start epoch 12:
2022-10-21 08:46:17: Epoch [12]  Batch [0]    Speed   0.4 (+ 8) sample/sec  loss-ce = 0.18401, top1 = 1.00000, top5 = 1.00000  
2022-10-21 08:48:10: Epoch [12]   time cost: 156.36 sec (0.04 h)
2022-10-21 08:48:10: Start evaluating epoch 12:
2022-10-21 08:49:01: Epoch [12]  Batch [159]  Speed   6.3 (+21) sample/sec  loss-ce = 1.90897, top1 = 0.47813, top5 = 0.90938  
2022-10-21 08:49:01: Start epoch 13:
2022-10-21 08:49:45: Epoch [13]  Batch [0]    Speed   0.4 (+ 8) sample/sec  loss-ce = 0.25195, top1 = 1.00000, top5 = 1.00000  
2022-10-21 08:51:35: Epoch [13]   time cost: 153.58 sec (0.04 h)
2022-10-21 08:51:35: Start evaluating epoch 13:
2022-10-21 08:52:27: Epoch [13]  Batch [159]  Speed   6.1 (+22) sample/sec  loss-ce = 1.87280, top1 = 0.45937, top5 = 0.92500  
2022-10-21 08:52:27: Start epoch 14:
2022-10-21 08:53:10: Epoch [14]  Batch [0]    Speed   0.4 (+ 8) sample/sec  loss-ce = 0.22374, top1 = 1.00000, top5 = 1.00000  
2022-10-21 08:55:03: Epoch [14]   time cost: 155.77 sec (0.04 h)
2022-10-21 08:55:04: Checkpoint (model & optimizer) saved to: ./exps/models/archive/ori-arid-resnet3d-18-orimgsample_ep-0015.pth
2022-10-21 08:55:04: Start evaluating epoch 14:
2022-10-21 08:55:56: Epoch [14]  Batch [159]  Speed   6.2 (+21) sample/sec  loss-ce = 1.97046, top1 = 0.47813, top5 = 0.93437  
2022-10-21 08:55:56: Start epoch 15:
2022-10-21 08:56:40: Epoch [15]  Batch [0]    Speed   0.4 (+ 8) sample/sec  loss-ce = 0.10159, top1 = 1.00000, top5 = 1.00000  
2022-10-21 08:58:31: Epoch [15]   time cost: 155.17 sec (0.04 h)
2022-10-21 08:58:31: Start evaluating epoch 15:
2022-10-21 08:59:23: Epoch [15]  Batch [159]  Speed   6.2 (+21) sample/sec  loss-ce = 1.87697, top1 = 0.45937, top5 = 0.92812  
2022-10-21 08:59:23: Start epoch 16:
2022-10-21 09:00:10: Epoch [16]  Batch [0]    Speed   0.3 (+ 8) sample/sec  loss-ce = 0.17769, top1 = 0.93750, top5 = 1.00000  
2022-10-21 09:01:57: Epoch [16]   time cost: 154.55 sec (0.04 h)
2022-10-21 09:01:57: Start evaluating epoch 16:
2022-10-21 09:02:49: Epoch [16]  Batch [159]  Speed   6.2 (+22) sample/sec  loss-ce = 1.87066, top1 = 0.46875, top5 = 0.94063  
2022-10-21 09:02:49: Current best epoch found with top5 accuracy 0.94063 at epoch 17, saved
2022-10-21 09:02:50: Checkpoint (model & optimizer) saved to: ./exps/models/archive/ori-arid-resnet3d-18-orimgsample_ep-0017.pth
2022-10-21 09:02:50: Start epoch 17:
2022-10-21 09:03:36: Epoch [17]  Batch [0]    Speed   0.4 (+ 8) sample/sec  loss-ce = 0.10376, top1 = 1.00000, top5 = 1.00000  
2022-10-21 09:05:25: Epoch [17]   time cost: 154.69 sec (0.04 h)
2022-10-21 09:05:25: Checkpoint (model & optimizer) saved to: ./exps/models/archive/ori-arid-resnet3d-18-orimgsample_ep-0018.pth
2022-10-21 09:05:25: Start evaluating epoch 17:
2022-10-21 09:06:17: Epoch [17]  Batch [159]  Speed   6.2 (+22) sample/sec  loss-ce = 1.80436, top1 = 0.49375, top5 = 0.94063  
2022-10-21 09:06:17: Current best epoch found with top1 accuracy 0.49375 at epoch 18, saved
2022-10-21 09:06:17: Start epoch 18:
2022-10-21 09:07:01: Epoch [18]  Batch [0]    Speed   0.4 (+ 8) sample/sec  loss-ce = 0.15909, top1 = 1.00000, top5 = 1.00000  
2022-10-21 09:08:52: Epoch [18]   time cost: 154.71 sec (0.04 h)
2022-10-21 09:08:52: Start evaluating epoch 18:
2022-10-21 09:09:45: Epoch [18]  Batch [159]  Speed   6.1 (+22) sample/sec  loss-ce = 1.86672, top1 = 0.47813, top5 = 0.93750  
2022-10-21 09:09:45: Start epoch 19:
2022-10-21 09:10:28: Epoch [19]  Batch [0]    Speed   0.4 (+ 8) sample/sec  loss-ce = 0.23565, top1 = 1.00000, top5 = 1.00000  
2022-10-21 09:12:19: Epoch [19]   time cost: 154.00 sec (0.04 h)
2022-10-21 09:12:19: Start evaluating epoch 19:
2022-10-21 09:13:13: Epoch [19]  Batch [159]  Speed   6.0 (+22) sample/sec  loss-ce = 1.96335, top1 = 0.48125, top5 = 0.92500  
2022-10-21 09:13:13: Start epoch 20:
2022-10-21 09:13:55: Epoch [20]  Batch [0]    Speed   0.4 (+ 8) sample/sec  loss-ce = 0.10786, top1 = 1.00000, top5 = 1.00000  
2022-10-21 09:15:47: Epoch [20]   time cost: 154.58 sec (0.04 h)
2022-10-21 09:15:48: Checkpoint (model & optimizer) saved to: ./exps/models/archive/ori-arid-resnet3d-18-orimgsample_ep-0021.pth
2022-10-21 09:15:48: Start evaluating epoch 20:
2022-10-21 09:16:40: Epoch [20]  Batch [159]  Speed   6.2 (+21) sample/sec  loss-ce = 1.90669, top1 = 0.48438, top5 = 0.94063  
2022-10-21 09:16:40: Start epoch 21:
2022-10-21 09:17:23: Epoch [21]  Batch [0]    Speed   0.4 (+ 8) sample/sec  loss-ce = 0.22672, top1 = 0.93750, top5 = 0.93750  
2022-10-21 09:19:12: Epoch [21]   time cost: 151.97 sec (0.04 h)
2022-10-21 09:19:12: Start evaluating epoch 21:
2022-10-21 09:20:05: Epoch [21]  Batch [159]  Speed   6.1 (+21) sample/sec  loss-ce = 1.77226, top1 = 0.52187, top5 = 0.94375  
2022-10-21 09:20:05: Current best epoch found with top5 accuracy 0.94375 at epoch 22, saved
2022-10-21 09:20:05: Checkpoint (model & optimizer) saved to: ./exps/models/archive/ori-arid-resnet3d-18-orimgsample_ep-0022.pth
2022-10-21 09:20:06: Checkpoint (model & optimizer) saved to: ./exps/models/archive/ori-arid-resnet3d-18-orimgsample_ep-0022.pth
2022-10-21 09:20:06: Current best epoch found with top1 accuracy 0.52187 at epoch 22, saved
2022-10-21 09:20:06: Start epoch 22:
2022-10-21 09:20:48: Epoch [22]  Batch [0]    Speed   0.4 (+ 8) sample/sec  loss-ce = 0.15768, top1 = 0.93750, top5 = 1.00000  
2022-10-21 09:22:40: Epoch [22]   time cost: 154.08 sec (0.04 h)
2022-10-21 09:22:40: Start evaluating epoch 22:
2022-10-21 09:23:33: Epoch [22]  Batch [159]  Speed   6.1 (+20) sample/sec  loss-ce = 1.98735, top1 = 0.46875, top5 = 0.94688  
2022-10-21 09:23:33: Current best epoch found with top5 accuracy 0.94688 at epoch 23, saved
2022-10-21 09:23:34: Checkpoint (model & optimizer) saved to: ./exps/models/archive/ori-arid-resnet3d-18-orimgsample_ep-0023.pth
2022-10-21 09:23:34: Start epoch 23:
2022-10-21 09:24:16: Epoch [23]  Batch [0]    Speed   0.4 (+ 8) sample/sec  loss-ce = 0.11824, top1 = 1.00000, top5 = 1.00000  
2022-10-21 09:26:07: Epoch [23]   time cost: 152.94 sec (0.04 h)
2022-10-21 09:26:08: Checkpoint (model & optimizer) saved to: ./exps/models/archive/ori-arid-resnet3d-18-orimgsample_ep-0024.pth
2022-10-21 09:26:08: Start evaluating epoch 23:
2022-10-21 09:26:59: Epoch [23]  Batch [159]  Speed   6.3 (+21) sample/sec  loss-ce = 1.86086, top1 = 0.49688, top5 = 0.95312  
2022-10-21 09:26:59: Current best epoch found with top5 accuracy 0.95312 at epoch 24, saved
2022-10-21 09:26:59: Start epoch 24:
2022-10-21 09:27:41: Epoch [24]  Batch [0]    Speed   0.4 (+ 8) sample/sec  loss-ce = 0.05308, top1 = 1.00000, top5 = 1.00000  
2022-10-21 09:29:33: Epoch [24]   time cost: 154.03 sec (0.04 h)
2022-10-21 09:29:33: Start evaluating epoch 24:
2022-10-21 09:30:25: Epoch [24]  Batch [159]  Speed   6.1 (+22) sample/sec  loss-ce = 1.99983, top1 = 0.49375, top5 = 0.93125  
2022-10-21 09:30:25: Start epoch 25:
2022-10-21 09:31:08: Epoch [25]  Batch [0]    Speed   0.4 (+ 8) sample/sec  loss-ce = 0.09729, top1 = 1.00000, top5 = 1.00000  
2022-10-21 09:32:57: Epoch [25]   time cost: 152.08 sec (0.04 h)
2022-10-21 09:32:57: Start evaluating epoch 25:
2022-10-21 09:33:50: Epoch [25]  Batch [159]  Speed   6.1 (+23) sample/sec  loss-ce = 1.99101, top1 = 0.50000, top5 = 0.91563  
2022-10-21 09:33:50: Start epoch 26:
2022-10-21 09:34:36: Epoch [26]  Batch [0]    Speed   0.4 (+ 8) sample/sec  loss-ce = 0.08888, top1 = 1.00000, top5 = 1.00000  
2022-10-21 09:35:41: Iter: 1250, change learning rate to 1.00000e-03 for step [1250:2500)
2022-10-21 09:36:28: Epoch [26]   time cost: 157.92 sec (0.04 h)
2022-10-21 09:36:29: Checkpoint (model & optimizer) saved to: ./exps/models/archive/ori-arid-resnet3d-18-orimgsample_ep-0027.pth
2022-10-21 09:36:29: Start evaluating epoch 26:
2022-10-21 09:37:20: Epoch [26]  Batch [159]  Speed   6.3 (+21) sample/sec  loss-ce = 1.95944, top1 = 0.49062, top5 = 0.93437  
2022-10-21 09:37:20: Start epoch 27:
2022-10-21 09:38:06: Epoch [27]  Batch [0]    Speed   0.4 (+ 8) sample/sec  loss-ce = 0.19257, top1 = 0.87500, top5 = 1.00000  
2022-10-21 09:39:53: Epoch [27]   time cost: 152.77 sec (0.04 h)
2022-10-21 09:39:53: Start evaluating epoch 27:
2022-10-21 09:40:47: Epoch [27]  Batch [159]  Speed   6.0 (+21) sample/sec  loss-ce = 1.89538, top1 = 0.50313, top5 = 0.95312  
2022-10-21 09:40:47: Start epoch 28:
2022-10-21 09:41:31: Epoch [28]  Batch [0]    Speed   0.4 (+ 8) sample/sec  loss-ce = 0.17113, top1 = 0.93750, top5 = 1.00000  
2022-10-21 09:43:20: Epoch [28]   time cost: 153.37 sec (0.04 h)
2022-10-21 09:43:20: Start evaluating epoch 28:
2022-10-21 09:44:13: Epoch [28]  Batch [159]  Speed   6.1 (+21) sample/sec  loss-ce = 1.95964, top1 = 0.49688, top5 = 0.93750  
2022-10-21 09:44:13: Start epoch 29:
2022-10-21 09:44:54: Epoch [29]  Batch [0]    Speed   0.4 (+ 8) sample/sec  loss-ce = 0.06555, top1 = 1.00000, top5 = 1.00000  
2022-10-21 09:46:48: Epoch [29]   time cost: 155.67 sec (0.04 h)
2022-10-21 09:46:49: Checkpoint (model & optimizer) saved to: ./exps/models/archive/ori-arid-resnet3d-18-orimgsample_ep-0030.pth
2022-10-21 09:46:49: Start evaluating epoch 29:
2022-10-21 09:47:40: Epoch [29]  Batch [159]  Speed   6.2 (+21) sample/sec  loss-ce = 1.92575, top1 = 0.50313, top5 = 0.94063  
2022-10-21 09:47:40: Start epoch 30:
2022-10-21 09:48:23: Epoch [30]  Batch [0]    Speed   0.4 (+ 8) sample/sec  loss-ce = 0.05842, top1 = 1.00000, top5 = 1.00000  
2022-10-21 09:50:11: Epoch [30]   time cost: 150.21 sec (0.04 h)
2022-10-21 09:50:11: Start evaluating epoch 30:
2022-10-21 09:51:03: Epoch [30]  Batch [159]  Speed   6.1 (+21) sample/sec  loss-ce = 1.95933, top1 = 0.50000, top5 = 0.93750  
2022-10-21 09:51:03: Start epoch 31:
2022-10-21 09:51:51: Epoch [31]  Batch [0]    Speed   0.3 (+ 8) sample/sec  loss-ce = 0.04300, top1 = 1.00000, top5 = 1.00000  
2022-10-21 09:53:37: Epoch [31]   time cost: 154.08 sec (0.04 h)
2022-10-21 09:53:37: Start evaluating epoch 31:
2022-10-21 09:54:29: Epoch [31]  Batch [159]  Speed   6.2 (+22) sample/sec  loss-ce = 1.97864, top1 = 0.49062, top5 = 0.92812  
2022-10-21 09:54:29: Start epoch 32:
2022-10-21 09:55:15: Epoch [32]  Batch [0]    Speed   0.3 (+ 8) sample/sec  loss-ce = 0.07680, top1 = 1.00000, top5 = 1.00000  
2022-10-21 09:57:02: Epoch [32]   time cost: 152.86 sec (0.04 h)
2022-10-21 09:57:03: Checkpoint (model & optimizer) saved to: ./exps/models/archive/ori-arid-resnet3d-18-orimgsample_ep-0033.pth
2022-10-21 09:57:03: Start evaluating epoch 32:
2022-10-21 09:57:55: Epoch [32]  Batch [159]  Speed   6.1 (+22) sample/sec  loss-ce = 1.86645, top1 = 0.51562, top5 = 0.95000  
2022-10-21 09:57:55: Start epoch 33:
2022-10-21 09:58:39: Epoch [33]  Batch [0]    Speed   0.4 (+ 8) sample/sec  loss-ce = 0.06555, top1 = 1.00000, top5 = 1.00000  
2022-10-21 10:00:28: Epoch [33]   time cost: 152.55 sec (0.04 h)
2022-10-21 10:00:28: Start evaluating epoch 33:
2022-10-21 10:01:19: Epoch [33]  Batch [159]  Speed   6.2 (+22) sample/sec  loss-ce = 1.93809, top1 = 0.50625, top5 = 0.93125  
2022-10-21 10:01:19: Start epoch 34:
2022-10-21 10:02:04: Epoch [34]  Batch [0]    Speed   0.4 (+ 8) sample/sec  loss-ce = 0.10571, top1 = 1.00000, top5 = 1.00000  
2022-10-21 10:03:56: Epoch [34]   time cost: 156.45 sec (0.04 h)
2022-10-21 10:03:56: Start evaluating epoch 34:
2022-10-21 10:04:48: Epoch [34]  Batch [159]  Speed   6.2 (+21) sample/sec  loss-ce = 1.93512, top1 = 0.51875, top5 = 0.93125  
2022-10-21 10:04:48: Start epoch 35:
2022-10-21 10:05:31: Epoch [35]  Batch [0]    Speed   0.4 (+ 8) sample/sec  loss-ce = 0.22690, top1 = 0.87500, top5 = 1.00000  
2022-10-21 10:07:20: Epoch [35]   time cost: 151.57 sec (0.04 h)
2022-10-21 10:07:21: Checkpoint (model & optimizer) saved to: ./exps/models/archive/ori-arid-resnet3d-18-orimgsample_ep-0036.pth
2022-10-21 10:07:21: Start evaluating epoch 35:
2022-10-21 10:08:13: Epoch [35]  Batch [159]  Speed   6.2 (+21) sample/sec  loss-ce = 1.91562, top1 = 0.51562, top5 = 0.94688  
2022-10-21 10:08:13: Start epoch 36:
2022-10-21 10:08:57: Epoch [36]  Batch [0]    Speed   0.4 (+ 8) sample/sec  loss-ce = 0.12939, top1 = 1.00000, top5 = 1.00000  
2022-10-21 10:10:46: Epoch [36]   time cost: 152.91 sec (0.04 h)
2022-10-21 10:10:46: Start evaluating epoch 36:
2022-10-21 10:11:36: Epoch [36]  Batch [159]  Speed   6.3 (+21) sample/sec  loss-ce = 1.95159, top1 = 0.50000, top5 = 0.94063  
2022-10-21 10:11:36: Start epoch 37:
2022-10-21 10:12:19: Epoch [37]  Batch [0]    Speed   0.4 (+ 8) sample/sec  loss-ce = 0.17882, top1 = 0.93750, top5 = 1.00000  
2022-10-21 10:14:10: Epoch [37]   time cost: 153.30 sec (0.04 h)
2022-10-21 10:14:10: Start evaluating epoch 37:
2022-10-21 10:15:02: Epoch [37]  Batch [159]  Speed   6.1 (+21) sample/sec  loss-ce = 1.93068, top1 = 0.50313, top5 = 0.95000  
2022-10-21 10:15:02: Start epoch 38:
2022-10-21 10:15:43: Epoch [38]  Batch [0]    Speed   0.4 (+ 8) sample/sec  loss-ce = 0.07983, top1 = 1.00000, top5 = 1.00000  
2022-10-21 10:17:31: Epoch [38]   time cost: 148.55 sec (0.04 h)
2022-10-21 10:17:32: Checkpoint (model & optimizer) saved to: ./exps/models/archive/ori-arid-resnet3d-18-orimgsample_ep-0039.pth
2022-10-21 10:17:32: Start evaluating epoch 38:
2022-10-21 10:18:24: Epoch [38]  Batch [159]  Speed   6.1 (+21) sample/sec  loss-ce = 1.97404, top1 = 0.51250, top5 = 0.95000  
2022-10-21 10:18:24: Start epoch 39:
2022-10-21 10:19:08: Epoch [39]  Batch [0]    Speed   0.4 (+ 8) sample/sec  loss-ce = 0.06728, top1 = 1.00000, top5 = 1.00000  
2022-10-21 10:20:59: Epoch [39]   time cost: 154.96 sec (0.04 h)
2022-10-21 10:20:59: Start evaluating epoch 39:
2022-10-21 10:21:53: Epoch [39]  Batch [159]  Speed   6.0 (+22) sample/sec  loss-ce = 2.01554, top1 = 0.48125, top5 = 0.93125  
2022-10-21 10:21:53: Start epoch 40:
2022-10-21 10:22:37: Epoch [40]  Batch [0]    Speed   0.4 (+ 8) sample/sec  loss-ce = 0.18990, top1 = 0.93750, top5 = 1.00000  
2022-10-21 10:24:27: Epoch [40]   time cost: 154.05 sec (0.04 h)
2022-10-21 10:24:27: Start evaluating epoch 40:
2022-10-21 10:25:19: Epoch [40]  Batch [159]  Speed   6.2 (+20) sample/sec  loss-ce = 1.85562, top1 = 0.50938, top5 = 0.94063  
2022-10-21 10:25:19: Start epoch 41:
2022-10-21 10:26:01: Epoch [41]  Batch [0]    Speed   0.4 (+ 8) sample/sec  loss-ce = 0.10471, top1 = 1.00000, top5 = 1.00000  
2022-10-21 10:27:49: Epoch [41]   time cost: 150.18 sec (0.04 h)
2022-10-21 10:27:50: Checkpoint (model & optimizer) saved to: ./exps/models/archive/ori-arid-resnet3d-18-orimgsample_ep-0042.pth
2022-10-21 10:27:50: Start evaluating epoch 41:
2022-10-21 10:28:41: Epoch [41]  Batch [159]  Speed   6.3 (+21) sample/sec  loss-ce = 1.90541, top1 = 0.49062, top5 = 0.95312  
2022-10-21 10:28:41: Start epoch 42:
2022-10-21 10:29:24: Epoch [42]  Batch [0]    Speed   0.4 (+ 8) sample/sec  loss-ce = 0.09633, top1 = 0.93750, top5 = 1.00000  
2022-10-21 10:31:15: Epoch [42]   time cost: 153.69 sec (0.04 h)
2022-10-21 10:31:15: Start evaluating epoch 42:
2022-10-21 10:32:07: Epoch [42]  Batch [159]  Speed   6.2 (+22) sample/sec  loss-ce = 1.89004, top1 = 0.50625, top5 = 0.95312  
2022-10-21 10:32:07: Start epoch 43:
2022-10-21 10:32:55: Epoch [43]  Batch [0]    Speed   0.3 (+ 8) sample/sec  loss-ce = 0.09694, top1 = 1.00000, top5 = 1.00000  
2022-10-21 10:34:44: Epoch [43]   time cost: 156.67 sec (0.04 h)
2022-10-21 10:34:44: Start evaluating epoch 43:
2022-10-21 10:35:35: Epoch [43]  Batch [159]  Speed   6.3 (+21) sample/sec  loss-ce = 1.89871, top1 = 0.52500, top5 = 0.94375  
2022-10-21 10:35:36: Checkpoint (model & optimizer) saved to: ./exps/models/archive/ori-arid-resnet3d-18-orimgsample_ep-0044.pth
2022-10-21 10:35:36: Current best epoch found with top1 accuracy 0.52500 at epoch 44, saved
2022-10-21 10:35:36: Start epoch 44:
2022-10-21 10:36:20: Epoch [44]  Batch [0]    Speed   0.4 (+ 8) sample/sec  loss-ce = 0.16727, top1 = 0.93750, top5 = 1.00000  
2022-10-21 10:38:10: Epoch [44]   time cost: 154.25 sec (0.04 h)
2022-10-21 10:38:11: Checkpoint (model & optimizer) saved to: ./exps/models/archive/ori-arid-resnet3d-18-orimgsample_ep-0045.pth
2022-10-21 10:38:11: Start evaluating epoch 44:
2022-10-21 10:39:04: Epoch [44]  Batch [159]  Speed   6.1 (+22) sample/sec  loss-ce = 1.90304, top1 = 0.50313, top5 = 0.94688  
2022-10-21 10:39:04: Start epoch 45:
2022-10-21 10:39:49: Epoch [45]  Batch [0]    Speed   0.4 (+ 8) sample/sec  loss-ce = 0.04833, top1 = 1.00000, top5 = 1.00000  
2022-10-21 10:41:37: Epoch [45]   time cost: 153.31 sec (0.04 h)
2022-10-21 10:41:37: Start evaluating epoch 45:
2022-10-21 10:42:29: Epoch [45]  Batch [159]  Speed   6.2 (+21) sample/sec  loss-ce = 1.92947, top1 = 0.50313, top5 = 0.94063  
2022-10-21 10:42:29: Start epoch 46:
2022-10-21 10:43:12: Epoch [46]  Batch [0]    Speed   0.4 (+ 8) sample/sec  loss-ce = 0.05073, top1 = 1.00000, top5 = 1.00000  
2022-10-21 10:45:02: Epoch [46]   time cost: 152.61 sec (0.04 h)
2022-10-21 10:45:02: Start evaluating epoch 46:
2022-10-21 10:45:54: Epoch [46]  Batch [159]  Speed   6.1 (+22) sample/sec  loss-ce = 1.94902, top1 = 0.49062, top5 = 0.92188  
2022-10-21 10:45:54: Start epoch 47:
2022-10-21 10:46:40: Epoch [47]  Batch [0]    Speed   0.3 (+ 8) sample/sec  loss-ce = 0.07586, top1 = 1.00000, top5 = 1.00000  
2022-10-21 10:48:28: Epoch [47]   time cost: 154.21 sec (0.04 h)
2022-10-21 10:48:29: Checkpoint (model & optimizer) saved to: ./exps/models/archive/ori-arid-resnet3d-18-orimgsample_ep-0048.pth
2022-10-21 10:48:29: Start evaluating epoch 47:
2022-10-21 10:49:20: Epoch [47]  Batch [159]  Speed   6.2 (+21) sample/sec  loss-ce = 1.86787, top1 = 0.50000, top5 = 0.94688  
2022-10-21 10:49:20: Start epoch 48:
2022-10-21 10:50:05: Epoch [48]  Batch [0]    Speed   0.4 (+ 8) sample/sec  loss-ce = 0.05245, top1 = 1.00000, top5 = 1.00000  
2022-10-21 10:51:54: Epoch [48]   time cost: 153.94 sec (0.04 h)
2022-10-21 10:51:54: Start evaluating epoch 48:
2022-10-21 10:52:45: Epoch [48]  Batch [159]  Speed   6.3 (+21) sample/sec  loss-ce = 1.95453, top1 = 0.48438, top5 = 0.95000  
2022-10-21 10:52:45: Start epoch 49:
2022-10-21 10:53:30: Epoch [49]  Batch [0]    Speed   0.4 (+ 8) sample/sec  loss-ce = 0.16874, top1 = 0.93750, top5 = 1.00000  
2022-10-21 10:55:20: Epoch [49]   time cost: 154.73 sec (0.04 h)
2022-10-21 10:55:20: Start evaluating epoch 49:
2022-10-21 10:56:12: Epoch [49]  Batch [159]  Speed   6.2 (+20) sample/sec  loss-ce = 1.85129, top1 = 0.50000, top5 = 0.94688  
2022-10-21 10:56:12: Optimization done!
