2022-10-25 09:06:27: Using pytorch 1.12.0+cu113 (['/media/mldadmin/home/s122mdg36_01/anaconda3/envs/torchgpu/lib/python3.7/site-packages/torch'])
2022-10-25 09:06:27: Start training with args:
{
    "backend": "nccl",
    "batch_size": 8,
    "brighten_method": null,
    "clip_length": 16,
    "dataset": "ARID",
    "debug_mode": true,
    "dist_url": "tcp://192.168.0.11:23456",
    "end_epoch": 50,
    "fine_tune": true,
    "gpus": "0,1,2,3,4,5,6,7",
    "is_dark": false,
    "log_file": "./exps/logs/ori_arid-res2d18lstm-ori_mgsampler-is_dark--is-dark_at-gpu36.log",
    "lr_base": 0.01,
    "lr_factor": 0.1,
    "lr_steps": [
        20000,
        40000,
        80000
    ],
    "model_dir": "./exps/models/archive",
    "model_prefix": "./exps/models/archive/ori_arid-res2d18lstm-ori_mgsampler-is_dark--is-dark",
    "network": "resnet18lstm",
    "pretrained_2d": true,
    "pretrained_3d": null,
    "random_seed": 3407,
    "resume_epoch": -1,
    "save_frequency": 2,
    "segments": 1,
    "task_name": "ori_arid-res2d18lstm-ori_mgsampler-is_dark--is-dark",
    "train_frame_interval": 2,
    "use_flow": false,
    "use_segments": false,
    "val_frame_interval": 2,
    "world_size": 1
}
2022-10-25 09:06:27: Target dataset: 'ARID', configs: {'num_classes': 10}
2022-10-25 09:06:27: loading network configs of: RESNET18LSTM
2022-10-25 09:06:27: Preprocessing:: using default mean & std from Kinetics original.
2022-10-25 09:06:27: data:: {'mean': [0.43216, 0.394666, 0.37645], 'std': [0.22803, 0.22145, 0.216989]}
2022-10-25 09:06:27: VideoIter:: clip_length = 16, interval = [train: 2, val: 2], seed = 3507
2022-10-25 09:06:27: VideoIter:: >> `check_video' is off, `tolerant_corrupted_video' is automatically activated.
2022-10-25 09:06:27: VideoIter:: found 750 videos in `./dataset/ARID/train.txt'
2022-10-25 09:06:27: VideoIter:: iterator initialized (phase: 'train', num: 750)
2022-10-25 09:06:27: VideoIter:: >> `check_video' is off, `tolerant_corrupted_video' is automatically activated.
2022-10-25 09:06:27: VideoIter:: found 320 videos in `./dataset/ARID/val.txt'
2022-10-25 09:06:27: VideoIter:: iterator initialized (phase: 'test', num: 320)
2022-10-25 09:06:29: Optimizer:: >> recuding the learning rate of 66 params: ['baseModel.conv1.weight', 'baseModel.bn1.weight', 'baseModel.bn1.bias', 'baseModel.layer1.0.conv1.weight', 'baseModel.layer1.0.bn1.weight', 'baseMode ... r4.1.bn2.weight', 'baseModel.layer4.1.bn2.bias', 'rnn.weight_ih_l0', 'rnn.weight_hh_l0', 'rnn.bias_ih_l0', 'rnn.bias_hh_l0', 'fc1.weight', 'fc1.bias']
2022-10-25 09:06:29: Iter 0: start with learning rate: 1.00000e-02 (next lr step: 2500)
2022-10-25 09:06:29: Start epoch 0:
2022-10-25 09:06:46: Epoch [0]   Batch [0]    Speed   0.5 (+ 3) sample/sec  loss-ce = 2.37788, top1 = 0.00000, top5 = 0.12500  
2022-10-25 09:07:31: Epoch [0]   Batch [50]   Speed   8.8 (+ 3) sample/sec  loss-ce = 2.30044, top1 = 0.13000, top5 = 0.54250  
2022-10-25 09:08:07: Epoch [0]   time cost: 98.36 sec (0.03 h)
2022-10-25 09:08:07: mkdir ./exps/models/archive_ori_arid-res2d18lstm-ori_mgsampler-is_dark--is-dark
2022-10-25 09:08:07: Checkpoint (model & optimizer) saved to: ./exps/models/archive_ori_arid-res2d18lstm-ori_mgsampler-is_dark--is-dark/ori_arid-res2d18lstm-ori_mgsampler-is_dark--is-dark_ep-0001.pth
2022-10-25 09:08:07: Start evaluating epoch 0:
2022-10-25 09:08:43: Epoch [0]   Batch [159]  Speed   9.0 (+16) sample/sec  loss-ce = 2.31799, top1 = 0.10000, top5 = 0.52500  
2022-10-25 09:08:43: Current best epoch found with top5 accuracy 0.52500 at epoch 1, saved
2022-10-25 09:08:43: Checkpoint (model & optimizer) saved to: ./exps/models/archive_ori_arid-res2d18lstm-ori_mgsampler-is_dark--is-dark/ori_arid-res2d18lstm-ori_mgsampler-is_dark--is-dark_ep-0001.pth
2022-10-25 09:08:44: Checkpoint (model & optimizer) saved to: ./exps/models/archive_ori_arid-res2d18lstm-ori_mgsampler-is_dark--is-dark/ori_arid-res2d18lstm-ori_mgsampler-is_dark--is-dark_ep-0001.pth
2022-10-25 09:08:44: Current best epoch found with top1 accuracy 0.10000 at epoch 1, saved
2022-10-25 09:08:44: Start epoch 1:
2022-10-25 09:09:01: Epoch [1]   Batch [0]    Speed   0.5 (+16) sample/sec  loss-ce = 2.32199, top1 = 0.00000, top5 = 0.62500  
2022-10-25 09:09:47: Epoch [1]   Batch [50]   Speed   8.7 (+ 1) sample/sec  loss-ce = 2.26202, top1 = 0.12750, top5 = 0.61000  
2022-10-25 09:10:11: Epoch [1]   time cost: 87.19 sec (0.02 h)
2022-10-25 09:10:11: Checkpoint (model & optimizer) saved to: ./exps/models/archive_ori_arid-res2d18lstm-ori_mgsampler-is_dark--is-dark/ori_arid-res2d18lstm-ori_mgsampler-is_dark--is-dark_ep-0002.pth
2022-10-25 09:10:11: Start evaluating epoch 1:
2022-10-25 09:10:53: Epoch [1]   Batch [159]  Speed   7.7 (+16) sample/sec  loss-ce = 2.30759, top1 = 0.13125, top5 = 0.59062  
2022-10-25 09:10:53: Current best epoch found with top5 accuracy 0.59062 at epoch 2, saved
2022-10-25 09:10:53: Current best epoch found with top1 accuracy 0.13125 at epoch 2, saved
2022-10-25 09:10:53: Start epoch 2:
2022-10-25 09:11:09: Epoch [2]   Batch [0]    Speed   0.5 (+13) sample/sec  loss-ce = 2.23480, top1 = 0.00000, top5 = 0.75000  
2022-10-25 09:12:19: Epoch [2]   Batch [50]   Speed   5.7 (+ 3) sample/sec  loss-ce = 2.21897, top1 = 0.16250, top5 = 0.65000  
2022-10-25 09:13:12: Epoch [2]   time cost: 139.35 sec (0.04 h)
2022-10-25 09:13:12: Start evaluating epoch 2:
2022-10-25 09:14:13: Epoch [2]   Batch [159]  Speed   5.3 (+ 8) sample/sec  loss-ce = 2.27570, top1 = 0.15313, top5 = 0.60000  
2022-10-25 09:14:13: Current best epoch found with top5 accuracy 0.60000 at epoch 3, saved
2022-10-25 09:14:13: Checkpoint (model & optimizer) saved to: ./exps/models/archive_ori_arid-res2d18lstm-ori_mgsampler-is_dark--is-dark/ori_arid-res2d18lstm-ori_mgsampler-is_dark--is-dark_ep-0003.pth
2022-10-25 09:14:14: Checkpoint (model & optimizer) saved to: ./exps/models/archive_ori_arid-res2d18lstm-ori_mgsampler-is_dark--is-dark/ori_arid-res2d18lstm-ori_mgsampler-is_dark--is-dark_ep-0003.pth
2022-10-25 09:14:14: Current best epoch found with top1 accuracy 0.15313 at epoch 3, saved
2022-10-25 09:14:14: Start epoch 3:
2022-10-25 09:14:52: Epoch [3]   Batch [0]    Speed   0.2 (+ 4) sample/sec  loss-ce = 2.13695, top1 = 0.37500, top5 = 0.75000  
2022-10-25 09:16:16: Epoch [3]   Batch [50]   Speed   4.7 (+ 0) sample/sec  loss-ce = 2.13676, top1 = 0.23250, top5 = 0.71750  
2022-10-25 09:17:04: Epoch [3]   time cost: 170.16 sec (0.05 h)
2022-10-25 09:17:04: Checkpoint (model & optimizer) saved to: ./exps/models/archive_ori_arid-res2d18lstm-ori_mgsampler-is_dark--is-dark/ori_arid-res2d18lstm-ori_mgsampler-is_dark--is-dark_ep-0004.pth
2022-10-25 09:17:04: Start evaluating epoch 3:
2022-10-25 09:18:26: Epoch [3]   Batch [159]  Speed   3.9 (+ 5) sample/sec  loss-ce = 2.23073, top1 = 0.19062, top5 = 0.65938  
2022-10-25 09:18:26: Current best epoch found with top5 accuracy 0.65938 at epoch 4, saved
2022-10-25 09:18:26: Current best epoch found with top1 accuracy 0.19062 at epoch 4, saved
2022-10-25 09:18:26: Start epoch 4:
2022-10-25 09:18:54: Epoch [4]   Batch [0]    Speed   0.3 (+ 4) sample/sec  loss-ce = 1.90887, top1 = 0.37500, top5 = 1.00000  
2022-10-25 09:20:20: Epoch [4]   Batch [50]   Speed   4.7 (+ 0) sample/sec  loss-ce = 2.06649, top1 = 0.27750, top5 = 0.78750  
2022-10-25 09:21:28: Epoch [4]   time cost: 182.36 sec (0.05 h)
2022-10-25 09:21:28: Start evaluating epoch 4:
2022-10-25 09:22:37: Epoch [4]   Batch [159]  Speed   4.7 (+ 6) sample/sec  loss-ce = 2.17405, top1 = 0.23438, top5 = 0.69063  
2022-10-25 09:22:37: Current best epoch found with top5 accuracy 0.69063 at epoch 5, saved
2022-10-25 09:22:37: Checkpoint (model & optimizer) saved to: ./exps/models/archive_ori_arid-res2d18lstm-ori_mgsampler-is_dark--is-dark/ori_arid-res2d18lstm-ori_mgsampler-is_dark--is-dark_ep-0005.pth
2022-10-25 09:22:38: Checkpoint (model & optimizer) saved to: ./exps/models/archive_ori_arid-res2d18lstm-ori_mgsampler-is_dark--is-dark/ori_arid-res2d18lstm-ori_mgsampler-is_dark--is-dark_ep-0005.pth
2022-10-25 09:22:38: Current best epoch found with top1 accuracy 0.23438 at epoch 5, saved
2022-10-25 09:22:38: Start epoch 5:
2022-10-25 09:23:16: Epoch [5]   Batch [0]    Speed   0.2 (+ 6) sample/sec  loss-ce = 1.75793, top1 = 0.62500, top5 = 1.00000  
2022-10-25 09:24:47: Epoch [5]   Batch [50]   Speed   4.4 (+ 1) sample/sec  loss-ce = 1.98201, top1 = 0.31250, top5 = 0.80500  
2022-10-25 09:25:43: Epoch [5]   time cost: 185.10 sec (0.05 h)
2022-10-25 09:25:43: Checkpoint (model & optimizer) saved to: ./exps/models/archive_ori_arid-res2d18lstm-ori_mgsampler-is_dark--is-dark/ori_arid-res2d18lstm-ori_mgsampler-is_dark--is-dark_ep-0006.pth
2022-10-25 09:25:43: Start evaluating epoch 5:
2022-10-25 09:27:07: Epoch [5]   Batch [159]  Speed   3.9 (+ 4) sample/sec  loss-ce = 2.11848, top1 = 0.20000, top5 = 0.69688  
2022-10-25 09:27:07: Current best epoch found with top5 accuracy 0.69688 at epoch 6, saved
2022-10-25 09:27:07: Start epoch 6:
2022-10-25 09:27:37: Epoch [6]   Batch [0]    Speed   0.3 (+ 4) sample/sec  loss-ce = 2.04015, top1 = 0.25000, top5 = 0.75000  
2022-10-25 09:28:46: Epoch [6]   Batch [50]   Speed   5.8 (+ 0) sample/sec  loss-ce = 1.89663, top1 = 0.33500, top5 = 0.85750  
2022-10-25 09:30:04: Epoch [6]   time cost: 177.55 sec (0.05 h)
2022-10-25 09:30:04: Start evaluating epoch 6:
2022-10-25 09:31:12: Epoch [6]   Batch [159]  Speed   4.7 (+ 6) sample/sec  loss-ce = 2.11781, top1 = 0.17813, top5 = 0.71562  
2022-10-25 09:31:12: Current best epoch found with top5 accuracy 0.71562 at epoch 7, saved
2022-10-25 09:31:12: Checkpoint (model & optimizer) saved to: ./exps/models/archive_ori_arid-res2d18lstm-ori_mgsampler-is_dark--is-dark/ori_arid-res2d18lstm-ori_mgsampler-is_dark--is-dark_ep-0007.pth
2022-10-25 09:31:12: Start epoch 7:
2022-10-25 09:31:43: Epoch [7]   Batch [0]    Speed   0.3 (+ 6) sample/sec  loss-ce = 1.82803, top1 = 0.37500, top5 = 0.87500  
2022-10-25 09:33:00: Epoch [7]   Batch [50]   Speed   5.2 (+ 1) sample/sec  loss-ce = 1.80686, top1 = 0.37000, top5 = 0.90500  
2022-10-25 09:34:25: Epoch [7]   time cost: 192.73 sec (0.05 h)
2022-10-25 09:34:26: Checkpoint (model & optimizer) saved to: ./exps/models/archive_ori_arid-res2d18lstm-ori_mgsampler-is_dark--is-dark/ori_arid-res2d18lstm-ori_mgsampler-is_dark--is-dark_ep-0008.pth
2022-10-25 09:34:26: Start evaluating epoch 7:
2022-10-25 09:35:24: Epoch [7]   Batch [159]  Speed   5.5 (+ 7) sample/sec  loss-ce = 2.08337, top1 = 0.24375, top5 = 0.68437  
2022-10-25 09:35:24: Current best epoch found with top1 accuracy 0.24375 at epoch 8, saved
2022-10-25 09:35:24: Start epoch 8:
2022-10-25 09:35:44: Epoch [8]   Batch [0]    Speed   0.4 (+ 4) sample/sec  loss-ce = 1.69209, top1 = 0.37500, top5 = 0.87500  
2022-10-25 09:37:14: Epoch [8]   Batch [50]   Speed   4.4 (+ 2) sample/sec  loss-ce = 1.65551, top1 = 0.45000, top5 = 0.91250  
2022-10-25 09:38:43: Epoch [8]   time cost: 199.63 sec (0.06 h)
2022-10-25 09:38:43: Start evaluating epoch 8:
2022-10-25 09:39:29: Epoch [8]   Batch [159]  Speed   7.0 (+ 5) sample/sec  loss-ce = 2.05010, top1 = 0.30625, top5 = 0.74687  
2022-10-25 09:39:29: Current best epoch found with top5 accuracy 0.74687 at epoch 9, saved
2022-10-25 09:39:30: Checkpoint (model & optimizer) saved to: ./exps/models/archive_ori_arid-res2d18lstm-ori_mgsampler-is_dark--is-dark/ori_arid-res2d18lstm-ori_mgsampler-is_dark--is-dark_ep-0009.pth
2022-10-25 09:39:30: Checkpoint (model & optimizer) saved to: ./exps/models/archive_ori_arid-res2d18lstm-ori_mgsampler-is_dark--is-dark/ori_arid-res2d18lstm-ori_mgsampler-is_dark--is-dark_ep-0009.pth
2022-10-25 09:39:30: Current best epoch found with top1 accuracy 0.30625 at epoch 9, saved
2022-10-25 09:39:30: Start epoch 9:
2022-10-25 09:39:59: Epoch [9]   Batch [0]    Speed   0.3 (+ 7) sample/sec  loss-ce = 1.24285, top1 = 0.62500, top5 = 1.00000  
2022-10-25 09:41:39: Epoch [9]   Batch [50]   Speed   4.0 (+ 2) sample/sec  loss-ce = 1.58538, top1 = 0.44750, top5 = 0.93750  
2022-10-25 09:42:57: Epoch [9]   time cost: 207.35 sec (0.06 h)
2022-10-25 09:42:58: Checkpoint (model & optimizer) saved to: ./exps/models/archive_ori_arid-res2d18lstm-ori_mgsampler-is_dark--is-dark/ori_arid-res2d18lstm-ori_mgsampler-is_dark--is-dark_ep-0010.pth
2022-10-25 09:42:58: Start evaluating epoch 9:
2022-10-25 09:43:56: Epoch [9]   Batch [159]  Speed   5.5 (+ 6) sample/sec  loss-ce = 2.00379, top1 = 0.21875, top5 = 0.79688  
2022-10-25 09:43:56: Current best epoch found with top5 accuracy 0.79688 at epoch 10, saved
2022-10-25 09:43:56: Start epoch 10:
2022-10-25 09:44:30: Epoch [10]  Batch [0]    Speed   0.2 (+ 8) sample/sec  loss-ce = 1.71758, top1 = 0.50000, top5 = 1.00000  
2022-10-25 09:46:07: Epoch [10]  Batch [50]   Speed   4.1 (+ 1) sample/sec  loss-ce = 1.49387, top1 = 0.52250, top5 = 0.93250  
2022-10-25 09:47:24: Epoch [10]   time cost: 208.03 sec (0.06 h)
2022-10-25 09:47:24: Start evaluating epoch 10:
2022-10-25 09:48:12: Epoch [10]  Batch [159]  Speed   6.7 (+ 8) sample/sec  loss-ce = 1.98210, top1 = 0.26250, top5 = 0.80937  
2022-10-25 09:48:12: Current best epoch found with top5 accuracy 0.80937 at epoch 11, saved
2022-10-25 09:48:12: Checkpoint (model & optimizer) saved to: ./exps/models/archive_ori_arid-res2d18lstm-ori_mgsampler-is_dark--is-dark/ori_arid-res2d18lstm-ori_mgsampler-is_dark--is-dark_ep-0011.pth
2022-10-25 09:48:12: Start epoch 11:
2022-10-25 09:48:46: Epoch [11]  Batch [0]    Speed   0.2 (+ 6) sample/sec  loss-ce = 2.14636, top1 = 0.25000, top5 = 0.75000  
2022-10-25 09:50:24: Epoch [11]  Batch [50]   Speed   4.1 (+ 1) sample/sec  loss-ce = 1.47862, top1 = 0.50500, top5 = 0.92500  
2022-10-25 09:51:37: Epoch [11]   time cost: 205.51 sec (0.06 h)
2022-10-25 09:51:38: Checkpoint (model & optimizer) saved to: ./exps/models/archive_ori_arid-res2d18lstm-ori_mgsampler-is_dark--is-dark/ori_arid-res2d18lstm-ori_mgsampler-is_dark--is-dark_ep-0012.pth
2022-10-25 09:51:38: Start evaluating epoch 11:
2022-10-25 09:52:30: Epoch [11]  Batch [159]  Speed   6.1 (+ 6) sample/sec  loss-ce = 2.04224, top1 = 0.30625, top5 = 0.74687  
2022-10-25 09:52:30: Current best epoch found with top1 accuracy 0.30625 at epoch 12, saved
2022-10-25 09:52:30: Start epoch 12:
2022-10-25 09:53:12: Epoch [12]  Batch [0]    Speed   0.2 (+ 7) sample/sec  loss-ce = 1.37434, top1 = 0.37500, top5 = 0.87500  
2022-10-25 09:54:38: Epoch [12]  Batch [50]   Speed   4.6 (+ 1) sample/sec  loss-ce = 1.35112, top1 = 0.55750, top5 = 0.95500  
2022-10-25 09:55:55: Epoch [12]   time cost: 205.09 sec (0.06 h)
2022-10-25 09:55:55: Start evaluating epoch 12:
2022-10-25 09:57:02: Epoch [12]  Batch [159]  Speed   4.8 (+ 5) sample/sec  loss-ce = 2.14489, top1 = 0.24688, top5 = 0.71250  
2022-10-25 09:57:02: Start epoch 13:
2022-10-25 09:57:23: Epoch [13]  Batch [0]    Speed   0.4 (+ 5) sample/sec  loss-ce = 1.32127, top1 = 0.62500, top5 = 1.00000  
2022-10-25 09:58:54: Epoch [13]  Batch [50]   Speed   4.4 (+ 2) sample/sec  loss-ce = 1.36416, top1 = 0.55000, top5 = 0.93750  
2022-10-25 10:00:20: Epoch [13]   time cost: 198.24 sec (0.06 h)
2022-10-25 10:00:21: Checkpoint (model & optimizer) saved to: ./exps/models/archive_ori_arid-res2d18lstm-ori_mgsampler-is_dark--is-dark/ori_arid-res2d18lstm-ori_mgsampler-is_dark--is-dark_ep-0014.pth
2022-10-25 10:00:21: Start evaluating epoch 13:
2022-10-25 10:01:16: Epoch [13]  Batch [159]  Speed   5.8 (+ 7) sample/sec  loss-ce = 1.92894, top1 = 0.31875, top5 = 0.79688  
2022-10-25 10:01:16: Current best epoch found with top1 accuracy 0.31875 at epoch 14, saved
2022-10-25 10:01:16: Start epoch 14:
2022-10-25 10:01:43: Epoch [14]  Batch [0]    Speed   0.3 (+ 5) sample/sec  loss-ce = 0.79652, top1 = 0.75000, top5 = 1.00000  
2022-10-25 10:03:30: Epoch [14]  Batch [50]   Speed   3.7 (+ 2) sample/sec  loss-ce = 1.21512, top1 = 0.59500, top5 = 0.94750  
2022-10-25 10:04:43: Epoch [14]   time cost: 207.34 sec (0.06 h)
2022-10-25 10:04:43: Start evaluating epoch 14:
2022-10-25 10:05:50: Epoch [14]  Batch [159]  Speed   4.8 (+ 7) sample/sec  loss-ce = 2.02070, top1 = 0.25625, top5 = 0.80000  
2022-10-25 10:05:50: Start epoch 15:
2022-10-25 10:06:30: Epoch [15]  Batch [0]    Speed   0.2 (+ 5) sample/sec  loss-ce = 1.57261, top1 = 0.37500, top5 = 0.75000  
2022-10-25 10:07:44: Epoch [15]  Batch [50]   Speed   5.4 (+ 0) sample/sec  loss-ce = 1.14328, top1 = 0.64250, top5 = 0.94250  
2022-10-25 10:09:03: Epoch [15]   time cost: 192.33 sec (0.05 h)
2022-10-25 10:09:03: Checkpoint (model & optimizer) saved to: ./exps/models/archive_ori_arid-res2d18lstm-ori_mgsampler-is_dark--is-dark/ori_arid-res2d18lstm-ori_mgsampler-is_dark--is-dark_ep-0016.pth
2022-10-25 10:09:03: Start evaluating epoch 15:
2022-10-25 10:10:06: Epoch [15]  Batch [159]  Speed   5.1 (+ 6) sample/sec  loss-ce = 1.87258, top1 = 0.36875, top5 = 0.80937  
2022-10-25 10:10:06: Current best epoch found with top1 accuracy 0.36875 at epoch 16, saved
2022-10-25 10:10:06: Start epoch 16:
2022-10-25 10:10:27: Epoch [16]  Batch [0]    Speed   0.4 (+ 5) sample/sec  loss-ce = 0.76045, top1 = 0.87500, top5 = 1.00000  
2022-10-25 10:11:54: Epoch [16]  Batch [50]   Speed   4.6 (+ 1) sample/sec  loss-ce = 1.01522, top1 = 0.68500, top5 = 0.96000  
2022-10-25 10:13:23: Epoch [16]   time cost: 196.87 sec (0.05 h)
2022-10-25 10:13:23: Start evaluating epoch 16:
2022-10-25 10:14:26: Epoch [16]  Batch [159]  Speed   5.1 (+ 7) sample/sec  loss-ce = 2.07118, top1 = 0.26875, top5 = 0.77812  
2022-10-25 10:14:26: Start epoch 17:
2022-10-25 10:15:04: Epoch [17]  Batch [0]    Speed   0.2 (+ 6) sample/sec  loss-ce = 0.84258, top1 = 0.62500, top5 = 1.00000  
2022-10-25 10:16:45: Epoch [17]  Batch [50]   Speed   4.0 (+ 1) sample/sec  loss-ce = 0.99663, top1 = 0.71500, top5 = 0.95000  
2022-10-25 10:17:58: Epoch [17]   time cost: 212.04 sec (0.06 h)
2022-10-25 10:17:58: Checkpoint (model & optimizer) saved to: ./exps/models/archive_ori_arid-res2d18lstm-ori_mgsampler-is_dark--is-dark/ori_arid-res2d18lstm-ori_mgsampler-is_dark--is-dark_ep-0018.pth
2022-10-25 10:17:58: Start evaluating epoch 17:
2022-10-25 10:19:11: Epoch [17]  Batch [159]  Speed   4.4 (+ 6) sample/sec  loss-ce = 2.13056, top1 = 0.30938, top5 = 0.78750  
2022-10-25 10:19:11: Start epoch 18:
2022-10-25 10:19:41: Epoch [18]  Batch [0]    Speed   0.3 (+ 5) sample/sec  loss-ce = 0.62068, top1 = 0.87500, top5 = 1.00000  
2022-10-25 10:21:12: Epoch [18]  Batch [50]   Speed   4.4 (+ 1) sample/sec  loss-ce = 1.05494, top1 = 0.66500, top5 = 0.94500  
2022-10-25 10:22:37: Epoch [18]   time cost: 205.49 sec (0.06 h)
2022-10-25 10:22:37: Start evaluating epoch 18:
2022-10-25 10:23:38: Epoch [18]  Batch [159]  Speed   5.3 (+ 6) sample/sec  loss-ce = 2.20572, top1 = 0.29688, top5 = 0.79063  
2022-10-25 10:23:38: Start epoch 19:
2022-10-25 10:24:12: Epoch [19]  Batch [0]    Speed   0.2 (+ 4) sample/sec  loss-ce = 1.24567, top1 = 0.50000, top5 = 0.87500  
2022-10-25 10:25:47: Epoch [19]  Batch [50]   Speed   4.2 (+ 1) sample/sec  loss-ce = 0.84511, top1 = 0.74750, top5 = 0.98500  
2022-10-25 10:27:01: Epoch [19]   time cost: 203.06 sec (0.06 h)
2022-10-25 10:27:01: Checkpoint (model & optimizer) saved to: ./exps/models/archive_ori_arid-res2d18lstm-ori_mgsampler-is_dark--is-dark/ori_arid-res2d18lstm-ori_mgsampler-is_dark--is-dark_ep-0020.pth
2022-10-25 10:27:01: Start evaluating epoch 19:
2022-10-25 10:28:11: Epoch [19]  Batch [159]  Speed   4.6 (+ 7) sample/sec  loss-ce = 2.17223, top1 = 0.30625, top5 = 0.81875  
2022-10-25 10:28:11: Current best epoch found with top5 accuracy 0.81875 at epoch 20, saved
2022-10-25 10:28:11: Start epoch 20:
2022-10-25 10:28:44: Epoch [20]  Batch [0]    Speed   0.2 (+ 4) sample/sec  loss-ce = 0.80625, top1 = 0.62500, top5 = 1.00000  
2022-10-25 10:30:16: Epoch [20]  Batch [50]   Speed   4.4 (+ 1) sample/sec  loss-ce = 0.89879, top1 = 0.71000, top5 = 0.96000  
2022-10-25 10:31:25: Epoch [20]   time cost: 194.07 sec (0.05 h)
2022-10-25 10:31:25: Start evaluating epoch 20:
2022-10-25 10:32:12: Epoch [20]  Batch [159]  Speed   6.8 (+ 8) sample/sec  loss-ce = 2.15213, top1 = 0.30625, top5 = 0.82188  
2022-10-25 10:32:12: Current best epoch found with top5 accuracy 0.82188 at epoch 21, saved
2022-10-25 10:32:13: Checkpoint (model & optimizer) saved to: ./exps/models/archive_ori_arid-res2d18lstm-ori_mgsampler-is_dark--is-dark/ori_arid-res2d18lstm-ori_mgsampler-is_dark--is-dark_ep-0021.pth
2022-10-25 10:32:13: Start epoch 21:
2022-10-25 10:32:46: Epoch [21]  Batch [0]    Speed   0.2 (+ 5) sample/sec  loss-ce = 1.07171, top1 = 0.75000, top5 = 1.00000  
2022-10-25 10:34:26: Epoch [21]  Batch [50]   Speed   4.0 (+ 1) sample/sec  loss-ce = 0.82725, top1 = 0.75000, top5 = 0.96000  
2022-10-25 10:35:42: Epoch [21]   time cost: 208.99 sec (0.06 h)
2022-10-25 10:35:42: Checkpoint (model & optimizer) saved to: ./exps/models/archive_ori_arid-res2d18lstm-ori_mgsampler-is_dark--is-dark/ori_arid-res2d18lstm-ori_mgsampler-is_dark--is-dark_ep-0022.pth
2022-10-25 10:35:42: Start evaluating epoch 21:
2022-10-25 10:36:43: Epoch [21]  Batch [159]  Speed   5.3 (+ 6) sample/sec  loss-ce = 2.45848, top1 = 0.27813, top5 = 0.75625  
2022-10-25 10:36:43: Start epoch 22:
2022-10-25 10:37:20: Epoch [22]  Batch [0]    Speed   0.2 (+ 5) sample/sec  loss-ce = 0.35196, top1 = 0.87500, top5 = 1.00000  
2022-10-25 10:38:45: Epoch [22]  Batch [50]   Speed   4.7 (+ 1) sample/sec  loss-ce = 0.69436, top1 = 0.79250, top5 = 0.98750  
2022-10-25 10:40:07: Epoch [22]   time cost: 204.74 sec (0.06 h)
2022-10-25 10:40:07: Start evaluating epoch 22:
2022-10-25 10:41:10: Epoch [22]  Batch [159]  Speed   5.1 (+ 6) sample/sec  loss-ce = 2.16380, top1 = 0.33750, top5 = 0.79688  
2022-10-25 10:41:10: Start epoch 23:
2022-10-25 10:41:32: Epoch [23]  Batch [0]    Speed   0.4 (+ 5) sample/sec  loss-ce = 0.27534, top1 = 1.00000, top5 = 1.00000  
2022-10-25 10:43:14: Epoch [23]  Batch [50]   Speed   3.9 (+ 2) sample/sec  loss-ce = 0.73483, top1 = 0.76750, top5 = 0.97000  
2022-10-25 10:44:40: Epoch [23]   time cost: 210.40 sec (0.06 h)
2022-10-25 10:44:40: Checkpoint (model & optimizer) saved to: ./exps/models/archive_ori_arid-res2d18lstm-ori_mgsampler-is_dark--is-dark/ori_arid-res2d18lstm-ori_mgsampler-is_dark--is-dark_ep-0024.pth
2022-10-25 10:44:40: Start evaluating epoch 23:
2022-10-25 10:45:43: Epoch [23]  Batch [159]  Speed   5.1 (+ 7) sample/sec  loss-ce = 2.18265, top1 = 0.35000, top5 = 0.82500  
2022-10-25 10:45:43: Current best epoch found with top5 accuracy 0.82500 at epoch 24, saved
2022-10-25 10:45:43: Start epoch 24:
2022-10-25 10:46:22: Epoch [24]  Batch [0]    Speed   0.2 (+ 7) sample/sec  loss-ce = 0.36242, top1 = 0.87500, top5 = 1.00000  
2022-10-25 10:47:53: Epoch [24]  Batch [50]   Speed   4.4 (+ 1) sample/sec  loss-ce = 0.69060, top1 = 0.80250, top5 = 0.95750  
2022-10-25 10:48:54: Epoch [24]   time cost: 190.99 sec (0.05 h)
2022-10-25 10:48:54: Start evaluating epoch 24:
2022-10-25 10:49:44: Epoch [24]  Batch [159]  Speed   6.5 (+ 8) sample/sec  loss-ce = 2.07615, top1 = 0.34687, top5 = 0.82500  
2022-10-25 10:49:44: Start epoch 25:
2022-10-25 10:50:14: Epoch [25]  Batch [0]    Speed   0.3 (+ 6) sample/sec  loss-ce = 0.54524, top1 = 0.75000, top5 = 1.00000  
2022-10-25 10:51:30: Epoch [25]  Batch [50]   Speed   5.3 (+ 2) sample/sec  loss-ce = 0.84243, top1 = 0.74000, top5 = 0.96250  
2022-10-25 10:52:41: Epoch [25]   time cost: 177.13 sec (0.05 h)
2022-10-25 10:52:41: Checkpoint (model & optimizer) saved to: ./exps/models/archive_ori_arid-res2d18lstm-ori_mgsampler-is_dark--is-dark/ori_arid-res2d18lstm-ori_mgsampler-is_dark--is-dark_ep-0026.pth
2022-10-25 10:52:41: Start evaluating epoch 25:
2022-10-25 10:53:25: Epoch [25]  Batch [159]  Speed   7.3 (+ 8) sample/sec  loss-ce = 2.08952, top1 = 0.35000, top5 = 0.81875  
2022-10-25 10:53:25: Start epoch 26:
2022-10-25 10:53:46: Epoch [26]  Batch [0]    Speed   0.4 (+ 8) sample/sec  loss-ce = 1.03016, top1 = 0.62500, top5 = 1.00000  
2022-10-25 10:55:11: Epoch [26]  Batch [50]   Speed   4.7 (+ 2) sample/sec  loss-ce = 0.68682, top1 = 0.78250, top5 = 0.98750  
2022-10-25 10:55:21: Iter: 2500, change learning rate to 1.00000e-03 for step [2500:5000)
2022-10-25 10:56:20: Epoch [26]   time cost: 175.02 sec (0.05 h)
2022-10-25 10:56:20: Start evaluating epoch 26:
2022-10-25 10:57:17: Epoch [26]  Batch [159]  Speed   5.7 (+ 9) sample/sec  loss-ce = 2.34352, top1 = 0.29063, top5 = 0.80625  
2022-10-25 10:57:17: Start epoch 27:
2022-10-25 10:57:47: Epoch [27]  Batch [0]    Speed   0.3 (+ 8) sample/sec  loss-ce = 0.09513, top1 = 1.00000, top5 = 1.00000  
2022-10-25 10:59:07: Epoch [27]  Batch [50]   Speed   5.0 (+ 1) sample/sec  loss-ce = 0.60983, top1 = 0.80750, top5 = 0.98000  
2022-10-25 11:00:04: Epoch [27]   time cost: 167.38 sec (0.05 h)
2022-10-25 11:00:04: Checkpoint (model & optimizer) saved to: ./exps/models/archive_ori_arid-res2d18lstm-ori_mgsampler-is_dark--is-dark/ori_arid-res2d18lstm-ori_mgsampler-is_dark--is-dark_ep-0028.pth
2022-10-25 11:00:04: Start evaluating epoch 27:
2022-10-25 11:01:01: Epoch [27]  Batch [159]  Speed   5.6 (+ 7) sample/sec  loss-ce = 2.38809, top1 = 0.28750, top5 = 0.82500  
2022-10-25 11:01:01: Start epoch 28:
2022-10-25 11:01:31: Epoch [28]  Batch [0]    Speed   0.3 (+ 9) sample/sec  loss-ce = 0.32351, top1 = 1.00000, top5 = 1.00000  
2022-10-25 11:02:48: Epoch [28]  Batch [50]   Speed   5.2 (+ 1) sample/sec  loss-ce = 0.51258, top1 = 0.85500, top5 = 0.98750  
2022-10-25 11:03:52: Epoch [28]   time cost: 170.70 sec (0.05 h)
2022-10-25 11:03:52: Start evaluating epoch 28:
2022-10-25 11:04:58: Epoch [28]  Batch [159]  Speed   4.9 (+ 7) sample/sec  loss-ce = 2.46315, top1 = 0.27187, top5 = 0.78438  
2022-10-25 11:04:58: Start epoch 29:
2022-10-25 11:05:22: Epoch [29]  Batch [0]    Speed   0.3 (+ 6) sample/sec  loss-ce = 0.65430, top1 = 0.75000, top5 = 1.00000  
2022-10-25 11:06:36: Epoch [29]  Batch [50]   Speed   5.5 (+ 1) sample/sec  loss-ce = 0.59257, top1 = 0.82500, top5 = 0.97750  
2022-10-25 11:07:37: Epoch [29]   time cost: 159.17 sec (0.04 h)
2022-10-25 11:07:37: Checkpoint (model & optimizer) saved to: ./exps/models/archive_ori_arid-res2d18lstm-ori_mgsampler-is_dark--is-dark/ori_arid-res2d18lstm-ori_mgsampler-is_dark--is-dark_ep-0030.pth
2022-10-25 11:07:37: Start evaluating epoch 29:
2022-10-25 11:08:34: Epoch [29]  Batch [159]  Speed   5.7 (+ 7) sample/sec  loss-ce = 2.14257, top1 = 0.33750, top5 = 0.84688  
2022-10-25 11:08:34: Current best epoch found with top5 accuracy 0.84688 at epoch 30, saved
2022-10-25 11:08:34: Start epoch 30:
2022-10-25 11:09:01: Epoch [30]  Batch [0]    Speed   0.3 (+ 7) sample/sec  loss-ce = 0.26484, top1 = 1.00000, top5 = 1.00000  
2022-10-25 11:10:22: Epoch [30]  Batch [50]   Speed   5.0 (+ 2) sample/sec  loss-ce = 0.62490, top1 = 0.81750, top5 = 0.98500  
2022-10-25 11:11:28: Epoch [30]   time cost: 174.49 sec (0.05 h)
2022-10-25 11:11:28: Start evaluating epoch 30:
2022-10-25 11:12:29: Epoch [30]  Batch [159]  Speed   5.3 (+ 7) sample/sec  loss-ce = 2.15894, top1 = 0.34687, top5 = 0.81875  
2022-10-25 11:12:29: Start epoch 31:
2022-10-25 11:12:55: Epoch [31]  Batch [0]    Speed   0.3 (+ 6) sample/sec  loss-ce = 0.29493, top1 = 0.87500, top5 = 1.00000  
2022-10-25 11:14:13: Epoch [31]  Batch [50]   Speed   5.1 (+ 2) sample/sec  loss-ce = 0.51913, top1 = 0.84500, top5 = 0.99750  
2022-10-25 11:15:20: Epoch [31]   time cost: 170.80 sec (0.05 h)
2022-10-25 11:15:20: Checkpoint (model & optimizer) saved to: ./exps/models/archive_ori_arid-res2d18lstm-ori_mgsampler-is_dark--is-dark/ori_arid-res2d18lstm-ori_mgsampler-is_dark--is-dark_ep-0032.pth
2022-10-25 11:15:20: Start evaluating epoch 31:
2022-10-25 11:16:12: Epoch [31]  Batch [159]  Speed   6.2 (+10) sample/sec  loss-ce = 2.63239, top1 = 0.30312, top5 = 0.73438  
2022-10-25 11:16:12: Start epoch 32:
2022-10-25 11:16:42: Epoch [32]  Batch [0]    Speed   0.3 (+ 8) sample/sec  loss-ce = 0.59658, top1 = 0.75000, top5 = 1.00000  
2022-10-25 11:18:08: Epoch [32]  Batch [50]   Speed   4.7 (+ 2) sample/sec  loss-ce = 0.57939, top1 = 0.81250, top5 = 0.97250  
2022-10-25 11:19:07: Epoch [32]   time cost: 175.56 sec (0.05 h)
2022-10-25 11:19:07: Start evaluating epoch 32:
2022-10-25 11:20:03: Epoch [32]  Batch [159]  Speed   5.8 (+ 8) sample/sec  loss-ce = 2.34363, top1 = 0.32188, top5 = 0.78125  
2022-10-25 11:20:03: Start epoch 33:
2022-10-25 11:20:33: Epoch [33]  Batch [0]    Speed   0.3 (+ 6) sample/sec  loss-ce = 0.32395, top1 = 0.87500, top5 = 1.00000  
2022-10-25 11:21:42: Epoch [33]  Batch [50]   Speed   5.7 (+ 1) sample/sec  loss-ce = 0.53903, top1 = 0.84000, top5 = 0.97750  
2022-10-25 11:22:53: Epoch [33]   time cost: 169.74 sec (0.05 h)
2022-10-25 11:22:53: Checkpoint (model & optimizer) saved to: ./exps/models/archive_ori_arid-res2d18lstm-ori_mgsampler-is_dark--is-dark/ori_arid-res2d18lstm-ori_mgsampler-is_dark--is-dark_ep-0034.pth
2022-10-25 11:22:53: Start evaluating epoch 33:
2022-10-25 11:23:45: Epoch [33]  Batch [159]  Speed   6.1 (+ 8) sample/sec  loss-ce = 2.30201, top1 = 0.31250, top5 = 0.80312  
2022-10-25 11:23:45: Start epoch 34:
2022-10-25 11:24:14: Epoch [34]  Batch [0]    Speed   0.3 (+ 6) sample/sec  loss-ce = 0.29450, top1 = 0.87500, top5 = 1.00000  
2022-10-25 11:25:37: Epoch [34]  Batch [50]   Speed   4.9 (+ 2) sample/sec  loss-ce = 0.58806, top1 = 0.82750, top5 = 0.97500  
2022-10-25 11:26:40: Epoch [34]   time cost: 174.12 sec (0.05 h)
2022-10-25 11:26:40: Start evaluating epoch 34:
2022-10-25 11:27:39: Epoch [34]  Batch [159]  Speed   5.4 (+ 7) sample/sec  loss-ce = 2.30370, top1 = 0.30000, top5 = 0.81563  
2022-10-25 11:27:39: Start epoch 35:
2022-10-25 11:28:10: Epoch [35]  Batch [0]    Speed   0.3 (+ 7) sample/sec  loss-ce = 0.31216, top1 = 0.87500, top5 = 1.00000  
2022-10-25 11:29:15: Epoch [35]  Batch [50]   Speed   6.2 (+ 1) sample/sec  loss-ce = 0.53198, top1 = 0.83000, top5 = 0.97750  
2022-10-25 11:30:24: Epoch [35]   time cost: 165.60 sec (0.05 h)
2022-10-25 11:30:24: Checkpoint (model & optimizer) saved to: ./exps/models/archive_ori_arid-res2d18lstm-ori_mgsampler-is_dark--is-dark/ori_arid-res2d18lstm-ori_mgsampler-is_dark--is-dark_ep-0036.pth
2022-10-25 11:30:24: Start evaluating epoch 35:
2022-10-25 11:31:19: Epoch [35]  Batch [159]  Speed   5.8 (+ 8) sample/sec  loss-ce = 2.42920, top1 = 0.34375, top5 = 0.78750  
2022-10-25 11:31:19: Start epoch 36:
2022-10-25 11:31:44: Epoch [36]  Batch [0]    Speed   0.3 (+ 7) sample/sec  loss-ce = 0.45629, top1 = 0.87500, top5 = 1.00000  
2022-10-25 11:33:09: Epoch [36]  Batch [50]   Speed   4.7 (+ 2) sample/sec  loss-ce = 0.47759, top1 = 0.86250, top5 = 0.99750  
2022-10-25 11:34:14: Epoch [36]   time cost: 174.83 sec (0.05 h)
2022-10-25 11:34:14: Start evaluating epoch 36:
2022-10-25 11:35:18: Epoch [36]  Batch [159]  Speed   5.0 (+ 8) sample/sec  loss-ce = 2.60897, top1 = 0.30625, top5 = 0.76562  
2022-10-25 11:35:18: Start epoch 37:
2022-10-25 11:35:51: Epoch [37]  Batch [0]    Speed   0.2 (+ 6) sample/sec  loss-ce = 0.37331, top1 = 0.75000, top5 = 1.00000  
2022-10-25 11:37:09: Epoch [37]  Batch [50]   Speed   5.1 (+ 1) sample/sec  loss-ce = 0.51494, top1 = 0.84500, top5 = 0.98000  
2022-10-25 11:38:13: Epoch [37]   time cost: 174.67 sec (0.05 h)
2022-10-25 11:38:13: Checkpoint (model & optimizer) saved to: ./exps/models/archive_ori_arid-res2d18lstm-ori_mgsampler-is_dark--is-dark/ori_arid-res2d18lstm-ori_mgsampler-is_dark--is-dark_ep-0038.pth
2022-10-25 11:38:13: Start evaluating epoch 37:
2022-10-25 11:39:15: Epoch [37]  Batch [159]  Speed   5.2 (+ 8) sample/sec  loss-ce = 2.33293, top1 = 0.29688, top5 = 0.81250  
2022-10-25 11:39:15: Start epoch 38:
2022-10-25 11:39:41: Epoch [38]  Batch [0]    Speed   0.3 (+ 8) sample/sec  loss-ce = 0.18804, top1 = 1.00000, top5 = 1.00000  
2022-10-25 11:40:46: Epoch [38]  Batch [50]   Speed   6.2 (+ 3) sample/sec  loss-ce = 0.57919, top1 = 0.83500, top5 = 0.97750  
2022-10-25 11:41:37: Epoch [38]   time cost: 141.26 sec (0.04 h)
2022-10-25 11:41:37: Start evaluating epoch 38:
2022-10-25 11:42:29: Epoch [38]  Batch [159]  Speed   6.2 (+10) sample/sec  loss-ce = 2.53281, top1 = 0.29688, top5 = 0.78438  
2022-10-25 11:42:29: Start epoch 39:
2022-10-25 11:42:54: Epoch [39]  Batch [0]    Speed   0.3 (+15) sample/sec  loss-ce = 0.41462, top1 = 0.87500, top5 = 1.00000  
2022-10-25 11:44:02: Epoch [39]  Batch [50]   Speed   5.9 (+ 3) sample/sec  loss-ce = 0.45290, top1 = 0.87250, top5 = 0.98750  
2022-10-25 11:44:53: Epoch [39]   time cost: 144.71 sec (0.04 h)
2022-10-25 11:44:54: Checkpoint (model & optimizer) saved to: ./exps/models/archive_ori_arid-res2d18lstm-ori_mgsampler-is_dark--is-dark/ori_arid-res2d18lstm-ori_mgsampler-is_dark--is-dark_ep-0040.pth
2022-10-25 11:44:54: Start evaluating epoch 39:
2022-10-25 11:45:45: Epoch [39]  Batch [159]  Speed   6.3 (+10) sample/sec  loss-ce = 2.35682, top1 = 0.32812, top5 = 0.82500  
2022-10-25 11:45:45: Start epoch 40:
2022-10-25 11:46:07: Epoch [40]  Batch [0]    Speed   0.4 (+10) sample/sec  loss-ce = 0.45636, top1 = 0.87500, top5 = 1.00000  
2022-10-25 11:47:14: Epoch [40]  Batch [50]   Speed   6.0 (+ 3) sample/sec  loss-ce = 0.50015, top1 = 0.86750, top5 = 0.98250  
2022-10-25 11:48:11: Epoch [40]   time cost: 146.47 sec (0.04 h)
2022-10-25 11:48:11: Start evaluating epoch 40:
2022-10-25 11:49:04: Epoch [40]  Batch [159]  Speed   6.1 (+10) sample/sec  loss-ce = 2.49049, top1 = 0.30312, top5 = 0.80625  
2022-10-25 11:49:04: Start epoch 41:
2022-10-25 11:49:30: Epoch [41]  Batch [0]    Speed   0.3 (+ 7) sample/sec  loss-ce = 0.36873, top1 = 0.75000, top5 = 1.00000  
2022-10-25 11:50:41: Epoch [41]  Batch [50]   Speed   5.6 (+ 2) sample/sec  loss-ce = 0.48149, top1 = 0.87500, top5 = 0.98250  
2022-10-25 11:51:29: Epoch [41]   time cost: 145.25 sec (0.04 h)
2022-10-25 11:51:29: Checkpoint (model & optimizer) saved to: ./exps/models/archive_ori_arid-res2d18lstm-ori_mgsampler-is_dark--is-dark/ori_arid-res2d18lstm-ori_mgsampler-is_dark--is-dark_ep-0042.pth
2022-10-25 11:51:29: Start evaluating epoch 41:
2022-10-25 11:52:25: Epoch [41]  Batch [159]  Speed   5.7 (+ 8) sample/sec  loss-ce = 2.57777, top1 = 0.31875, top5 = 0.78125  
2022-10-25 11:52:25: Start epoch 42:
2022-10-25 11:52:52: Epoch [42]  Batch [0]    Speed   0.3 (+ 9) sample/sec  loss-ce = 1.06694, top1 = 0.50000, top5 = 1.00000  
2022-10-25 11:54:01: Epoch [42]  Batch [50]   Speed   5.8 (+ 2) sample/sec  loss-ce = 0.50106, top1 = 0.85500, top5 = 0.98500  
2022-10-25 11:54:46: Epoch [42]   time cost: 140.57 sec (0.04 h)
2022-10-25 11:54:46: Start evaluating epoch 42:
2022-10-25 11:55:44: Epoch [42]  Batch [159]  Speed   5.6 (+10) sample/sec  loss-ce = 2.62908, top1 = 0.27500, top5 = 0.76562  
2022-10-25 11:55:44: Start epoch 43:
2022-10-25 11:56:05: Epoch [43]  Batch [0]    Speed   0.4 (+ 7) sample/sec  loss-ce = 0.74195, top1 = 0.75000, top5 = 0.87500  
2022-10-25 11:57:06: Epoch [43]  Batch [50]   Speed   6.5 (+ 3) sample/sec  loss-ce = 0.51651, top1 = 0.84250, top5 = 0.97750  
2022-10-25 11:58:02: Epoch [43]   time cost: 137.77 sec (0.04 h)
2022-10-25 11:58:02: Checkpoint (model & optimizer) saved to: ./exps/models/archive_ori_arid-res2d18lstm-ori_mgsampler-is_dark--is-dark/ori_arid-res2d18lstm-ori_mgsampler-is_dark--is-dark_ep-0044.pth
2022-10-25 11:58:02: Start evaluating epoch 43:
2022-10-25 11:58:54: Epoch [43]  Batch [159]  Speed   6.1 (+11) sample/sec  loss-ce = 2.33143, top1 = 0.32812, top5 = 0.80000  
2022-10-25 11:58:54: Start epoch 44:
2022-10-25 11:59:19: Epoch [44]  Batch [0]    Speed   0.3 (+10) sample/sec  loss-ce = 0.79834, top1 = 0.87500, top5 = 1.00000  
2022-10-25 12:00:23: Epoch [44]  Batch [50]   Speed   6.2 (+ 5) sample/sec  loss-ce = 0.45405, top1 = 0.87250, top5 = 0.97500  
2022-10-25 12:01:25: Epoch [44]   time cost: 150.40 sec (0.04 h)
2022-10-25 12:01:25: Start evaluating epoch 44:
2022-10-25 12:02:08: Epoch [44]  Batch [159]  Speed   7.5 (+10) sample/sec  loss-ce = 2.55621, top1 = 0.23750, top5 = 0.76562  
2022-10-25 12:02:08: Start epoch 45:
2022-10-25 12:02:25: Epoch [45]  Batch [0]    Speed   0.5 (+17) sample/sec  loss-ce = 0.18868, top1 = 1.00000, top5 = 1.00000  
2022-10-25 12:02:59: Epoch [45]  Batch [50]   Speed  11.7 (+ 6) sample/sec  loss-ce = 0.51428, top1 = 0.85000, top5 = 0.97750  
2022-10-25 12:03:20: Epoch [45]   time cost: 72.04 sec (0.02 h)
2022-10-25 12:03:20: Checkpoint (model & optimizer) saved to: ./exps/models/archive_ori_arid-res2d18lstm-ori_mgsampler-is_dark--is-dark/ori_arid-res2d18lstm-ori_mgsampler-is_dark--is-dark_ep-0046.pth
2022-10-25 12:03:20: Start evaluating epoch 45:
2022-10-25 12:03:42: Epoch [45]  Batch [159]  Speed  14.5 (+17) sample/sec  loss-ce = 2.30373, top1 = 0.33750, top5 = 0.82188  
2022-10-25 12:03:42: Start epoch 46:
2022-10-25 12:03:53: Epoch [46]  Batch [0]    Speed   0.8 (+20) sample/sec  loss-ce = 0.59357, top1 = 0.75000, top5 = 1.00000  
2022-10-25 12:04:20: Epoch [46]  Batch [50]   Speed  14.5 (+ 6) sample/sec  loss-ce = 0.41645, top1 = 0.88750, top5 = 0.99000  
2022-10-25 12:04:40: Epoch [46]   time cost: 58.21 sec (0.02 h)
2022-10-25 12:04:40: Start evaluating epoch 46:
2022-10-25 12:05:02: Epoch [46]  Batch [159]  Speed  14.5 (+15) sample/sec  loss-ce = 2.78659, top1 = 0.29688, top5 = 0.72500  
2022-10-25 12:05:02: Start epoch 47:
2022-10-25 12:05:12: Epoch [47]  Batch [0]    Speed   0.8 (+19) sample/sec  loss-ce = 0.11462, top1 = 1.00000, top5 = 1.00000  
2022-10-25 12:05:40: Epoch [47]  Batch [50]   Speed  14.2 (+ 6) sample/sec  loss-ce = 0.41298, top1 = 0.89000, top5 = 0.97500  
2022-10-25 12:06:01: Epoch [47]   time cost: 58.55 sec (0.02 h)
2022-10-25 12:06:01: Checkpoint (model & optimizer) saved to: ./exps/models/archive_ori_arid-res2d18lstm-ori_mgsampler-is_dark--is-dark/ori_arid-res2d18lstm-ori_mgsampler-is_dark--is-dark_ep-0048.pth
2022-10-25 12:06:01: Start evaluating epoch 47:
2022-10-25 12:06:23: Epoch [47]  Batch [159]  Speed  14.7 (+17) sample/sec  loss-ce = 2.48810, top1 = 0.29688, top5 = 0.80937  
2022-10-25 12:06:23: Start epoch 48:
2022-10-25 12:06:33: Epoch [48]  Batch [0]    Speed   0.8 (+20) sample/sec  loss-ce = 0.31467, top1 = 0.87500, top5 = 1.00000  
2022-10-25 12:07:01: Epoch [48]  Batch [50]   Speed  14.3 (+ 6) sample/sec  loss-ce = 0.49708, top1 = 0.86000, top5 = 0.98000  
2022-10-25 12:07:21: Epoch [48]   time cost: 58.25 sec (0.02 h)
2022-10-25 12:07:21: Start evaluating epoch 48:
2022-10-25 12:07:43: Epoch [48]  Batch [159]  Speed  14.5 (+18) sample/sec  loss-ce = 2.57390, top1 = 0.26562, top5 = 0.78750  
2022-10-25 12:07:43: Start epoch 49:
2022-10-25 12:07:53: Epoch [49]  Batch [0]    Speed   0.8 (+19) sample/sec  loss-ce = 0.51507, top1 = 0.87500, top5 = 0.87500  
2022-10-25 12:08:21: Epoch [49]  Batch [50]   Speed  14.5 (+ 6) sample/sec  loss-ce = 0.43404, top1 = 0.87250, top5 = 0.99000  
2022-10-25 12:08:42: Epoch [49]   time cost: 58.29 sec (0.02 h)
2022-10-25 12:08:42: Checkpoint (model & optimizer) saved to: ./exps/models/archive_ori_arid-res2d18lstm-ori_mgsampler-is_dark--is-dark/ori_arid-res2d18lstm-ori_mgsampler-is_dark--is-dark_ep-0050.pth
2022-10-25 12:08:42: Start evaluating epoch 49:
2022-10-25 12:09:04: Epoch [49]  Batch [159]  Speed  14.5 (+18) sample/sec  loss-ce = 2.40215, top1 = 0.31250, top5 = 0.81875  
2022-10-25 12:09:04: Optimization done!
