2022-10-25 08:50:12: Using pytorch 1.12.0+cu113 (['/media/mldadmin/home/s122mdg36_01/anaconda3/envs/torchgpu/lib/python3.7/site-packages/torch'])
2022-10-25 08:50:12: Start training with args:
{
    "backend": "nccl",
    "batch_size": 8,
    "brighten_method": null,
    "clip_length": 16,
    "dataset": "ARID",
    "debug_mode": true,
    "dist_url": "tcp://192.168.0.11:23456",
    "end_epoch": 50,
    "fine_tune": true,
    "gpus": "0,1,2,3,4,5,6,7",
    "is_dark": false,
    "log_file": "./exps/logs/ori_arid-res2d18lstm-randomsampler-is_dark--is-dark_at-gpu36.log",
    "lr_base": 0.01,
    "lr_factor": 0.1,
    "lr_steps": [
        20000,
        40000,
        80000
    ],
    "model_dir": "./exps/models/archive",
    "model_prefix": "./exps/models/archive/ori_arid-res2d18lstm-randomsampler-is_dark--is-dark",
    "network": "resnet18lstm",
    "pretrained_2d": true,
    "pretrained_3d": null,
    "random_seed": 3407,
    "resume_epoch": -1,
    "save_frequency": 2,
    "segments": 1,
    "task_name": "ori_arid-res2d18lstm-randomsampler-is_dark--is-dark",
    "train_frame_interval": 2,
    "use_flow": false,
    "use_segments": false,
    "val_frame_interval": 2,
    "world_size": 1
}
2022-10-25 08:50:12: Target dataset: 'ARID', configs: {'num_classes': 10}
2022-10-25 08:51:28: Using pytorch 1.12.0+cu113 (['/media/mldadmin/home/s122mdg36_01/anaconda3/envs/torchgpu/lib/python3.7/site-packages/torch'])
2022-10-25 08:51:28: Start training with args:
{
    "backend": "nccl",
    "batch_size": 8,
    "brighten_method": null,
    "clip_length": 16,
    "dataset": "ARID",
    "debug_mode": true,
    "dist_url": "tcp://192.168.0.11:23456",
    "end_epoch": 50,
    "fine_tune": true,
    "gpus": "0,1,2,3,4,5,6,7",
    "is_dark": false,
    "log_file": "./exps/logs/ori_arid-res2d18lstm-randomsampler-is_dark--is-dark_at-gpu36.log",
    "lr_base": 0.01,
    "lr_factor": 0.1,
    "lr_steps": [
        20000,
        40000,
        80000
    ],
    "model_dir": "./exps/models/archive",
    "model_prefix": "./exps/models/archive/ori_arid-res2d18lstm-randomsampler-is_dark--is-dark",
    "network": "resnet18lstm",
    "pretrained_2d": true,
    "pretrained_3d": null,
    "random_seed": 3407,
    "resume_epoch": -1,
    "save_frequency": 2,
    "segments": 1,
    "task_name": "ori_arid-res2d18lstm-randomsampler-is_dark--is-dark",
    "train_frame_interval": 2,
    "use_flow": false,
    "use_segments": false,
    "val_frame_interval": 2,
    "world_size": 1
}
2022-10-25 08:51:28: Target dataset: 'ARID', configs: {'num_classes': 10}
2022-10-25 08:51:28: loading network configs of: RESNET18LSTM
2022-10-25 08:51:28: Preprocessing:: using default mean & std from Kinetics original.
2022-10-25 08:51:28: data:: {'mean': [0.43216, 0.394666, 0.37645], 'std': [0.22803, 0.22145, 0.216989]}
2022-10-25 08:51:28: VideoIter:: clip_length = 16, interval = [train: 2, val: 2], seed = 3507
2022-10-25 08:51:28: VideoIter:: >> `check_video' is off, `tolerant_corrupted_video' is automatically activated.
2022-10-25 08:51:28: VideoIter:: found 750 videos in `./dataset/ARID/train.txt'
2022-10-25 08:51:28: VideoIter:: iterator initialized (phase: 'train', num: 750)
2022-10-25 08:51:28: VideoIter:: >> `check_video' is off, `tolerant_corrupted_video' is automatically activated.
2022-10-25 08:51:28: VideoIter:: found 320 videos in `./dataset/ARID/val.txt'
2022-10-25 08:51:28: VideoIter:: iterator initialized (phase: 'test', num: 320)
2022-10-25 08:51:29: Optimizer:: >> recuding the learning rate of 66 params: ['baseModel.conv1.weight', 'baseModel.bn1.weight', 'baseModel.bn1.bias', 'baseModel.layer1.0.conv1.weight', 'baseModel.layer1.0.bn1.weight', 'baseMode ... r4.1.bn2.weight', 'baseModel.layer4.1.bn2.bias', 'rnn.weight_ih_l0', 'rnn.weight_hh_l0', 'rnn.bias_ih_l0', 'rnn.bias_hh_l0', 'fc1.weight', 'fc1.bias']
2022-10-25 08:51:29: Iter 0: start with learning rate: 1.00000e-02 (next lr step: 2500)
2022-10-25 08:51:29: Start epoch 0:
2022-10-25 08:51:36: Epoch [0]   Batch [0]    Speed   1.1 (+ 4) sample/sec  loss-ce = 2.33906, top1 = 0.00000, top5 = 0.50000  
2022-10-25 08:51:56: Epoch [0]   Batch [50]   Speed  20.4 (+ 1) sample/sec  loss-ce = 2.29506, top1 = 0.12750, top5 = 0.55250  
2022-10-25 08:52:11: Epoch [0]   time cost: 42.20 sec (0.01 h)
2022-10-25 08:52:11: mkdir ./exps/models/archive_ori_arid-res2d18lstm-randomsampler-is_dark--is-dark
2022-10-25 08:52:11: Checkpoint (model & optimizer) saved to: ./exps/models/archive_ori_arid-res2d18lstm-randomsampler-is_dark--is-dark/ori_arid-res2d18lstm-randomsampler-is_dark--is-dark_ep-0001.pth
2022-10-25 08:52:11: Start evaluating epoch 0:
2022-10-25 08:52:24: Epoch [0]   Batch [159]  Speed  25.9 (+ 7) sample/sec  loss-ce = 2.30981, top1 = 0.15313, top5 = 0.53438  
2022-10-25 08:52:24: Current best epoch found with top5 accuracy 0.53438 at epoch 1, saved
2022-10-25 08:52:24: Checkpoint (model & optimizer) saved to: ./exps/models/archive_ori_arid-res2d18lstm-randomsampler-is_dark--is-dark/ori_arid-res2d18lstm-randomsampler-is_dark--is-dark_ep-0001.pth
2022-10-25 08:52:25: Checkpoint (model & optimizer) saved to: ./exps/models/archive_ori_arid-res2d18lstm-randomsampler-is_dark--is-dark/ori_arid-res2d18lstm-randomsampler-is_dark--is-dark_ep-0001.pth
2022-10-25 08:52:25: Current best epoch found with top1 accuracy 0.15313 at epoch 1, saved
2022-10-25 08:52:25: Start epoch 1:
2022-10-25 08:52:31: Epoch [1]   Batch [0]    Speed   1.3 (+20) sample/sec  loss-ce = 2.35721, top1 = 0.00000, top5 = 0.62500  
2022-10-25 08:52:51: Epoch [1]   Batch [50]   Speed  20.1 (+ 1) sample/sec  loss-ce = 2.26465, top1 = 0.12000, top5 = 0.60250  
2022-10-25 08:53:07: Epoch [1]   time cost: 41.82 sec (0.01 h)
2022-10-25 08:53:07: Checkpoint (model & optimizer) saved to: ./exps/models/archive_ori_arid-res2d18lstm-randomsampler-is_dark--is-dark/ori_arid-res2d18lstm-randomsampler-is_dark--is-dark_ep-0002.pth
2022-10-25 08:53:07: Start evaluating epoch 1:
2022-10-25 08:53:19: Epoch [1]   Batch [159]  Speed  25.8 (+ 7) sample/sec  loss-ce = 2.29572, top1 = 0.10625, top5 = 0.55625  
2022-10-25 08:53:19: Current best epoch found with top5 accuracy 0.55625 at epoch 2, saved
2022-10-25 08:53:19: Start epoch 2:
2022-10-25 08:53:25: Epoch [2]   Batch [0]    Speed   1.3 (+18) sample/sec  loss-ce = 2.30062, top1 = 0.00000, top5 = 0.50000  
2022-10-25 08:53:46: Epoch [2]   Batch [50]   Speed  19.4 (+ 1) sample/sec  loss-ce = 2.22789, top1 = 0.19250, top5 = 0.64000  
2022-10-25 08:54:03: Epoch [2]   time cost: 44.11 sec (0.01 h)
2022-10-25 08:54:03: Start evaluating epoch 2:
2022-10-25 08:54:16: Epoch [2]   Batch [159]  Speed  25.8 (+ 7) sample/sec  loss-ce = 2.25515, top1 = 0.19062, top5 = 0.60938  
2022-10-25 08:54:16: Current best epoch found with top5 accuracy 0.60938 at epoch 3, saved
2022-10-25 08:54:16: Checkpoint (model & optimizer) saved to: ./exps/models/archive_ori_arid-res2d18lstm-randomsampler-is_dark--is-dark/ori_arid-res2d18lstm-randomsampler-is_dark--is-dark_ep-0003.pth
2022-10-25 08:54:16: Checkpoint (model & optimizer) saved to: ./exps/models/archive_ori_arid-res2d18lstm-randomsampler-is_dark--is-dark/ori_arid-res2d18lstm-randomsampler-is_dark--is-dark_ep-0003.pth
2022-10-25 08:54:16: Current best epoch found with top1 accuracy 0.19062 at epoch 3, saved
2022-10-25 08:54:16: Start epoch 3:
2022-10-25 08:54:23: Epoch [3]   Batch [0]    Speed   1.2 (+18) sample/sec  loss-ce = 2.12789, top1 = 0.25000, top5 = 0.75000  
2022-10-25 08:54:44: Epoch [3]   Batch [50]   Speed  18.8 (+ 1) sample/sec  loss-ce = 2.15051, top1 = 0.21750, top5 = 0.71000  
2022-10-25 08:55:02: Epoch [3]   time cost: 45.39 sec (0.01 h)
2022-10-25 08:55:02: Checkpoint (model & optimizer) saved to: ./exps/models/archive_ori_arid-res2d18lstm-randomsampler-is_dark--is-dark/ori_arid-res2d18lstm-randomsampler-is_dark--is-dark_ep-0004.pth
2022-10-25 08:55:02: Start evaluating epoch 3:
2022-10-25 08:55:14: Epoch [3]   Batch [159]  Speed  25.7 (+ 7) sample/sec  loss-ce = 2.21844, top1 = 0.25938, top5 = 0.65000  
2022-10-25 08:55:14: Current best epoch found with top5 accuracy 0.65000 at epoch 4, saved
2022-10-25 08:55:14: Current best epoch found with top1 accuracy 0.25938 at epoch 4, saved
2022-10-25 08:55:14: Start epoch 4:
2022-10-25 08:55:21: Epoch [4]   Batch [0]    Speed   1.2 (+19) sample/sec  loss-ce = 1.91324, top1 = 0.62500, top5 = 1.00000  
2022-10-25 08:55:42: Epoch [4]   Batch [50]   Speed  18.9 (+ 1) sample/sec  loss-ce = 2.08740, top1 = 0.28500, top5 = 0.79250  
2022-10-25 08:56:00: Epoch [4]   time cost: 45.48 sec (0.01 h)
2022-10-25 08:56:00: Start evaluating epoch 4:
2022-10-25 08:56:12: Epoch [4]   Batch [159]  Speed  25.6 (+ 7) sample/sec  loss-ce = 2.19701, top1 = 0.24688, top5 = 0.69375  
2022-10-25 08:56:12: Current best epoch found with top5 accuracy 0.69375 at epoch 5, saved
2022-10-25 08:56:13: Checkpoint (model & optimizer) saved to: ./exps/models/archive_ori_arid-res2d18lstm-randomsampler-is_dark--is-dark/ori_arid-res2d18lstm-randomsampler-is_dark--is-dark_ep-0005.pth
2022-10-25 08:56:13: Start epoch 5:
2022-10-25 08:56:19: Epoch [5]   Batch [0]    Speed   1.3 (+18) sample/sec  loss-ce = 1.84300, top1 = 0.62500, top5 = 0.87500  
2022-10-25 08:56:40: Epoch [5]   Batch [50]   Speed  19.0 (+ 1) sample/sec  loss-ce = 2.00073, top1 = 0.31000, top5 = 0.82000  
2022-10-25 08:56:57: Epoch [5]   time cost: 44.61 sec (0.01 h)
2022-10-25 08:56:57: Checkpoint (model & optimizer) saved to: ./exps/models/archive_ori_arid-res2d18lstm-randomsampler-is_dark--is-dark/ori_arid-res2d18lstm-randomsampler-is_dark--is-dark_ep-0006.pth
2022-10-25 08:56:57: Start evaluating epoch 5:
2022-10-25 08:57:10: Epoch [5]   Batch [159]  Speed  25.7 (+ 6) sample/sec  loss-ce = 2.10899, top1 = 0.21250, top5 = 0.72500  
2022-10-25 08:57:10: Current best epoch found with top5 accuracy 0.72500 at epoch 6, saved
2022-10-25 08:57:10: Start epoch 6:
2022-10-25 08:57:16: Epoch [6]   Batch [0]    Speed   1.3 (+19) sample/sec  loss-ce = 2.03820, top1 = 0.12500, top5 = 0.75000  
2022-10-25 08:57:37: Epoch [6]   Batch [50]   Speed  19.2 (+ 1) sample/sec  loss-ce = 1.88658, top1 = 0.34500, top5 = 0.86250  
2022-10-25 08:57:54: Epoch [6]   time cost: 44.47 sec (0.01 h)
2022-10-25 08:57:54: Start evaluating epoch 6:
2022-10-25 08:58:07: Epoch [6]   Batch [159]  Speed  25.5 (+ 7) sample/sec  loss-ce = 2.09817, top1 = 0.20938, top5 = 0.73438  
2022-10-25 08:58:07: Current best epoch found with top5 accuracy 0.73438 at epoch 7, saved
2022-10-25 08:58:07: Checkpoint (model & optimizer) saved to: ./exps/models/archive_ori_arid-res2d18lstm-randomsampler-is_dark--is-dark/ori_arid-res2d18lstm-randomsampler-is_dark--is-dark_ep-0007.pth
2022-10-25 08:58:07: Start epoch 7:
2022-10-25 08:58:13: Epoch [7]   Batch [0]    Speed   1.3 (+19) sample/sec  loss-ce = 1.94528, top1 = 0.50000, top5 = 0.87500  
2022-10-25 08:58:34: Epoch [7]   Batch [50]   Speed  19.1 (+ 1) sample/sec  loss-ce = 1.83185, top1 = 0.37750, top5 = 0.88250  
2022-10-25 08:58:52: Epoch [7]   time cost: 44.69 sec (0.01 h)
2022-10-25 08:58:52: Checkpoint (model & optimizer) saved to: ./exps/models/archive_ori_arid-res2d18lstm-randomsampler-is_dark--is-dark/ori_arid-res2d18lstm-randomsampler-is_dark--is-dark_ep-0008.pth
2022-10-25 08:58:52: Start evaluating epoch 7:
2022-10-25 08:59:04: Epoch [7]   Batch [159]  Speed  26.0 (+ 7) sample/sec  loss-ce = 2.07362, top1 = 0.23438, top5 = 0.70937  
2022-10-25 08:59:04: Start epoch 8:
2022-10-25 08:59:10: Epoch [8]   Batch [0]    Speed   1.3 (+19) sample/sec  loss-ce = 1.49352, top1 = 0.62500, top5 = 1.00000  
2022-10-25 08:59:31: Epoch [8]   Batch [50]   Speed  19.2 (+ 1) sample/sec  loss-ce = 1.72038, top1 = 0.42750, top5 = 0.87000  
2022-10-25 08:59:48: Epoch [8]   time cost: 44.10 sec (0.01 h)
2022-10-25 08:59:48: Start evaluating epoch 8:
2022-10-25 09:00:01: Epoch [8]   Batch [159]  Speed  26.1 (+ 6) sample/sec  loss-ce = 2.01219, top1 = 0.26250, top5 = 0.76562  
2022-10-25 09:00:01: Current best epoch found with top5 accuracy 0.76562 at epoch 9, saved
2022-10-25 09:00:01: Checkpoint (model & optimizer) saved to: ./exps/models/archive_ori_arid-res2d18lstm-randomsampler-is_dark--is-dark/ori_arid-res2d18lstm-randomsampler-is_dark--is-dark_ep-0009.pth
2022-10-25 09:00:01: Checkpoint (model & optimizer) saved to: ./exps/models/archive_ori_arid-res2d18lstm-randomsampler-is_dark--is-dark/ori_arid-res2d18lstm-randomsampler-is_dark--is-dark_ep-0009.pth
2022-10-25 09:00:01: Current best epoch found with top1 accuracy 0.26250 at epoch 9, saved
2022-10-25 09:00:01: Start epoch 9:
2022-10-25 09:00:08: Epoch [9]   Batch [0]    Speed   1.2 (+19) sample/sec  loss-ce = 1.26834, top1 = 0.62500, top5 = 1.00000  
2022-10-25 09:00:29: Epoch [9]   Batch [50]   Speed  19.1 (+ 1) sample/sec  loss-ce = 1.66123, top1 = 0.43000, top5 = 0.89250  
2022-10-25 09:00:46: Epoch [9]   time cost: 44.64 sec (0.01 h)
2022-10-25 09:00:46: Checkpoint (model & optimizer) saved to: ./exps/models/archive_ori_arid-res2d18lstm-randomsampler-is_dark--is-dark/ori_arid-res2d18lstm-randomsampler-is_dark--is-dark_ep-0010.pth
2022-10-25 09:00:46: Start evaluating epoch 9:
2022-10-25 09:00:58: Epoch [9]   Batch [159]  Speed  25.9 (+ 7) sample/sec  loss-ce = 1.89797, top1 = 0.29688, top5 = 0.83125  
2022-10-25 09:00:58: Current best epoch found with top5 accuracy 0.83125 at epoch 10, saved
2022-10-25 09:00:58: Current best epoch found with top1 accuracy 0.29688 at epoch 10, saved
2022-10-25 09:00:58: Start epoch 10:
2022-10-25 09:01:05: Epoch [10]  Batch [0]    Speed   1.2 (+19) sample/sec  loss-ce = 1.85493, top1 = 0.25000, top5 = 0.87500  
2022-10-25 09:01:25: Epoch [10]  Batch [50]   Speed  19.5 (+ 1) sample/sec  loss-ce = 1.52964, top1 = 0.50250, top5 = 0.92750  
2022-10-25 09:01:43: Epoch [10]   time cost: 44.60 sec (0.01 h)
2022-10-25 09:01:43: Start evaluating epoch 10:
2022-10-25 09:01:55: Epoch [10]  Batch [159]  Speed  25.9 (+ 7) sample/sec  loss-ce = 1.86974, top1 = 0.32812, top5 = 0.80625  
2022-10-25 09:01:56: Checkpoint (model & optimizer) saved to: ./exps/models/archive_ori_arid-res2d18lstm-randomsampler-is_dark--is-dark/ori_arid-res2d18lstm-randomsampler-is_dark--is-dark_ep-0011.pth
2022-10-25 09:01:56: Current best epoch found with top1 accuracy 0.32812 at epoch 11, saved
2022-10-25 09:01:56: Start epoch 11:
2022-10-25 09:02:02: Epoch [11]  Batch [0]    Speed   1.3 (+19) sample/sec  loss-ce = 2.12625, top1 = 0.12500, top5 = 0.87500  
2022-10-25 09:02:23: Epoch [11]  Batch [50]   Speed  19.3 (+ 1) sample/sec  loss-ce = 1.50206, top1 = 0.53250, top5 = 0.90750  
2022-10-25 09:02:40: Epoch [11]   time cost: 44.43 sec (0.01 h)
2022-10-25 09:02:40: Checkpoint (model & optimizer) saved to: ./exps/models/archive_ori_arid-res2d18lstm-randomsampler-is_dark--is-dark/ori_arid-res2d18lstm-randomsampler-is_dark--is-dark_ep-0012.pth
2022-10-25 09:02:40: Start evaluating epoch 11:
2022-10-25 09:02:53: Epoch [11]  Batch [159]  Speed  25.7 (+ 7) sample/sec  loss-ce = 2.04237, top1 = 0.23125, top5 = 0.77812  
2022-10-25 09:02:53: Start epoch 12:
2022-10-25 09:02:59: Epoch [12]  Batch [0]    Speed   1.2 (+18) sample/sec  loss-ce = 1.26702, top1 = 0.62500, top5 = 0.75000  
2022-10-25 09:03:20: Epoch [12]  Batch [50]   Speed  19.2 (+ 1) sample/sec  loss-ce = 1.44437, top1 = 0.53000, top5 = 0.93500  
2022-10-25 09:03:38: Epoch [12]   time cost: 44.91 sec (0.01 h)
2022-10-25 09:03:38: Start evaluating epoch 12:
2022-10-25 09:03:50: Epoch [12]  Batch [159]  Speed  25.9 (+ 7) sample/sec  loss-ce = 2.22482, top1 = 0.20938, top5 = 0.73438  
2022-10-25 09:03:50: Start epoch 13:
2022-10-25 09:03:56: Epoch [13]  Batch [0]    Speed   1.3 (+18) sample/sec  loss-ce = 1.46171, top1 = 0.50000, top5 = 0.87500  
2022-10-25 09:04:17: Epoch [13]  Batch [50]   Speed  19.2 (+ 1) sample/sec  loss-ce = 1.41414, top1 = 0.54000, top5 = 0.92250  
2022-10-25 09:04:34: Epoch [13]   time cost: 44.39 sec (0.01 h)
2022-10-25 09:04:34: Checkpoint (model & optimizer) saved to: ./exps/models/archive_ori_arid-res2d18lstm-randomsampler-is_dark--is-dark/ori_arid-res2d18lstm-randomsampler-is_dark--is-dark_ep-0014.pth
2022-10-25 09:04:34: Start evaluating epoch 13:
2022-10-25 09:04:47: Epoch [13]  Batch [159]  Speed  25.4 (+ 7) sample/sec  loss-ce = 1.91962, top1 = 0.29375, top5 = 0.83437  
2022-10-25 09:04:47: Current best epoch found with top5 accuracy 0.83437 at epoch 14, saved
2022-10-25 09:04:47: Start epoch 14:
2022-10-25 09:04:54: Epoch [14]  Batch [0]    Speed   1.2 (+19) sample/sec  loss-ce = 1.03856, top1 = 0.62500, top5 = 0.87500  
2022-10-25 09:05:15: Epoch [14]  Batch [50]   Speed  19.0 (+ 1) sample/sec  loss-ce = 1.28692, top1 = 0.57500, top5 = 0.92000  
2022-10-25 09:05:32: Epoch [14]   time cost: 44.96 sec (0.01 h)
2022-10-25 09:05:32: Start evaluating epoch 14:
2022-10-25 09:05:45: Epoch [14]  Batch [159]  Speed  25.7 (+ 7) sample/sec  loss-ce = 1.98653, top1 = 0.28750, top5 = 0.81563  
2022-10-25 09:05:45: Start epoch 15:
2022-10-25 09:05:51: Epoch [15]  Batch [0]    Speed   1.4 (+17) sample/sec  loss-ce = 1.13898, top1 = 0.75000, top5 = 1.00000  
2022-10-25 09:06:12: Epoch [15]  Batch [50]   Speed  18.9 (+ 1) sample/sec  loss-ce = 1.22861, top1 = 0.60250, top5 = 0.94000  
2022-10-25 09:06:29: Epoch [15]   time cost: 44.74 sec (0.01 h)
2022-10-25 09:06:30: Checkpoint (model & optimizer) saved to: ./exps/models/archive_ori_arid-res2d18lstm-randomsampler-is_dark--is-dark/ori_arid-res2d18lstm-randomsampler-is_dark--is-dark_ep-0016.pth
2022-10-25 09:06:30: Start evaluating epoch 15:
2022-10-25 09:06:51: Epoch [15]  Batch [159]  Speed  14.8 (+ 9) sample/sec  loss-ce = 1.91540, top1 = 0.32188, top5 = 0.80312  
2022-10-25 09:06:51: Start epoch 16:
2022-10-25 09:07:02: Epoch [16]  Batch [0]    Speed   0.8 (+ 9) sample/sec  loss-ce = 0.68498, top1 = 0.75000, top5 = 1.00000  
2022-10-25 09:07:39: Epoch [16]  Batch [50]   Speed  10.7 (+ 0) sample/sec  loss-ce = 1.08789, top1 = 0.64500, top5 = 0.97750  
2022-10-25 09:08:11: Epoch [16]   time cost: 79.39 sec (0.02 h)
2022-10-25 09:08:11: Start evaluating epoch 16:
2022-10-25 09:08:32: Epoch [16]  Batch [159]  Speed  15.0 (+10) sample/sec  loss-ce = 2.26516, top1 = 0.25312, top5 = 0.71562  
2022-10-25 09:08:32: Start epoch 17:
2022-10-25 09:08:43: Epoch [17]  Batch [0]    Speed   0.8 (+19) sample/sec  loss-ce = 0.97129, top1 = 0.62500, top5 = 1.00000  
2022-10-25 09:09:14: Epoch [17]  Batch [50]   Speed  12.8 (+ 2) sample/sec  loss-ce = 1.06451, top1 = 0.66250, top5 = 0.96750  
2022-10-25 09:09:48: Epoch [17]   time cost: 75.24 sec (0.02 h)
2022-10-25 09:09:48: Checkpoint (model & optimizer) saved to: ./exps/models/archive_ori_arid-res2d18lstm-randomsampler-is_dark--is-dark/ori_arid-res2d18lstm-randomsampler-is_dark--is-dark_ep-0018.pth
2022-10-25 09:09:48: Start evaluating epoch 17:
2022-10-25 09:10:07: Epoch [17]  Batch [159]  Speed  16.9 (+ 9) sample/sec  loss-ce = 2.05420, top1 = 0.34375, top5 = 0.76250  
2022-10-25 09:10:07: Current best epoch found with top1 accuracy 0.34375 at epoch 18, saved
2022-10-25 09:10:07: Start epoch 18:
2022-10-25 09:10:14: Epoch [18]  Batch [0]    Speed   1.1 (+14) sample/sec  loss-ce = 0.66400, top1 = 0.87500, top5 = 1.00000  
2022-10-25 09:10:43: Epoch [18]  Batch [50]   Speed  14.0 (+ 1) sample/sec  loss-ce = 1.10351, top1 = 0.63750, top5 = 0.93500  
2022-10-25 09:11:06: Epoch [18]   time cost: 59.47 sec (0.02 h)
2022-10-25 09:11:06: Start evaluating epoch 18:
2022-10-25 09:11:34: Epoch [18]  Batch [159]  Speed  11.5 (+ 4) sample/sec  loss-ce = 2.09990, top1 = 0.30312, top5 = 0.80312  
2022-10-25 09:11:34: Start epoch 19:
2022-10-25 09:11:49: Epoch [19]  Batch [0]    Speed   0.6 (+10) sample/sec  loss-ce = 1.07415, top1 = 0.75000, top5 = 1.00000  
2022-10-25 09:12:41: Epoch [19]  Batch [50]   Speed   7.7 (+ 0) sample/sec  loss-ce = 0.92522, top1 = 0.71500, top5 = 0.97000  
2022-10-25 09:13:22: Epoch [19]   time cost: 107.44 sec (0.03 h)
2022-10-25 09:13:22: Checkpoint (model & optimizer) saved to: ./exps/models/archive_ori_arid-res2d18lstm-randomsampler-is_dark--is-dark/ori_arid-res2d18lstm-randomsampler-is_dark--is-dark_ep-0020.pth
2022-10-25 09:13:22: Start evaluating epoch 19:
2022-10-25 09:13:52: Epoch [19]  Batch [159]  Speed  10.8 (+ 3) sample/sec  loss-ce = 2.30013, top1 = 0.29063, top5 = 0.73750  
2022-10-25 09:13:52: Start epoch 20:
2022-10-25 09:14:09: Epoch [20]  Batch [0]    Speed   0.5 (+ 6) sample/sec  loss-ce = 0.70870, top1 = 0.87500, top5 = 1.00000  
2022-10-25 09:15:14: Epoch [20]  Batch [50]   Speed   6.2 (+ 0) sample/sec  loss-ce = 0.97020, top1 = 0.70500, top5 = 0.94500  
2022-10-25 09:16:24: Epoch [20]   time cost: 151.56 sec (0.04 h)
2022-10-25 09:16:24: Start evaluating epoch 20:
2022-10-25 09:16:51: Epoch [20]  Batch [159]  Speed  11.7 (+ 2) sample/sec  loss-ce = 2.03896, top1 = 0.30938, top5 = 0.86250  
2022-10-25 09:16:51: Current best epoch found with top5 accuracy 0.86250 at epoch 21, saved
2022-10-25 09:16:52: Checkpoint (model & optimizer) saved to: ./exps/models/archive_ori_arid-res2d18lstm-randomsampler-is_dark--is-dark/ori_arid-res2d18lstm-randomsampler-is_dark--is-dark_ep-0021.pth
2022-10-25 09:16:52: Start epoch 21:
2022-10-25 09:17:09: Epoch [21]  Batch [0]    Speed   0.5 (+ 8) sample/sec  loss-ce = 0.98900, top1 = 0.87500, top5 = 0.87500  
2022-10-25 09:18:10: Epoch [21]  Batch [50]   Speed   6.6 (+ 0) sample/sec  loss-ce = 0.86447, top1 = 0.73500, top5 = 0.95750  
2022-10-25 09:19:22: Epoch [21]   time cost: 150.30 sec (0.04 h)
2022-10-25 09:19:22: Checkpoint (model & optimizer) saved to: ./exps/models/archive_ori_arid-res2d18lstm-randomsampler-is_dark--is-dark/ori_arid-res2d18lstm-randomsampler-is_dark--is-dark_ep-0022.pth
2022-10-25 09:19:22: Start evaluating epoch 21:
2022-10-25 09:20:07: Epoch [21]  Batch [159]  Speed   7.3 (+ 1) sample/sec  loss-ce = 2.44863, top1 = 0.23125, top5 = 0.74687  
2022-10-25 09:20:07: Start epoch 22:
2022-10-25 09:20:21: Epoch [22]  Batch [0]    Speed   0.6 (+ 4) sample/sec  loss-ce = 0.63023, top1 = 0.75000, top5 = 1.00000  
2022-10-25 09:21:34: Epoch [22]  Batch [50]   Speed   5.4 (+ 0) sample/sec  loss-ce = 0.84287, top1 = 0.74500, top5 = 0.97750  
2022-10-25 09:22:31: Epoch [22]   time cost: 144.69 sec (0.04 h)
2022-10-25 09:22:31: Start evaluating epoch 22:
2022-10-25 09:23:15: Epoch [22]  Batch [159]  Speed   7.4 (+ 1) sample/sec  loss-ce = 2.08529, top1 = 0.33750, top5 = 0.81875  
2022-10-25 09:23:15: Start epoch 23:
2022-10-25 09:23:33: Epoch [23]  Batch [0]    Speed   0.4 (+ 4) sample/sec  loss-ce = 0.40584, top1 = 0.87500, top5 = 1.00000  
2022-10-25 09:24:55: Epoch [23]  Batch [50]   Speed   4.9 (+ 0) sample/sec  loss-ce = 0.82652, top1 = 0.75250, top5 = 0.96500  
2022-10-25 09:25:53: Epoch [23]   time cost: 157.56 sec (0.04 h)
2022-10-25 09:25:53: Checkpoint (model & optimizer) saved to: ./exps/models/archive_ori_arid-res2d18lstm-randomsampler-is_dark--is-dark/ori_arid-res2d18lstm-randomsampler-is_dark--is-dark_ep-0024.pth
2022-10-25 09:25:53: Start evaluating epoch 23:
2022-10-25 09:26:40: Epoch [23]  Batch [159]  Speed   6.9 (+ 1) sample/sec  loss-ce = 1.97388, top1 = 0.31250, top5 = 0.85000  
2022-10-25 09:26:40: Start epoch 24:
2022-10-25 09:27:00: Epoch [24]  Batch [0]    Speed   0.4 (+ 5) sample/sec  loss-ce = 0.37266, top1 = 0.87500, top5 = 1.00000  
2022-10-25 09:28:17: Epoch [24]  Batch [50]   Speed   5.2 (+ 0) sample/sec  loss-ce = 0.73584, top1 = 0.77750, top5 = 0.97500  
2022-10-25 09:29:11: Epoch [24]   time cost: 150.69 sec (0.04 h)
2022-10-25 09:29:11: Start evaluating epoch 24:
2022-10-25 09:29:51: Epoch [24]  Batch [159]  Speed   8.1 (+ 2) sample/sec  loss-ce = 2.09285, top1 = 0.32188, top5 = 0.85000  
2022-10-25 09:29:51: Start epoch 25:
2022-10-25 09:30:06: Epoch [25]  Batch [0]    Speed   0.5 (+ 4) sample/sec  loss-ce = 0.66239, top1 = 0.87500, top5 = 1.00000  
2022-10-25 09:31:22: Epoch [25]  Batch [50]   Speed   5.3 (+ 0) sample/sec  loss-ce = 0.85710, top1 = 0.72250, top5 = 0.96500  
2022-10-25 09:32:20: Epoch [25]   time cost: 149.53 sec (0.04 h)
2022-10-25 09:32:21: Checkpoint (model & optimizer) saved to: ./exps/models/archive_ori_arid-res2d18lstm-randomsampler-is_dark--is-dark/ori_arid-res2d18lstm-randomsampler-is_dark--is-dark_ep-0026.pth
2022-10-25 09:32:21: Start evaluating epoch 25:
2022-10-25 09:33:05: Epoch [25]  Batch [159]  Speed   7.3 (+ 2) sample/sec  loss-ce = 2.06127, top1 = 0.33437, top5 = 0.82812  
2022-10-25 09:33:05: Start epoch 26:
2022-10-25 09:33:22: Epoch [26]  Batch [0]    Speed   0.5 (+ 5) sample/sec  loss-ce = 1.22948, top1 = 0.62500, top5 = 1.00000  
2022-10-25 09:34:42: Epoch [26]  Batch [50]   Speed   5.0 (+ 0) sample/sec  loss-ce = 0.70293, top1 = 0.77000, top5 = 0.97500  
2022-10-25 09:34:52: Iter: 2500, change learning rate to 1.00000e-03 for step [2500:5000)
2022-10-25 09:35:46: Epoch [26]   time cost: 160.63 sec (0.04 h)
2022-10-25 09:35:46: Start evaluating epoch 26:
2022-10-25 09:36:22: Epoch [26]  Batch [159]  Speed   8.8 (+ 2) sample/sec  loss-ce = 2.23186, top1 = 0.29063, top5 = 0.85313  
2022-10-25 09:36:22: Start epoch 27:
2022-10-25 09:36:39: Epoch [27]  Batch [0]    Speed   0.5 (+ 7) sample/sec  loss-ce = 0.24361, top1 = 0.87500, top5 = 1.00000  
2022-10-25 09:37:43: Epoch [27]  Batch [50]   Speed   6.3 (+ 0) sample/sec  loss-ce = 0.68739, top1 = 0.80250, top5 = 0.96500  
2022-10-25 09:39:03: Epoch [27]   time cost: 160.65 sec (0.04 h)
2022-10-25 09:39:03: Checkpoint (model & optimizer) saved to: ./exps/models/archive_ori_arid-res2d18lstm-randomsampler-is_dark--is-dark/ori_arid-res2d18lstm-randomsampler-is_dark--is-dark_ep-0028.pth
2022-10-25 09:39:03: Start evaluating epoch 27:
2022-10-25 09:39:40: Epoch [27]  Batch [159]  Speed   8.7 (+ 2) sample/sec  loss-ce = 2.34801, top1 = 0.27813, top5 = 0.82188  
2022-10-25 09:39:40: Start epoch 28:
2022-10-25 09:39:57: Epoch [28]  Batch [0]    Speed   0.5 (+ 5) sample/sec  loss-ce = 0.43439, top1 = 1.00000, top5 = 1.00000  
2022-10-25 09:41:00: Epoch [28]  Batch [50]   Speed   6.4 (+ 0) sample/sec  loss-ce = 0.63001, top1 = 0.80250, top5 = 0.98500  
2022-10-25 09:42:14: Epoch [28]   time cost: 153.25 sec (0.04 h)
2022-10-25 09:42:14: Start evaluating epoch 28:
2022-10-25 09:42:46: Epoch [28]  Batch [159]  Speed  10.0 (+ 2) sample/sec  loss-ce = 2.45451, top1 = 0.29063, top5 = 0.77500  
2022-10-25 09:42:46: Start epoch 29:
2022-10-25 09:42:55: Epoch [29]  Batch [0]    Speed   0.8 (+ 3) sample/sec  loss-ce = 0.61252, top1 = 0.75000, top5 = 1.00000  
2022-10-25 09:44:00: Epoch [29]  Batch [50]   Speed   6.2 (+ 0) sample/sec  loss-ce = 0.68286, top1 = 0.78750, top5 = 0.97250  
2022-10-25 09:44:55: Epoch [29]   time cost: 128.80 sec (0.04 h)
2022-10-25 09:44:55: Checkpoint (model & optimizer) saved to: ./exps/models/archive_ori_arid-res2d18lstm-randomsampler-is_dark--is-dark/ori_arid-res2d18lstm-randomsampler-is_dark--is-dark_ep-0030.pth
2022-10-25 09:44:55: Start evaluating epoch 29:
2022-10-25 09:45:36: Epoch [29]  Batch [159]  Speed   8.0 (+ 2) sample/sec  loss-ce = 2.05653, top1 = 0.35313, top5 = 0.81875  
2022-10-25 09:45:36: Current best epoch found with top1 accuracy 0.35313 at epoch 30, saved
2022-10-25 09:45:36: Start epoch 30:
2022-10-25 09:45:54: Epoch [30]  Batch [0]    Speed   0.4 (+ 5) sample/sec  loss-ce = 0.22498, top1 = 1.00000, top5 = 1.00000  
2022-10-25 09:47:18: Epoch [30]  Batch [50]   Speed   4.8 (+ 0) sample/sec  loss-ce = 0.64997, top1 = 0.78500, top5 = 0.98250  
2022-10-25 09:48:18: Epoch [30]   time cost: 161.85 sec (0.04 h)
2022-10-25 09:48:18: Start evaluating epoch 30:
2022-10-25 09:48:59: Epoch [30]  Batch [159]  Speed   7.8 (+ 2) sample/sec  loss-ce = 2.20772, top1 = 0.30625, top5 = 0.81875  
2022-10-25 09:48:59: Start epoch 31:
2022-10-25 09:49:16: Epoch [31]  Batch [0]    Speed   0.5 (+ 7) sample/sec  loss-ce = 0.51047, top1 = 0.87500, top5 = 1.00000  
2022-10-25 09:50:30: Epoch [31]  Batch [50]   Speed   5.5 (+ 0) sample/sec  loss-ce = 0.57682, top1 = 0.82750, top5 = 0.99000  
2022-10-25 09:51:42: Epoch [31]   time cost: 163.07 sec (0.05 h)
2022-10-25 09:51:43: Checkpoint (model & optimizer) saved to: ./exps/models/archive_ori_arid-res2d18lstm-randomsampler-is_dark--is-dark/ori_arid-res2d18lstm-randomsampler-is_dark--is-dark_ep-0032.pth
2022-10-25 09:51:43: Start evaluating epoch 31:
2022-10-25 09:52:12: Epoch [31]  Batch [159]  Speed  10.9 (+ 2) sample/sec  loss-ce = 2.52673, top1 = 0.27500, top5 = 0.79063  
2022-10-25 09:52:12: Start epoch 32:
2022-10-25 09:52:30: Epoch [32]  Batch [0]    Speed   0.5 (+ 7) sample/sec  loss-ce = 0.81810, top1 = 0.75000, top5 = 0.87500  
2022-10-25 09:53:30: Epoch [32]  Batch [50]   Speed   6.7 (+ 0) sample/sec  loss-ce = 0.60119, top1 = 0.82000, top5 = 0.97500  
2022-10-25 09:54:34: Epoch [32]   time cost: 141.63 sec (0.04 h)
2022-10-25 09:54:34: Start evaluating epoch 32:
2022-10-25 09:55:15: Epoch [32]  Batch [159]  Speed   7.8 (+ 2) sample/sec  loss-ce = 2.28933, top1 = 0.28750, top5 = 0.81563  
2022-10-25 09:55:15: Start epoch 33:
2022-10-25 09:55:34: Epoch [33]  Batch [0]    Speed   0.4 (+ 4) sample/sec  loss-ce = 0.93074, top1 = 0.75000, top5 = 0.75000  
2022-10-25 09:56:48: Epoch [33]  Batch [50]   Speed   5.4 (+ 0) sample/sec  loss-ce = 0.61533, top1 = 0.82500, top5 = 0.98000  
2022-10-25 09:57:47: Epoch [33]   time cost: 151.84 sec (0.04 h)
2022-10-25 09:57:47: Checkpoint (model & optimizer) saved to: ./exps/models/archive_ori_arid-res2d18lstm-randomsampler-is_dark--is-dark/ori_arid-res2d18lstm-randomsampler-is_dark--is-dark_ep-0034.pth
2022-10-25 09:57:47: Start evaluating epoch 33:
2022-10-25 09:58:25: Epoch [33]  Batch [159]  Speed   8.6 (+ 2) sample/sec  loss-ce = 2.17904, top1 = 0.33437, top5 = 0.84688  
2022-10-25 09:58:25: Start epoch 34:
2022-10-25 09:58:45: Epoch [34]  Batch [0]    Speed   0.4 (+ 7) sample/sec  loss-ce = 0.24278, top1 = 1.00000, top5 = 1.00000  
2022-10-25 10:00:05: Epoch [34]  Batch [50]   Speed   5.0 (+ 0) sample/sec  loss-ce = 0.60471, top1 = 0.81000, top5 = 0.97750  
2022-10-25 10:01:09: Epoch [34]   time cost: 163.88 sec (0.05 h)
2022-10-25 10:01:09: Start evaluating epoch 34:
2022-10-25 10:01:38: Epoch [34]  Batch [159]  Speed  11.1 (+ 3) sample/sec  loss-ce = 2.25673, top1 = 0.29375, top5 = 0.81875  
2022-10-25 10:01:38: Start epoch 35:
2022-10-25 10:01:56: Epoch [35]  Batch [0]    Speed   0.5 (+ 6) sample/sec  loss-ce = 0.63367, top1 = 0.62500, top5 = 1.00000  
2022-10-25 10:03:02: Epoch [35]  Batch [50]   Speed   6.1 (+ 0) sample/sec  loss-ce = 0.63785, top1 = 0.80750, top5 = 0.96250  
2022-10-25 10:04:16: Epoch [35]   time cost: 157.54 sec (0.04 h)
2022-10-25 10:04:16: Checkpoint (model & optimizer) saved to: ./exps/models/archive_ori_arid-res2d18lstm-randomsampler-is_dark--is-dark/ori_arid-res2d18lstm-randomsampler-is_dark--is-dark_ep-0036.pth
2022-10-25 10:04:16: Start evaluating epoch 35:
2022-10-25 10:04:44: Epoch [35]  Batch [159]  Speed  11.6 (+ 2) sample/sec  loss-ce = 2.32324, top1 = 0.30938, top5 = 0.79063  
2022-10-25 10:04:44: Start epoch 36:
2022-10-25 10:05:00: Epoch [36]  Batch [0]    Speed   0.5 (+ 3) sample/sec  loss-ce = 0.40843, top1 = 1.00000, top5 = 1.00000  
2022-10-25 10:06:10: Epoch [36]  Batch [50]   Speed   5.8 (+ 0) sample/sec  loss-ce = 0.55579, top1 = 0.83750, top5 = 0.99000  
2022-10-25 10:07:13: Epoch [36]   time cost: 148.72 sec (0.04 h)
2022-10-25 10:07:13: Start evaluating epoch 36:
2022-10-25 10:07:54: Epoch [36]  Batch [159]  Speed   7.7 (+ 2) sample/sec  loss-ce = 2.47308, top1 = 0.32812, top5 = 0.77812  
2022-10-25 10:07:54: Start epoch 37:
2022-10-25 10:08:12: Epoch [37]  Batch [0]    Speed   0.5 (+ 6) sample/sec  loss-ce = 0.27150, top1 = 1.00000, top5 = 1.00000  
2022-10-25 10:09:31: Epoch [37]  Batch [50]   Speed   5.0 (+ 0) sample/sec  loss-ce = 0.51345, top1 = 0.84000, top5 = 0.98750  
2022-10-25 10:10:30: Epoch [37]   time cost: 155.31 sec (0.04 h)
2022-10-25 10:10:30: Checkpoint (model & optimizer) saved to: ./exps/models/archive_ori_arid-res2d18lstm-randomsampler-is_dark--is-dark/ori_arid-res2d18lstm-randomsampler-is_dark--is-dark_ep-0038.pth
2022-10-25 10:10:30: Start evaluating epoch 37:
2022-10-25 10:11:06: Epoch [37]  Batch [159]  Speed   9.0 (+ 2) sample/sec  loss-ce = 2.34482, top1 = 0.26875, top5 = 0.83125  
2022-10-25 10:11:06: Start epoch 38:
2022-10-25 10:11:23: Epoch [38]  Batch [0]    Speed   0.5 (+ 8) sample/sec  loss-ce = 0.29983, top1 = 0.87500, top5 = 1.00000  
2022-10-25 10:12:32: Epoch [38]  Batch [50]   Speed   5.9 (+ 0) sample/sec  loss-ce = 0.59176, top1 = 0.82500, top5 = 0.97250  
2022-10-25 10:13:46: Epoch [38]   time cost: 160.40 sec (0.04 h)
2022-10-25 10:13:46: Start evaluating epoch 38:
2022-10-25 10:14:20: Epoch [38]  Batch [159]  Speed   9.5 (+ 2) sample/sec  loss-ce = 2.38218, top1 = 0.30312, top5 = 0.81563  
2022-10-25 10:14:20: Start epoch 39:
2022-10-25 10:14:36: Epoch [39]  Batch [0]    Speed   0.5 (+ 9) sample/sec  loss-ce = 0.41042, top1 = 0.75000, top5 = 1.00000  
2022-10-25 10:15:42: Epoch [39]  Batch [50]   Speed   6.0 (+ 0) sample/sec  loss-ce = 0.55414, top1 = 0.83500, top5 = 0.98250  
2022-10-25 10:16:57: Epoch [39]   time cost: 156.53 sec (0.04 h)
2022-10-25 10:16:57: Checkpoint (model & optimizer) saved to: ./exps/models/archive_ori_arid-res2d18lstm-randomsampler-is_dark--is-dark/ori_arid-res2d18lstm-randomsampler-is_dark--is-dark_ep-0040.pth
2022-10-25 10:16:57: Start evaluating epoch 39:
2022-10-25 10:17:25: Epoch [39]  Batch [159]  Speed  11.4 (+ 2) sample/sec  loss-ce = 2.31016, top1 = 0.30312, top5 = 0.83437  
2022-10-25 10:17:25: Start epoch 40:
2022-10-25 10:17:37: Epoch [40]  Batch [0]    Speed   0.7 (+ 4) sample/sec  loss-ce = 0.63139, top1 = 0.87500, top5 = 1.00000  
2022-10-25 10:18:44: Epoch [40]  Batch [50]   Speed   6.0 (+ 0) sample/sec  loss-ce = 0.51923, top1 = 0.84500, top5 = 0.98000  
2022-10-25 10:19:41: Epoch [40]   time cost: 135.42 sec (0.04 h)
2022-10-25 10:19:41: Start evaluating epoch 40:
2022-10-25 10:20:20: Epoch [40]  Batch [159]  Speed   8.1 (+ 2) sample/sec  loss-ce = 2.34712, top1 = 0.28437, top5 = 0.81250  
2022-10-25 10:20:20: Start epoch 41:
2022-10-25 10:20:36: Epoch [41]  Batch [0]    Speed   0.5 (+ 4) sample/sec  loss-ce = 0.49400, top1 = 0.87500, top5 = 1.00000  
2022-10-25 10:21:47: Epoch [41]  Batch [50]   Speed   5.6 (+ 0) sample/sec  loss-ce = 0.58616, top1 = 0.81250, top5 = 0.96750  
2022-10-25 10:22:53: Epoch [41]   time cost: 153.08 sec (0.04 h)
2022-10-25 10:22:54: Checkpoint (model & optimizer) saved to: ./exps/models/archive_ori_arid-res2d18lstm-randomsampler-is_dark--is-dark/ori_arid-res2d18lstm-randomsampler-is_dark--is-dark_ep-0042.pth
2022-10-25 10:22:54: Start evaluating epoch 41:
2022-10-25 10:23:33: Epoch [41]  Batch [159]  Speed   8.1 (+ 2) sample/sec  loss-ce = 2.62345, top1 = 0.29063, top5 = 0.76562  
2022-10-25 10:23:33: Start epoch 42:
2022-10-25 10:23:46: Epoch [42]  Batch [0]    Speed   0.6 (+ 6) sample/sec  loss-ce = 1.09882, top1 = 0.62500, top5 = 1.00000  
2022-10-25 10:24:57: Epoch [42]  Batch [50]   Speed   5.6 (+ 0) sample/sec  loss-ce = 0.51186, top1 = 0.85250, top5 = 0.98000  
2022-10-25 10:26:05: Epoch [42]   time cost: 151.12 sec (0.04 h)
2022-10-25 10:26:05: Start evaluating epoch 42:
2022-10-25 10:26:39: Epoch [42]  Batch [159]  Speed   9.4 (+ 2) sample/sec  loss-ce = 2.52922, top1 = 0.29063, top5 = 0.78750  
2022-10-25 10:26:39: Start epoch 43:
2022-10-25 10:26:48: Epoch [43]  Batch [0]    Speed   0.9 (+ 4) sample/sec  loss-ce = 0.58253, top1 = 0.87500, top5 = 1.00000  
2022-10-25 10:27:55: Epoch [43]  Batch [50]   Speed   6.0 (+ 0) sample/sec  loss-ce = 0.54377, top1 = 0.83250, top5 = 0.97750  
2022-10-25 10:28:46: Epoch [43]   time cost: 127.47 sec (0.04 h)
2022-10-25 10:28:47: Checkpoint (model & optimizer) saved to: ./exps/models/archive_ori_arid-res2d18lstm-randomsampler-is_dark--is-dark/ori_arid-res2d18lstm-randomsampler-is_dark--is-dark_ep-0044.pth
2022-10-25 10:28:47: Start evaluating epoch 43:
2022-10-25 10:29:30: Epoch [43]  Batch [159]  Speed   7.5 (+ 2) sample/sec  loss-ce = 2.21805, top1 = 0.30625, top5 = 0.83125  
2022-10-25 10:29:30: Start epoch 44:
2022-10-25 10:29:46: Epoch [44]  Batch [0]    Speed   0.5 (+ 5) sample/sec  loss-ce = 0.80351, top1 = 0.75000, top5 = 1.00000  
2022-10-25 10:31:11: Epoch [44]  Batch [50]   Speed   4.7 (+ 0) sample/sec  loss-ce = 0.52646, top1 = 0.82500, top5 = 0.98250  
2022-10-25 10:32:15: Epoch [44]   time cost: 165.30 sec (0.05 h)
2022-10-25 10:32:15: Start evaluating epoch 44:
2022-10-25 10:32:55: Epoch [44]  Batch [159]  Speed   8.0 (+ 2) sample/sec  loss-ce = 2.48716, top1 = 0.26875, top5 = 0.80625  
2022-10-25 10:32:55: Start epoch 45:
2022-10-25 10:33:09: Epoch [45]  Batch [0]    Speed   0.6 (+10) sample/sec  loss-ce = 0.32660, top1 = 1.00000, top5 = 1.00000  
2022-10-25 10:34:22: Epoch [45]  Batch [50]   Speed   5.5 (+ 0) sample/sec  loss-ce = 0.57791, top1 = 0.82750, top5 = 0.98250  
2022-10-25 10:35:33: Epoch [45]   time cost: 158.00 sec (0.04 h)
2022-10-25 10:35:33: Checkpoint (model & optimizer) saved to: ./exps/models/archive_ori_arid-res2d18lstm-randomsampler-is_dark--is-dark/ori_arid-res2d18lstm-randomsampler-is_dark--is-dark_ep-0046.pth
2022-10-25 10:35:33: Start evaluating epoch 45:
2022-10-25 10:36:00: Epoch [45]  Batch [159]  Speed  12.2 (+ 2) sample/sec  loss-ce = 2.26312, top1 = 0.29063, top5 = 0.82812  
2022-10-25 10:36:00: Start epoch 46:
2022-10-25 10:36:14: Epoch [46]  Batch [0]    Speed   0.6 (+ 7) sample/sec  loss-ce = 0.36198, top1 = 0.87500, top5 = 1.00000  
2022-10-25 10:37:16: Epoch [46]  Batch [50]   Speed   6.5 (+ 0) sample/sec  loss-ce = 0.47415, top1 = 0.87250, top5 = 0.97750  
2022-10-25 10:38:18: Epoch [46]   time cost: 138.42 sec (0.04 h)
2022-10-25 10:38:18: Start evaluating epoch 46:
2022-10-25 10:38:58: Epoch [46]  Batch [159]  Speed   8.1 (+ 2) sample/sec  loss-ce = 2.70530, top1 = 0.27500, top5 = 0.74375  
2022-10-25 10:38:58: Start epoch 47:
2022-10-25 10:39:17: Epoch [47]  Batch [0]    Speed   0.4 (+ 4) sample/sec  loss-ce = 0.21440, top1 = 0.87500, top5 = 1.00000  
2022-10-25 10:40:38: Epoch [47]  Batch [50]   Speed   5.0 (+ 0) sample/sec  loss-ce = 0.48244, top1 = 0.86500, top5 = 0.99500  
2022-10-25 10:41:30: Epoch [47]   time cost: 152.06 sec (0.04 h)
2022-10-25 10:41:31: Checkpoint (model & optimizer) saved to: ./exps/models/archive_ori_arid-res2d18lstm-randomsampler-is_dark--is-dark/ori_arid-res2d18lstm-randomsampler-is_dark--is-dark_ep-0048.pth
2022-10-25 10:41:31: Start evaluating epoch 47:
2022-10-25 10:42:10: Epoch [47]  Batch [159]  Speed   8.3 (+ 2) sample/sec  loss-ce = 2.27758, top1 = 0.30938, top5 = 0.80312  
2022-10-25 10:42:10: Start epoch 48:
2022-10-25 10:42:24: Epoch [48]  Batch [0]    Speed   0.5 (+ 7) sample/sec  loss-ce = 0.35805, top1 = 1.00000, top5 = 1.00000  
2022-10-25 10:43:34: Epoch [48]  Batch [50]   Speed   5.7 (+ 0) sample/sec  loss-ce = 0.51588, top1 = 0.86000, top5 = 0.97500  
2022-10-25 10:44:49: Epoch [48]   time cost: 158.85 sec (0.04 h)
2022-10-25 10:44:49: Start evaluating epoch 48:
2022-10-25 10:45:23: Epoch [48]  Batch [159]  Speed   9.4 (+ 3) sample/sec  loss-ce = 2.55893, top1 = 0.28125, top5 = 0.75938  
2022-10-25 10:45:23: Start epoch 49:
2022-10-25 10:45:38: Epoch [49]  Batch [0]    Speed   0.5 (+ 6) sample/sec  loss-ce = 0.48331, top1 = 0.87500, top5 = 1.00000  
2022-10-25 10:46:43: Epoch [49]  Batch [50]   Speed   6.2 (+ 0) sample/sec  loss-ce = 0.48583, top1 = 0.84500, top5 = 0.99250  
2022-10-25 10:47:53: Epoch [49]   time cost: 149.99 sec (0.04 h)
2022-10-25 10:47:53: Checkpoint (model & optimizer) saved to: ./exps/models/archive_ori_arid-res2d18lstm-randomsampler-is_dark--is-dark/ori_arid-res2d18lstm-randomsampler-is_dark--is-dark_ep-0050.pth
2022-10-25 10:47:53: Start evaluating epoch 49:
2022-10-25 10:48:31: Epoch [49]  Batch [159]  Speed   8.6 (+ 2) sample/sec  loss-ce = 2.45313, top1 = 0.25000, top5 = 0.81250  
2022-10-25 10:48:31: Optimization done!
