2022-11-07 13:18:32: Using pytorch 1.12.0+cu113 (['/media/mldadmin/home/s122mdg36_01/anaconda3/envs/torchgpu/lib/python3.7/site-packages/torch'])
2022-11-07 13:18:32: Start training with args:
{
    "backend": "nccl",
    "batch_size": 8,
    "brighten_method": "ying_caip_canny_50_150",
    "clip_length": 16,
    "dataset": "ARID",
    "debug_mode": true,
    "dist_url": "tcp://192.168.0.11:23456",
    "end_epoch": 50,
    "fine_tune": true,
    "gpus": "0,1,2,3,4,5,6,7",
    "is_dark": false,
    "log_file": "./exps/logs/arid-resnet3d-18-MGsample-ying_caip_canny_thresh_50_150_at-gpu36.log",
    "lr_base": 0.01,
    "lr_factor": 0.1,
    "lr_steps": [
        20000,
        40000,
        80000
    ],
    "model_dir": "./exps/models/archive",
    "model_prefix": "./exps/models/archive/arid-resnet3d-18-MGsample-ying_caip_canny_thresh_50_150",
    "network": "resnet",
    "pretrained_2d": true,
    "pretrained_3d": null,
    "random_seed": 3407,
    "resume_epoch": -1,
    "save_frequency": 2,
    "segments": 1,
    "task_name": "arid-resnet3d-18-MGsample-ying_caip_canny_thresh_50_150",
    "train_frame_interval": 2,
    "use_flow": false,
    "use_segments": false,
    "val_frame_interval": 2,
    "world_size": 1
}
2022-11-07 13:18:32: Target dataset: 'ARID', configs: {'num_classes': 10}
2022-11-07 13:18:32: Initializer:: 'BasicStem' is uninitialized.
2022-11-07 13:18:32: Initializer:: 'AdaptiveAvgPool3d' is uninitialized.
2022-11-07 13:18:32: Initializer:: 'VideoResNet' is uninitialized.
2022-11-07 13:18:32: Network:: graph initialized, loading pretrained model: `/media/mldadmin/home/s122mdg36_01/caipei/assignment1/solutions/ARID_v1/network/pretrained/r3d_18-b3b3357e.pth'
2022-11-07 13:18:32: There are layers in current network not initialized by pretrained
2022-11-07 13:18:32: >> Failed to load: ['fc.weight', 'fc.bias']
2022-11-07 13:18:32: loading network configs of: RESNET
2022-11-07 13:18:32: Preprocessing:: using default mean & std from Kinetics original.
2022-11-07 13:18:32: data:: {'mean': [0.43216, 0.394666, 0.37645], 'std': [0.22803, 0.22145, 0.216989]}
2022-11-07 13:18:32: VideoIter:: clip_length = 16, interval = [train: 2, val: 2], seed = 3507
2022-11-07 13:18:32: VideoIter:: >> `check_video' is off, `tolerant_corrupted_video' is automatically activated.
2022-11-07 13:18:32: VideoIter:: found 750 videos in `./dataset/ARID/train.txt'
2022-11-07 13:18:32: VideoIter:: iterator initialized (phase: 'train', num: 750)
2022-11-07 13:18:32: VideoIter:: >> `check_video' is off, `tolerant_corrupted_video' is automatically activated.
2022-11-07 13:18:32: VideoIter:: found 320 videos in `./dataset/ARID/val.txt'
2022-11-07 13:18:32: VideoIter:: iterator initialized (phase: 'test', num: 320)
2022-11-07 13:18:33: Optimizer:: >> recuding the learning rate of 62 params: ['resnet.stem.0.weight', 'resnet.stem.1.weight', 'resnet.stem.1.bias', 'resnet.layer1.0.conv1.0.weight', 'resnet.layer1.0.conv1.1.weight', 'resnet.lay ... nv1.1.bias', 'resnet.layer4.1.conv2.0.weight', 'resnet.layer4.1.conv2.1.weight', 'resnet.layer4.1.conv2.1.bias', 'resnet.fc.weight', 'resnet.fc.bias']
2022-11-07 13:18:34: Iter 0: start with learning rate: 1.00000e-02 (next lr step: 2500)
2022-11-07 13:18:34: Start epoch 0:
2022-11-07 13:18:42: Epoch [0]   Batch [0]    Speed   1.0 (+ 4) sample/sec  loss-ce = 2.43043, top1 = 0.00000, top5 = 0.50000  
2022-11-07 13:19:29: Epoch [0]   Batch [50]   Speed   8.5 (+ 0) sample/sec  loss-ce = 2.24172, top1 = 0.17250, top5 = 0.65000  
2022-11-07 13:20:30: Epoch [0]   time cost: 116.61 sec (0.03 h)
2022-11-07 13:20:30: mkdir ./exps/models/archive_arid-resnet3d-18-MGsample-ying_caip_canny_thresh_50_150
2022-11-07 13:20:30: Checkpoint (model & optimizer) saved to: ./exps/models/archive_arid-resnet3d-18-MGsample-ying_caip_canny_thresh_50_150/arid-resnet3d-18-MGsample-ying_caip_canny_thresh_50_150_ep-0001.pth
2022-11-07 13:20:30: Start evaluating epoch 0:
2022-11-07 13:20:56: Epoch [0]   Batch [159]  Speed  12.7 (+ 2) sample/sec  loss-ce = 2.29796, top1 = 0.21875, top5 = 0.71875  
2022-11-07 13:20:56: Current best epoch found with top5 accuracy 0.71875 at epoch 1, saved
2022-11-07 13:20:57: Checkpoint (model & optimizer) saved to: ./exps/models/archive_arid-resnet3d-18-MGsample-ying_caip_canny_thresh_50_150/arid-resnet3d-18-MGsample-ying_caip_canny_thresh_50_150_ep-0001.pth
2022-11-07 13:20:59: Checkpoint (model & optimizer) saved to: ./exps/models/archive_arid-resnet3d-18-MGsample-ying_caip_canny_thresh_50_150/arid-resnet3d-18-MGsample-ying_caip_canny_thresh_50_150_ep-0001.pth
2022-11-07 13:20:59: Current best epoch found with top1 accuracy 0.21875 at epoch 1, saved
2022-11-07 13:20:59: Start epoch 1:
2022-11-07 13:21:08: Epoch [1]   Batch [0]    Speed   0.8 (+ 3) sample/sec  loss-ce = 1.87135, top1 = 0.37500, top5 = 0.75000  
2022-11-07 13:22:51: Epoch [1]   Batch [50]   Speed   3.9 (+ 0) sample/sec  loss-ce = 1.62047, top1 = 0.45000, top5 = 0.89000  
2022-11-07 13:24:06: Epoch [1]   time cost: 186.82 sec (0.05 h)
2022-11-07 13:24:06: Checkpoint (model & optimizer) saved to: ./exps/models/archive_arid-resnet3d-18-MGsample-ying_caip_canny_thresh_50_150/arid-resnet3d-18-MGsample-ying_caip_canny_thresh_50_150_ep-0002.pth
2022-11-07 13:24:06: Start evaluating epoch 1:
2022-11-07 13:24:32: Epoch [1]   Batch [159]  Speed  12.6 (+ 2) sample/sec  loss-ce = 1.99391, top1 = 0.34063, top5 = 0.78438  
2022-11-07 13:24:32: Current best epoch found with top5 accuracy 0.78438 at epoch 2, saved
2022-11-07 13:24:32: Current best epoch found with top1 accuracy 0.34063 at epoch 2, saved
2022-11-07 13:24:32: Start epoch 2:
2022-11-07 13:24:44: Epoch [2]   Batch [0]    Speed   0.6 (+ 3) sample/sec  loss-ce = 1.11974, top1 = 0.62500, top5 = 0.87500  
2022-11-07 13:26:25: Epoch [2]   Batch [50]   Speed   4.0 (+ 0) sample/sec  loss-ce = 1.21457, top1 = 0.62000, top5 = 0.96250  
2022-11-07 13:27:45: Epoch [2]   time cost: 193.34 sec (0.05 h)
2022-11-07 13:27:45: Start evaluating epoch 2:
2022-11-07 13:28:10: Epoch [2]   Batch [159]  Speed  12.8 (+ 2) sample/sec  loss-ce = 1.91915, top1 = 0.40000, top5 = 0.84062  
2022-11-07 13:28:10: Current best epoch found with top5 accuracy 0.84062 at epoch 3, saved
2022-11-07 13:28:10: Checkpoint (model & optimizer) saved to: ./exps/models/archive_arid-resnet3d-18-MGsample-ying_caip_canny_thresh_50_150/arid-resnet3d-18-MGsample-ying_caip_canny_thresh_50_150_ep-0003.pth
2022-11-07 13:28:12: Checkpoint (model & optimizer) saved to: ./exps/models/archive_arid-resnet3d-18-MGsample-ying_caip_canny_thresh_50_150/arid-resnet3d-18-MGsample-ying_caip_canny_thresh_50_150_ep-0003.pth
2022-11-07 13:28:12: Current best epoch found with top1 accuracy 0.40000 at epoch 3, saved
2022-11-07 13:28:12: Start epoch 3:
2022-11-07 13:28:23: Epoch [3]   Batch [0]    Speed   0.7 (+ 3) sample/sec  loss-ce = 1.31326, top1 = 0.75000, top5 = 0.87500  
2022-11-07 13:30:03: Epoch [3]   Batch [50]   Speed   4.0 (+ 0) sample/sec  loss-ce = 0.99081, top1 = 0.66500, top5 = 0.99000  
2022-11-07 13:31:21: Epoch [3]   time cost: 189.25 sec (0.05 h)
2022-11-07 13:31:21: Checkpoint (model & optimizer) saved to: ./exps/models/archive_arid-resnet3d-18-MGsample-ying_caip_canny_thresh_50_150/arid-resnet3d-18-MGsample-ying_caip_canny_thresh_50_150_ep-0004.pth
2022-11-07 13:31:21: Start evaluating epoch 3:
2022-11-07 13:31:47: Epoch [3]   Batch [159]  Speed  12.8 (+ 2) sample/sec  loss-ce = 1.88154, top1 = 0.40625, top5 = 0.85938  
2022-11-07 13:31:47: Current best epoch found with top5 accuracy 0.85938 at epoch 4, saved
2022-11-07 13:31:47: Current best epoch found with top1 accuracy 0.40625 at epoch 4, saved
2022-11-07 13:31:47: Start epoch 4:
2022-11-07 13:31:57: Epoch [4]   Batch [0]    Speed   0.7 (+ 3) sample/sec  loss-ce = 1.03559, top1 = 0.62500, top5 = 0.87500  
2022-11-07 13:33:38: Epoch [4]   Batch [50]   Speed   4.0 (+ 0) sample/sec  loss-ce = 0.75044, top1 = 0.79000, top5 = 0.99000  
2022-11-07 13:34:57: Epoch [4]   time cost: 190.28 sec (0.05 h)
2022-11-07 13:34:57: Start evaluating epoch 4:
2022-11-07 13:35:23: Epoch [4]   Batch [159]  Speed  12.4 (+ 2) sample/sec  loss-ce = 1.92868, top1 = 0.37812, top5 = 0.89375  
2022-11-07 13:35:23: Current best epoch found with top5 accuracy 0.89375 at epoch 5, saved
2022-11-07 13:35:23: Checkpoint (model & optimizer) saved to: ./exps/models/archive_arid-resnet3d-18-MGsample-ying_caip_canny_thresh_50_150/arid-resnet3d-18-MGsample-ying_caip_canny_thresh_50_150_ep-0005.pth
2022-11-07 13:35:23: Start epoch 5:
2022-11-07 13:35:35: Epoch [5]   Batch [0]    Speed   0.7 (+ 3) sample/sec  loss-ce = 0.75829, top1 = 0.87500, top5 = 0.87500  
2022-11-07 13:37:15: Epoch [5]   Batch [50]   Speed   4.0 (+ 0) sample/sec  loss-ce = 0.66246, top1 = 0.80500, top5 = 0.98750  
2022-11-07 13:38:35: Epoch [5]   time cost: 191.64 sec (0.05 h)
2022-11-07 13:38:35: Checkpoint (model & optimizer) saved to: ./exps/models/archive_arid-resnet3d-18-MGsample-ying_caip_canny_thresh_50_150/arid-resnet3d-18-MGsample-ying_caip_canny_thresh_50_150_ep-0006.pth
2022-11-07 13:38:35: Start evaluating epoch 5:
2022-11-07 13:39:00: Epoch [5]   Batch [159]  Speed  12.8 (+ 2) sample/sec  loss-ce = 1.73908, top1 = 0.40937, top5 = 0.89375  
2022-11-07 13:39:00: Current best epoch found with top1 accuracy 0.40937 at epoch 6, saved
2022-11-07 13:39:00: Start epoch 6:
2022-11-07 13:39:11: Epoch [6]   Batch [0]    Speed   0.7 (+ 3) sample/sec  loss-ce = 0.35555, top1 = 1.00000, top5 = 1.00000  
2022-11-07 13:40:51: Epoch [6]   Batch [50]   Speed   4.0 (+ 0) sample/sec  loss-ce = 0.58327, top1 = 0.83750, top5 = 0.98750  
2022-11-07 13:42:10: Epoch [6]   time cost: 189.85 sec (0.05 h)
2022-11-07 13:42:10: Start evaluating epoch 6:
2022-11-07 13:42:35: Epoch [6]   Batch [159]  Speed  12.8 (+ 2) sample/sec  loss-ce = 1.79502, top1 = 0.40937, top5 = 0.88125  
2022-11-07 13:42:35: Checkpoint (model & optimizer) saved to: ./exps/models/archive_arid-resnet3d-18-MGsample-ying_caip_canny_thresh_50_150/arid-resnet3d-18-MGsample-ying_caip_canny_thresh_50_150_ep-0007.pth
2022-11-07 13:42:35: Current best epoch found with top1 accuracy 0.40937 at epoch 7, saved
2022-11-07 13:42:35: Start epoch 7:
2022-11-07 13:42:46: Epoch [7]   Batch [0]    Speed   0.7 (+ 3) sample/sec  loss-ce = 0.43012, top1 = 0.87500, top5 = 1.00000  
2022-11-07 13:44:26: Epoch [7]   Batch [50]   Speed   4.0 (+ 0) sample/sec  loss-ce = 0.55780, top1 = 0.83750, top5 = 0.98750  
2022-11-07 13:45:44: Epoch [7]   time cost: 189.06 sec (0.05 h)
2022-11-07 13:45:45: Checkpoint (model & optimizer) saved to: ./exps/models/archive_arid-resnet3d-18-MGsample-ying_caip_canny_thresh_50_150/arid-resnet3d-18-MGsample-ying_caip_canny_thresh_50_150_ep-0008.pth
2022-11-07 13:45:45: Start evaluating epoch 7:
2022-11-07 13:46:10: Epoch [7]   Batch [159]  Speed  12.8 (+ 2) sample/sec  loss-ce = 1.97567, top1 = 0.34063, top5 = 0.89375  
2022-11-07 13:46:10: Start epoch 8:
2022-11-07 13:46:23: Epoch [8]   Batch [0]    Speed   0.6 (+ 3) sample/sec  loss-ce = 0.73319, top1 = 0.75000, top5 = 1.00000  
2022-11-07 13:48:00: Epoch [8]   Batch [50]   Speed   4.1 (+ 0) sample/sec  loss-ce = 0.42245, top1 = 0.86750, top5 = 0.99500  
2022-11-07 13:49:22: Epoch [8]   time cost: 192.32 sec (0.05 h)
2022-11-07 13:49:22: Start evaluating epoch 8:
2022-11-07 13:49:52: Epoch [8]   Batch [159]  Speed  10.9 (+ 4) sample/sec  loss-ce = 1.81373, top1 = 0.43750, top5 = 0.90312  
2022-11-07 13:49:52: Current best epoch found with top5 accuracy 0.90312 at epoch 9, saved
2022-11-07 13:49:53: Checkpoint (model & optimizer) saved to: ./exps/models/archive_arid-resnet3d-18-MGsample-ying_caip_canny_thresh_50_150/arid-resnet3d-18-MGsample-ying_caip_canny_thresh_50_150_ep-0009.pth
2022-11-07 13:49:54: Checkpoint (model & optimizer) saved to: ./exps/models/archive_arid-resnet3d-18-MGsample-ying_caip_canny_thresh_50_150/arid-resnet3d-18-MGsample-ying_caip_canny_thresh_50_150_ep-0009.pth
2022-11-07 13:49:54: Current best epoch found with top1 accuracy 0.43750 at epoch 9, saved
2022-11-07 13:49:54: Start epoch 9:
2022-11-07 13:50:10: Epoch [9]   Batch [0]    Speed   0.5 (+ 3) sample/sec  loss-ce = 0.17463, top1 = 1.00000, top5 = 1.00000  
2022-11-07 13:51:34: Epoch [9]   Batch [50]   Speed   4.7 (+ 0) sample/sec  loss-ce = 0.43518, top1 = 0.85750, top5 = 0.99750  
2022-11-07 13:52:38: Epoch [9]   time cost: 163.44 sec (0.05 h)
2022-11-07 13:52:38: Checkpoint (model & optimizer) saved to: ./exps/models/archive_arid-resnet3d-18-MGsample-ying_caip_canny_thresh_50_150/arid-resnet3d-18-MGsample-ying_caip_canny_thresh_50_150_ep-0010.pth
2022-11-07 13:52:38: Start evaluating epoch 9:
2022-11-07 13:53:14: Epoch [9]   Batch [159]  Speed   8.9 (+ 5) sample/sec  loss-ce = 1.90052, top1 = 0.42500, top5 = 0.90312  
2022-11-07 13:53:14: Start epoch 10:
2022-11-07 13:53:29: Epoch [10]  Batch [0]    Speed   0.5 (+ 3) sample/sec  loss-ce = 0.39167, top1 = 1.00000, top5 = 1.00000  
2022-11-07 13:55:02: Epoch [10]  Batch [50]   Speed   4.3 (+ 0) sample/sec  loss-ce = 0.29327, top1 = 0.93500, top5 = 1.00000  
2022-11-07 13:55:55: Epoch [10]   time cost: 160.73 sec (0.04 h)
2022-11-07 13:55:55: Start evaluating epoch 10:
2022-11-07 13:56:47: Epoch [10]  Batch [159]  Speed   6.2 (+ 8) sample/sec  loss-ce = 2.05871, top1 = 0.39375, top5 = 0.89375  
2022-11-07 13:56:47: Start epoch 11:
2022-11-07 13:57:13: Epoch [11]  Batch [0]    Speed   0.3 (+ 4) sample/sec  loss-ce = 0.38875, top1 = 0.87500, top5 = 1.00000  
2022-11-07 13:58:52: Epoch [11]  Batch [50]   Speed   4.0 (+ 0) sample/sec  loss-ce = 0.27213, top1 = 0.93500, top5 = 1.00000  
2022-11-07 13:59:46: Epoch [11]   time cost: 178.39 sec (0.05 h)
2022-11-07 13:59:47: Checkpoint (model & optimizer) saved to: ./exps/models/archive_arid-resnet3d-18-MGsample-ying_caip_canny_thresh_50_150/arid-resnet3d-18-MGsample-ying_caip_canny_thresh_50_150_ep-0012.pth
2022-11-07 13:59:47: Start evaluating epoch 11:
2022-11-07 14:00:37: Epoch [11]  Batch [159]  Speed   6.4 (+ 7) sample/sec  loss-ce = 2.11666, top1 = 0.39375, top5 = 0.90000  
2022-11-07 14:00:37: Start epoch 12:
2022-11-07 14:01:12: Epoch [12]  Batch [0]    Speed   0.2 (+ 6) sample/sec  loss-ce = 0.46582, top1 = 0.75000, top5 = 1.00000  
2022-11-07 14:02:45: Epoch [12]  Batch [50]   Speed   4.3 (+ 0) sample/sec  loss-ce = 0.30595, top1 = 0.92000, top5 = 0.99750  
2022-11-07 14:03:38: Epoch [12]   time cost: 181.34 sec (0.05 h)
2022-11-07 14:03:38: Start evaluating epoch 12:
2022-11-07 14:04:10: Epoch [12]  Batch [159]  Speed  10.1 (+ 4) sample/sec  loss-ce = 2.03236, top1 = 0.43750, top5 = 0.88438  
2022-11-07 14:04:11: Checkpoint (model & optimizer) saved to: ./exps/models/archive_arid-resnet3d-18-MGsample-ying_caip_canny_thresh_50_150/arid-resnet3d-18-MGsample-ying_caip_canny_thresh_50_150_ep-0013.pth
2022-11-07 14:04:11: Current best epoch found with top1 accuracy 0.43750 at epoch 13, saved
2022-11-07 14:04:11: Start epoch 13:
2022-11-07 14:04:33: Epoch [13]  Batch [0]    Speed   0.4 (+ 4) sample/sec  loss-ce = 0.13595, top1 = 1.00000, top5 = 1.00000  
2022-11-07 14:06:15: Epoch [13]  Batch [50]   Speed   3.9 (+ 0) sample/sec  loss-ce = 0.25280, top1 = 0.92750, top5 = 1.00000  
2022-11-07 14:07:18: Epoch [13]   time cost: 187.58 sec (0.05 h)
2022-11-07 14:07:19: Checkpoint (model & optimizer) saved to: ./exps/models/archive_arid-resnet3d-18-MGsample-ying_caip_canny_thresh_50_150/arid-resnet3d-18-MGsample-ying_caip_canny_thresh_50_150_ep-0014.pth
2022-11-07 14:07:19: Start evaluating epoch 13:
2022-11-07 14:07:45: Epoch [13]  Batch [159]  Speed  12.4 (+ 2) sample/sec  loss-ce = 2.04704, top1 = 0.42812, top5 = 0.88750  
2022-11-07 14:07:45: Start epoch 14:
2022-11-07 14:07:57: Epoch [14]  Batch [0]    Speed   0.6 (+ 3) sample/sec  loss-ce = 0.22206, top1 = 1.00000, top5 = 1.00000  
2022-11-07 14:09:41: Epoch [14]  Batch [50]   Speed   3.9 (+ 0) sample/sec  loss-ce = 0.22157, top1 = 0.93750, top5 = 1.00000  
2022-11-07 14:10:54: Epoch [14]   time cost: 189.97 sec (0.05 h)
2022-11-07 14:10:54: Start evaluating epoch 14:
2022-11-07 14:11:20: Epoch [14]  Batch [159]  Speed  12.5 (+ 2) sample/sec  loss-ce = 2.04227, top1 = 0.40625, top5 = 0.89687  
2022-11-07 14:11:20: Start epoch 15:
2022-11-07 14:11:33: Epoch [15]  Batch [0]    Speed   0.6 (+ 3) sample/sec  loss-ce = 0.15421, top1 = 1.00000, top5 = 1.00000  
2022-11-07 14:13:17: Epoch [15]  Batch [50]   Speed   3.9 (+ 0) sample/sec  loss-ce = 0.22211, top1 = 0.94000, top5 = 1.00000  
2022-11-07 14:14:31: Epoch [15]   time cost: 190.47 sec (0.05 h)
2022-11-07 14:14:31: Checkpoint (model & optimizer) saved to: ./exps/models/archive_arid-resnet3d-18-MGsample-ying_caip_canny_thresh_50_150/arid-resnet3d-18-MGsample-ying_caip_canny_thresh_50_150_ep-0016.pth
2022-11-07 14:14:31: Start evaluating epoch 15:
2022-11-07 14:14:57: Epoch [15]  Batch [159]  Speed  12.4 (+ 2) sample/sec  loss-ce = 1.99528, top1 = 0.42188, top5 = 0.89375  
2022-11-07 14:14:57: Start epoch 16:
2022-11-07 14:15:09: Epoch [16]  Batch [0]    Speed   0.7 (+ 3) sample/sec  loss-ce = 0.27611, top1 = 0.87500, top5 = 1.00000  
2022-11-07 14:16:53: Epoch [16]  Batch [50]   Speed   3.9 (+ 0) sample/sec  loss-ce = 0.17950, top1 = 0.95500, top5 = 0.99750  
2022-11-07 14:18:06: Epoch [16]   time cost: 189.23 sec (0.05 h)
2022-11-07 14:18:06: Start evaluating epoch 16:
2022-11-07 14:18:32: Epoch [16]  Batch [159]  Speed  12.5 (+ 2) sample/sec  loss-ce = 2.11272, top1 = 0.42188, top5 = 0.88438  
2022-11-07 14:18:32: Start epoch 17:
2022-11-07 14:18:44: Epoch [17]  Batch [0]    Speed   0.6 (+ 3) sample/sec  loss-ce = 0.07430, top1 = 1.00000, top5 = 1.00000  
2022-11-07 14:20:27: Epoch [17]  Batch [50]   Speed   3.9 (+ 0) sample/sec  loss-ce = 0.14811, top1 = 0.96500, top5 = 1.00000  
2022-11-07 14:21:41: Epoch [17]   time cost: 188.78 sec (0.05 h)
2022-11-07 14:21:41: Checkpoint (model & optimizer) saved to: ./exps/models/archive_arid-resnet3d-18-MGsample-ying_caip_canny_thresh_50_150/arid-resnet3d-18-MGsample-ying_caip_canny_thresh_50_150_ep-0018.pth
2022-11-07 14:21:41: Start evaluating epoch 17:
2022-11-07 14:22:07: Epoch [17]  Batch [159]  Speed  12.4 (+ 2) sample/sec  loss-ce = 2.06037, top1 = 0.42188, top5 = 0.90625  
2022-11-07 14:22:07: Current best epoch found with top5 accuracy 0.90625 at epoch 18, saved
2022-11-07 14:22:07: Start epoch 18:
2022-11-07 14:22:21: Epoch [18]  Batch [0]    Speed   0.6 (+ 3) sample/sec  loss-ce = 0.12978, top1 = 1.00000, top5 = 1.00000  
2022-11-07 14:24:04: Epoch [18]  Batch [50]   Speed   3.9 (+ 0) sample/sec  loss-ce = 0.19411, top1 = 0.94000, top5 = 1.00000  
2022-11-07 14:25:16: Epoch [18]   time cost: 188.73 sec (0.05 h)
2022-11-07 14:25:16: Start evaluating epoch 18:
2022-11-07 14:25:41: Epoch [18]  Batch [159]  Speed  12.5 (+ 2) sample/sec  loss-ce = 2.13237, top1 = 0.43125, top5 = 0.91875  
2022-11-07 14:25:41: Current best epoch found with top5 accuracy 0.91875 at epoch 19, saved
2022-11-07 14:25:42: Checkpoint (model & optimizer) saved to: ./exps/models/archive_arid-resnet3d-18-MGsample-ying_caip_canny_thresh_50_150/arid-resnet3d-18-MGsample-ying_caip_canny_thresh_50_150_ep-0019.pth
2022-11-07 14:25:42: Start epoch 19:
2022-11-07 14:25:54: Epoch [19]  Batch [0]    Speed   0.6 (+ 3) sample/sec  loss-ce = 0.09268, top1 = 1.00000, top5 = 1.00000  
2022-11-07 14:27:38: Epoch [19]  Batch [50]   Speed   3.8 (+ 0) sample/sec  loss-ce = 0.16814, top1 = 0.96000, top5 = 0.99500  
2022-11-07 14:28:51: Epoch [19]   time cost: 189.04 sec (0.05 h)
2022-11-07 14:28:51: Checkpoint (model & optimizer) saved to: ./exps/models/archive_arid-resnet3d-18-MGsample-ying_caip_canny_thresh_50_150/arid-resnet3d-18-MGsample-ying_caip_canny_thresh_50_150_ep-0020.pth
2022-11-07 14:28:51: Start evaluating epoch 19:
2022-11-07 14:29:17: Epoch [19]  Batch [159]  Speed  12.4 (+ 2) sample/sec  loss-ce = 2.03612, top1 = 0.46250, top5 = 0.90938  
2022-11-07 14:29:17: Current best epoch found with top1 accuracy 0.46250 at epoch 20, saved
2022-11-07 14:29:17: Start epoch 20:
2022-11-07 14:29:33: Epoch [20]  Batch [0]    Speed   0.5 (+ 3) sample/sec  loss-ce = 0.02034, top1 = 1.00000, top5 = 1.00000  
2022-11-07 14:31:14: Epoch [20]  Batch [50]   Speed   3.9 (+ 0) sample/sec  loss-ce = 0.12009, top1 = 0.98000, top5 = 1.00000  
2022-11-07 14:32:24: Epoch [20]   time cost: 186.80 sec (0.05 h)
2022-11-07 14:32:24: Start evaluating epoch 20:
2022-11-07 14:32:50: Epoch [20]  Batch [159]  Speed  12.5 (+ 2) sample/sec  loss-ce = 2.24191, top1 = 0.40625, top5 = 0.90312  
2022-11-07 14:32:50: Start epoch 21:
2022-11-07 14:33:01: Epoch [21]  Batch [0]    Speed   0.7 (+ 3) sample/sec  loss-ce = 0.10983, top1 = 1.00000, top5 = 1.00000  
2022-11-07 14:34:44: Epoch [21]  Batch [50]   Speed   3.9 (+ 0) sample/sec  loss-ce = 0.15658, top1 = 0.95500, top5 = 1.00000  
2022-11-07 14:35:59: Epoch [21]   time cost: 189.39 sec (0.05 h)
2022-11-07 14:35:59: Checkpoint (model & optimizer) saved to: ./exps/models/archive_arid-resnet3d-18-MGsample-ying_caip_canny_thresh_50_150/arid-resnet3d-18-MGsample-ying_caip_canny_thresh_50_150_ep-0022.pth
2022-11-07 14:35:59: Start evaluating epoch 21:
2022-11-07 14:36:25: Epoch [21]  Batch [159]  Speed  12.3 (+ 2) sample/sec  loss-ce = 2.20809, top1 = 0.42500, top5 = 0.89062  
2022-11-07 14:36:25: Start epoch 22:
2022-11-07 14:36:40: Epoch [22]  Batch [0]    Speed   0.5 (+ 3) sample/sec  loss-ce = 0.04670, top1 = 1.00000, top5 = 1.00000  
2022-11-07 14:38:22: Epoch [22]  Batch [50]   Speed   3.9 (+ 0) sample/sec  loss-ce = 0.12683, top1 = 0.96750, top5 = 1.00000  
2022-11-07 14:39:31: Epoch [22]   time cost: 185.65 sec (0.05 h)
2022-11-07 14:39:31: Start evaluating epoch 22:
2022-11-07 14:39:57: Epoch [22]  Batch [159]  Speed  12.4 (+ 2) sample/sec  loss-ce = 2.29799, top1 = 0.40313, top5 = 0.90000  
2022-11-07 14:39:57: Start epoch 23:
2022-11-07 14:40:09: Epoch [23]  Batch [0]    Speed   0.7 (+ 3) sample/sec  loss-ce = 0.03080, top1 = 1.00000, top5 = 1.00000  
2022-11-07 14:41:51: Epoch [23]  Batch [50]   Speed   3.9 (+ 0) sample/sec  loss-ce = 0.12503, top1 = 0.97000, top5 = 1.00000  
2022-11-07 14:43:06: Epoch [23]   time cost: 188.66 sec (0.05 h)
2022-11-07 14:43:06: Checkpoint (model & optimizer) saved to: ./exps/models/archive_arid-resnet3d-18-MGsample-ying_caip_canny_thresh_50_150/arid-resnet3d-18-MGsample-ying_caip_canny_thresh_50_150_ep-0024.pth
2022-11-07 14:43:06: Start evaluating epoch 23:
2022-11-07 14:43:32: Epoch [23]  Batch [159]  Speed  12.4 (+ 2) sample/sec  loss-ce = 2.36918, top1 = 0.45000, top5 = 0.88438  
2022-11-07 14:43:32: Start epoch 24:
2022-11-07 14:43:46: Epoch [24]  Batch [0]    Speed   0.6 (+ 3) sample/sec  loss-ce = 0.14233, top1 = 0.87500, top5 = 1.00000  
2022-11-07 14:45:29: Epoch [24]  Batch [50]   Speed   3.9 (+ 0) sample/sec  loss-ce = 0.09221, top1 = 0.98000, top5 = 1.00000  
2022-11-07 14:46:40: Epoch [24]   time cost: 188.41 sec (0.05 h)
2022-11-07 14:46:40: Start evaluating epoch 24:
2022-11-07 14:47:06: Epoch [24]  Batch [159]  Speed  12.4 (+ 2) sample/sec  loss-ce = 2.40476, top1 = 0.40625, top5 = 0.89687  
2022-11-07 14:47:06: Start epoch 25:
2022-11-07 14:47:18: Epoch [25]  Batch [0]    Speed   0.7 (+ 3) sample/sec  loss-ce = 0.03842, top1 = 1.00000, top5 = 1.00000  
2022-11-07 14:49:01: Epoch [25]  Batch [50]   Speed   3.9 (+ 0) sample/sec  loss-ce = 0.10562, top1 = 0.97750, top5 = 1.00000  
2022-11-07 14:50:14: Epoch [25]   time cost: 188.04 sec (0.05 h)
2022-11-07 14:50:15: Checkpoint (model & optimizer) saved to: ./exps/models/archive_arid-resnet3d-18-MGsample-ying_caip_canny_thresh_50_150/arid-resnet3d-18-MGsample-ying_caip_canny_thresh_50_150_ep-0026.pth
2022-11-07 14:50:15: Start evaluating epoch 25:
2022-11-07 14:50:41: Epoch [25]  Batch [159]  Speed  12.4 (+ 2) sample/sec  loss-ce = 2.38099, top1 = 0.41250, top5 = 0.88438  
2022-11-07 14:50:41: Start epoch 26:
2022-11-07 14:50:56: Epoch [26]  Batch [0]    Speed   0.5 (+ 3) sample/sec  loss-ce = 0.01908, top1 = 1.00000, top5 = 1.00000  
2022-11-07 14:52:40: Epoch [26]  Batch [50]   Speed   3.9 (+ 0) sample/sec  loss-ce = 0.08232, top1 = 0.98500, top5 = 1.00000  
2022-11-07 14:52:46: Iter: 2500, change learning rate to 1.00000e-03 for step [2500:5000)
2022-11-07 14:53:49: Epoch [26]   time cost: 188.78 sec (0.05 h)
2022-11-07 14:53:49: Start evaluating epoch 26:
2022-11-07 14:54:15: Epoch [26]  Batch [159]  Speed  12.4 (+ 2) sample/sec  loss-ce = 2.28643, top1 = 0.43125, top5 = 0.89687  
2022-11-07 14:54:15: Start epoch 27:
2022-11-07 14:54:28: Epoch [27]  Batch [0]    Speed   0.6 (+ 3) sample/sec  loss-ce = 0.01196, top1 = 1.00000, top5 = 1.00000  
2022-11-07 14:56:11: Epoch [27]  Batch [50]   Speed   3.8 (+ 0) sample/sec  loss-ce = 0.10047, top1 = 0.97750, top5 = 1.00000  
2022-11-07 14:57:23: Epoch [27]   time cost: 188.04 sec (0.05 h)
2022-11-07 14:57:24: Checkpoint (model & optimizer) saved to: ./exps/models/archive_arid-resnet3d-18-MGsample-ying_caip_canny_thresh_50_150/arid-resnet3d-18-MGsample-ying_caip_canny_thresh_50_150_ep-0028.pth
2022-11-07 14:57:24: Start evaluating epoch 27:
2022-11-07 14:57:50: Epoch [27]  Batch [159]  Speed  12.4 (+ 2) sample/sec  loss-ce = 2.21743, top1 = 0.43750, top5 = 0.90625  
2022-11-07 14:57:50: Start epoch 28:
2022-11-07 14:58:04: Epoch [28]  Batch [0]    Speed   0.5 (+ 3) sample/sec  loss-ce = 0.13052, top1 = 1.00000, top5 = 1.00000  
2022-11-07 14:59:47: Epoch [28]  Batch [50]   Speed   3.9 (+ 0) sample/sec  loss-ce = 0.08234, top1 = 0.98000, top5 = 1.00000  
2022-11-07 15:00:57: Epoch [28]   time cost: 187.89 sec (0.05 h)
2022-11-07 15:00:57: Start evaluating epoch 28:
2022-11-07 15:01:23: Epoch [28]  Batch [159]  Speed  12.4 (+ 2) sample/sec  loss-ce = 2.24858, top1 = 0.43125, top5 = 0.90000  
2022-11-07 15:01:23: Start epoch 29:
2022-11-07 15:01:36: Epoch [29]  Batch [0]    Speed   0.7 (+ 3) sample/sec  loss-ce = 0.04532, top1 = 1.00000, top5 = 1.00000  
2022-11-07 15:03:19: Epoch [29]  Batch [50]   Speed   3.9 (+ 0) sample/sec  loss-ce = 0.06149, top1 = 0.98750, top5 = 1.00000  
2022-11-07 15:04:33: Epoch [29]   time cost: 189.50 sec (0.05 h)
2022-11-07 15:04:33: Checkpoint (model & optimizer) saved to: ./exps/models/archive_arid-resnet3d-18-MGsample-ying_caip_canny_thresh_50_150/arid-resnet3d-18-MGsample-ying_caip_canny_thresh_50_150_ep-0030.pth
2022-11-07 15:04:33: Start evaluating epoch 29:
2022-11-07 15:04:59: Epoch [29]  Batch [159]  Speed  12.4 (+ 2) sample/sec  loss-ce = 2.25871, top1 = 0.42188, top5 = 0.89375  
2022-11-07 15:04:59: Start epoch 30:
2022-11-07 15:05:20: Epoch [30]  Batch [0]    Speed   0.4 (+ 3) sample/sec  loss-ce = 0.01552, top1 = 1.00000, top5 = 1.00000  
2022-11-07 15:06:57: Epoch [30]  Batch [50]   Speed   4.1 (+ 0) sample/sec  loss-ce = 0.07345, top1 = 0.98500, top5 = 1.00000  
2022-11-07 15:08:07: Epoch [30]   time cost: 187.49 sec (0.05 h)
2022-11-07 15:08:07: Start evaluating epoch 30:
2022-11-07 15:08:33: Epoch [30]  Batch [159]  Speed  12.4 (+ 2) sample/sec  loss-ce = 2.32141, top1 = 0.42812, top5 = 0.90000  
2022-11-07 15:08:33: Start epoch 31:
2022-11-07 15:08:45: Epoch [31]  Batch [0]    Speed   0.7 (+ 3) sample/sec  loss-ce = 0.14997, top1 = 0.87500, top5 = 1.00000  
2022-11-07 15:10:28: Epoch [31]  Batch [50]   Speed   3.9 (+ 0) sample/sec  loss-ce = 0.06309, top1 = 0.98500, top5 = 1.00000  
2022-11-07 15:11:40: Epoch [31]   time cost: 187.81 sec (0.05 h)
2022-11-07 15:11:41: Checkpoint (model & optimizer) saved to: ./exps/models/archive_arid-resnet3d-18-MGsample-ying_caip_canny_thresh_50_150/arid-resnet3d-18-MGsample-ying_caip_canny_thresh_50_150_ep-0032.pth
2022-11-07 15:11:41: Start evaluating epoch 31:
2022-11-07 15:12:07: Epoch [31]  Batch [159]  Speed  12.4 (+ 2) sample/sec  loss-ce = 2.21785, top1 = 0.44375, top5 = 0.89687  
2022-11-07 15:12:07: Start epoch 32:
2022-11-07 15:12:20: Epoch [32]  Batch [0]    Speed   0.6 (+ 3) sample/sec  loss-ce = 0.00213, top1 = 1.00000, top5 = 1.00000  
2022-11-07 15:14:03: Epoch [32]  Batch [50]   Speed   3.9 (+ 0) sample/sec  loss-ce = 0.09417, top1 = 0.97250, top5 = 1.00000  
2022-11-07 15:15:14: Epoch [32]   time cost: 187.78 sec (0.05 h)
2022-11-07 15:15:14: Start evaluating epoch 32:
2022-11-07 15:15:40: Epoch [32]  Batch [159]  Speed  12.4 (+ 2) sample/sec  loss-ce = 2.24674, top1 = 0.41563, top5 = 0.90938  
2022-11-07 15:15:40: Start epoch 33:
2022-11-07 15:15:55: Epoch [33]  Batch [0]    Speed   0.5 (+ 3) sample/sec  loss-ce = 0.06696, top1 = 1.00000, top5 = 1.00000  
2022-11-07 15:17:38: Epoch [33]  Batch [50]   Speed   3.9 (+ 0) sample/sec  loss-ce = 0.07546, top1 = 0.98500, top5 = 1.00000  
2022-11-07 15:18:49: Epoch [33]   time cost: 188.44 sec (0.05 h)
2022-11-07 15:18:49: Checkpoint (model & optimizer) saved to: ./exps/models/archive_arid-resnet3d-18-MGsample-ying_caip_canny_thresh_50_150/arid-resnet3d-18-MGsample-ying_caip_canny_thresh_50_150_ep-0034.pth
2022-11-07 15:18:49: Start evaluating epoch 33:
2022-11-07 15:19:15: Epoch [33]  Batch [159]  Speed  12.3 (+ 2) sample/sec  loss-ce = 2.21754, top1 = 0.43438, top5 = 0.90312  
2022-11-07 15:19:15: Start epoch 34:
2022-11-07 15:19:28: Epoch [34]  Batch [0]    Speed   0.6 (+ 3) sample/sec  loss-ce = 0.06477, top1 = 1.00000, top5 = 1.00000  
2022-11-07 15:21:12: Epoch [34]  Batch [50]   Speed   3.9 (+ 0) sample/sec  loss-ce = 0.08247, top1 = 0.98500, top5 = 1.00000  
2022-11-07 15:22:22: Epoch [34]   time cost: 187.28 sec (0.05 h)
2022-11-07 15:22:22: Start evaluating epoch 34:
2022-11-07 15:22:48: Epoch [34]  Batch [159]  Speed  12.4 (+ 2) sample/sec  loss-ce = 2.28921, top1 = 0.42500, top5 = 0.89687  
2022-11-07 15:22:48: Start epoch 35:
2022-11-07 15:23:01: Epoch [35]  Batch [0]    Speed   0.6 (+ 3) sample/sec  loss-ce = 0.15036, top1 = 1.00000, top5 = 1.00000  
2022-11-07 15:24:44: Epoch [35]  Batch [50]   Speed   3.9 (+ 0) sample/sec  loss-ce = 0.05568, top1 = 0.99500, top5 = 1.00000  
2022-11-07 15:25:56: Epoch [35]   time cost: 187.97 sec (0.05 h)
2022-11-07 15:25:57: Checkpoint (model & optimizer) saved to: ./exps/models/archive_arid-resnet3d-18-MGsample-ying_caip_canny_thresh_50_150/arid-resnet3d-18-MGsample-ying_caip_canny_thresh_50_150_ep-0036.pth
2022-11-07 15:25:57: Start evaluating epoch 35:
2022-11-07 15:26:22: Epoch [35]  Batch [159]  Speed  12.4 (+ 2) sample/sec  loss-ce = 2.26204, top1 = 0.41563, top5 = 0.90312  
2022-11-07 15:26:22: Start epoch 36:
2022-11-07 15:26:39: Epoch [36]  Batch [0]    Speed   0.5 (+ 3) sample/sec  loss-ce = 0.05927, top1 = 1.00000, top5 = 1.00000  
2022-11-07 15:28:22: Epoch [36]  Batch [50]   Speed   3.9 (+ 0) sample/sec  loss-ce = 0.08047, top1 = 0.98000, top5 = 1.00000  
2022-11-07 15:29:30: Epoch [36]   time cost: 187.92 sec (0.05 h)
2022-11-07 15:29:30: Start evaluating epoch 36:
2022-11-07 15:29:56: Epoch [36]  Batch [159]  Speed  12.4 (+ 2) sample/sec  loss-ce = 2.29628, top1 = 0.41875, top5 = 0.89687  
2022-11-07 15:29:56: Start epoch 37:
2022-11-07 15:30:09: Epoch [37]  Batch [0]    Speed   0.6 (+ 3) sample/sec  loss-ce = 0.02741, top1 = 1.00000, top5 = 1.00000  
2022-11-07 15:31:52: Epoch [37]  Batch [50]   Speed   3.9 (+ 0) sample/sec  loss-ce = 0.05566, top1 = 0.99250, top5 = 1.00000  
2022-11-07 15:33:05: Epoch [37]   time cost: 189.12 sec (0.05 h)
2022-11-07 15:33:06: Checkpoint (model & optimizer) saved to: ./exps/models/archive_arid-resnet3d-18-MGsample-ying_caip_canny_thresh_50_150/arid-resnet3d-18-MGsample-ying_caip_canny_thresh_50_150_ep-0038.pth
2022-11-07 15:33:06: Start evaluating epoch 37:
2022-11-07 15:33:32: Epoch [37]  Batch [159]  Speed  12.4 (+ 2) sample/sec  loss-ce = 2.26318, top1 = 0.42812, top5 = 0.90000  
2022-11-07 15:33:32: Start epoch 38:
2022-11-07 15:33:46: Epoch [38]  Batch [0]    Speed   0.5 (+ 3) sample/sec  loss-ce = 0.04126, top1 = 1.00000, top5 = 1.00000  
2022-11-07 15:35:30: Epoch [38]  Batch [50]   Speed   3.9 (+ 0) sample/sec  loss-ce = 0.08139, top1 = 0.98000, top5 = 1.00000  
2022-11-07 15:36:41: Epoch [38]   time cost: 189.72 sec (0.05 h)
2022-11-07 15:36:41: Start evaluating epoch 38:
2022-11-07 15:37:07: Epoch [38]  Batch [159]  Speed  12.4 (+ 2) sample/sec  loss-ce = 2.25668, top1 = 0.43750, top5 = 0.90938  
2022-11-07 15:37:07: Start epoch 39:
2022-11-07 15:37:19: Epoch [39]  Batch [0]    Speed   0.7 (+ 3) sample/sec  loss-ce = 0.03993, top1 = 1.00000, top5 = 1.00000  
2022-11-07 15:39:02: Epoch [39]  Batch [50]   Speed   3.9 (+ 0) sample/sec  loss-ce = 0.06590, top1 = 0.98750, top5 = 1.00000  
2022-11-07 15:40:14: Epoch [39]   time cost: 186.28 sec (0.05 h)
2022-11-07 15:40:14: Checkpoint (model & optimizer) saved to: ./exps/models/archive_arid-resnet3d-18-MGsample-ying_caip_canny_thresh_50_150/arid-resnet3d-18-MGsample-ying_caip_canny_thresh_50_150_ep-0040.pth
2022-11-07 15:40:14: Start evaluating epoch 39:
2022-11-07 15:40:40: Epoch [39]  Batch [159]  Speed  12.4 (+ 2) sample/sec  loss-ce = 2.31784, top1 = 0.42188, top5 = 0.89375  
2022-11-07 15:40:40: Start epoch 40:
2022-11-07 15:40:53: Epoch [40]  Batch [0]    Speed   0.6 (+ 3) sample/sec  loss-ce = 0.01771, top1 = 1.00000, top5 = 1.00000  
2022-11-07 15:42:36: Epoch [40]  Batch [50]   Speed   3.9 (+ 0) sample/sec  loss-ce = 0.06535, top1 = 0.99000, top5 = 1.00000  
2022-11-07 15:43:48: Epoch [40]   time cost: 187.91 sec (0.05 h)
2022-11-07 15:43:48: Start evaluating epoch 40:
2022-11-07 15:44:14: Epoch [40]  Batch [159]  Speed  12.4 (+ 2) sample/sec  loss-ce = 2.31510, top1 = 0.41563, top5 = 0.90000  
2022-11-07 15:44:14: Start epoch 41:
2022-11-07 15:44:26: Epoch [41]  Batch [0]    Speed   0.6 (+ 3) sample/sec  loss-ce = 0.04022, top1 = 1.00000, top5 = 1.00000  
2022-11-07 15:46:09: Epoch [41]  Batch [50]   Speed   3.9 (+ 0) sample/sec  loss-ce = 0.05440, top1 = 0.99000, top5 = 1.00000  
2022-11-07 15:47:22: Epoch [41]   time cost: 188.75 sec (0.05 h)
2022-11-07 15:47:23: Checkpoint (model & optimizer) saved to: ./exps/models/archive_arid-resnet3d-18-MGsample-ying_caip_canny_thresh_50_150/arid-resnet3d-18-MGsample-ying_caip_canny_thresh_50_150_ep-0042.pth
2022-11-07 15:47:23: Start evaluating epoch 41:
2022-11-07 15:47:49: Epoch [41]  Batch [159]  Speed  12.4 (+ 2) sample/sec  loss-ce = 2.27960, top1 = 0.42812, top5 = 0.90312  
2022-11-07 15:47:49: Start epoch 42:
2022-11-07 15:48:01: Epoch [42]  Batch [0]    Speed   0.6 (+ 3) sample/sec  loss-ce = 0.06795, top1 = 1.00000, top5 = 1.00000  
2022-11-07 15:49:45: Epoch [42]  Batch [50]   Speed   3.9 (+ 0) sample/sec  loss-ce = 0.06098, top1 = 0.99500, top5 = 1.00000  
2022-11-07 15:50:57: Epoch [42]   time cost: 187.85 sec (0.05 h)
2022-11-07 15:50:57: Start evaluating epoch 42:
2022-11-07 15:51:23: Epoch [42]  Batch [159]  Speed  12.4 (+ 2) sample/sec  loss-ce = 2.31422, top1 = 0.42812, top5 = 0.88438  
2022-11-07 15:51:23: Start epoch 43:
2022-11-07 15:51:35: Epoch [43]  Batch [0]    Speed   0.7 (+ 3) sample/sec  loss-ce = 0.01108, top1 = 1.00000, top5 = 1.00000  
2022-11-07 15:53:19: Epoch [43]  Batch [50]   Speed   3.8 (+ 0) sample/sec  loss-ce = 0.05726, top1 = 0.99000, top5 = 1.00000  
2022-11-07 15:54:30: Epoch [43]   time cost: 187.81 sec (0.05 h)
2022-11-07 15:54:31: Checkpoint (model & optimizer) saved to: ./exps/models/archive_arid-resnet3d-18-MGsample-ying_caip_canny_thresh_50_150/arid-resnet3d-18-MGsample-ying_caip_canny_thresh_50_150_ep-0044.pth
2022-11-07 15:54:31: Start evaluating epoch 43:
2022-11-07 15:54:57: Epoch [43]  Batch [159]  Speed  12.4 (+ 2) sample/sec  loss-ce = 2.20549, top1 = 0.43125, top5 = 0.91563  
2022-11-07 15:54:57: Start epoch 44:
2022-11-07 15:55:11: Epoch [44]  Batch [0]    Speed   0.6 (+ 3) sample/sec  loss-ce = 0.10805, top1 = 1.00000, top5 = 1.00000  
2022-11-07 15:56:55: Epoch [44]  Batch [50]   Speed   3.8 (+ 0) sample/sec  loss-ce = 0.06877, top1 = 0.97750, top5 = 1.00000  
2022-11-07 15:58:07: Epoch [44]   time cost: 190.00 sec (0.05 h)
2022-11-07 15:58:07: Start evaluating epoch 44:
2022-11-07 15:58:33: Epoch [44]  Batch [159]  Speed  12.3 (+ 2) sample/sec  loss-ce = 2.30651, top1 = 0.42188, top5 = 0.90312  
2022-11-07 15:58:33: Start epoch 45:
2022-11-07 15:58:46: Epoch [45]  Batch [0]    Speed   0.6 (+ 3) sample/sec  loss-ce = 0.07552, top1 = 1.00000, top5 = 1.00000  
2022-11-07 16:00:29: Epoch [45]  Batch [50]   Speed   3.9 (+ 0) sample/sec  loss-ce = 0.06660, top1 = 0.98500, top5 = 1.00000  
2022-11-07 16:01:40: Epoch [45]   time cost: 187.43 sec (0.05 h)
2022-11-07 16:01:41: Checkpoint (model & optimizer) saved to: ./exps/models/archive_arid-resnet3d-18-MGsample-ying_caip_canny_thresh_50_150/arid-resnet3d-18-MGsample-ying_caip_canny_thresh_50_150_ep-0046.pth
2022-11-07 16:01:41: Start evaluating epoch 45:
2022-11-07 16:02:07: Epoch [45]  Batch [159]  Speed  12.4 (+ 2) sample/sec  loss-ce = 2.32165, top1 = 0.42812, top5 = 0.90625  
2022-11-07 16:02:07: Start epoch 46:
2022-11-07 16:02:20: Epoch [46]  Batch [0]    Speed   0.6 (+ 3) sample/sec  loss-ce = 0.07886, top1 = 1.00000, top5 = 1.00000  
2022-11-07 16:04:04: Epoch [46]  Batch [50]   Speed   3.9 (+ 0) sample/sec  loss-ce = 0.05895, top1 = 0.98250, top5 = 1.00000  
2022-11-07 16:05:14: Epoch [46]   time cost: 187.57 sec (0.05 h)
2022-11-07 16:05:14: Start evaluating epoch 46:
2022-11-07 16:05:40: Epoch [46]  Batch [159]  Speed  12.4 (+ 2) sample/sec  loss-ce = 2.32370, top1 = 0.40625, top5 = 0.89375  
2022-11-07 16:05:40: Start epoch 47:
2022-11-07 16:05:53: Epoch [47]  Batch [0]    Speed   0.6 (+ 3) sample/sec  loss-ce = 0.01960, top1 = 1.00000, top5 = 1.00000  
2022-11-07 16:07:36: Epoch [47]  Batch [50]   Speed   3.9 (+ 0) sample/sec  loss-ce = 0.06326, top1 = 0.98250, top5 = 0.99750  
2022-11-07 16:08:48: Epoch [47]   time cost: 188.49 sec (0.05 h)
2022-11-07 16:08:49: Checkpoint (model & optimizer) saved to: ./exps/models/archive_arid-resnet3d-18-MGsample-ying_caip_canny_thresh_50_150/arid-resnet3d-18-MGsample-ying_caip_canny_thresh_50_150_ep-0048.pth
2022-11-07 16:08:49: Start evaluating epoch 47:
2022-11-07 16:09:15: Epoch [47]  Batch [159]  Speed  12.4 (+ 2) sample/sec  loss-ce = 2.28160, top1 = 0.42188, top5 = 0.90938  
2022-11-07 16:09:15: Start epoch 48:
2022-11-07 16:09:30: Epoch [48]  Batch [0]    Speed   0.5 (+ 3) sample/sec  loss-ce = 0.07723, top1 = 1.00000, top5 = 1.00000  
2022-11-07 16:11:13: Epoch [48]  Batch [50]   Speed   3.9 (+ 0) sample/sec  loss-ce = 0.10492, top1 = 0.97250, top5 = 0.99750  
2022-11-07 16:12:21: Epoch [48]   time cost: 186.67 sec (0.05 h)
2022-11-07 16:12:21: Start evaluating epoch 48:
2022-11-07 16:12:48: Epoch [48]  Batch [159]  Speed  12.3 (+ 2) sample/sec  loss-ce = 2.26405, top1 = 0.41875, top5 = 0.90000  
2022-11-07 16:12:48: Start epoch 49:
2022-11-07 16:13:00: Epoch [49]  Batch [0]    Speed   0.7 (+ 3) sample/sec  loss-ce = 0.39838, top1 = 0.75000, top5 = 1.00000  
2022-11-07 16:14:43: Epoch [49]  Batch [50]   Speed   3.9 (+ 0) sample/sec  loss-ce = 0.06315, top1 = 0.99000, top5 = 1.00000  
2022-11-07 16:15:57: Epoch [49]   time cost: 189.39 sec (0.05 h)
2022-11-07 16:15:57: Checkpoint (model & optimizer) saved to: ./exps/models/archive_arid-resnet3d-18-MGsample-ying_caip_canny_thresh_50_150/arid-resnet3d-18-MGsample-ying_caip_canny_thresh_50_150_ep-0050.pth
2022-11-07 16:15:57: Start evaluating epoch 49:
2022-11-07 16:16:23: Epoch [49]  Batch [159]  Speed  12.3 (+ 2) sample/sec  loss-ce = 2.23809, top1 = 0.43750, top5 = 0.90938  
2022-11-07 16:16:23: Optimization done!
