2022-11-07 13:19:42: Using pytorch 1.12.0+cu113 (['/media/mldadmin/home/s122mdg36_01/anaconda3/envs/torchgpu/lib/python3.7/site-packages/torch'])
2022-11-07 13:19:42: Start training with args:
{
    "backend": "nccl",
    "batch_size": 8,
    "brighten_method": "ying_caip_canny_150_250",
    "clip_length": 16,
    "dataset": "ARID",
    "debug_mode": true,
    "dist_url": "tcp://192.168.0.11:23456",
    "end_epoch": 50,
    "fine_tune": true,
    "gpus": "0,1,2,3,4,5,6,7",
    "is_dark": false,
    "log_file": "./exps/logs/arid-resnet3d-18-MGsample-ying_caip_canny_thresh_150_250_at-gpu36.log",
    "lr_base": 0.01,
    "lr_factor": 0.1,
    "lr_steps": [
        20000,
        40000,
        80000
    ],
    "model_dir": "./exps/models/archive",
    "model_prefix": "./exps/models/archive/arid-resnet3d-18-MGsample-ying_caip_canny_thresh_150_250",
    "network": "resnet",
    "pretrained_2d": true,
    "pretrained_3d": null,
    "random_seed": 3407,
    "resume_epoch": -1,
    "save_frequency": 2,
    "segments": 1,
    "task_name": "arid-resnet3d-18-MGsample-ying_caip_canny_thresh_150_250",
    "train_frame_interval": 2,
    "use_flow": false,
    "use_segments": false,
    "val_frame_interval": 2,
    "world_size": 1
}
2022-11-07 13:19:42: Target dataset: 'ARID', configs: {'num_classes': 10}
2022-11-07 13:19:42: Initializer:: 'BasicStem' is uninitialized.
2022-11-07 13:19:43: Initializer:: 'AdaptiveAvgPool3d' is uninitialized.
2022-11-07 13:19:43: Initializer:: 'VideoResNet' is uninitialized.
2022-11-07 13:19:43: Network:: graph initialized, loading pretrained model: `/media/mldadmin/home/s122mdg36_01/caipei/assignment1/solutions/ARID_v1/network/pretrained/r3d_18-b3b3357e.pth'
2022-11-07 13:19:43: There are layers in current network not initialized by pretrained
2022-11-07 13:19:43: >> Failed to load: ['fc.weight', 'fc.bias']
2022-11-07 13:19:43: loading network configs of: RESNET
2022-11-07 13:19:43: Preprocessing:: using default mean & std from Kinetics original.
2022-11-07 13:19:43: data:: {'mean': [0.43216, 0.394666, 0.37645], 'std': [0.22803, 0.22145, 0.216989]}
2022-11-07 13:19:43: VideoIter:: clip_length = 16, interval = [train: 2, val: 2], seed = 3507
2022-11-07 13:19:43: VideoIter:: >> `check_video' is off, `tolerant_corrupted_video' is automatically activated.
2022-11-07 13:19:43: VideoIter:: found 750 videos in `./dataset/ARID/train.txt'
2022-11-07 13:19:43: VideoIter:: iterator initialized (phase: 'train', num: 750)
2022-11-07 13:19:43: VideoIter:: >> `check_video' is off, `tolerant_corrupted_video' is automatically activated.
2022-11-07 13:19:43: VideoIter:: found 320 videos in `./dataset/ARID/val.txt'
2022-11-07 13:19:43: VideoIter:: iterator initialized (phase: 'test', num: 320)
2022-11-07 13:19:45: Optimizer:: >> recuding the learning rate of 62 params: ['resnet.stem.0.weight', 'resnet.stem.1.weight', 'resnet.stem.1.bias', 'resnet.layer1.0.conv1.0.weight', 'resnet.layer1.0.conv1.1.weight', 'resnet.lay ... nv1.1.bias', 'resnet.layer4.1.conv2.0.weight', 'resnet.layer4.1.conv2.1.weight', 'resnet.layer4.1.conv2.1.bias', 'resnet.fc.weight', 'resnet.fc.bias']
2022-11-07 13:19:45: Iter 0: start with learning rate: 1.00000e-02 (next lr step: 2500)
2022-11-07 13:19:45: Start epoch 0:
2022-11-07 13:19:54: Epoch [0]   Batch [0]    Speed   0.8 (+ 1) sample/sec  loss-ce = 2.25175, top1 = 0.12500, top5 = 0.62500  
2022-11-07 13:21:22: Epoch [0]   Batch [50]   Speed   4.6 (+ 0) sample/sec  loss-ce = 2.25028, top1 = 0.18750, top5 = 0.63250  
2022-11-07 13:22:51: Epoch [0]   time cost: 186.45 sec (0.05 h)
2022-11-07 13:22:51: mkdir ./exps/models/archive_arid-resnet3d-18-MGsample-ying_caip_canny_thresh_150_250
2022-11-07 13:22:51: Checkpoint (model & optimizer) saved to: ./exps/models/archive_arid-resnet3d-18-MGsample-ying_caip_canny_thresh_150_250/arid-resnet3d-18-MGsample-ying_caip_canny_thresh_150_250_ep-0001.pth
2022-11-07 13:22:51: Start evaluating epoch 0:
2022-11-07 13:23:16: Epoch [0]   Batch [159]  Speed  12.8 (+ 2) sample/sec  loss-ce = 2.32612, top1 = 0.25312, top5 = 0.68125  
2022-11-07 13:23:16: Current best epoch found with top5 accuracy 0.68125 at epoch 1, saved
2022-11-07 13:23:18: Checkpoint (model & optimizer) saved to: ./exps/models/archive_arid-resnet3d-18-MGsample-ying_caip_canny_thresh_150_250/arid-resnet3d-18-MGsample-ying_caip_canny_thresh_150_250_ep-0001.pth
2022-11-07 13:23:19: Checkpoint (model & optimizer) saved to: ./exps/models/archive_arid-resnet3d-18-MGsample-ying_caip_canny_thresh_150_250/arid-resnet3d-18-MGsample-ying_caip_canny_thresh_150_250_ep-0001.pth
2022-11-07 13:23:19: Current best epoch found with top1 accuracy 0.25312 at epoch 1, saved
2022-11-07 13:23:19: Start epoch 1:
2022-11-07 13:23:28: Epoch [1]   Batch [0]    Speed   0.9 (+ 3) sample/sec  loss-ce = 2.01404, top1 = 0.37500, top5 = 0.62500  
2022-11-07 13:24:55: Epoch [1]   Batch [50]   Speed   4.6 (+ 0) sample/sec  loss-ce = 1.75431, top1 = 0.39500, top5 = 0.87000  
2022-11-07 13:26:23: Epoch [1]   time cost: 183.99 sec (0.05 h)
2022-11-07 13:26:24: Checkpoint (model & optimizer) saved to: ./exps/models/archive_arid-resnet3d-18-MGsample-ying_caip_canny_thresh_150_250/arid-resnet3d-18-MGsample-ying_caip_canny_thresh_150_250_ep-0002.pth
2022-11-07 13:26:24: Start evaluating epoch 1:
2022-11-07 13:26:49: Epoch [1]   Batch [159]  Speed  12.9 (+ 2) sample/sec  loss-ce = 2.19616, top1 = 0.30938, top5 = 0.71250  
2022-11-07 13:26:49: Current best epoch found with top5 accuracy 0.71250 at epoch 2, saved
2022-11-07 13:26:49: Current best epoch found with top1 accuracy 0.30938 at epoch 2, saved
2022-11-07 13:26:49: Start epoch 2:
2022-11-07 13:26:57: Epoch [2]   Batch [0]    Speed   1.0 (+ 3) sample/sec  loss-ce = 1.36979, top1 = 0.62500, top5 = 0.87500  
2022-11-07 13:28:24: Epoch [2]   Batch [50]   Speed   4.6 (+ 0) sample/sec  loss-ce = 1.30948, top1 = 0.56000, top5 = 0.95000  
2022-11-07 13:29:53: Epoch [2]   time cost: 184.06 sec (0.05 h)
2022-11-07 13:29:53: Start evaluating epoch 2:
2022-11-07 13:30:17: Epoch [2]   Batch [159]  Speed  13.0 (+ 2) sample/sec  loss-ce = 2.34519, top1 = 0.31562, top5 = 0.76875  
2022-11-07 13:30:17: Current best epoch found with top5 accuracy 0.76875 at epoch 3, saved
2022-11-07 13:30:18: Checkpoint (model & optimizer) saved to: ./exps/models/archive_arid-resnet3d-18-MGsample-ying_caip_canny_thresh_150_250/arid-resnet3d-18-MGsample-ying_caip_canny_thresh_150_250_ep-0003.pth
2022-11-07 13:30:19: Checkpoint (model & optimizer) saved to: ./exps/models/archive_arid-resnet3d-18-MGsample-ying_caip_canny_thresh_150_250/arid-resnet3d-18-MGsample-ying_caip_canny_thresh_150_250_ep-0003.pth
2022-11-07 13:30:19: Current best epoch found with top1 accuracy 0.31562 at epoch 3, saved
2022-11-07 13:30:19: Start epoch 3:
2022-11-07 13:30:28: Epoch [3]   Batch [0]    Speed   0.8 (+ 3) sample/sec  loss-ce = 1.46592, top1 = 0.37500, top5 = 1.00000  
2022-11-07 13:31:58: Epoch [3]   Batch [50]   Speed   4.5 (+ 0) sample/sec  loss-ce = 1.04439, top1 = 0.66750, top5 = 0.98750  
2022-11-07 13:33:26: Epoch [3]   time cost: 187.35 sec (0.05 h)
2022-11-07 13:33:26: Checkpoint (model & optimizer) saved to: ./exps/models/archive_arid-resnet3d-18-MGsample-ying_caip_canny_thresh_150_250/arid-resnet3d-18-MGsample-ying_caip_canny_thresh_150_250_ep-0004.pth
2022-11-07 13:33:26: Start evaluating epoch 3:
2022-11-07 13:33:51: Epoch [3]   Batch [159]  Speed  13.0 (+ 2) sample/sec  loss-ce = 2.17449, top1 = 0.33437, top5 = 0.77500  
2022-11-07 13:33:51: Current best epoch found with top5 accuracy 0.77500 at epoch 4, saved
2022-11-07 13:33:51: Current best epoch found with top1 accuracy 0.33437 at epoch 4, saved
2022-11-07 13:33:51: Start epoch 4:
2022-11-07 13:34:01: Epoch [4]   Batch [0]    Speed   0.8 (+ 3) sample/sec  loss-ce = 0.80748, top1 = 0.75000, top5 = 1.00000  
2022-11-07 13:35:31: Epoch [4]   Batch [50]   Speed   4.5 (+ 0) sample/sec  loss-ce = 0.84035, top1 = 0.74000, top5 = 0.97750  
2022-11-07 13:36:56: Epoch [4]   time cost: 185.07 sec (0.05 h)
2022-11-07 13:36:56: Start evaluating epoch 4:
2022-11-07 13:37:21: Epoch [4]   Batch [159]  Speed  13.0 (+ 2) sample/sec  loss-ce = 2.37989, top1 = 0.32188, top5 = 0.80000  
2022-11-07 13:37:21: Current best epoch found with top5 accuracy 0.80000 at epoch 5, saved
2022-11-07 13:37:21: Checkpoint (model & optimizer) saved to: ./exps/models/archive_arid-resnet3d-18-MGsample-ying_caip_canny_thresh_150_250/arid-resnet3d-18-MGsample-ying_caip_canny_thresh_150_250_ep-0005.pth
2022-11-07 13:37:21: Start epoch 5:
2022-11-07 13:37:31: Epoch [5]   Batch [0]    Speed   0.8 (+ 3) sample/sec  loss-ce = 1.14398, top1 = 0.75000, top5 = 0.87500  
2022-11-07 13:39:05: Epoch [5]   Batch [50]   Speed   4.3 (+ 0) sample/sec  loss-ce = 0.71223, top1 = 0.78250, top5 = 0.99000  
2022-11-07 13:40:29: Epoch [5]   time cost: 187.54 sec (0.05 h)
2022-11-07 13:40:29: Checkpoint (model & optimizer) saved to: ./exps/models/archive_arid-resnet3d-18-MGsample-ying_caip_canny_thresh_150_250/arid-resnet3d-18-MGsample-ying_caip_canny_thresh_150_250_ep-0006.pth
2022-11-07 13:40:29: Start evaluating epoch 5:
2022-11-07 13:40:54: Epoch [5]   Batch [159]  Speed  13.0 (+ 2) sample/sec  loss-ce = 2.32533, top1 = 0.33750, top5 = 0.79063  
2022-11-07 13:40:54: Current best epoch found with top1 accuracy 0.33750 at epoch 6, saved
2022-11-07 13:40:54: Start epoch 6:
2022-11-07 13:41:04: Epoch [6]   Batch [0]    Speed   0.8 (+ 3) sample/sec  loss-ce = 0.30097, top1 = 1.00000, top5 = 1.00000  
2022-11-07 13:42:39: Epoch [6]   Batch [50]   Speed   4.2 (+ 0) sample/sec  loss-ce = 0.61948, top1 = 0.82000, top5 = 0.98250  
2022-11-07 13:44:02: Epoch [6]   time cost: 188.36 sec (0.05 h)
2022-11-07 13:44:02: Start evaluating epoch 6:
2022-11-07 13:44:27: Epoch [6]   Batch [159]  Speed  13.0 (+ 2) sample/sec  loss-ce = 2.27867, top1 = 0.35625, top5 = 0.80312  
2022-11-07 13:44:27: Current best epoch found with top5 accuracy 0.80312 at epoch 7, saved
2022-11-07 13:44:27: Checkpoint (model & optimizer) saved to: ./exps/models/archive_arid-resnet3d-18-MGsample-ying_caip_canny_thresh_150_250/arid-resnet3d-18-MGsample-ying_caip_canny_thresh_150_250_ep-0007.pth
2022-11-07 13:44:29: Checkpoint (model & optimizer) saved to: ./exps/models/archive_arid-resnet3d-18-MGsample-ying_caip_canny_thresh_150_250/arid-resnet3d-18-MGsample-ying_caip_canny_thresh_150_250_ep-0007.pth
2022-11-07 13:44:29: Current best epoch found with top1 accuracy 0.35625 at epoch 7, saved
2022-11-07 13:44:29: Start epoch 7:
2022-11-07 13:44:38: Epoch [7]   Batch [0]    Speed   0.8 (+ 3) sample/sec  loss-ce = 0.70264, top1 = 0.75000, top5 = 1.00000  
2022-11-07 13:46:13: Epoch [7]   Batch [50]   Speed   4.2 (+ 0) sample/sec  loss-ce = 0.57061, top1 = 0.82000, top5 = 0.99750  
2022-11-07 13:47:34: Epoch [7]   time cost: 185.41 sec (0.05 h)
2022-11-07 13:47:34: Checkpoint (model & optimizer) saved to: ./exps/models/archive_arid-resnet3d-18-MGsample-ying_caip_canny_thresh_150_250/arid-resnet3d-18-MGsample-ying_caip_canny_thresh_150_250_ep-0008.pth
2022-11-07 13:47:34: Start evaluating epoch 7:
2022-11-07 13:47:59: Epoch [7]   Batch [159]  Speed  13.0 (+ 2) sample/sec  loss-ce = 2.46441, top1 = 0.36250, top5 = 0.78438  
2022-11-07 13:47:59: Current best epoch found with top1 accuracy 0.36250 at epoch 8, saved
2022-11-07 13:47:59: Start epoch 8:
2022-11-07 13:48:09: Epoch [8]   Batch [0]    Speed   0.8 (+ 3) sample/sec  loss-ce = 0.78737, top1 = 0.62500, top5 = 1.00000  
2022-11-07 13:49:46: Epoch [8]   Batch [50]   Speed   4.1 (+ 0) sample/sec  loss-ce = 0.46511, top1 = 0.86250, top5 = 0.99500  
2022-11-07 13:50:55: Epoch [8]   time cost: 176.07 sec (0.05 h)
2022-11-07 13:50:55: Start evaluating epoch 8:
2022-11-07 13:51:33: Epoch [8]   Batch [159]  Speed   8.4 (+ 6) sample/sec  loss-ce = 2.65805, top1 = 0.32500, top5 = 0.79375  
2022-11-07 13:51:33: Start epoch 9:
2022-11-07 13:52:03: Epoch [9]   Batch [0]    Speed   0.3 (+ 4) sample/sec  loss-ce = 0.13074, top1 = 1.00000, top5 = 1.00000  
2022-11-07 13:53:22: Epoch [9]   Batch [50]   Speed   5.0 (+ 0) sample/sec  loss-ce = 0.45617, top1 = 0.87000, top5 = 0.99250  
2022-11-07 13:54:46: Epoch [9]   time cost: 192.47 sec (0.05 h)
2022-11-07 13:54:47: Checkpoint (model & optimizer) saved to: ./exps/models/archive_arid-resnet3d-18-MGsample-ying_caip_canny_thresh_150_250/arid-resnet3d-18-MGsample-ying_caip_canny_thresh_150_250_ep-0010.pth
2022-11-07 13:54:47: Start evaluating epoch 9:
2022-11-07 13:55:40: Epoch [9]   Batch [159]  Speed   6.0 (+ 8) sample/sec  loss-ce = 2.65119, top1 = 0.33125, top5 = 0.77812  
2022-11-07 13:55:40: Start epoch 10:
2022-11-07 13:55:58: Epoch [10]  Batch [0]    Speed   0.4 (+ 8) sample/sec  loss-ce = 0.41703, top1 = 0.87500, top5 = 1.00000  
2022-11-07 13:57:04: Epoch [10]  Batch [50]   Speed   6.1 (+ 1) sample/sec  loss-ce = 0.32860, top1 = 0.91500, top5 = 1.00000  
2022-11-07 13:58:32: Epoch [10]   time cost: 172.25 sec (0.05 h)
2022-11-07 13:58:32: Start evaluating epoch 10:
2022-11-07 13:59:23: Epoch [10]  Batch [159]  Speed   6.3 (+ 7) sample/sec  loss-ce = 2.44987, top1 = 0.36250, top5 = 0.80000  
2022-11-07 13:59:24: Checkpoint (model & optimizer) saved to: ./exps/models/archive_arid-resnet3d-18-MGsample-ying_caip_canny_thresh_150_250/arid-resnet3d-18-MGsample-ying_caip_canny_thresh_150_250_ep-0011.pth
2022-11-07 13:59:24: Current best epoch found with top1 accuracy 0.36250 at epoch 11, saved
2022-11-07 13:59:24: Start epoch 11:
2022-11-07 13:59:46: Epoch [11]  Batch [0]    Speed   0.4 (+ 5) sample/sec  loss-ce = 0.20491, top1 = 1.00000, top5 = 1.00000  
2022-11-07 14:00:53: Epoch [11]  Batch [50]   Speed   6.0 (+ 0) sample/sec  loss-ce = 0.27537, top1 = 0.92250, top5 = 1.00000  
2022-11-07 14:02:19: Epoch [11]   time cost: 174.77 sec (0.05 h)
2022-11-07 14:02:19: Checkpoint (model & optimizer) saved to: ./exps/models/archive_arid-resnet3d-18-MGsample-ying_caip_canny_thresh_150_250/arid-resnet3d-18-MGsample-ying_caip_canny_thresh_150_250_ep-0012.pth
2022-11-07 14:02:19: Start evaluating epoch 11:
2022-11-07 14:03:13: Epoch [11]  Batch [159]  Speed   6.0 (+ 8) sample/sec  loss-ce = 2.69645, top1 = 0.37188, top5 = 0.78750  
2022-11-07 14:03:13: Current best epoch found with top1 accuracy 0.37188 at epoch 12, saved
2022-11-07 14:03:13: Start epoch 12:
2022-11-07 14:03:33: Epoch [12]  Batch [0]    Speed   0.4 (+ 4) sample/sec  loss-ce = 0.44245, top1 = 0.87500, top5 = 1.00000  
2022-11-07 14:04:44: Epoch [12]  Batch [50]   Speed   5.6 (+ 0) sample/sec  loss-ce = 0.33262, top1 = 0.90750, top5 = 0.99250  
2022-11-07 14:06:13: Epoch [12]   time cost: 179.73 sec (0.05 h)
2022-11-07 14:06:13: Start evaluating epoch 12:
2022-11-07 14:06:50: Epoch [12]  Batch [159]  Speed   8.5 (+ 6) sample/sec  loss-ce = 2.76920, top1 = 0.27813, top5 = 0.79063  
2022-11-07 14:06:50: Start epoch 13:
2022-11-07 14:07:02: Epoch [13]  Batch [0]    Speed   0.7 (+ 3) sample/sec  loss-ce = 0.30945, top1 = 0.87500, top5 = 1.00000  
2022-11-07 14:08:28: Epoch [13]  Batch [50]   Speed   4.6 (+ 0) sample/sec  loss-ce = 0.28328, top1 = 0.92750, top5 = 0.99750  
2022-11-07 14:09:57: Epoch [13]   time cost: 186.28 sec (0.05 h)
2022-11-07 14:09:57: Checkpoint (model & optimizer) saved to: ./exps/models/archive_arid-resnet3d-18-MGsample-ying_caip_canny_thresh_150_250/arid-resnet3d-18-MGsample-ying_caip_canny_thresh_150_250_ep-0014.pth
2022-11-07 14:09:57: Start evaluating epoch 13:
2022-11-07 14:10:23: Epoch [13]  Batch [159]  Speed  12.3 (+ 2) sample/sec  loss-ce = 2.72696, top1 = 0.32500, top5 = 0.77187  
2022-11-07 14:10:23: Start epoch 14:
2022-11-07 14:10:34: Epoch [14]  Batch [0]    Speed   0.7 (+ 3) sample/sec  loss-ce = 0.65275, top1 = 0.87500, top5 = 1.00000  
2022-11-07 14:12:01: Epoch [14]  Batch [50]   Speed   4.6 (+ 0) sample/sec  loss-ce = 0.29437, top1 = 0.92000, top5 = 0.99500  
2022-11-07 14:13:29: Epoch [14]   time cost: 185.95 sec (0.05 h)
2022-11-07 14:13:29: Start evaluating epoch 14:
2022-11-07 14:13:55: Epoch [14]  Batch [159]  Speed  12.3 (+ 2) sample/sec  loss-ce = 2.93213, top1 = 0.32188, top5 = 0.79688  
2022-11-07 14:13:55: Start epoch 15:
2022-11-07 14:14:07: Epoch [15]  Batch [0]    Speed   0.7 (+ 3) sample/sec  loss-ce = 0.09690, top1 = 1.00000, top5 = 1.00000  
2022-11-07 14:15:34: Epoch [15]  Batch [50]   Speed   4.6 (+ 0) sample/sec  loss-ce = 0.23048, top1 = 0.94000, top5 = 0.99750  
2022-11-07 14:17:03: Epoch [15]   time cost: 187.51 sec (0.05 h)
2022-11-07 14:17:03: Checkpoint (model & optimizer) saved to: ./exps/models/archive_arid-resnet3d-18-MGsample-ying_caip_canny_thresh_150_250/arid-resnet3d-18-MGsample-ying_caip_canny_thresh_150_250_ep-0016.pth
2022-11-07 14:17:03: Start evaluating epoch 15:
2022-11-07 14:17:30: Epoch [15]  Batch [159]  Speed  12.2 (+ 2) sample/sec  loss-ce = 2.81955, top1 = 0.34063, top5 = 0.79375  
2022-11-07 14:17:30: Start epoch 16:
2022-11-07 14:17:41: Epoch [16]  Batch [0]    Speed   0.7 (+ 3) sample/sec  loss-ce = 0.35841, top1 = 0.75000, top5 = 1.00000  
2022-11-07 14:19:08: Epoch [16]  Batch [50]   Speed   4.6 (+ 0) sample/sec  loss-ce = 0.22981, top1 = 0.94250, top5 = 0.99500  
2022-11-07 14:20:36: Epoch [16]   time cost: 186.91 sec (0.05 h)
2022-11-07 14:20:36: Start evaluating epoch 16:
2022-11-07 14:21:03: Epoch [16]  Batch [159]  Speed  12.2 (+ 2) sample/sec  loss-ce = 2.78110, top1 = 0.33125, top5 = 0.80000  
2022-11-07 14:21:03: Start epoch 17:
2022-11-07 14:21:14: Epoch [17]  Batch [0]    Speed   0.7 (+ 3) sample/sec  loss-ce = 0.30166, top1 = 0.87500, top5 = 1.00000  
2022-11-07 14:22:39: Epoch [17]  Batch [50]   Speed   4.7 (+ 0) sample/sec  loss-ce = 0.22449, top1 = 0.93750, top5 = 1.00000  
2022-11-07 14:24:08: Epoch [17]   time cost: 185.13 sec (0.05 h)
2022-11-07 14:24:08: Checkpoint (model & optimizer) saved to: ./exps/models/archive_arid-resnet3d-18-MGsample-ying_caip_canny_thresh_150_250/arid-resnet3d-18-MGsample-ying_caip_canny_thresh_150_250_ep-0018.pth
2022-11-07 14:24:08: Start evaluating epoch 17:
2022-11-07 14:24:36: Epoch [17]  Batch [159]  Speed  11.8 (+ 3) sample/sec  loss-ce = 2.87245, top1 = 0.34687, top5 = 0.78750  
2022-11-07 14:24:36: Start epoch 18:
2022-11-07 14:24:47: Epoch [18]  Batch [0]    Speed   0.7 (+ 3) sample/sec  loss-ce = 0.28611, top1 = 0.87500, top5 = 1.00000  
2022-11-07 14:26:13: Epoch [18]  Batch [50]   Speed   4.6 (+ 0) sample/sec  loss-ce = 0.21644, top1 = 0.94250, top5 = 1.00000  
2022-11-07 14:27:42: Epoch [18]   time cost: 186.29 sec (0.05 h)
2022-11-07 14:27:42: Start evaluating epoch 18:
2022-11-07 14:28:10: Epoch [18]  Batch [159]  Speed  11.5 (+ 3) sample/sec  loss-ce = 2.87993, top1 = 0.34063, top5 = 0.79688  
2022-11-07 14:28:10: Start epoch 19:
2022-11-07 14:28:20: Epoch [19]  Batch [0]    Speed   0.8 (+ 3) sample/sec  loss-ce = 0.14331, top1 = 1.00000, top5 = 1.00000  
2022-11-07 14:29:44: Epoch [19]  Batch [50]   Speed   4.8 (+ 0) sample/sec  loss-ce = 0.15197, top1 = 0.96000, top5 = 1.00000  
2022-11-07 14:31:13: Epoch [19]   time cost: 182.74 sec (0.05 h)
2022-11-07 14:31:13: Checkpoint (model & optimizer) saved to: ./exps/models/archive_arid-resnet3d-18-MGsample-ying_caip_canny_thresh_150_250/arid-resnet3d-18-MGsample-ying_caip_canny_thresh_150_250_ep-0020.pth
2022-11-07 14:31:13: Start evaluating epoch 19:
2022-11-07 14:31:43: Epoch [19]  Batch [159]  Speed  10.7 (+ 4) sample/sec  loss-ce = 2.92234, top1 = 0.30312, top5 = 0.79063  
2022-11-07 14:31:43: Start epoch 20:
2022-11-07 14:31:55: Epoch [20]  Batch [0]    Speed   0.7 (+ 3) sample/sec  loss-ce = 0.06414, top1 = 1.00000, top5 = 1.00000  
2022-11-07 14:33:23: Epoch [20]  Batch [50]   Speed   4.5 (+ 0) sample/sec  loss-ce = 0.17564, top1 = 0.95250, top5 = 1.00000  
2022-11-07 14:34:52: Epoch [20]   time cost: 188.92 sec (0.05 h)
2022-11-07 14:34:52: Start evaluating epoch 20:
2022-11-07 14:35:18: Epoch [20]  Batch [159]  Speed  12.3 (+ 2) sample/sec  loss-ce = 2.76556, top1 = 0.35938, top5 = 0.78438  
2022-11-07 14:35:18: Start epoch 21:
2022-11-07 14:35:29: Epoch [21]  Batch [0]    Speed   0.8 (+ 3) sample/sec  loss-ce = 0.34757, top1 = 0.87500, top5 = 1.00000  
2022-11-07 14:36:53: Epoch [21]  Batch [50]   Speed   4.7 (+ 0) sample/sec  loss-ce = 0.15361, top1 = 0.95500, top5 = 0.99750  
2022-11-07 14:38:22: Epoch [21]   time cost: 183.80 sec (0.05 h)
2022-11-07 14:38:22: Checkpoint (model & optimizer) saved to: ./exps/models/archive_arid-resnet3d-18-MGsample-ying_caip_canny_thresh_150_250/arid-resnet3d-18-MGsample-ying_caip_canny_thresh_150_250_ep-0022.pth
2022-11-07 14:38:22: Start evaluating epoch 21:
2022-11-07 14:38:53: Epoch [21]  Batch [159]  Speed  10.4 (+ 4) sample/sec  loss-ce = 2.90522, top1 = 0.30938, top5 = 0.79063  
2022-11-07 14:38:53: Start epoch 22:
2022-11-07 14:39:04: Epoch [22]  Batch [0]    Speed   0.7 (+ 3) sample/sec  loss-ce = 0.03903, top1 = 1.00000, top5 = 1.00000  
2022-11-07 14:40:32: Epoch [22]  Batch [50]   Speed   4.5 (+ 0) sample/sec  loss-ce = 0.14358, top1 = 0.97000, top5 = 1.00000  
2022-11-07 14:42:01: Epoch [22]   time cost: 187.91 sec (0.05 h)
2022-11-07 14:42:01: Start evaluating epoch 22:
2022-11-07 14:42:28: Epoch [22]  Batch [159]  Speed  12.2 (+ 2) sample/sec  loss-ce = 3.22437, top1 = 0.29688, top5 = 0.79688  
2022-11-07 14:42:28: Start epoch 23:
2022-11-07 14:42:38: Epoch [23]  Batch [0]    Speed   0.7 (+ 3) sample/sec  loss-ce = 0.01879, top1 = 1.00000, top5 = 1.00000  
2022-11-07 14:44:04: Epoch [23]  Batch [50]   Speed   4.7 (+ 0) sample/sec  loss-ce = 0.13809, top1 = 0.96000, top5 = 0.99500  
2022-11-07 14:45:33: Epoch [23]   time cost: 185.20 sec (0.05 h)
2022-11-07 14:45:33: Checkpoint (model & optimizer) saved to: ./exps/models/archive_arid-resnet3d-18-MGsample-ying_caip_canny_thresh_150_250/arid-resnet3d-18-MGsample-ying_caip_canny_thresh_150_250_ep-0024.pth
2022-11-07 14:45:33: Start evaluating epoch 23:
2022-11-07 14:46:01: Epoch [23]  Batch [159]  Speed  11.5 (+ 3) sample/sec  loss-ce = 2.94050, top1 = 0.34063, top5 = 0.78750  
2022-11-07 14:46:01: Start epoch 24:
2022-11-07 14:46:12: Epoch [24]  Batch [0]    Speed   0.7 (+ 3) sample/sec  loss-ce = 0.02429, top1 = 1.00000, top5 = 1.00000  
2022-11-07 14:47:40: Epoch [24]  Batch [50]   Speed   4.5 (+ 0) sample/sec  loss-ce = 0.12938, top1 = 0.96750, top5 = 1.00000  
2022-11-07 14:49:09: Epoch [24]   time cost: 188.01 sec (0.05 h)
2022-11-07 14:49:09: Start evaluating epoch 24:
2022-11-07 14:49:36: Epoch [24]  Batch [159]  Speed  11.9 (+ 2) sample/sec  loss-ce = 3.06000, top1 = 0.33750, top5 = 0.80312  
2022-11-07 14:49:36: Start epoch 25:
2022-11-07 14:49:47: Epoch [25]  Batch [0]    Speed   0.7 (+ 3) sample/sec  loss-ce = 0.09406, top1 = 1.00000, top5 = 1.00000  
2022-11-07 14:51:11: Epoch [25]  Batch [50]   Speed   4.8 (+ 0) sample/sec  loss-ce = 0.15535, top1 = 0.95000, top5 = 0.99750  
2022-11-07 14:52:40: Epoch [25]   time cost: 183.57 sec (0.05 h)
2022-11-07 14:52:40: Checkpoint (model & optimizer) saved to: ./exps/models/archive_arid-resnet3d-18-MGsample-ying_caip_canny_thresh_150_250/arid-resnet3d-18-MGsample-ying_caip_canny_thresh_150_250_ep-0026.pth
2022-11-07 14:52:40: Start evaluating epoch 25:
2022-11-07 14:53:09: Epoch [25]  Batch [159]  Speed  10.9 (+ 3) sample/sec  loss-ce = 3.11106, top1 = 0.31250, top5 = 0.79375  
2022-11-07 14:53:09: Start epoch 26:
2022-11-07 14:53:21: Epoch [26]  Batch [0]    Speed   0.7 (+ 3) sample/sec  loss-ce = 0.07317, top1 = 1.00000, top5 = 1.00000  
2022-11-07 14:54:48: Epoch [26]  Batch [50]   Speed   4.6 (+ 0) sample/sec  loss-ce = 0.08836, top1 = 0.97750, top5 = 1.00000  
2022-11-07 14:54:59: Iter: 2500, change learning rate to 1.00000e-03 for step [2500:5000)
2022-11-07 14:56:17: Epoch [26]   time cost: 187.65 sec (0.05 h)
2022-11-07 14:56:17: Start evaluating epoch 26:
2022-11-07 14:56:45: Epoch [26]  Batch [159]  Speed  11.6 (+ 3) sample/sec  loss-ce = 3.10818, top1 = 0.33437, top5 = 0.81250  
2022-11-07 14:56:45: Current best epoch found with top5 accuracy 0.81250 at epoch 27, saved
2022-11-07 14:56:45: Checkpoint (model & optimizer) saved to: ./exps/models/archive_arid-resnet3d-18-MGsample-ying_caip_canny_thresh_150_250/arid-resnet3d-18-MGsample-ying_caip_canny_thresh_150_250_ep-0027.pth
2022-11-07 14:56:45: Start epoch 27:
2022-11-07 14:56:56: Epoch [27]  Batch [0]    Speed   0.7 (+ 3) sample/sec  loss-ce = 0.04405, top1 = 1.00000, top5 = 1.00000  
2022-11-07 14:58:21: Epoch [27]  Batch [50]   Speed   4.7 (+ 0) sample/sec  loss-ce = 0.13046, top1 = 0.96750, top5 = 1.00000  
2022-11-07 14:59:49: Epoch [27]   time cost: 184.09 sec (0.05 h)
2022-11-07 14:59:50: Checkpoint (model & optimizer) saved to: ./exps/models/archive_arid-resnet3d-18-MGsample-ying_caip_canny_thresh_150_250/arid-resnet3d-18-MGsample-ying_caip_canny_thresh_150_250_ep-0028.pth
2022-11-07 14:59:50: Start evaluating epoch 27:
2022-11-07 15:00:19: Epoch [27]  Batch [159]  Speed  10.9 (+ 3) sample/sec  loss-ce = 2.99613, top1 = 0.34375, top5 = 0.81563  
2022-11-07 15:00:19: Current best epoch found with top5 accuracy 0.81563 at epoch 28, saved
2022-11-07 15:00:19: Start epoch 28:
2022-11-07 15:00:30: Epoch [28]  Batch [0]    Speed   0.7 (+ 3) sample/sec  loss-ce = 0.12935, top1 = 0.87500, top5 = 1.00000  
2022-11-07 15:01:58: Epoch [28]  Batch [50]   Speed   4.6 (+ 0) sample/sec  loss-ce = 0.07259, top1 = 0.98500, top5 = 1.00000  
2022-11-07 15:03:27: Epoch [28]   time cost: 187.80 sec (0.05 h)
2022-11-07 15:03:27: Start evaluating epoch 28:
2022-11-07 15:03:54: Epoch [28]  Batch [159]  Speed  12.1 (+ 2) sample/sec  loss-ce = 2.92358, top1 = 0.36875, top5 = 0.82500  
2022-11-07 15:03:54: Current best epoch found with top5 accuracy 0.82500 at epoch 29, saved
2022-11-07 15:03:54: Checkpoint (model & optimizer) saved to: ./exps/models/archive_arid-resnet3d-18-MGsample-ying_caip_canny_thresh_150_250/arid-resnet3d-18-MGsample-ying_caip_canny_thresh_150_250_ep-0029.pth
2022-11-07 15:03:54: Start epoch 29:
2022-11-07 15:04:04: Epoch [29]  Batch [0]    Speed   0.8 (+ 3) sample/sec  loss-ce = 0.11181, top1 = 1.00000, top5 = 1.00000  
2022-11-07 15:05:24: Epoch [29]  Batch [50]   Speed   5.0 (+ 0) sample/sec  loss-ce = 0.10458, top1 = 0.97750, top5 = 0.99750  
2022-11-07 15:06:53: Epoch [29]   time cost: 178.53 sec (0.05 h)
2022-11-07 15:06:53: Checkpoint (model & optimizer) saved to: ./exps/models/archive_arid-resnet3d-18-MGsample-ying_caip_canny_thresh_150_250/arid-resnet3d-18-MGsample-ying_caip_canny_thresh_150_250_ep-0030.pth
2022-11-07 15:06:53: Start evaluating epoch 29:
2022-11-07 15:07:27: Epoch [29]  Batch [159]  Speed   9.4 (+ 5) sample/sec  loss-ce = 2.95744, top1 = 0.35938, top5 = 0.82812  
2022-11-07 15:07:27: Current best epoch found with top5 accuracy 0.82812 at epoch 30, saved
2022-11-07 15:07:27: Start epoch 30:
2022-11-07 15:07:39: Epoch [30]  Batch [0]    Speed   0.7 (+ 3) sample/sec  loss-ce = 0.13659, top1 = 0.87500, top5 = 1.00000  
2022-11-07 15:09:07: Epoch [30]  Batch [50]   Speed   4.6 (+ 0) sample/sec  loss-ce = 0.08729, top1 = 0.98750, top5 = 0.99750  
2022-11-07 15:10:36: Epoch [30]   time cost: 188.17 sec (0.05 h)
2022-11-07 15:10:36: Start evaluating epoch 30:
2022-11-07 15:11:02: Epoch [30]  Batch [159]  Speed  12.0 (+ 2) sample/sec  loss-ce = 3.06538, top1 = 0.32812, top5 = 0.82812  
2022-11-07 15:11:02: Start epoch 31:
2022-11-07 15:11:14: Epoch [31]  Batch [0]    Speed   0.7 (+ 3) sample/sec  loss-ce = 0.05257, top1 = 1.00000, top5 = 1.00000  
2022-11-07 15:12:40: Epoch [31]  Batch [50]   Speed   4.6 (+ 0) sample/sec  loss-ce = 0.07372, top1 = 0.98750, top5 = 0.99750  
2022-11-07 15:14:08: Epoch [31]   time cost: 186.24 sec (0.05 h)
2022-11-07 15:14:09: Checkpoint (model & optimizer) saved to: ./exps/models/archive_arid-resnet3d-18-MGsample-ying_caip_canny_thresh_150_250/arid-resnet3d-18-MGsample-ying_caip_canny_thresh_150_250_ep-0032.pth
2022-11-07 15:14:09: Start evaluating epoch 31:
2022-11-07 15:14:37: Epoch [31]  Batch [159]  Speed  11.6 (+ 3) sample/sec  loss-ce = 2.98349, top1 = 0.34375, top5 = 0.84062  
2022-11-07 15:14:37: Current best epoch found with top5 accuracy 0.84062 at epoch 32, saved
2022-11-07 15:14:37: Start epoch 32:
2022-11-07 15:14:48: Epoch [32]  Batch [0]    Speed   0.7 (+ 3) sample/sec  loss-ce = 0.03570, top1 = 1.00000, top5 = 1.00000  
2022-11-07 15:16:13: Epoch [32]  Batch [50]   Speed   4.7 (+ 0) sample/sec  loss-ce = 0.08276, top1 = 0.98250, top5 = 1.00000  
2022-11-07 15:17:41: Epoch [32]   time cost: 184.52 sec (0.05 h)
2022-11-07 15:17:41: Start evaluating epoch 32:
2022-11-07 15:18:10: Epoch [32]  Batch [159]  Speed  11.0 (+ 3) sample/sec  loss-ce = 2.94800, top1 = 0.33125, top5 = 0.81563  
2022-11-07 15:18:10: Start epoch 33:
2022-11-07 15:18:21: Epoch [33]  Batch [0]    Speed   0.7 (+ 3) sample/sec  loss-ce = 0.04618, top1 = 1.00000, top5 = 1.00000  
2022-11-07 15:19:47: Epoch [33]  Batch [50]   Speed   4.7 (+ 0) sample/sec  loss-ce = 0.08769, top1 = 0.97750, top5 = 0.99750  
2022-11-07 15:21:16: Epoch [33]   time cost: 185.13 sec (0.05 h)
2022-11-07 15:21:16: Checkpoint (model & optimizer) saved to: ./exps/models/archive_arid-resnet3d-18-MGsample-ying_caip_canny_thresh_150_250/arid-resnet3d-18-MGsample-ying_caip_canny_thresh_150_250_ep-0034.pth
2022-11-07 15:21:16: Start evaluating epoch 33:
2022-11-07 15:21:44: Epoch [33]  Batch [159]  Speed  11.4 (+ 3) sample/sec  loss-ce = 2.92329, top1 = 0.35313, top5 = 0.84062  
2022-11-07 15:21:44: Start epoch 34:
2022-11-07 15:21:56: Epoch [34]  Batch [0]    Speed   0.7 (+ 3) sample/sec  loss-ce = 0.02921, top1 = 1.00000, top5 = 1.00000  
2022-11-07 15:23:23: Epoch [34]  Batch [50]   Speed   4.6 (+ 0) sample/sec  loss-ce = 0.07918, top1 = 0.98750, top5 = 1.00000  
2022-11-07 15:24:51: Epoch [34]   time cost: 187.03 sec (0.05 h)
2022-11-07 15:24:51: Start evaluating epoch 34:
2022-11-07 15:25:19: Epoch [34]  Batch [159]  Speed  11.7 (+ 3) sample/sec  loss-ce = 3.03660, top1 = 0.31562, top5 = 0.84062  
2022-11-07 15:25:19: Start epoch 35:
2022-11-07 15:25:30: Epoch [35]  Batch [0]    Speed   0.7 (+ 3) sample/sec  loss-ce = 0.30914, top1 = 0.87500, top5 = 1.00000  
2022-11-07 15:26:53: Epoch [35]  Batch [50]   Speed   4.8 (+ 0) sample/sec  loss-ce = 0.06213, top1 = 0.99000, top5 = 1.00000  
2022-11-07 15:28:22: Epoch [35]   time cost: 183.36 sec (0.05 h)
2022-11-07 15:28:23: Checkpoint (model & optimizer) saved to: ./exps/models/archive_arid-resnet3d-18-MGsample-ying_caip_canny_thresh_150_250/arid-resnet3d-18-MGsample-ying_caip_canny_thresh_150_250_ep-0036.pth
2022-11-07 15:28:23: Start evaluating epoch 35:
2022-11-07 15:28:52: Epoch [35]  Batch [159]  Speed  10.9 (+ 4) sample/sec  loss-ce = 2.90294, top1 = 0.33750, top5 = 0.83125  
2022-11-07 15:28:52: Start epoch 36:
2022-11-07 15:29:04: Epoch [36]  Batch [0]    Speed   0.7 (+ 3) sample/sec  loss-ce = 0.04556, top1 = 1.00000, top5 = 1.00000  
2022-11-07 15:30:31: Epoch [36]  Batch [50]   Speed   4.6 (+ 0) sample/sec  loss-ce = 0.06159, top1 = 0.99000, top5 = 1.00000  
2022-11-07 15:32:00: Epoch [36]   time cost: 187.72 sec (0.05 h)
2022-11-07 15:32:00: Start evaluating epoch 36:
2022-11-07 15:32:27: Epoch [36]  Batch [159]  Speed  11.7 (+ 3) sample/sec  loss-ce = 3.04371, top1 = 0.34375, top5 = 0.84062  
2022-11-07 15:32:27: Start epoch 37:
2022-11-07 15:32:38: Epoch [37]  Batch [0]    Speed   0.8 (+ 3) sample/sec  loss-ce = 0.15516, top1 = 1.00000, top5 = 1.00000  
2022-11-07 15:34:03: Epoch [37]  Batch [50]   Speed   4.7 (+ 0) sample/sec  loss-ce = 0.08596, top1 = 0.97500, top5 = 1.00000  
2022-11-07 15:35:31: Epoch [37]   time cost: 184.27 sec (0.05 h)
2022-11-07 15:35:32: Checkpoint (model & optimizer) saved to: ./exps/models/archive_arid-resnet3d-18-MGsample-ying_caip_canny_thresh_150_250/arid-resnet3d-18-MGsample-ying_caip_canny_thresh_150_250_ep-0038.pth
2022-11-07 15:35:32: Start evaluating epoch 37:
2022-11-07 15:36:00: Epoch [37]  Batch [159]  Speed  11.4 (+ 3) sample/sec  loss-ce = 2.95670, top1 = 0.34063, top5 = 0.84688  
2022-11-07 15:36:00: Current best epoch found with top5 accuracy 0.84688 at epoch 38, saved
2022-11-07 15:36:00: Start epoch 38:
2022-11-07 15:36:11: Epoch [38]  Batch [0]    Speed   0.7 (+ 3) sample/sec  loss-ce = 0.06967, top1 = 1.00000, top5 = 1.00000  
2022-11-07 15:37:39: Epoch [38]  Batch [50]   Speed   4.5 (+ 0) sample/sec  loss-ce = 0.09686, top1 = 0.97750, top5 = 1.00000  
2022-11-07 15:39:07: Epoch [38]   time cost: 187.12 sec (0.05 h)
2022-11-07 15:39:07: Start evaluating epoch 38:
2022-11-07 15:39:35: Epoch [38]  Batch [159]  Speed  11.3 (+ 3) sample/sec  loss-ce = 3.01195, top1 = 0.33125, top5 = 0.84062  
2022-11-07 15:39:35: Start epoch 39:
2022-11-07 15:39:47: Epoch [39]  Batch [0]    Speed   0.7 (+ 3) sample/sec  loss-ce = 0.06434, top1 = 1.00000, top5 = 1.00000  
2022-11-07 15:41:13: Epoch [39]  Batch [50]   Speed   4.6 (+ 0) sample/sec  loss-ce = 0.07194, top1 = 0.98250, top5 = 1.00000  
2022-11-07 15:42:42: Epoch [39]   time cost: 186.17 sec (0.05 h)
2022-11-07 15:42:42: Checkpoint (model & optimizer) saved to: ./exps/models/archive_arid-resnet3d-18-MGsample-ying_caip_canny_thresh_150_250/arid-resnet3d-18-MGsample-ying_caip_canny_thresh_150_250_ep-0040.pth
2022-11-07 15:42:42: Start evaluating epoch 39:
2022-11-07 15:43:10: Epoch [39]  Batch [159]  Speed  11.6 (+ 3) sample/sec  loss-ce = 2.99716, top1 = 0.34375, top5 = 0.82188  
2022-11-07 15:43:10: Start epoch 40:
2022-11-07 15:43:21: Epoch [40]  Batch [0]    Speed   0.7 (+ 3) sample/sec  loss-ce = 0.03695, top1 = 1.00000, top5 = 1.00000  
2022-11-07 15:44:48: Epoch [40]  Batch [50]   Speed   4.6 (+ 0) sample/sec  loss-ce = 0.06096, top1 = 0.99000, top5 = 1.00000  
2022-11-07 15:46:16: Epoch [40]   time cost: 186.38 sec (0.05 h)
2022-11-07 15:46:16: Start evaluating epoch 40:
2022-11-07 15:46:43: Epoch [40]  Batch [159]  Speed  11.8 (+ 3) sample/sec  loss-ce = 2.97752, top1 = 0.34687, top5 = 0.83125  
2022-11-07 15:46:43: Start epoch 41:
2022-11-07 15:46:54: Epoch [41]  Batch [0]    Speed   0.8 (+ 3) sample/sec  loss-ce = 0.03989, top1 = 1.00000, top5 = 1.00000  
2022-11-07 15:48:20: Epoch [41]  Batch [50]   Speed   4.6 (+ 0) sample/sec  loss-ce = 0.06528, top1 = 0.98750, top5 = 1.00000  
2022-11-07 15:49:49: Epoch [41]   time cost: 185.51 sec (0.05 h)
2022-11-07 15:49:49: Checkpoint (model & optimizer) saved to: ./exps/models/archive_arid-resnet3d-18-MGsample-ying_caip_canny_thresh_150_250/arid-resnet3d-18-MGsample-ying_caip_canny_thresh_150_250_ep-0042.pth
2022-11-07 15:49:49: Start evaluating epoch 41:
2022-11-07 15:50:17: Epoch [41]  Batch [159]  Speed  11.6 (+ 3) sample/sec  loss-ce = 2.94032, top1 = 0.32812, top5 = 0.84375  
2022-11-07 15:50:17: Start epoch 42:
2022-11-07 15:50:28: Epoch [42]  Batch [0]    Speed   0.7 (+ 3) sample/sec  loss-ce = 0.07091, top1 = 1.00000, top5 = 1.00000  
2022-11-07 15:51:55: Epoch [42]  Batch [50]   Speed   4.6 (+ 0) sample/sec  loss-ce = 0.08022, top1 = 0.98250, top5 = 0.99750  
2022-11-07 15:53:25: Epoch [42]   time cost: 187.68 sec (0.05 h)
2022-11-07 15:53:25: Start evaluating epoch 42:
2022-11-07 15:53:52: Epoch [42]  Batch [159]  Speed  11.6 (+ 3) sample/sec  loss-ce = 2.98605, top1 = 0.35000, top5 = 0.82500  
2022-11-07 15:53:52: Start epoch 43:
2022-11-07 15:54:04: Epoch [43]  Batch [0]    Speed   0.7 (+ 3) sample/sec  loss-ce = 0.02261, top1 = 1.00000, top5 = 1.00000  
2022-11-07 15:55:29: Epoch [43]  Batch [50]   Speed   4.7 (+ 0) sample/sec  loss-ce = 0.07922, top1 = 0.98250, top5 = 1.00000  
2022-11-07 15:56:59: Epoch [43]   time cost: 186.40 sec (0.05 h)
2022-11-07 15:56:59: Checkpoint (model & optimizer) saved to: ./exps/models/archive_arid-resnet3d-18-MGsample-ying_caip_canny_thresh_150_250/arid-resnet3d-18-MGsample-ying_caip_canny_thresh_150_250_ep-0044.pth
2022-11-07 15:56:59: Start evaluating epoch 43:
2022-11-07 15:57:27: Epoch [43]  Batch [159]  Speed  11.6 (+ 3) sample/sec  loss-ce = 2.92799, top1 = 0.33437, top5 = 0.82500  
2022-11-07 15:57:27: Start epoch 44:
2022-11-07 15:57:38: Epoch [44]  Batch [0]    Speed   0.7 (+ 3) sample/sec  loss-ce = 0.08182, top1 = 1.00000, top5 = 1.00000  
2022-11-07 15:59:05: Epoch [44]  Batch [50]   Speed   4.6 (+ 0) sample/sec  loss-ce = 0.06368, top1 = 0.98500, top5 = 1.00000  
2022-11-07 16:00:33: Epoch [44]   time cost: 186.15 sec (0.05 h)
2022-11-07 16:00:33: Start evaluating epoch 44:
2022-11-07 16:01:02: Epoch [44]  Batch [159]  Speed  11.3 (+ 3) sample/sec  loss-ce = 2.98950, top1 = 0.34375, top5 = 0.83125  
2022-11-07 16:01:02: Start epoch 45:
2022-11-07 16:01:13: Epoch [45]  Batch [0]    Speed   0.7 (+ 3) sample/sec  loss-ce = 0.15951, top1 = 0.87500, top5 = 1.00000  
2022-11-07 16:02:39: Epoch [45]  Batch [50]   Speed   4.7 (+ 0) sample/sec  loss-ce = 0.07854, top1 = 0.98500, top5 = 0.99750  
2022-11-07 16:04:07: Epoch [45]   time cost: 185.53 sec (0.05 h)
2022-11-07 16:04:08: Checkpoint (model & optimizer) saved to: ./exps/models/archive_arid-resnet3d-18-MGsample-ying_caip_canny_thresh_150_250/arid-resnet3d-18-MGsample-ying_caip_canny_thresh_150_250_ep-0046.pth
2022-11-07 16:04:08: Start evaluating epoch 45:
2022-11-07 16:04:36: Epoch [45]  Batch [159]  Speed  11.3 (+ 3) sample/sec  loss-ce = 3.11716, top1 = 0.33125, top5 = 0.80937  
2022-11-07 16:04:36: Start epoch 46:
2022-11-07 16:04:47: Epoch [46]  Batch [0]    Speed   0.7 (+ 3) sample/sec  loss-ce = 0.05377, top1 = 1.00000, top5 = 1.00000  
2022-11-07 16:06:15: Epoch [46]  Batch [50]   Speed   4.6 (+ 0) sample/sec  loss-ce = 0.07126, top1 = 0.98500, top5 = 0.99750  
2022-11-07 16:07:43: Epoch [46]   time cost: 187.24 sec (0.05 h)
2022-11-07 16:07:43: Start evaluating epoch 46:
2022-11-07 16:08:10: Epoch [46]  Batch [159]  Speed  12.2 (+ 2) sample/sec  loss-ce = 3.08014, top1 = 0.33437, top5 = 0.82188  
2022-11-07 16:08:10: Start epoch 47:
2022-11-07 16:08:21: Epoch [47]  Batch [0]    Speed   0.7 (+ 3) sample/sec  loss-ce = 0.01684, top1 = 1.00000, top5 = 1.00000  
2022-11-07 16:09:45: Epoch [47]  Batch [50]   Speed   4.7 (+ 0) sample/sec  loss-ce = 0.11261, top1 = 0.96250, top5 = 0.99750  
2022-11-07 16:11:14: Epoch [47]   time cost: 184.14 sec (0.05 h)
2022-11-07 16:11:14: Checkpoint (model & optimizer) saved to: ./exps/models/archive_arid-resnet3d-18-MGsample-ying_caip_canny_thresh_150_250/arid-resnet3d-18-MGsample-ying_caip_canny_thresh_150_250_ep-0048.pth
2022-11-07 16:11:14: Start evaluating epoch 47:
2022-11-07 16:11:44: Epoch [47]  Batch [159]  Speed  10.9 (+ 3) sample/sec  loss-ce = 3.02247, top1 = 0.32188, top5 = 0.82500  
2022-11-07 16:11:44: Start epoch 48:
2022-11-07 16:11:56: Epoch [48]  Batch [0]    Speed   0.7 (+ 3) sample/sec  loss-ce = 0.22085, top1 = 0.87500, top5 = 1.00000  
2022-11-07 16:13:23: Epoch [48]  Batch [50]   Speed   4.6 (+ 0) sample/sec  loss-ce = 0.12413, top1 = 0.95750, top5 = 1.00000  
2022-11-07 16:14:51: Epoch [48]   time cost: 187.38 sec (0.05 h)
2022-11-07 16:14:51: Start evaluating epoch 48:
2022-11-07 16:15:19: Epoch [48]  Batch [159]  Speed  11.7 (+ 3) sample/sec  loss-ce = 3.01746, top1 = 0.32812, top5 = 0.84688  
2022-11-07 16:15:19: Start epoch 49:
2022-11-07 16:15:28: Epoch [49]  Batch [0]    Speed   0.8 (+ 3) sample/sec  loss-ce = 0.17218, top1 = 1.00000, top5 = 1.00000  
2022-11-07 16:16:44: Epoch [49]  Batch [50]   Speed   5.3 (+ 0) sample/sec  loss-ce = 0.07637, top1 = 0.98750, top5 = 1.00000  
2022-11-07 16:17:26: Epoch [49]   time cost: 127.40 sec (0.04 h)
2022-11-07 16:17:26: Checkpoint (model & optimizer) saved to: ./exps/models/archive_arid-resnet3d-18-MGsample-ying_caip_canny_thresh_150_250/arid-resnet3d-18-MGsample-ying_caip_canny_thresh_150_250_ep-0050.pth
2022-11-07 16:17:26: Start evaluating epoch 49:
2022-11-07 16:17:57: Epoch [49]  Batch [159]  Speed  10.6 (+18) sample/sec  loss-ce = 2.92815, top1 = 0.34063, top5 = 0.84688  
2022-11-07 16:17:57: Optimization done!
