2022-10-24 13:42:56: Using pytorch 1.12.0+cu113 (['/media/mldadmin/home/s122mdg36_01/anaconda3/envs/torchgpu/lib/python3.7/site-packages/torch'])
2022-10-24 13:42:56: Start training with args:
{
    "backend": "nccl",
    "batch_size": 8,
    "brighten_method": "ying_caip",
    "clip_length": 16,
    "dataset": "ARID",
    "debug_mode": true,
    "dist_url": "tcp://192.168.0.11:23456",
    "end_epoch": 50,
    "fine_tune": true,
    "gpus": "0,1,2,3,4,5,6,7",
    "is_dark": false,
    "log_file": "./exps/logs/ying-caip-arid-resnet3d-18-orimgsample-is-not-dark-std-mean_at-gpu36.log",
    "lr_base": 0.01,
    "lr_factor": 0.1,
    "lr_steps": [
        20000,
        40000,
        80000
    ],
    "model_dir": "./exps/models/archive",
    "model_prefix": "./exps/models/archive/ying-caip-arid-resnet3d-18-orimgsample-is-not-dark-std-mean",
    "network": "resnet",
    "pretrained_2d": true,
    "pretrained_3d": null,
    "random_seed": 3407,
    "resume_epoch": -1,
    "save_frequency": 5,
    "segments": 1,
    "task_name": "ying-caip-arid-resnet3d-18-orimgsample-is-not-dark-std-mean",
    "train_frame_interval": 2,
    "use_flow": false,
    "use_segments": false,
    "val_frame_interval": 2,
    "world_size": 1
}
2022-10-24 13:42:56: Target dataset: 'ARID', configs: {'num_classes': 10}
2022-10-24 13:42:56: Initializer:: 'BasicStem' is uninitialized.
2022-10-24 13:42:56: Initializer:: 'AdaptiveAvgPool3d' is uninitialized.
2022-10-24 13:42:56: Initializer:: 'VideoResNet' is uninitialized.
2022-10-24 13:42:56: Network:: graph initialized, loading pretrained model: `/media/mldadmin/home/s122mdg36_01/arid/assignment1/solutions/ARID_v1/network/pretrained/r3d_18-b3b3357e.pth'
2022-10-24 13:42:57: There are layers in current network not initialized by pretrained
2022-10-24 13:42:57: >> Failed to load: ['fc.weight', 'fc.bias']
2022-10-24 13:42:57: loading network configs of: RESNET
2022-10-24 13:42:57: Preprocessing:: using default mean & std from Kinetics original.
2022-10-24 13:42:57: data:: {'mean': [0.43216, 0.394666, 0.37645], 'std': [0.22803, 0.22145, 0.216989]}
2022-10-24 13:42:57: VideoIter:: clip_length = 16, interval = [train: 2, val: 2], seed = 3507
2022-10-24 13:42:57: VideoIter:: >> `check_video' is off, `tolerant_corrupted_video' is automatically activated.
2022-10-24 13:42:57: VideoIter:: found 750 videos in `./dataset/ARID/train.txt'
2022-10-24 13:42:57: VideoIter:: iterator initialized (phase: 'train', num: 750)
2022-10-24 13:42:57: VideoIter:: >> `check_video' is off, `tolerant_corrupted_video' is automatically activated.
2022-10-24 13:42:57: VideoIter:: found 320 videos in `./dataset/ARID/val.txt'
2022-10-24 13:42:57: VideoIter:: iterator initialized (phase: 'test', num: 320)
2022-10-24 13:42:59: Optimizer:: >> recuding the learning rate of 62 params: ['resnet.stem.0.weight', 'resnet.stem.1.weight', 'resnet.stem.1.bias', 'resnet.layer1.0.conv1.0.weight', 'resnet.layer1.0.conv1.1.weight', 'resnet.lay ... nv1.1.bias', 'resnet.layer4.1.conv2.0.weight', 'resnet.layer4.1.conv2.1.weight', 'resnet.layer4.1.conv2.1.bias', 'resnet.fc.weight', 'resnet.fc.bias']
2022-10-24 13:42:59: Iter 0: start with learning rate: 1.00000e-02 (next lr step: 2500)
2022-10-24 13:42:59: Start epoch 0:
2022-10-24 13:43:12: Epoch [0]   Batch [0]    Speed   0.6 (+ 1) sample/sec  loss-ce = 2.65966, top1 = 0.00000, top5 = 0.50000  
2022-10-24 13:44:50: Epoch [0]   Batch [50]   Speed   4.1 (+ 0) sample/sec  loss-ce = 2.19135, top1 = 0.24500, top5 = 0.67250  
2022-10-24 13:46:04: Epoch [0]   time cost: 185.40 sec (0.05 h)
2022-10-24 13:46:04: mkdir ./exps/models/archive_ying-caip-arid-resnet3d-18-orimgsample-is-not-dark-std-mean
2022-10-24 13:46:04: Checkpoint (model & optimizer) saved to: ./exps/models/archive_ying-caip-arid-resnet3d-18-orimgsample-is-not-dark-std-mean/ying-caip-arid-resnet3d-18-orimgsample-is-not-dark-std-mean_ep-0001.pth
2022-10-24 13:46:04: Start epoch 1:
2022-10-24 13:46:15: Epoch [1]   Batch [0]    Speed   0.7 (+ 3) sample/sec  loss-ce = 1.67384, top1 = 0.25000, top5 = 1.00000  
2022-10-24 13:47:57: Epoch [1]   Batch [50]   Speed   3.9 (+ 0) sample/sec  loss-ce = 1.49306, top1 = 0.49500, top5 = 0.91750  
2022-10-24 13:49:13: Epoch [1]   time cost: 188.84 sec (0.05 h)
2022-10-24 13:49:13: Start evaluating epoch 1:
2022-10-24 13:49:38: Epoch [1]   Batch [159]  Speed  13.0 (+ 2) sample/sec  loss-ce = 2.28865, top1 = 0.28437, top5 = 0.78125  
2022-10-24 13:49:38: Current best epoch found with top5 accuracy 0.78125 at epoch 2, saved
2022-10-24 13:49:38: Checkpoint (model & optimizer) saved to: ./exps/models/archive_ying-caip-arid-resnet3d-18-orimgsample-is-not-dark-std-mean/ying-caip-arid-resnet3d-18-orimgsample-is-not-dark-std-mean_ep-0002.pth
2022-10-24 13:49:39: Checkpoint (model & optimizer) saved to: ./exps/models/archive_ying-caip-arid-resnet3d-18-orimgsample-is-not-dark-std-mean/ying-caip-arid-resnet3d-18-orimgsample-is-not-dark-std-mean_ep-0002.pth
2022-10-24 13:49:39: Current best epoch found with top1 accuracy 0.28437 at epoch 2, saved
2022-10-24 13:49:39: Start epoch 2:
2022-10-24 13:49:50: Epoch [2]   Batch [0]    Speed   0.7 (+ 3) sample/sec  loss-ce = 1.12093, top1 = 0.62500, top5 = 1.00000  
2022-10-24 13:51:28: Epoch [2]   Batch [50]   Speed   4.1 (+ 0) sample/sec  loss-ce = 0.98971, top1 = 0.69000, top5 = 0.97500  
2022-10-24 13:52:43: Epoch [2]   time cost: 183.08 sec (0.05 h)
2022-10-24 13:52:43: Start epoch 3:
2022-10-24 13:52:54: Epoch [3]   Batch [0]    Speed   0.7 (+ 3) sample/sec  loss-ce = 0.96481, top1 = 0.62500, top5 = 1.00000  
2022-10-24 13:54:35: Epoch [3]   Batch [50]   Speed   3.9 (+ 0) sample/sec  loss-ce = 0.66861, top1 = 0.82500, top5 = 0.98750  
2022-10-24 13:55:51: Epoch [3]   time cost: 188.77 sec (0.05 h)
2022-10-24 13:55:51: Start evaluating epoch 3:
2022-10-24 13:56:16: Epoch [3]   Batch [159]  Speed  12.9 (+ 2) sample/sec  loss-ce = 2.06955, top1 = 0.39687, top5 = 0.85000  
2022-10-24 13:56:16: Current best epoch found with top5 accuracy 0.85000 at epoch 4, saved
2022-10-24 13:56:17: Checkpoint (model & optimizer) saved to: ./exps/models/archive_ying-caip-arid-resnet3d-18-orimgsample-is-not-dark-std-mean/ying-caip-arid-resnet3d-18-orimgsample-is-not-dark-std-mean_ep-0004.pth
2022-10-24 13:56:18: Checkpoint (model & optimizer) saved to: ./exps/models/archive_ying-caip-arid-resnet3d-18-orimgsample-is-not-dark-std-mean/ying-caip-arid-resnet3d-18-orimgsample-is-not-dark-std-mean_ep-0004.pth
2022-10-24 13:56:18: Current best epoch found with top1 accuracy 0.39687 at epoch 4, saved
2022-10-24 13:56:18: Start epoch 4:
2022-10-24 13:56:29: Epoch [4]   Batch [0]    Speed   0.7 (+ 3) sample/sec  loss-ce = 1.02584, top1 = 0.50000, top5 = 1.00000  
2022-10-24 13:58:06: Epoch [4]   Batch [50]   Speed   4.1 (+ 0) sample/sec  loss-ce = 0.50629, top1 = 0.87750, top5 = 0.98750  
2022-10-24 13:59:23: Epoch [4]   time cost: 185.18 sec (0.05 h)
2022-10-24 13:59:23: Checkpoint (model & optimizer) saved to: ./exps/models/archive_ying-caip-arid-resnet3d-18-orimgsample-is-not-dark-std-mean/ying-caip-arid-resnet3d-18-orimgsample-is-not-dark-std-mean_ep-0005.pth
2022-10-24 13:59:23: Start epoch 5:
2022-10-24 13:59:34: Epoch [5]   Batch [0]    Speed   0.7 (+ 3) sample/sec  loss-ce = 0.42841, top1 = 0.75000, top5 = 1.00000  
2022-10-24 14:01:16: Epoch [5]   Batch [50]   Speed   3.9 (+ 0) sample/sec  loss-ce = 0.38721, top1 = 0.89000, top5 = 1.00000  
2022-10-24 14:02:33: Epoch [5]   time cost: 189.56 sec (0.05 h)
2022-10-24 14:02:33: Start evaluating epoch 5:
2022-10-24 14:02:58: Epoch [5]   Batch [159]  Speed  12.9 (+ 2) sample/sec  loss-ce = 1.87979, top1 = 0.41875, top5 = 0.91563  
2022-10-24 14:02:58: Current best epoch found with top5 accuracy 0.91563 at epoch 6, saved
2022-10-24 14:02:58: Checkpoint (model & optimizer) saved to: ./exps/models/archive_ying-caip-arid-resnet3d-18-orimgsample-is-not-dark-std-mean/ying-caip-arid-resnet3d-18-orimgsample-is-not-dark-std-mean_ep-0006.pth
2022-10-24 14:02:59: Checkpoint (model & optimizer) saved to: ./exps/models/archive_ying-caip-arid-resnet3d-18-orimgsample-is-not-dark-std-mean/ying-caip-arid-resnet3d-18-orimgsample-is-not-dark-std-mean_ep-0006.pth
2022-10-24 14:02:59: Current best epoch found with top1 accuracy 0.41875 at epoch 6, saved
2022-10-24 14:02:59: Start epoch 6:
2022-10-24 14:03:10: Epoch [6]   Batch [0]    Speed   0.8 (+ 3) sample/sec  loss-ce = 0.42832, top1 = 0.87500, top5 = 1.00000  
2022-10-24 14:04:48: Epoch [6]   Batch [50]   Speed   4.1 (+ 0) sample/sec  loss-ce = 0.28250, top1 = 0.95250, top5 = 0.99500  
2022-10-24 14:06:03: Epoch [6]   time cost: 183.54 sec (0.05 h)
2022-10-24 14:06:03: Start epoch 7:
2022-10-24 14:06:15: Epoch [7]   Batch [0]    Speed   0.7 (+ 3) sample/sec  loss-ce = 0.26891, top1 = 0.87500, top5 = 1.00000  
2022-10-24 14:07:57: Epoch [7]   Batch [50]   Speed   3.9 (+ 0) sample/sec  loss-ce = 0.23016, top1 = 0.95500, top5 = 1.00000  
2022-10-24 14:09:14: Epoch [7]   time cost: 190.85 sec (0.05 h)
2022-10-24 14:09:14: Start evaluating epoch 7:
2022-10-24 14:09:39: Epoch [7]   Batch [159]  Speed  12.9 (+ 2) sample/sec  loss-ce = 1.96072, top1 = 0.44062, top5 = 0.92500  
2022-10-24 14:09:39: Current best epoch found with top5 accuracy 0.92500 at epoch 8, saved
2022-10-24 14:09:39: Checkpoint (model & optimizer) saved to: ./exps/models/archive_ying-caip-arid-resnet3d-18-orimgsample-is-not-dark-std-mean/ying-caip-arid-resnet3d-18-orimgsample-is-not-dark-std-mean_ep-0008.pth
2022-10-24 14:09:39: Checkpoint (model & optimizer) saved to: ./exps/models/archive_ying-caip-arid-resnet3d-18-orimgsample-is-not-dark-std-mean/ying-caip-arid-resnet3d-18-orimgsample-is-not-dark-std-mean_ep-0008.pth
2022-10-24 14:09:39: Current best epoch found with top1 accuracy 0.44062 at epoch 8, saved
2022-10-24 14:09:39: Start epoch 8:
2022-10-24 14:09:50: Epoch [8]   Batch [0]    Speed   0.7 (+ 3) sample/sec  loss-ce = 0.41315, top1 = 0.75000, top5 = 1.00000  
2022-10-24 14:11:28: Epoch [8]   Batch [50]   Speed   4.1 (+ 0) sample/sec  loss-ce = 0.21534, top1 = 0.94000, top5 = 1.00000  
2022-10-24 14:12:43: Epoch [8]   time cost: 184.13 sec (0.05 h)
2022-10-24 14:12:43: Start epoch 9:
2022-10-24 14:12:54: Epoch [9]   Batch [0]    Speed   0.8 (+ 3) sample/sec  loss-ce = 0.09118, top1 = 1.00000, top5 = 1.00000  
2022-10-24 14:14:36: Epoch [9]   Batch [50]   Speed   3.9 (+ 0) sample/sec  loss-ce = 0.17477, top1 = 0.96250, top5 = 1.00000  
2022-10-24 14:15:53: Epoch [9]   time cost: 189.99 sec (0.05 h)
2022-10-24 14:15:54: Checkpoint (model & optimizer) saved to: ./exps/models/archive_ying-caip-arid-resnet3d-18-orimgsample-is-not-dark-std-mean/ying-caip-arid-resnet3d-18-orimgsample-is-not-dark-std-mean_ep-0010.pth
2022-10-24 14:15:54: Start evaluating epoch 9:
2022-10-24 14:16:18: Epoch [9]   Batch [159]  Speed  13.0 (+ 2) sample/sec  loss-ce = 2.02616, top1 = 0.46875, top5 = 0.92188  
2022-10-24 14:16:18: Current best epoch found with top1 accuracy 0.46875 at epoch 10, saved
2022-10-24 14:16:18: Start epoch 10:
2022-10-24 14:16:31: Epoch [10]  Batch [0]    Speed   0.6 (+ 3) sample/sec  loss-ce = 0.06098, top1 = 1.00000, top5 = 1.00000  
2022-10-24 14:18:08: Epoch [10]  Batch [50]   Speed   4.1 (+ 0) sample/sec  loss-ce = 0.17668, top1 = 0.96250, top5 = 1.00000  
2022-10-24 14:19:25: Epoch [10]   time cost: 186.58 sec (0.05 h)
2022-10-24 14:19:25: Start epoch 11:
2022-10-24 14:19:35: Epoch [11]  Batch [0]    Speed   0.8 (+ 3) sample/sec  loss-ce = 0.06256, top1 = 1.00000, top5 = 1.00000  
2022-10-24 14:21:17: Epoch [11]  Batch [50]   Speed   3.9 (+ 0) sample/sec  loss-ce = 0.17960, top1 = 0.94750, top5 = 1.00000  
2022-10-24 14:22:34: Epoch [11]   time cost: 188.69 sec (0.05 h)
2022-10-24 14:22:34: Start evaluating epoch 11:
2022-10-24 14:22:58: Epoch [11]  Batch [159]  Speed  12.9 (+ 2) sample/sec  loss-ce = 2.01489, top1 = 0.44375, top5 = 0.91563  
2022-10-24 14:22:58: Start epoch 12:
2022-10-24 14:23:10: Epoch [12]  Batch [0]    Speed   0.7 (+ 3) sample/sec  loss-ce = 0.07352, top1 = 1.00000, top5 = 1.00000  
2022-10-24 14:24:47: Epoch [12]  Batch [50]   Speed   4.1 (+ 0) sample/sec  loss-ce = 0.11280, top1 = 0.98250, top5 = 1.00000  
2022-10-24 14:26:03: Epoch [12]   time cost: 184.69 sec (0.05 h)
2022-10-24 14:26:03: Start epoch 13:
2022-10-24 14:26:14: Epoch [13]  Batch [0]    Speed   0.7 (+ 3) sample/sec  loss-ce = 0.09219, top1 = 1.00000, top5 = 1.00000  
2022-10-24 14:27:55: Epoch [13]  Batch [50]   Speed   3.9 (+ 0) sample/sec  loss-ce = 0.10340, top1 = 0.98000, top5 = 1.00000  
2022-10-24 14:29:12: Epoch [13]   time cost: 188.78 sec (0.05 h)
2022-10-24 14:29:12: Start evaluating epoch 13:
2022-10-24 14:29:37: Epoch [13]  Batch [159]  Speed  13.0 (+ 2) sample/sec  loss-ce = 2.07300, top1 = 0.46250, top5 = 0.91875  
2022-10-24 14:29:37: Start epoch 14:
2022-10-24 14:29:48: Epoch [14]  Batch [0]    Speed   0.7 (+ 3) sample/sec  loss-ce = 0.04825, top1 = 1.00000, top5 = 1.00000  
2022-10-24 14:31:25: Epoch [14]  Batch [50]   Speed   4.1 (+ 0) sample/sec  loss-ce = 0.08839, top1 = 0.99000, top5 = 1.00000  
2022-10-24 14:32:42: Epoch [14]   time cost: 184.98 sec (0.05 h)
2022-10-24 14:32:42: Checkpoint (model & optimizer) saved to: ./exps/models/archive_ying-caip-arid-resnet3d-18-orimgsample-is-not-dark-std-mean/ying-caip-arid-resnet3d-18-orimgsample-is-not-dark-std-mean_ep-0015.pth
2022-10-24 14:32:42: Start epoch 15:
2022-10-24 14:32:53: Epoch [15]  Batch [0]    Speed   0.7 (+ 3) sample/sec  loss-ce = 0.02467, top1 = 1.00000, top5 = 1.00000  
2022-10-24 14:34:35: Epoch [15]  Batch [50]   Speed   3.9 (+ 0) sample/sec  loss-ce = 0.08338, top1 = 0.99250, top5 = 0.99750  
2022-10-24 14:35:52: Epoch [15]   time cost: 189.59 sec (0.05 h)
2022-10-24 14:35:52: Start evaluating epoch 15:
2022-10-24 14:36:16: Epoch [15]  Batch [159]  Speed  12.9 (+ 2) sample/sec  loss-ce = 1.91417, top1 = 0.49375, top5 = 0.94688  
2022-10-24 14:36:16: Current best epoch found with top5 accuracy 0.94688 at epoch 16, saved
2022-10-24 14:36:17: Checkpoint (model & optimizer) saved to: ./exps/models/archive_ying-caip-arid-resnet3d-18-orimgsample-is-not-dark-std-mean/ying-caip-arid-resnet3d-18-orimgsample-is-not-dark-std-mean_ep-0016.pth
2022-10-24 14:36:18: Checkpoint (model & optimizer) saved to: ./exps/models/archive_ying-caip-arid-resnet3d-18-orimgsample-is-not-dark-std-mean/ying-caip-arid-resnet3d-18-orimgsample-is-not-dark-std-mean_ep-0016.pth
2022-10-24 14:36:18: Current best epoch found with top1 accuracy 0.49375 at epoch 16, saved
2022-10-24 14:36:18: Start epoch 16:
2022-10-24 14:36:30: Epoch [16]  Batch [0]    Speed   0.7 (+ 3) sample/sec  loss-ce = 0.03511, top1 = 1.00000, top5 = 1.00000  
2022-10-24 14:38:08: Epoch [16]  Batch [50]   Speed   4.1 (+ 0) sample/sec  loss-ce = 0.07459, top1 = 0.99250, top5 = 1.00000  
2022-10-24 14:39:24: Epoch [16]   time cost: 185.71 sec (0.05 h)
2022-10-24 14:39:24: Start epoch 17:
2022-10-24 14:39:35: Epoch [17]  Batch [0]    Speed   0.7 (+ 3) sample/sec  loss-ce = 0.24212, top1 = 0.87500, top5 = 1.00000  
2022-10-24 14:41:17: Epoch [17]  Batch [50]   Speed   3.9 (+ 0) sample/sec  loss-ce = 0.11561, top1 = 0.97250, top5 = 1.00000  
2022-10-24 14:42:33: Epoch [17]   time cost: 189.15 sec (0.05 h)
2022-10-24 14:42:33: Start evaluating epoch 17:
2022-10-24 14:42:58: Epoch [17]  Batch [159]  Speed  12.9 (+ 2) sample/sec  loss-ce = 2.26691, top1 = 0.48750, top5 = 0.91875  
2022-10-24 14:42:58: Start epoch 18:
2022-10-24 14:43:09: Epoch [18]  Batch [0]    Speed   0.7 (+ 3) sample/sec  loss-ce = 0.02118, top1 = 1.00000, top5 = 1.00000  
2022-10-24 14:44:47: Epoch [18]  Batch [50]   Speed   4.1 (+ 0) sample/sec  loss-ce = 0.08048, top1 = 0.99000, top5 = 1.00000  
2022-10-24 14:46:04: Epoch [18]   time cost: 185.85 sec (0.05 h)
2022-10-24 14:46:04: Start epoch 19:
2022-10-24 14:46:14: Epoch [19]  Batch [0]    Speed   0.7 (+ 3) sample/sec  loss-ce = 0.12557, top1 = 1.00000, top5 = 1.00000  
2022-10-24 14:47:56: Epoch [19]  Batch [50]   Speed   3.9 (+ 0) sample/sec  loss-ce = 0.06686, top1 = 0.99500, top5 = 0.99750  
2022-10-24 14:49:14: Epoch [19]   time cost: 189.93 sec (0.05 h)
2022-10-24 14:49:14: Checkpoint (model & optimizer) saved to: ./exps/models/archive_ying-caip-arid-resnet3d-18-orimgsample-is-not-dark-std-mean/ying-caip-arid-resnet3d-18-orimgsample-is-not-dark-std-mean_ep-0020.pth
2022-10-24 14:49:14: Start evaluating epoch 19:
2022-10-24 14:49:39: Epoch [19]  Batch [159]  Speed  12.9 (+ 2) sample/sec  loss-ce = 2.05168, top1 = 0.50000, top5 = 0.95937  
2022-10-24 14:49:39: Current best epoch found with top5 accuracy 0.95937 at epoch 20, saved
2022-10-24 14:49:39: Current best epoch found with top1 accuracy 0.50000 at epoch 20, saved
2022-10-24 14:49:39: Start epoch 20:
2022-10-24 14:49:51: Epoch [20]  Batch [0]    Speed   0.7 (+ 3) sample/sec  loss-ce = 0.07010, top1 = 1.00000, top5 = 1.00000  
2022-10-24 14:51:28: Epoch [20]  Batch [50]   Speed   4.1 (+ 0) sample/sec  loss-ce = 0.07030, top1 = 0.97750, top5 = 1.00000  
2022-10-24 14:52:44: Epoch [20]   time cost: 185.18 sec (0.05 h)
2022-10-24 14:52:44: Start epoch 21:
2022-10-24 14:52:55: Epoch [21]  Batch [0]    Speed   0.7 (+ 3) sample/sec  loss-ce = 0.05478, top1 = 1.00000, top5 = 1.00000  
2022-10-24 14:54:37: Epoch [21]  Batch [50]   Speed   3.9 (+ 0) sample/sec  loss-ce = 0.07277, top1 = 0.98250, top5 = 1.00000  
2022-10-24 14:55:55: Epoch [21]   time cost: 190.47 sec (0.05 h)
2022-10-24 14:55:55: Start evaluating epoch 21:
2022-10-24 14:56:19: Epoch [21]  Batch [159]  Speed  12.9 (+ 2) sample/sec  loss-ce = 1.94774, top1 = 0.51250, top5 = 0.93125  
2022-10-24 14:56:20: Checkpoint (model & optimizer) saved to: ./exps/models/archive_ying-caip-arid-resnet3d-18-orimgsample-is-not-dark-std-mean/ying-caip-arid-resnet3d-18-orimgsample-is-not-dark-std-mean_ep-0022.pth
2022-10-24 14:56:20: Current best epoch found with top1 accuracy 0.51250 at epoch 22, saved
2022-10-24 14:56:20: Start epoch 22:
2022-10-24 14:56:31: Epoch [22]  Batch [0]    Speed   0.7 (+ 3) sample/sec  loss-ce = 0.02944, top1 = 1.00000, top5 = 1.00000  
2022-10-24 14:58:09: Epoch [22]  Batch [50]   Speed   4.1 (+ 0) sample/sec  loss-ce = 0.07526, top1 = 0.97750, top5 = 1.00000  
2022-10-24 14:59:25: Epoch [22]   time cost: 185.15 sec (0.05 h)
2022-10-24 14:59:25: Start epoch 23:
2022-10-24 14:59:35: Epoch [23]  Batch [0]    Speed   0.8 (+ 3) sample/sec  loss-ce = 0.15745, top1 = 0.87500, top5 = 1.00000  
2022-10-24 15:01:17: Epoch [23]  Batch [50]   Speed   3.9 (+ 0) sample/sec  loss-ce = 0.05337, top1 = 0.99000, top5 = 1.00000  
2022-10-24 15:02:34: Epoch [23]   time cost: 188.87 sec (0.05 h)
2022-10-24 15:02:34: Start evaluating epoch 23:
2022-10-24 15:02:59: Epoch [23]  Batch [159]  Speed  12.9 (+ 2) sample/sec  loss-ce = 2.19861, top1 = 0.50313, top5 = 0.93125  
2022-10-24 15:02:59: Start epoch 24:
2022-10-24 15:03:10: Epoch [24]  Batch [0]    Speed   0.7 (+ 3) sample/sec  loss-ce = 0.00787, top1 = 1.00000, top5 = 1.00000  
2022-10-24 15:04:48: Epoch [24]  Batch [50]   Speed   4.1 (+ 0) sample/sec  loss-ce = 0.05328, top1 = 0.99000, top5 = 1.00000  
2022-10-24 15:06:03: Epoch [24]   time cost: 184.27 sec (0.05 h)
2022-10-24 15:06:03: Checkpoint (model & optimizer) saved to: ./exps/models/archive_ying-caip-arid-resnet3d-18-orimgsample-is-not-dark-std-mean/ying-caip-arid-resnet3d-18-orimgsample-is-not-dark-std-mean_ep-0025.pth
2022-10-24 15:06:03: Start epoch 25:
2022-10-24 15:06:14: Epoch [25]  Batch [0]    Speed   0.7 (+ 3) sample/sec  loss-ce = 0.03457, top1 = 1.00000, top5 = 1.00000  
2022-10-24 15:07:56: Epoch [25]  Batch [50]   Speed   3.9 (+ 0) sample/sec  loss-ce = 0.03768, top1 = 0.99500, top5 = 1.00000  
2022-10-24 15:09:13: Epoch [25]   time cost: 189.86 sec (0.05 h)
2022-10-24 15:09:13: Start evaluating epoch 25:
2022-10-24 15:09:38: Epoch [25]  Batch [159]  Speed  12.9 (+ 2) sample/sec  loss-ce = 1.98553, top1 = 0.55000, top5 = 0.95000  
2022-10-24 15:09:38: Checkpoint (model & optimizer) saved to: ./exps/models/archive_ying-caip-arid-resnet3d-18-orimgsample-is-not-dark-std-mean/ying-caip-arid-resnet3d-18-orimgsample-is-not-dark-std-mean_ep-0026.pth
2022-10-24 15:09:38: Current best epoch found with top1 accuracy 0.55000 at epoch 26, saved
2022-10-24 15:09:38: Start epoch 26:
2022-10-24 15:09:49: Epoch [26]  Batch [0]    Speed   0.7 (+ 3) sample/sec  loss-ce = 0.02842, top1 = 1.00000, top5 = 1.00000  
2022-10-24 15:11:27: Epoch [26]  Batch [50]   Speed   4.1 (+ 0) sample/sec  loss-ce = 0.05280, top1 = 0.99000, top5 = 1.00000  
2022-10-24 15:11:38: Iter: 2500, change learning rate to 1.00000e-03 for step [2500:5000)
2022-10-24 15:12:44: Epoch [26]   time cost: 185.36 sec (0.05 h)
2022-10-24 15:12:44: Start epoch 27:
2022-10-24 15:12:55: Epoch [27]  Batch [0]    Speed   0.7 (+ 3) sample/sec  loss-ce = 0.04843, top1 = 1.00000, top5 = 1.00000  
2022-10-24 15:14:37: Epoch [27]  Batch [50]   Speed   3.9 (+ 0) sample/sec  loss-ce = 0.07492, top1 = 0.98500, top5 = 0.99750  
2022-10-24 15:15:54: Epoch [27]   time cost: 190.48 sec (0.05 h)
2022-10-24 15:15:54: Start evaluating epoch 27:
2022-10-24 15:16:19: Epoch [27]  Batch [159]  Speed  13.0 (+ 2) sample/sec  loss-ce = 2.10638, top1 = 0.50938, top5 = 0.94688  
2022-10-24 15:16:19: Start epoch 28:
2022-10-24 15:16:30: Epoch [28]  Batch [0]    Speed   0.7 (+ 3) sample/sec  loss-ce = 0.16070, top1 = 0.87500, top5 = 1.00000  
2022-10-24 15:18:08: Epoch [28]  Batch [50]   Speed   4.1 (+ 0) sample/sec  loss-ce = 0.05048, top1 = 0.99750, top5 = 1.00000  
2022-10-24 15:19:24: Epoch [28]   time cost: 185.56 sec (0.05 h)
2022-10-24 15:19:24: Start epoch 29:
2022-10-24 15:19:35: Epoch [29]  Batch [0]    Speed   0.7 (+ 3) sample/sec  loss-ce = 0.02398, top1 = 1.00000, top5 = 1.00000  
2022-10-24 15:21:17: Epoch [29]  Batch [50]   Speed   3.9 (+ 0) sample/sec  loss-ce = 0.05008, top1 = 0.99000, top5 = 1.00000  
2022-10-24 15:22:34: Epoch [29]   time cost: 190.02 sec (0.05 h)
2022-10-24 15:22:35: Checkpoint (model & optimizer) saved to: ./exps/models/archive_ying-caip-arid-resnet3d-18-orimgsample-is-not-dark-std-mean/ying-caip-arid-resnet3d-18-orimgsample-is-not-dark-std-mean_ep-0030.pth
2022-10-24 15:22:35: Start evaluating epoch 29:
2022-10-24 15:23:00: Epoch [29]  Batch [159]  Speed  12.9 (+ 2) sample/sec  loss-ce = 2.10286, top1 = 0.50625, top5 = 0.93750  
2022-10-24 15:23:00: Start epoch 30:
2022-10-24 15:23:11: Epoch [30]  Batch [0]    Speed   0.7 (+ 3) sample/sec  loss-ce = 0.00854, top1 = 1.00000, top5 = 1.00000  
2022-10-24 15:24:49: Epoch [30]  Batch [50]   Speed   4.1 (+ 0) sample/sec  loss-ce = 0.04442, top1 = 0.99250, top5 = 0.99750  
2022-10-24 15:26:06: Epoch [30]   time cost: 186.36 sec (0.05 h)
2022-10-24 15:26:06: Start epoch 31:
2022-10-24 15:26:17: Epoch [31]  Batch [0]    Speed   0.7 (+ 3) sample/sec  loss-ce = 0.00806, top1 = 1.00000, top5 = 1.00000  
2022-10-24 15:27:59: Epoch [31]  Batch [50]   Speed   3.9 (+ 0) sample/sec  loss-ce = 0.02966, top1 = 0.99500, top5 = 1.00000  
2022-10-24 15:29:15: Epoch [31]   time cost: 188.82 sec (0.05 h)
2022-10-24 15:29:15: Start evaluating epoch 31:
2022-10-24 15:29:40: Epoch [31]  Batch [159]  Speed  13.0 (+ 2) sample/sec  loss-ce = 2.19400, top1 = 0.48750, top5 = 0.92812  
2022-10-24 15:29:40: Start epoch 32:
2022-10-24 15:29:50: Epoch [32]  Batch [0]    Speed   0.8 (+ 3) sample/sec  loss-ce = 0.04432, top1 = 1.00000, top5 = 1.00000  
2022-10-24 15:31:29: Epoch [32]  Batch [50]   Speed   4.1 (+ 0) sample/sec  loss-ce = 0.03153, top1 = 0.99500, top5 = 1.00000  
2022-10-24 15:32:45: Epoch [32]   time cost: 185.67 sec (0.05 h)
2022-10-24 15:32:45: Start epoch 33:
2022-10-24 15:32:57: Epoch [33]  Batch [0]    Speed   0.7 (+ 3) sample/sec  loss-ce = 0.01365, top1 = 1.00000, top5 = 1.00000  
2022-10-24 15:34:39: Epoch [33]  Batch [50]   Speed   3.9 (+ 0) sample/sec  loss-ce = 0.03508, top1 = 0.99250, top5 = 1.00000  
2022-10-24 15:35:55: Epoch [33]   time cost: 190.02 sec (0.05 h)
2022-10-24 15:35:55: Start evaluating epoch 33:
2022-10-24 15:36:20: Epoch [33]  Batch [159]  Speed  13.0 (+ 2) sample/sec  loss-ce = 2.13546, top1 = 0.49062, top5 = 0.94063  
2022-10-24 15:36:20: Start epoch 34:
2022-10-24 15:36:31: Epoch [34]  Batch [0]    Speed   0.7 (+ 3) sample/sec  loss-ce = 0.17414, top1 = 0.87500, top5 = 1.00000  
2022-10-24 15:38:09: Epoch [34]  Batch [50]   Speed   4.1 (+ 0) sample/sec  loss-ce = 0.03252, top1 = 0.99750, top5 = 1.00000  
2022-10-24 15:39:26: Epoch [34]   time cost: 185.81 sec (0.05 h)
2022-10-24 15:39:26: Checkpoint (model & optimizer) saved to: ./exps/models/archive_ying-caip-arid-resnet3d-18-orimgsample-is-not-dark-std-mean/ying-caip-arid-resnet3d-18-orimgsample-is-not-dark-std-mean_ep-0035.pth
2022-10-24 15:39:26: Start epoch 35:
2022-10-24 15:39:37: Epoch [35]  Batch [0]    Speed   0.7 (+ 3) sample/sec  loss-ce = 0.01011, top1 = 1.00000, top5 = 1.00000  
2022-10-24 15:41:19: Epoch [35]  Batch [50]   Speed   3.9 (+ 0) sample/sec  loss-ce = 0.02643, top1 = 0.99750, top5 = 1.00000  
2022-10-24 15:42:35: Epoch [35]   time cost: 188.83 sec (0.05 h)
2022-10-24 15:42:35: Start evaluating epoch 35:
2022-10-24 15:43:00: Epoch [35]  Batch [159]  Speed  12.9 (+ 2) sample/sec  loss-ce = 2.05831, top1 = 0.50625, top5 = 0.94063  
2022-10-24 15:43:00: Start epoch 36:
2022-10-24 15:43:11: Epoch [36]  Batch [0]    Speed   0.7 (+ 3) sample/sec  loss-ce = 0.00269, top1 = 1.00000, top5 = 1.00000  
2022-10-24 15:44:49: Epoch [36]  Batch [50]   Speed   4.1 (+ 0) sample/sec  loss-ce = 0.04291, top1 = 0.99000, top5 = 1.00000  
2022-10-24 15:46:06: Epoch [36]   time cost: 186.37 sec (0.05 h)
2022-10-24 15:46:06: Start epoch 37:
2022-10-24 15:46:18: Epoch [37]  Batch [0]    Speed   0.7 (+ 3) sample/sec  loss-ce = 0.00812, top1 = 1.00000, top5 = 1.00000  
2022-10-24 15:47:59: Epoch [37]  Batch [50]   Speed   3.9 (+ 0) sample/sec  loss-ce = 0.05296, top1 = 0.98500, top5 = 1.00000  
2022-10-24 15:49:16: Epoch [37]   time cost: 190.13 sec (0.05 h)
2022-10-24 15:49:16: Start evaluating epoch 37:
2022-10-24 15:49:41: Epoch [37]  Batch [159]  Speed  13.0 (+ 2) sample/sec  loss-ce = 2.10861, top1 = 0.51562, top5 = 0.95000  
2022-10-24 15:49:41: Start epoch 38:
2022-10-24 15:49:52: Epoch [38]  Batch [0]    Speed   0.7 (+ 3) sample/sec  loss-ce = 0.01219, top1 = 1.00000, top5 = 1.00000  
2022-10-24 15:51:30: Epoch [38]  Batch [50]   Speed   4.1 (+ 0) sample/sec  loss-ce = 0.04137, top1 = 0.99000, top5 = 1.00000  
2022-10-24 15:52:46: Epoch [38]   time cost: 185.31 sec (0.05 h)
2022-10-24 15:52:46: Start epoch 39:
2022-10-24 15:52:58: Epoch [39]  Batch [0]    Speed   0.7 (+ 3) sample/sec  loss-ce = 0.00729, top1 = 1.00000, top5 = 1.00000  
2022-10-24 15:54:39: Epoch [39]  Batch [50]   Speed   3.9 (+ 0) sample/sec  loss-ce = 0.03148, top1 = 1.00000, top5 = 1.00000  
2022-10-24 15:55:56: Epoch [39]   time cost: 189.17 sec (0.05 h)
2022-10-24 15:55:56: Checkpoint (model & optimizer) saved to: ./exps/models/archive_ying-caip-arid-resnet3d-18-orimgsample-is-not-dark-std-mean/ying-caip-arid-resnet3d-18-orimgsample-is-not-dark-std-mean_ep-0040.pth
2022-10-24 15:55:56: Start evaluating epoch 39:
2022-10-24 15:56:21: Epoch [39]  Batch [159]  Speed  13.0 (+ 2) sample/sec  loss-ce = 2.01517, top1 = 0.51250, top5 = 0.94688  
2022-10-24 15:56:21: Start epoch 40:
2022-10-24 15:56:32: Epoch [40]  Batch [0]    Speed   0.7 (+ 3) sample/sec  loss-ce = 0.00431, top1 = 1.00000, top5 = 1.00000  
2022-10-24 15:58:11: Epoch [40]  Batch [50]   Speed   4.1 (+ 0) sample/sec  loss-ce = 0.02778, top1 = 0.99750, top5 = 1.00000  
2022-10-24 15:59:27: Epoch [40]   time cost: 186.14 sec (0.05 h)
2022-10-24 15:59:27: Start epoch 41:
2022-10-24 15:59:38: Epoch [41]  Batch [0]    Speed   0.7 (+ 3) sample/sec  loss-ce = 0.03443, top1 = 1.00000, top5 = 1.00000  
2022-10-24 16:01:20: Epoch [41]  Batch [50]   Speed   3.9 (+ 0) sample/sec  loss-ce = 0.03092, top1 = 0.99750, top5 = 1.00000  
2022-10-24 16:02:37: Epoch [41]   time cost: 190.34 sec (0.05 h)
2022-10-24 16:02:37: Start evaluating epoch 41:
2022-10-24 16:03:02: Epoch [41]  Batch [159]  Speed  13.0 (+ 2) sample/sec  loss-ce = 2.20400, top1 = 0.48438, top5 = 0.92812  
2022-10-24 16:03:02: Start epoch 42:
2022-10-24 16:03:13: Epoch [42]  Batch [0]    Speed   0.7 (+ 3) sample/sec  loss-ce = 0.12483, top1 = 1.00000, top5 = 1.00000  
2022-10-24 16:04:51: Epoch [42]  Batch [50]   Speed   4.1 (+ 0) sample/sec  loss-ce = 0.03532, top1 = 0.99500, top5 = 1.00000  
2022-10-24 16:06:07: Epoch [42]   time cost: 185.16 sec (0.05 h)
2022-10-24 16:06:07: Start epoch 43:
2022-10-24 16:06:19: Epoch [43]  Batch [0]    Speed   0.7 (+ 3) sample/sec  loss-ce = 0.06105, top1 = 1.00000, top5 = 1.00000  
2022-10-24 16:08:00: Epoch [43]  Batch [50]   Speed   3.9 (+ 0) sample/sec  loss-ce = 0.03553, top1 = 0.99000, top5 = 1.00000  
2022-10-24 16:09:18: Epoch [43]   time cost: 190.53 sec (0.05 h)
2022-10-24 16:09:18: Start evaluating epoch 43:
2022-10-24 16:09:42: Epoch [43]  Batch [159]  Speed  13.0 (+ 2) sample/sec  loss-ce = 2.14829, top1 = 0.48438, top5 = 0.95000  
2022-10-24 16:09:42: Start epoch 44:
2022-10-24 16:09:53: Epoch [44]  Batch [0]    Speed   0.7 (+ 3) sample/sec  loss-ce = 0.00444, top1 = 1.00000, top5 = 1.00000  
2022-10-24 16:11:31: Epoch [44]  Batch [50]   Speed   4.1 (+ 0) sample/sec  loss-ce = 0.03360, top1 = 0.99250, top5 = 1.00000  
2022-10-24 16:12:48: Epoch [44]   time cost: 185.58 sec (0.05 h)
2022-10-24 16:12:48: Checkpoint (model & optimizer) saved to: ./exps/models/archive_ying-caip-arid-resnet3d-18-orimgsample-is-not-dark-std-mean/ying-caip-arid-resnet3d-18-orimgsample-is-not-dark-std-mean_ep-0045.pth
2022-10-24 16:12:48: Start epoch 45:
2022-10-24 16:12:59: Epoch [45]  Batch [0]    Speed   0.7 (+ 3) sample/sec  loss-ce = 0.02762, top1 = 1.00000, top5 = 1.00000  
2022-10-24 16:14:41: Epoch [45]  Batch [50]   Speed   3.9 (+ 0) sample/sec  loss-ce = 0.03585, top1 = 0.99000, top5 = 1.00000  
2022-10-24 16:15:58: Epoch [45]   time cost: 190.04 sec (0.05 h)
2022-10-24 16:15:58: Start evaluating epoch 45:
2022-10-24 16:16:23: Epoch [45]  Batch [159]  Speed  12.9 (+ 2) sample/sec  loss-ce = 2.13567, top1 = 0.48438, top5 = 0.93125  
2022-10-24 16:16:23: Start epoch 46:
2022-10-24 16:16:35: Epoch [46]  Batch [0]    Speed   0.7 (+ 3) sample/sec  loss-ce = 0.09413, top1 = 1.00000, top5 = 1.00000  
2022-10-24 16:18:13: Epoch [46]  Batch [50]   Speed   4.1 (+ 0) sample/sec  loss-ce = 0.04209, top1 = 0.99250, top5 = 1.00000  
2022-10-24 16:19:30: Epoch [46]   time cost: 186.62 sec (0.05 h)
2022-10-24 16:19:30: Start epoch 47:
2022-10-24 16:19:40: Epoch [47]  Batch [0]    Speed   0.8 (+ 3) sample/sec  loss-ce = 0.01164, top1 = 1.00000, top5 = 1.00000  
2022-10-24 16:21:22: Epoch [47]  Batch [50]   Speed   3.9 (+ 0) sample/sec  loss-ce = 0.04914, top1 = 0.98750, top5 = 1.00000  
2022-10-24 16:22:38: Epoch [47]   time cost: 188.49 sec (0.05 h)
2022-10-24 16:22:38: Start evaluating epoch 47:
2022-10-24 16:23:03: Epoch [47]  Batch [159]  Speed  12.9 (+ 2) sample/sec  loss-ce = 2.15706, top1 = 0.49375, top5 = 0.94375  
2022-10-24 16:23:03: Start epoch 48:
2022-10-24 16:23:14: Epoch [48]  Batch [0]    Speed   0.7 (+ 3) sample/sec  loss-ce = 0.02211, top1 = 1.00000, top5 = 1.00000  
2022-10-24 16:24:52: Epoch [48]  Batch [50]   Speed   4.1 (+ 0) sample/sec  loss-ce = 0.04534, top1 = 0.98750, top5 = 1.00000  
2022-10-24 16:25:39: Epoch [48]   time cost: 156.02 sec (0.04 h)
2022-10-24 16:25:39: Start epoch 49:
2022-10-24 16:25:47: Epoch [49]  Batch [0]    Speed   1.0 (+ 8) sample/sec  loss-ce = 0.00388, top1 = 1.00000, top5 = 1.00000  
2022-10-24 16:26:35: Epoch [49]  Batch [50]   Speed   8.4 (+ 0) sample/sec  loss-ce = 0.03003, top1 = 0.99750, top5 = 1.00000  
2022-10-24 16:27:16: Epoch [49]   time cost: 96.79 sec (0.03 h)
2022-10-24 16:27:16: Checkpoint (model & optimizer) saved to: ./exps/models/archive_ying-caip-arid-resnet3d-18-orimgsample-is-not-dark-std-mean/ying-caip-arid-resnet3d-18-orimgsample-is-not-dark-std-mean_ep-0050.pth
2022-10-24 16:27:16: Start evaluating epoch 49:
2022-10-24 16:27:32: Epoch [49]  Batch [159]  Speed  20.6 (+ 9) sample/sec  loss-ce = 2.10718, top1 = 0.51250, top5 = 0.94688  
2022-10-24 16:27:32: Optimization done!
