2022-11-07 03:48:00: Using pytorch 1.12.0+cu113 (['/media/mldadmin/home/s122mdg36_01/anaconda3/envs/torchgpu/lib/python3.7/site-packages/torch'])
2022-11-07 03:48:00: Start training with args:
{
    "backend": "nccl",
    "batch_size": 8,
    "brighten_method": "ying_caip_canny_100_200",
    "clip_length": 16,
    "dataset": "ARID",
    "debug_mode": true,
    "dist_url": "tcp://192.168.0.11:23456",
    "end_epoch": 50,
    "fine_tune": true,
    "gpus": "0,1,2,3,4,5,6,7",
    "is_dark": false,
    "log_file": "./exps/logs/arid-resnet3d-18-MGsample-ying_caip_canny_thresh_100_200_at-gpu36.log",
    "lr_base": 0.01,
    "lr_factor": 0.1,
    "lr_steps": [
        20000,
        40000,
        80000
    ],
    "model_dir": "./exps/models/archive",
    "model_prefix": "./exps/models/archive/arid-resnet3d-18-MGsample-ying_caip_canny_thresh_100_200",
    "network": "resnet",
    "pretrained_2d": true,
    "pretrained_3d": null,
    "random_seed": 3407,
    "resume_epoch": -1,
    "save_frequency": 2,
    "segments": 1,
    "task_name": "arid-resnet3d-18-MGsample-ying_caip_canny_thresh_100_200",
    "train_frame_interval": 2,
    "use_flow": false,
    "use_segments": false,
    "val_frame_interval": 2,
    "world_size": 1
}
2022-11-07 03:48:00: Target dataset: 'ARID', configs: {'num_classes': 10}
2022-11-07 03:48:00: Initializer:: 'BasicStem' is uninitialized.
2022-11-07 03:48:01: Initializer:: 'AdaptiveAvgPool3d' is uninitialized.
2022-11-07 03:48:01: Initializer:: 'VideoResNet' is uninitialized.
2022-11-07 03:48:01: Network:: graph initialized, loading pretrained model: `/media/mldadmin/home/s122mdg36_01/caipei/assignment1/solutions/ARID_v1/network/pretrained/r3d_18-b3b3357e.pth'
2022-11-07 03:48:01: There are layers in current network not initialized by pretrained
2022-11-07 03:48:01: >> Failed to load: ['fc.weight', 'fc.bias']
2022-11-07 03:48:01: loading network configs of: RESNET
2022-11-07 03:48:01: Preprocessing:: using default mean & std from Kinetics original.
2022-11-07 03:48:01: data:: {'mean': [0.43216, 0.394666, 0.37645], 'std': [0.22803, 0.22145, 0.216989]}
2022-11-07 03:48:01: VideoIter:: clip_length = 16, interval = [train: 2, val: 2], seed = 3507
2022-11-07 03:48:01: VideoIter:: >> `check_video' is off, `tolerant_corrupted_video' is automatically activated.
2022-11-07 03:48:01: VideoIter:: found 750 videos in `./dataset/ARID/train.txt'
2022-11-07 03:48:01: VideoIter:: iterator initialized (phase: 'train', num: 750)
2022-11-07 03:48:01: VideoIter:: >> `check_video' is off, `tolerant_corrupted_video' is automatically activated.
2022-11-07 03:48:01: VideoIter:: found 320 videos in `./dataset/ARID/val.txt'
2022-11-07 03:48:01: VideoIter:: iterator initialized (phase: 'test', num: 320)
2022-11-07 03:48:03: Optimizer:: >> recuding the learning rate of 62 params: ['resnet.stem.0.weight', 'resnet.stem.1.weight', 'resnet.stem.1.bias', 'resnet.layer1.0.conv1.0.weight', 'resnet.layer1.0.conv1.1.weight', 'resnet.lay ... nv1.1.bias', 'resnet.layer4.1.conv2.0.weight', 'resnet.layer4.1.conv2.1.weight', 'resnet.layer4.1.conv2.1.bias', 'resnet.fc.weight', 'resnet.fc.bias']
2022-11-07 03:48:03: Iter 0: start with learning rate: 1.00000e-02 (next lr step: 2500)
2022-11-07 03:48:03: Start epoch 0:
2022-11-07 03:48:14: Epoch [0]   Batch [0]    Speed   0.7 (+ 1) sample/sec  loss-ce = 2.43578, top1 = 0.12500, top5 = 0.62500  
2022-11-07 03:49:01: Epoch [0]   Batch [50]   Speed   8.5 (+ 0) sample/sec  loss-ce = 2.28220, top1 = 0.18750, top5 = 0.63500  
2022-11-07 03:49:42: Epoch [0]   time cost: 99.33 sec (0.03 h)
2022-11-07 03:49:42: mkdir ./exps/models/archive_arid-resnet3d-18-MGsample-ying_caip_canny_thresh_100_200
2022-11-07 03:49:42: Checkpoint (model & optimizer) saved to: ./exps/models/archive_arid-resnet3d-18-MGsample-ying_caip_canny_thresh_100_200/arid-resnet3d-18-MGsample-ying_caip_canny_thresh_100_200_ep-0001.pth
2022-11-07 03:49:42: Start evaluating epoch 0:
2022-11-07 03:49:58: Epoch [0]   Batch [159]  Speed  20.7 (+ 9) sample/sec  loss-ce = 2.32063, top1 = 0.23750, top5 = 0.70000  
2022-11-07 03:49:58: Current best epoch found with top5 accuracy 0.70000 at epoch 1, saved
2022-11-07 03:49:59: Checkpoint (model & optimizer) saved to: ./exps/models/archive_arid-resnet3d-18-MGsample-ying_caip_canny_thresh_100_200/arid-resnet3d-18-MGsample-ying_caip_canny_thresh_100_200_ep-0001.pth
2022-11-07 03:50:01: Checkpoint (model & optimizer) saved to: ./exps/models/archive_arid-resnet3d-18-MGsample-ying_caip_canny_thresh_100_200/arid-resnet3d-18-MGsample-ying_caip_canny_thresh_100_200_ep-0001.pth
2022-11-07 03:50:01: Current best epoch found with top1 accuracy 0.23750 at epoch 1, saved
2022-11-07 03:50:01: Start epoch 1:
2022-11-07 03:50:08: Epoch [1]   Batch [0]    Speed   1.1 (+ 7) sample/sec  loss-ce = 1.97188, top1 = 0.37500, top5 = 0.75000  
2022-11-07 03:50:58: Epoch [1]   Batch [50]   Speed   8.1 (+ 0) sample/sec  loss-ce = 1.69592, top1 = 0.42000, top5 = 0.89250  
2022-11-07 03:51:39: Epoch [1]   time cost: 98.69 sec (0.03 h)
2022-11-07 03:51:40: Checkpoint (model & optimizer) saved to: ./exps/models/archive_arid-resnet3d-18-MGsample-ying_caip_canny_thresh_100_200/arid-resnet3d-18-MGsample-ying_caip_canny_thresh_100_200_ep-0002.pth
2022-11-07 03:51:40: Start evaluating epoch 1:
2022-11-07 03:51:55: Epoch [1]   Batch [159]  Speed  20.7 (+ 9) sample/sec  loss-ce = 2.03901, top1 = 0.31250, top5 = 0.79375  
2022-11-07 03:51:55: Current best epoch found with top5 accuracy 0.79375 at epoch 2, saved
2022-11-07 03:51:55: Current best epoch found with top1 accuracy 0.31250 at epoch 2, saved
2022-11-07 03:51:55: Start epoch 2:
2022-11-07 03:52:03: Epoch [2]   Batch [0]    Speed   1.1 (+ 7) sample/sec  loss-ce = 0.97028, top1 = 0.87500, top5 = 0.87500  
2022-11-07 03:53:18: Epoch [2]   Batch [50]   Speed   5.3 (+ 0) sample/sec  loss-ce = 1.23454, top1 = 0.60250, top5 = 0.96500  
2022-11-07 03:54:47: Epoch [2]   time cost: 171.97 sec (0.05 h)
2022-11-07 03:54:47: Start evaluating epoch 2:
2022-11-07 03:55:12: Epoch [2]   Batch [159]  Speed  12.8 (+ 2) sample/sec  loss-ce = 2.02923, top1 = 0.32500, top5 = 0.82500  
2022-11-07 03:55:12: Current best epoch found with top5 accuracy 0.82500 at epoch 3, saved
2022-11-07 03:55:13: Checkpoint (model & optimizer) saved to: ./exps/models/archive_arid-resnet3d-18-MGsample-ying_caip_canny_thresh_100_200/arid-resnet3d-18-MGsample-ying_caip_canny_thresh_100_200_ep-0003.pth
2022-11-07 03:55:14: Checkpoint (model & optimizer) saved to: ./exps/models/archive_arid-resnet3d-18-MGsample-ying_caip_canny_thresh_100_200/arid-resnet3d-18-MGsample-ying_caip_canny_thresh_100_200_ep-0003.pth
2022-11-07 03:55:14: Current best epoch found with top1 accuracy 0.32500 at epoch 3, saved
2022-11-07 03:55:14: Start epoch 3:
2022-11-07 03:55:25: Epoch [3]   Batch [0]    Speed   0.8 (+ 3) sample/sec  loss-ce = 1.37730, top1 = 0.50000, top5 = 0.87500  
2022-11-07 03:56:48: Epoch [3]   Batch [50]   Speed   4.8 (+ 0) sample/sec  loss-ce = 0.97225, top1 = 0.70500, top5 = 0.97500  
2022-11-07 03:58:17: Epoch [3]   time cost: 182.30 sec (0.05 h)
2022-11-07 03:58:17: Checkpoint (model & optimizer) saved to: ./exps/models/archive_arid-resnet3d-18-MGsample-ying_caip_canny_thresh_100_200/arid-resnet3d-18-MGsample-ying_caip_canny_thresh_100_200_ep-0004.pth
2022-11-07 03:58:17: Start evaluating epoch 3:
2022-11-07 03:58:42: Epoch [3]   Batch [159]  Speed  12.9 (+ 2) sample/sec  loss-ce = 2.01232, top1 = 0.36562, top5 = 0.83750  
2022-11-07 03:58:42: Current best epoch found with top5 accuracy 0.83750 at epoch 4, saved
2022-11-07 03:58:42: Current best epoch found with top1 accuracy 0.36562 at epoch 4, saved
2022-11-07 03:58:42: Start epoch 4:
2022-11-07 03:58:52: Epoch [4]   Batch [0]    Speed   0.8 (+ 3) sample/sec  loss-ce = 1.06382, top1 = 0.75000, top5 = 0.87500  
2022-11-07 04:00:20: Epoch [4]   Batch [50]   Speed   4.6 (+ 0) sample/sec  loss-ce = 0.77596, top1 = 0.76500, top5 = 0.97750  
2022-11-07 04:01:48: Epoch [4]   time cost: 186.28 sec (0.05 h)
2022-11-07 04:01:48: Start evaluating epoch 4:
2022-11-07 04:02:13: Epoch [4]   Batch [159]  Speed  12.9 (+ 2) sample/sec  loss-ce = 2.04316, top1 = 0.34063, top5 = 0.86250  
2022-11-07 04:02:13: Current best epoch found with top5 accuracy 0.86250 at epoch 5, saved
2022-11-07 04:02:14: Checkpoint (model & optimizer) saved to: ./exps/models/archive_arid-resnet3d-18-MGsample-ying_caip_canny_thresh_100_200/arid-resnet3d-18-MGsample-ying_caip_canny_thresh_100_200_ep-0005.pth
2022-11-07 04:02:14: Start epoch 5:
2022-11-07 04:02:22: Epoch [5]   Batch [0]    Speed   0.9 (+ 3) sample/sec  loss-ce = 1.00081, top1 = 0.62500, top5 = 1.00000  
2022-11-07 04:03:52: Epoch [5]   Batch [50]   Speed   4.5 (+ 0) sample/sec  loss-ce = 0.63917, top1 = 0.82000, top5 = 0.98250  
2022-11-07 04:05:21: Epoch [5]   time cost: 187.02 sec (0.05 h)
2022-11-07 04:05:21: Checkpoint (model & optimizer) saved to: ./exps/models/archive_arid-resnet3d-18-MGsample-ying_caip_canny_thresh_100_200/arid-resnet3d-18-MGsample-ying_caip_canny_thresh_100_200_ep-0006.pth
2022-11-07 04:05:21: Start evaluating epoch 5:
2022-11-07 04:05:46: Epoch [5]   Batch [159]  Speed  12.8 (+ 2) sample/sec  loss-ce = 2.00104, top1 = 0.34375, top5 = 0.83750  
2022-11-07 04:05:46: Start epoch 6:
2022-11-07 04:05:56: Epoch [6]   Batch [0]    Speed   0.8 (+ 3) sample/sec  loss-ce = 0.33596, top1 = 1.00000, top5 = 1.00000  
2022-11-07 04:07:25: Epoch [6]   Batch [50]   Speed   4.5 (+ 0) sample/sec  loss-ce = 0.58011, top1 = 0.83000, top5 = 0.99250  
2022-11-07 04:08:54: Epoch [6]   time cost: 187.62 sec (0.05 h)
2022-11-07 04:08:54: Start evaluating epoch 6:
2022-11-07 04:09:19: Epoch [6]   Batch [159]  Speed  12.8 (+ 2) sample/sec  loss-ce = 1.87888, top1 = 0.38750, top5 = 0.86562  
2022-11-07 04:09:19: Current best epoch found with top5 accuracy 0.86562 at epoch 7, saved
2022-11-07 04:09:19: Checkpoint (model & optimizer) saved to: ./exps/models/archive_arid-resnet3d-18-MGsample-ying_caip_canny_thresh_100_200/arid-resnet3d-18-MGsample-ying_caip_canny_thresh_100_200_ep-0007.pth
2022-11-07 04:09:20: Checkpoint (model & optimizer) saved to: ./exps/models/archive_arid-resnet3d-18-MGsample-ying_caip_canny_thresh_100_200/arid-resnet3d-18-MGsample-ying_caip_canny_thresh_100_200_ep-0007.pth
2022-11-07 04:09:20: Current best epoch found with top1 accuracy 0.38750 at epoch 7, saved
2022-11-07 04:09:20: Start epoch 7:
2022-11-07 04:09:29: Epoch [7]   Batch [0]    Speed   0.9 (+ 3) sample/sec  loss-ce = 0.52713, top1 = 0.75000, top5 = 1.00000  
2022-11-07 04:10:59: Epoch [7]   Batch [50]   Speed   4.4 (+ 0) sample/sec  loss-ce = 0.55289, top1 = 0.84500, top5 = 0.98500  
2022-11-07 04:12:27: Epoch [7]   time cost: 187.35 sec (0.05 h)
2022-11-07 04:12:28: Checkpoint (model & optimizer) saved to: ./exps/models/archive_arid-resnet3d-18-MGsample-ying_caip_canny_thresh_100_200/arid-resnet3d-18-MGsample-ying_caip_canny_thresh_100_200_ep-0008.pth
2022-11-07 04:12:28: Start evaluating epoch 7:
2022-11-07 04:12:53: Epoch [7]   Batch [159]  Speed  12.7 (+ 2) sample/sec  loss-ce = 2.09604, top1 = 0.36875, top5 = 0.85000  
2022-11-07 04:12:53: Start epoch 8:
2022-11-07 04:13:02: Epoch [8]   Batch [0]    Speed   0.9 (+ 3) sample/sec  loss-ce = 0.92030, top1 = 0.62500, top5 = 1.00000  
2022-11-07 04:14:32: Epoch [8]   Batch [50]   Speed   4.5 (+ 0) sample/sec  loss-ce = 0.42012, top1 = 0.87250, top5 = 1.00000  
2022-11-07 04:16:00: Epoch [8]   time cost: 187.02 sec (0.05 h)
2022-11-07 04:16:00: Start evaluating epoch 8:
2022-11-07 04:16:25: Epoch [8]   Batch [159]  Speed  12.8 (+ 2) sample/sec  loss-ce = 2.07592, top1 = 0.35000, top5 = 0.87813  
2022-11-07 04:16:25: Current best epoch found with top5 accuracy 0.87813 at epoch 9, saved
2022-11-07 04:16:26: Checkpoint (model & optimizer) saved to: ./exps/models/archive_arid-resnet3d-18-MGsample-ying_caip_canny_thresh_100_200/arid-resnet3d-18-MGsample-ying_caip_canny_thresh_100_200_ep-0009.pth
2022-11-07 04:16:26: Start epoch 9:
2022-11-07 04:16:34: Epoch [9]   Batch [0]    Speed   0.9 (+ 3) sample/sec  loss-ce = 0.18128, top1 = 1.00000, top5 = 1.00000  
2022-11-07 04:18:04: Epoch [9]   Batch [50]   Speed   4.4 (+ 0) sample/sec  loss-ce = 0.40693, top1 = 0.88750, top5 = 0.99250  
2022-11-07 04:19:33: Epoch [9]   time cost: 187.17 sec (0.05 h)
2022-11-07 04:19:33: Checkpoint (model & optimizer) saved to: ./exps/models/archive_arid-resnet3d-18-MGsample-ying_caip_canny_thresh_100_200/arid-resnet3d-18-MGsample-ying_caip_canny_thresh_100_200_ep-0010.pth
2022-11-07 04:19:33: Start evaluating epoch 9:
2022-11-07 04:19:58: Epoch [9]   Batch [159]  Speed  12.8 (+ 2) sample/sec  loss-ce = 2.30863, top1 = 0.35000, top5 = 0.86562  
2022-11-07 04:19:58: Start epoch 10:
2022-11-07 04:20:07: Epoch [10]  Batch [0]    Speed   0.9 (+ 3) sample/sec  loss-ce = 0.35533, top1 = 1.00000, top5 = 1.00000  
2022-11-07 04:21:36: Epoch [10]  Batch [50]   Speed   4.5 (+ 0) sample/sec  loss-ce = 0.30238, top1 = 0.91250, top5 = 1.00000  
2022-11-07 04:23:04: Epoch [10]   time cost: 186.11 sec (0.05 h)
2022-11-07 04:23:04: Start evaluating epoch 10:
2022-11-07 04:23:29: Epoch [10]  Batch [159]  Speed  12.8 (+ 2) sample/sec  loss-ce = 2.31813, top1 = 0.33750, top5 = 0.85938  
2022-11-07 04:23:29: Start epoch 11:
2022-11-07 04:23:38: Epoch [11]  Batch [0]    Speed   0.9 (+ 3) sample/sec  loss-ce = 0.10179, top1 = 1.00000, top5 = 1.00000  
2022-11-07 04:25:08: Epoch [11]  Batch [50]   Speed   4.5 (+ 0) sample/sec  loss-ce = 0.26720, top1 = 0.92250, top5 = 0.99750  
2022-11-07 04:26:36: Epoch [11]   time cost: 187.01 sec (0.05 h)
2022-11-07 04:26:37: Checkpoint (model & optimizer) saved to: ./exps/models/archive_arid-resnet3d-18-MGsample-ying_caip_canny_thresh_100_200/arid-resnet3d-18-MGsample-ying_caip_canny_thresh_100_200_ep-0012.pth
2022-11-07 04:26:37: Start evaluating epoch 11:
2022-11-07 04:27:02: Epoch [11]  Batch [159]  Speed  12.8 (+ 2) sample/sec  loss-ce = 2.41448, top1 = 0.34375, top5 = 0.84062  
2022-11-07 04:27:02: Start epoch 12:
2022-11-07 04:27:11: Epoch [12]  Batch [0]    Speed   0.9 (+ 3) sample/sec  loss-ce = 0.22595, top1 = 1.00000, top5 = 1.00000  
2022-11-07 04:28:40: Epoch [12]  Batch [50]   Speed   4.5 (+ 0) sample/sec  loss-ce = 0.32793, top1 = 0.90000, top5 = 0.99250  
2022-11-07 04:30:09: Epoch [12]   time cost: 186.77 sec (0.05 h)
2022-11-07 04:30:09: Start evaluating epoch 12:
2022-11-07 04:30:34: Epoch [12]  Batch [159]  Speed  12.8 (+ 2) sample/sec  loss-ce = 2.34730, top1 = 0.35313, top5 = 0.84688  
2022-11-07 04:30:34: Start epoch 13:
2022-11-07 04:30:43: Epoch [13]  Batch [0]    Speed   0.9 (+ 3) sample/sec  loss-ce = 0.29101, top1 = 0.87500, top5 = 1.00000  
2022-11-07 04:32:10: Epoch [13]  Batch [50]   Speed   4.6 (+ 0) sample/sec  loss-ce = 0.23126, top1 = 0.94250, top5 = 1.00000  
2022-11-07 04:33:39: Epoch [13]   time cost: 185.14 sec (0.05 h)
2022-11-07 04:33:39: Checkpoint (model & optimizer) saved to: ./exps/models/archive_arid-resnet3d-18-MGsample-ying_caip_canny_thresh_100_200/arid-resnet3d-18-MGsample-ying_caip_canny_thresh_100_200_ep-0014.pth
2022-11-07 04:33:39: Start evaluating epoch 13:
2022-11-07 04:34:04: Epoch [13]  Batch [159]  Speed  12.7 (+ 2) sample/sec  loss-ce = 2.30670, top1 = 0.35938, top5 = 0.85313  
2022-11-07 04:34:04: Start epoch 14:
2022-11-07 04:34:14: Epoch [14]  Batch [0]    Speed   0.8 (+ 3) sample/sec  loss-ce = 0.27675, top1 = 1.00000, top5 = 1.00000  
2022-11-07 04:35:44: Epoch [14]  Batch [50]   Speed   4.4 (+ 0) sample/sec  loss-ce = 0.24218, top1 = 0.92500, top5 = 1.00000  
2022-11-07 04:37:12: Epoch [14]   time cost: 188.06 sec (0.05 h)
2022-11-07 04:37:12: Start evaluating epoch 14:
2022-11-07 04:37:37: Epoch [14]  Batch [159]  Speed  12.8 (+ 2) sample/sec  loss-ce = 2.50926, top1 = 0.29688, top5 = 0.87500  
2022-11-07 04:37:37: Start epoch 15:
2022-11-07 04:37:48: Epoch [15]  Batch [0]    Speed   0.8 (+ 3) sample/sec  loss-ce = 0.17448, top1 = 1.00000, top5 = 1.00000  
2022-11-07 04:39:17: Epoch [15]  Batch [50]   Speed   4.5 (+ 0) sample/sec  loss-ce = 0.21838, top1 = 0.95750, top5 = 0.99500  
2022-11-07 04:40:46: Epoch [15]   time cost: 188.38 sec (0.05 h)
2022-11-07 04:40:46: Checkpoint (model & optimizer) saved to: ./exps/models/archive_arid-resnet3d-18-MGsample-ying_caip_canny_thresh_100_200/arid-resnet3d-18-MGsample-ying_caip_canny_thresh_100_200_ep-0016.pth
2022-11-07 04:40:46: Start evaluating epoch 15:
2022-11-07 04:41:11: Epoch [15]  Batch [159]  Speed  12.8 (+ 2) sample/sec  loss-ce = 2.38633, top1 = 0.34375, top5 = 0.88438  
2022-11-07 04:41:11: Current best epoch found with top5 accuracy 0.88438 at epoch 16, saved
2022-11-07 04:41:11: Start epoch 16:
2022-11-07 04:41:20: Epoch [16]  Batch [0]    Speed   0.9 (+ 3) sample/sec  loss-ce = 0.31465, top1 = 0.87500, top5 = 1.00000  
2022-11-07 04:42:50: Epoch [16]  Batch [50]   Speed   4.5 (+ 0) sample/sec  loss-ce = 0.19002, top1 = 0.94500, top5 = 0.99500  
2022-11-07 04:44:19: Epoch [16]   time cost: 187.41 sec (0.05 h)
2022-11-07 04:44:19: Start evaluating epoch 16:
2022-11-07 04:44:44: Epoch [16]  Batch [159]  Speed  12.8 (+ 2) sample/sec  loss-ce = 2.30079, top1 = 0.35313, top5 = 0.88750  
2022-11-07 04:44:44: Current best epoch found with top5 accuracy 0.88750 at epoch 17, saved
2022-11-07 04:44:44: Checkpoint (model & optimizer) saved to: ./exps/models/archive_arid-resnet3d-18-MGsample-ying_caip_canny_thresh_100_200/arid-resnet3d-18-MGsample-ying_caip_canny_thresh_100_200_ep-0017.pth
2022-11-07 04:44:44: Start epoch 17:
2022-11-07 04:44:55: Epoch [17]  Batch [0]    Speed   0.8 (+ 3) sample/sec  loss-ce = 0.13660, top1 = 1.00000, top5 = 1.00000  
2022-11-07 04:46:24: Epoch [17]  Batch [50]   Speed   4.5 (+ 0) sample/sec  loss-ce = 0.15255, top1 = 0.96750, top5 = 1.00000  
2022-11-07 04:47:52: Epoch [17]   time cost: 188.12 sec (0.05 h)
2022-11-07 04:47:53: Checkpoint (model & optimizer) saved to: ./exps/models/archive_arid-resnet3d-18-MGsample-ying_caip_canny_thresh_100_200/arid-resnet3d-18-MGsample-ying_caip_canny_thresh_100_200_ep-0018.pth
2022-11-07 04:47:53: Start evaluating epoch 17:
2022-11-07 04:48:18: Epoch [17]  Batch [159]  Speed  12.8 (+ 2) sample/sec  loss-ce = 2.34960, top1 = 0.37812, top5 = 0.87813  
2022-11-07 04:48:18: Start epoch 18:
2022-11-07 04:48:28: Epoch [18]  Batch [0]    Speed   0.8 (+ 3) sample/sec  loss-ce = 0.09122, top1 = 1.00000, top5 = 1.00000  
2022-11-07 04:49:57: Epoch [18]  Batch [50]   Speed   4.5 (+ 0) sample/sec  loss-ce = 0.16067, top1 = 0.96000, top5 = 1.00000  
2022-11-07 04:51:26: Epoch [18]   time cost: 187.92 sec (0.05 h)
2022-11-07 04:51:26: Start evaluating epoch 18:
2022-11-07 04:51:51: Epoch [18]  Batch [159]  Speed  12.8 (+ 2) sample/sec  loss-ce = 2.55154, top1 = 0.38125, top5 = 0.90000  
2022-11-07 04:51:51: Current best epoch found with top5 accuracy 0.90000 at epoch 19, saved
2022-11-07 04:51:51: Checkpoint (model & optimizer) saved to: ./exps/models/archive_arid-resnet3d-18-MGsample-ying_caip_canny_thresh_100_200/arid-resnet3d-18-MGsample-ying_caip_canny_thresh_100_200_ep-0019.pth
2022-11-07 04:51:51: Start epoch 19:
2022-11-07 04:52:01: Epoch [19]  Batch [0]    Speed   0.8 (+ 3) sample/sec  loss-ce = 0.10164, top1 = 1.00000, top5 = 1.00000  
2022-11-07 04:53:31: Epoch [19]  Batch [50]   Speed   4.4 (+ 0) sample/sec  loss-ce = 0.14604, top1 = 0.97250, top5 = 0.99750  
2022-11-07 04:54:59: Epoch [19]   time cost: 187.86 sec (0.05 h)
2022-11-07 04:54:59: Checkpoint (model & optimizer) saved to: ./exps/models/archive_arid-resnet3d-18-MGsample-ying_caip_canny_thresh_100_200/arid-resnet3d-18-MGsample-ying_caip_canny_thresh_100_200_ep-0020.pth
2022-11-07 04:54:59: Start evaluating epoch 19:
2022-11-07 04:55:25: Epoch [19]  Batch [159]  Speed  12.8 (+ 2) sample/sec  loss-ce = 2.53687, top1 = 0.32500, top5 = 0.85938  
2022-11-07 04:55:25: Start epoch 20:
2022-11-07 04:55:35: Epoch [20]  Batch [0]    Speed   0.7 (+ 3) sample/sec  loss-ce = 0.02968, top1 = 1.00000, top5 = 1.00000  
2022-11-07 04:57:05: Epoch [20]  Batch [50]   Speed   4.5 (+ 0) sample/sec  loss-ce = 0.15293, top1 = 0.95250, top5 = 1.00000  
2022-11-07 04:58:33: Epoch [20]   time cost: 188.51 sec (0.05 h)
2022-11-07 04:58:33: Start evaluating epoch 20:
2022-11-07 04:58:58: Epoch [20]  Batch [159]  Speed  12.8 (+ 2) sample/sec  loss-ce = 2.31105, top1 = 0.37188, top5 = 0.87813  
2022-11-07 04:58:58: Start epoch 21:
2022-11-07 04:59:08: Epoch [21]  Batch [0]    Speed   0.8 (+ 3) sample/sec  loss-ce = 0.60711, top1 = 0.75000, top5 = 1.00000  
2022-11-07 05:00:39: Epoch [21]  Batch [50]   Speed   4.4 (+ 0) sample/sec  loss-ce = 0.16812, top1 = 0.94750, top5 = 0.99750  
2022-11-07 05:02:07: Epoch [21]   time cost: 189.11 sec (0.05 h)
2022-11-07 05:02:08: Checkpoint (model & optimizer) saved to: ./exps/models/archive_arid-resnet3d-18-MGsample-ying_caip_canny_thresh_100_200/arid-resnet3d-18-MGsample-ying_caip_canny_thresh_100_200_ep-0022.pth
2022-11-07 05:02:08: Start evaluating epoch 21:
2022-11-07 05:02:33: Epoch [21]  Batch [159]  Speed  12.8 (+ 2) sample/sec  loss-ce = 2.53227, top1 = 0.37188, top5 = 0.87813  
2022-11-07 05:02:33: Start epoch 22:
2022-11-07 05:02:43: Epoch [22]  Batch [0]    Speed   0.8 (+ 3) sample/sec  loss-ce = 0.13158, top1 = 1.00000, top5 = 1.00000  
2022-11-07 05:04:13: Epoch [22]  Batch [50]   Speed   4.5 (+ 0) sample/sec  loss-ce = 0.11304, top1 = 0.98250, top5 = 1.00000  
2022-11-07 05:05:40: Epoch [22]   time cost: 187.61 sec (0.05 h)
2022-11-07 05:05:40: Start evaluating epoch 22:
2022-11-07 05:06:05: Epoch [22]  Batch [159]  Speed  12.8 (+ 2) sample/sec  loss-ce = 2.70716, top1 = 0.33125, top5 = 0.89062  
2022-11-07 05:06:05: Start epoch 23:
2022-11-07 05:06:16: Epoch [23]  Batch [0]    Speed   0.8 (+ 3) sample/sec  loss-ce = 0.03635, top1 = 1.00000, top5 = 1.00000  
2022-11-07 05:07:47: Epoch [23]  Batch [50]   Speed   4.4 (+ 0) sample/sec  loss-ce = 0.13518, top1 = 0.95250, top5 = 0.99750  
2022-11-07 05:09:15: Epoch [23]   time cost: 189.91 sec (0.05 h)
2022-11-07 05:09:16: Checkpoint (model & optimizer) saved to: ./exps/models/archive_arid-resnet3d-18-MGsample-ying_caip_canny_thresh_100_200/arid-resnet3d-18-MGsample-ying_caip_canny_thresh_100_200_ep-0024.pth
2022-11-07 05:09:16: Start evaluating epoch 23:
2022-11-07 05:09:41: Epoch [23]  Batch [159]  Speed  12.7 (+ 2) sample/sec  loss-ce = 2.50715, top1 = 0.36250, top5 = 0.86250  
2022-11-07 05:09:41: Start epoch 24:
2022-11-07 05:09:51: Epoch [24]  Batch [0]    Speed   0.8 (+ 3) sample/sec  loss-ce = 0.07328, top1 = 1.00000, top5 = 1.00000  
2022-11-07 05:11:21: Epoch [24]  Batch [50]   Speed   4.5 (+ 0) sample/sec  loss-ce = 0.12204, top1 = 0.96750, top5 = 0.99750  
2022-11-07 05:12:48: Epoch [24]   time cost: 187.32 sec (0.05 h)
2022-11-07 05:12:48: Start evaluating epoch 24:
2022-11-07 05:13:13: Epoch [24]  Batch [159]  Speed  12.7 (+ 2) sample/sec  loss-ce = 2.48447, top1 = 0.35313, top5 = 0.88750  
2022-11-07 05:13:13: Start epoch 25:
2022-11-07 05:13:24: Epoch [25]  Batch [0]    Speed   0.7 (+ 3) sample/sec  loss-ce = 0.10685, top1 = 1.00000, top5 = 1.00000  
2022-11-07 05:14:55: Epoch [25]  Batch [50]   Speed   4.4 (+ 0) sample/sec  loss-ce = 0.14706, top1 = 0.95750, top5 = 0.99750  
2022-11-07 05:16:22: Epoch [25]   time cost: 189.00 sec (0.05 h)
2022-11-07 05:16:23: Checkpoint (model & optimizer) saved to: ./exps/models/archive_arid-resnet3d-18-MGsample-ying_caip_canny_thresh_100_200/arid-resnet3d-18-MGsample-ying_caip_canny_thresh_100_200_ep-0026.pth
2022-11-07 05:16:23: Start evaluating epoch 25:
2022-11-07 05:16:48: Epoch [25]  Batch [159]  Speed  12.7 (+ 2) sample/sec  loss-ce = 2.43542, top1 = 0.37500, top5 = 0.87187  
2022-11-07 05:16:48: Start epoch 26:
2022-11-07 05:16:59: Epoch [26]  Batch [0]    Speed   0.8 (+ 3) sample/sec  loss-ce = 0.10150, top1 = 1.00000, top5 = 1.00000  
2022-11-07 05:18:29: Epoch [26]  Batch [50]   Speed   4.4 (+ 0) sample/sec  loss-ce = 0.07398, top1 = 0.98500, top5 = 1.00000  
2022-11-07 05:18:39: Iter: 2500, change learning rate to 1.00000e-03 for step [2500:5000)
2022-11-07 05:19:57: Epoch [26]   time cost: 188.76 sec (0.05 h)
2022-11-07 05:19:57: Start evaluating epoch 26:
2022-11-07 05:20:22: Epoch [26]  Batch [159]  Speed  12.7 (+ 2) sample/sec  loss-ce = 2.45179, top1 = 0.39062, top5 = 0.89687  
2022-11-07 05:20:22: Checkpoint (model & optimizer) saved to: ./exps/models/archive_arid-resnet3d-18-MGsample-ying_caip_canny_thresh_100_200/arid-resnet3d-18-MGsample-ying_caip_canny_thresh_100_200_ep-0027.pth
2022-11-07 05:20:22: Current best epoch found with top1 accuracy 0.39062 at epoch 27, saved
2022-11-07 05:20:22: Start epoch 27:
2022-11-07 05:20:34: Epoch [27]  Batch [0]    Speed   0.7 (+ 3) sample/sec  loss-ce = 0.01971, top1 = 1.00000, top5 = 1.00000  
2022-11-07 05:22:04: Epoch [27]  Batch [50]   Speed   4.4 (+ 0) sample/sec  loss-ce = 0.11334, top1 = 0.96750, top5 = 1.00000  
2022-11-07 05:23:32: Epoch [27]   time cost: 189.37 sec (0.05 h)
2022-11-07 05:23:32: Checkpoint (model & optimizer) saved to: ./exps/models/archive_arid-resnet3d-18-MGsample-ying_caip_canny_thresh_100_200/arid-resnet3d-18-MGsample-ying_caip_canny_thresh_100_200_ep-0028.pth
2022-11-07 05:23:32: Start evaluating epoch 27:
2022-11-07 05:23:57: Epoch [27]  Batch [159]  Speed  12.7 (+ 2) sample/sec  loss-ce = 2.40322, top1 = 0.39687, top5 = 0.90938  
2022-11-07 05:23:57: Current best epoch found with top5 accuracy 0.90938 at epoch 28, saved
2022-11-07 05:23:57: Current best epoch found with top1 accuracy 0.39687 at epoch 28, saved
2022-11-07 05:23:57: Start epoch 28:
2022-11-07 05:24:08: Epoch [28]  Batch [0]    Speed   0.7 (+ 3) sample/sec  loss-ce = 0.14469, top1 = 0.87500, top5 = 1.00000  
2022-11-07 05:25:38: Epoch [28]  Batch [50]   Speed   4.5 (+ 0) sample/sec  loss-ce = 0.06718, top1 = 0.99000, top5 = 1.00000  
2022-11-07 05:27:06: Epoch [28]   time cost: 188.36 sec (0.05 h)
2022-11-07 05:27:06: Start evaluating epoch 28:
2022-11-07 05:27:31: Epoch [28]  Batch [159]  Speed  12.8 (+ 2) sample/sec  loss-ce = 2.41251, top1 = 0.39062, top5 = 0.88750  
2022-11-07 05:27:31: Start epoch 29:
2022-11-07 05:27:41: Epoch [29]  Batch [0]    Speed   0.8 (+ 3) sample/sec  loss-ce = 0.22081, top1 = 1.00000, top5 = 1.00000  
2022-11-07 05:29:12: Epoch [29]  Batch [50]   Speed   4.4 (+ 0) sample/sec  loss-ce = 0.07326, top1 = 0.98250, top5 = 1.00000  
2022-11-07 05:30:39: Epoch [29]   time cost: 188.39 sec (0.05 h)
2022-11-07 05:30:40: Checkpoint (model & optimizer) saved to: ./exps/models/archive_arid-resnet3d-18-MGsample-ying_caip_canny_thresh_100_200/arid-resnet3d-18-MGsample-ying_caip_canny_thresh_100_200_ep-0030.pth
2022-11-07 05:30:40: Start evaluating epoch 29:
2022-11-07 05:31:05: Epoch [29]  Batch [159]  Speed  12.7 (+ 2) sample/sec  loss-ce = 2.41733, top1 = 0.38750, top5 = 0.90312  
2022-11-07 05:31:05: Start epoch 30:
2022-11-07 05:31:16: Epoch [30]  Batch [0]    Speed   0.7 (+ 3) sample/sec  loss-ce = 0.05230, top1 = 1.00000, top5 = 1.00000  
2022-11-07 05:32:46: Epoch [30]  Batch [50]   Speed   4.4 (+ 0) sample/sec  loss-ce = 0.07192, top1 = 0.98000, top5 = 1.00000  
2022-11-07 05:34:14: Epoch [30]   time cost: 188.98 sec (0.05 h)
2022-11-07 05:34:14: Start evaluating epoch 30:
2022-11-07 05:34:39: Epoch [30]  Batch [159]  Speed  12.7 (+ 2) sample/sec  loss-ce = 2.56487, top1 = 0.37812, top5 = 0.89375  
2022-11-07 05:34:39: Start epoch 31:
2022-11-07 05:34:50: Epoch [31]  Batch [0]    Speed   0.8 (+ 3) sample/sec  loss-ce = 0.06778, top1 = 1.00000, top5 = 1.00000  
2022-11-07 05:36:20: Epoch [31]  Batch [50]   Speed   4.4 (+ 0) sample/sec  loss-ce = 0.07735, top1 = 0.98500, top5 = 0.99750  
2022-11-07 05:37:49: Epoch [31]   time cost: 189.59 sec (0.05 h)
2022-11-07 05:37:49: Checkpoint (model & optimizer) saved to: ./exps/models/archive_arid-resnet3d-18-MGsample-ying_caip_canny_thresh_100_200/arid-resnet3d-18-MGsample-ying_caip_canny_thresh_100_200_ep-0032.pth
2022-11-07 05:37:49: Start evaluating epoch 31:
2022-11-07 05:38:14: Epoch [31]  Batch [159]  Speed  12.8 (+ 2) sample/sec  loss-ce = 2.45206, top1 = 0.39062, top5 = 0.90625  
2022-11-07 05:38:14: Start epoch 32:
2022-11-07 05:38:25: Epoch [32]  Batch [0]    Speed   0.7 (+ 3) sample/sec  loss-ce = 0.00419, top1 = 1.00000, top5 = 1.00000  
2022-11-07 05:39:54: Epoch [32]  Batch [50]   Speed   4.5 (+ 0) sample/sec  loss-ce = 0.10653, top1 = 0.97250, top5 = 1.00000  
2022-11-07 05:41:23: Epoch [32]   time cost: 188.51 sec (0.05 h)
2022-11-07 05:41:23: Start evaluating epoch 32:
2022-11-07 05:41:48: Epoch [32]  Batch [159]  Speed  12.9 (+ 2) sample/sec  loss-ce = 2.44882, top1 = 0.40625, top5 = 0.88125  
2022-11-07 05:41:48: Checkpoint (model & optimizer) saved to: ./exps/models/archive_arid-resnet3d-18-MGsample-ying_caip_canny_thresh_100_200/arid-resnet3d-18-MGsample-ying_caip_canny_thresh_100_200_ep-0033.pth
2022-11-07 05:41:48: Current best epoch found with top1 accuracy 0.40625 at epoch 33, saved
2022-11-07 05:41:48: Start epoch 33:
2022-11-07 05:41:59: Epoch [33]  Batch [0]    Speed   0.7 (+ 3) sample/sec  loss-ce = 0.12709, top1 = 1.00000, top5 = 1.00000  
2022-11-07 05:43:28: Epoch [33]  Batch [50]   Speed   4.5 (+ 0) sample/sec  loss-ce = 0.08328, top1 = 0.98000, top5 = 1.00000  
2022-11-07 05:44:57: Epoch [33]   time cost: 188.83 sec (0.05 h)
2022-11-07 05:44:57: Checkpoint (model & optimizer) saved to: ./exps/models/archive_arid-resnet3d-18-MGsample-ying_caip_canny_thresh_100_200/arid-resnet3d-18-MGsample-ying_caip_canny_thresh_100_200_ep-0034.pth
2022-11-07 05:44:57: Start evaluating epoch 33:
2022-11-07 05:45:22: Epoch [33]  Batch [159]  Speed  12.8 (+ 2) sample/sec  loss-ce = 2.42439, top1 = 0.39375, top5 = 0.91250  
2022-11-07 05:45:22: Current best epoch found with top5 accuracy 0.91250 at epoch 34, saved
2022-11-07 05:45:22: Start epoch 34:
2022-11-07 05:45:33: Epoch [34]  Batch [0]    Speed   0.8 (+ 3) sample/sec  loss-ce = 0.05864, top1 = 1.00000, top5 = 1.00000  
2022-11-07 05:47:02: Epoch [34]  Batch [50]   Speed   4.5 (+ 0) sample/sec  loss-ce = 0.06787, top1 = 0.99000, top5 = 1.00000  
2022-11-07 05:48:31: Epoch [34]   time cost: 188.51 sec (0.05 h)
2022-11-07 05:48:31: Start evaluating epoch 34:
2022-11-07 05:48:56: Epoch [34]  Batch [159]  Speed  12.7 (+ 2) sample/sec  loss-ce = 2.49468, top1 = 0.40000, top5 = 0.88750  
2022-11-07 05:48:56: Start epoch 35:
2022-11-07 05:49:07: Epoch [35]  Batch [0]    Speed   0.8 (+ 3) sample/sec  loss-ce = 0.27107, top1 = 0.87500, top5 = 1.00000  
2022-11-07 05:50:37: Epoch [35]  Batch [50]   Speed   4.4 (+ 0) sample/sec  loss-ce = 0.05568, top1 = 0.99250, top5 = 1.00000  
2022-11-07 05:52:05: Epoch [35]   time cost: 189.22 sec (0.05 h)
2022-11-07 05:52:06: Checkpoint (model & optimizer) saved to: ./exps/models/archive_arid-resnet3d-18-MGsample-ying_caip_canny_thresh_100_200/arid-resnet3d-18-MGsample-ying_caip_canny_thresh_100_200_ep-0036.pth
2022-11-07 05:52:06: Start evaluating epoch 35:
2022-11-07 05:52:31: Epoch [35]  Batch [159]  Speed  12.8 (+ 2) sample/sec  loss-ce = 2.39821, top1 = 0.40000, top5 = 0.90000  
2022-11-07 05:52:31: Start epoch 36:
2022-11-07 05:52:41: Epoch [36]  Batch [0]    Speed   0.8 (+ 3) sample/sec  loss-ce = 0.19915, top1 = 0.87500, top5 = 1.00000  
2022-11-07 05:54:11: Epoch [36]  Batch [50]   Speed   4.5 (+ 0) sample/sec  loss-ce = 0.06193, top1 = 0.99000, top5 = 1.00000  
2022-11-07 05:55:39: Epoch [36]   time cost: 188.28 sec (0.05 h)
2022-11-07 05:55:39: Start evaluating epoch 36:
2022-11-07 05:56:04: Epoch [36]  Batch [159]  Speed  12.8 (+ 2) sample/sec  loss-ce = 2.50706, top1 = 0.40313, top5 = 0.90312  
2022-11-07 05:56:04: Start epoch 37:
2022-11-07 05:56:15: Epoch [37]  Batch [0]    Speed   0.7 (+ 3) sample/sec  loss-ce = 0.27729, top1 = 0.87500, top5 = 1.00000  
2022-11-07 05:57:44: Epoch [37]  Batch [50]   Speed   4.5 (+ 0) sample/sec  loss-ce = 0.05673, top1 = 0.98750, top5 = 1.00000  
2022-11-07 05:59:12: Epoch [37]   time cost: 188.00 sec (0.05 h)
2022-11-07 05:59:12: Checkpoint (model & optimizer) saved to: ./exps/models/archive_arid-resnet3d-18-MGsample-ying_caip_canny_thresh_100_200/arid-resnet3d-18-MGsample-ying_caip_canny_thresh_100_200_ep-0038.pth
2022-11-07 05:59:12: Start evaluating epoch 37:
2022-11-07 05:59:38: Epoch [37]  Batch [159]  Speed  12.7 (+ 2) sample/sec  loss-ce = 2.48220, top1 = 0.39687, top5 = 0.88750  
2022-11-07 05:59:38: Start epoch 38:
2022-11-07 05:59:48: Epoch [38]  Batch [0]    Speed   0.8 (+ 3) sample/sec  loss-ce = 0.10321, top1 = 1.00000, top5 = 1.00000  
2022-11-07 06:01:18: Epoch [38]  Batch [50]   Speed   4.5 (+ 0) sample/sec  loss-ce = 0.10184, top1 = 0.97750, top5 = 1.00000  
2022-11-07 06:02:45: Epoch [38]   time cost: 187.68 sec (0.05 h)
2022-11-07 06:02:45: Start evaluating epoch 38:
2022-11-07 06:03:11: Epoch [38]  Batch [159]  Speed  12.7 (+ 2) sample/sec  loss-ce = 2.47728, top1 = 0.39375, top5 = 0.90312  
2022-11-07 06:03:11: Start epoch 39:
2022-11-07 06:03:21: Epoch [39]  Batch [0]    Speed   0.8 (+ 3) sample/sec  loss-ce = 0.12189, top1 = 0.87500, top5 = 1.00000  
2022-11-07 06:04:52: Epoch [39]  Batch [50]   Speed   4.4 (+ 0) sample/sec  loss-ce = 0.07670, top1 = 0.99000, top5 = 1.00000  
2022-11-07 06:06:19: Epoch [39]   time cost: 188.43 sec (0.05 h)
2022-11-07 06:06:19: Checkpoint (model & optimizer) saved to: ./exps/models/archive_arid-resnet3d-18-MGsample-ying_caip_canny_thresh_100_200/arid-resnet3d-18-MGsample-ying_caip_canny_thresh_100_200_ep-0040.pth
2022-11-07 06:06:19: Start evaluating epoch 39:
2022-11-07 06:06:45: Epoch [39]  Batch [159]  Speed  12.7 (+ 2) sample/sec  loss-ce = 2.50843, top1 = 0.38438, top5 = 0.88438  
2022-11-07 06:06:45: Start epoch 40:
2022-11-07 06:06:55: Epoch [40]  Batch [0]    Speed   0.8 (+ 3) sample/sec  loss-ce = 0.01514, top1 = 1.00000, top5 = 1.00000  
2022-11-07 06:08:25: Epoch [40]  Batch [50]   Speed   4.4 (+ 0) sample/sec  loss-ce = 0.05423, top1 = 0.98750, top5 = 1.00000  
2022-11-07 06:09:53: Epoch [40]   time cost: 188.54 sec (0.05 h)
2022-11-07 06:09:53: Start evaluating epoch 40:
2022-11-07 06:10:18: Epoch [40]  Batch [159]  Speed  12.8 (+ 2) sample/sec  loss-ce = 2.50174, top1 = 0.38750, top5 = 0.86250  
2022-11-07 06:10:18: Start epoch 41:
2022-11-07 06:10:28: Epoch [41]  Batch [0]    Speed   0.8 (+ 3) sample/sec  loss-ce = 0.13123, top1 = 0.87500, top5 = 1.00000  
2022-11-07 06:11:59: Epoch [41]  Batch [50]   Speed   4.4 (+ 0) sample/sec  loss-ce = 0.06747, top1 = 0.99000, top5 = 1.00000  
2022-11-07 06:13:26: Epoch [41]   time cost: 187.66 sec (0.05 h)
2022-11-07 06:13:26: Checkpoint (model & optimizer) saved to: ./exps/models/archive_arid-resnet3d-18-MGsample-ying_caip_canny_thresh_100_200/arid-resnet3d-18-MGsample-ying_caip_canny_thresh_100_200_ep-0042.pth
2022-11-07 06:13:26: Start evaluating epoch 41:
2022-11-07 06:13:52: Epoch [41]  Batch [159]  Speed  12.8 (+ 2) sample/sec  loss-ce = 2.48589, top1 = 0.38750, top5 = 0.88750  
2022-11-07 06:13:52: Start epoch 42:
2022-11-07 06:14:02: Epoch [42]  Batch [0]    Speed   0.8 (+ 3) sample/sec  loss-ce = 0.03873, top1 = 1.00000, top5 = 1.00000  
2022-11-07 06:15:33: Epoch [42]  Batch [50]   Speed   4.4 (+ 0) sample/sec  loss-ce = 0.05754, top1 = 0.99250, top5 = 1.00000  
2022-11-07 06:17:00: Epoch [42]   time cost: 187.93 sec (0.05 h)
2022-11-07 06:17:00: Start evaluating epoch 42:
2022-11-07 06:17:25: Epoch [42]  Batch [159]  Speed  12.7 (+ 2) sample/sec  loss-ce = 2.49104, top1 = 0.39062, top5 = 0.90000  
2022-11-07 06:17:25: Start epoch 43:
2022-11-07 06:17:36: Epoch [43]  Batch [0]    Speed   0.7 (+ 3) sample/sec  loss-ce = 0.18015, top1 = 0.87500, top5 = 1.00000  
2022-11-07 06:19:07: Epoch [43]  Batch [50]   Speed   4.4 (+ 0) sample/sec  loss-ce = 0.06907, top1 = 0.99000, top5 = 1.00000  
2022-11-07 06:20:35: Epoch [43]   time cost: 190.23 sec (0.05 h)
2022-11-07 06:20:35: Checkpoint (model & optimizer) saved to: ./exps/models/archive_arid-resnet3d-18-MGsample-ying_caip_canny_thresh_100_200/arid-resnet3d-18-MGsample-ying_caip_canny_thresh_100_200_ep-0044.pth
2022-11-07 06:20:35: Start evaluating epoch 43:
2022-11-07 06:21:01: Epoch [43]  Batch [159]  Speed  12.7 (+ 2) sample/sec  loss-ce = 2.48076, top1 = 0.37812, top5 = 0.90000  
2022-11-07 06:21:01: Start epoch 44:
2022-11-07 06:21:11: Epoch [44]  Batch [0]    Speed   0.8 (+ 3) sample/sec  loss-ce = 0.07205, top1 = 1.00000, top5 = 1.00000  
2022-11-07 06:22:41: Epoch [44]  Batch [50]   Speed   4.4 (+ 0) sample/sec  loss-ce = 0.06855, top1 = 0.98250, top5 = 1.00000  
2022-11-07 06:24:10: Epoch [44]   time cost: 189.30 sec (0.05 h)
2022-11-07 06:24:10: Start evaluating epoch 44:
2022-11-07 06:24:35: Epoch [44]  Batch [159]  Speed  12.8 (+ 2) sample/sec  loss-ce = 2.48403, top1 = 0.40625, top5 = 0.88125  
2022-11-07 06:24:35: Checkpoint (model & optimizer) saved to: ./exps/models/archive_arid-resnet3d-18-MGsample-ying_caip_canny_thresh_100_200/arid-resnet3d-18-MGsample-ying_caip_canny_thresh_100_200_ep-0045.pth
2022-11-07 06:24:35: Current best epoch found with top1 accuracy 0.40625 at epoch 45, saved
2022-11-07 06:24:35: Start epoch 45:
2022-11-07 06:24:46: Epoch [45]  Batch [0]    Speed   0.7 (+ 3) sample/sec  loss-ce = 0.07155, top1 = 1.00000, top5 = 1.00000  
2022-11-07 06:26:16: Epoch [45]  Batch [50]   Speed   4.5 (+ 0) sample/sec  loss-ce = 0.06377, top1 = 0.99000, top5 = 1.00000  
2022-11-07 06:27:44: Epoch [45]   time cost: 188.50 sec (0.05 h)
2022-11-07 06:27:44: Checkpoint (model & optimizer) saved to: ./exps/models/archive_arid-resnet3d-18-MGsample-ying_caip_canny_thresh_100_200/arid-resnet3d-18-MGsample-ying_caip_canny_thresh_100_200_ep-0046.pth
2022-11-07 06:27:44: Start evaluating epoch 45:
2022-11-07 06:28:09: Epoch [45]  Batch [159]  Speed  12.7 (+ 2) sample/sec  loss-ce = 2.60465, top1 = 0.36562, top5 = 0.88125  
2022-11-07 06:28:09: Start epoch 46:
2022-11-07 06:28:20: Epoch [46]  Batch [0]    Speed   0.8 (+ 3) sample/sec  loss-ce = 0.03439, top1 = 1.00000, top5 = 1.00000  
2022-11-07 06:29:49: Epoch [46]  Batch [50]   Speed   4.5 (+ 0) sample/sec  loss-ce = 0.06149, top1 = 0.99000, top5 = 1.00000  
2022-11-07 06:31:17: Epoch [46]   time cost: 187.38 sec (0.05 h)
2022-11-07 06:31:17: Start evaluating epoch 46:
2022-11-07 06:31:42: Epoch [46]  Batch [159]  Speed  12.7 (+ 2) sample/sec  loss-ce = 2.55608, top1 = 0.38750, top5 = 0.88750  
2022-11-07 06:31:42: Start epoch 47:
2022-11-07 06:31:53: Epoch [47]  Batch [0]    Speed   0.7 (+ 3) sample/sec  loss-ce = 0.01310, top1 = 1.00000, top5 = 1.00000  
2022-11-07 06:33:23: Epoch [47]  Batch [50]   Speed   4.4 (+ 0) sample/sec  loss-ce = 0.07963, top1 = 0.98250, top5 = 0.99750  
2022-11-07 06:34:51: Epoch [47]   time cost: 189.16 sec (0.05 h)
2022-11-07 06:34:51: Checkpoint (model & optimizer) saved to: ./exps/models/archive_arid-resnet3d-18-MGsample-ying_caip_canny_thresh_100_200/arid-resnet3d-18-MGsample-ying_caip_canny_thresh_100_200_ep-0048.pth
2022-11-07 06:34:51: Start evaluating epoch 47:
2022-11-07 06:35:17: Epoch [47]  Batch [159]  Speed  12.8 (+ 2) sample/sec  loss-ce = 2.50447, top1 = 0.37188, top5 = 0.90000  
2022-11-07 06:35:17: Start epoch 48:
2022-11-07 06:35:27: Epoch [48]  Batch [0]    Speed   0.8 (+ 3) sample/sec  loss-ce = 0.16997, top1 = 0.87500, top5 = 1.00000  
2022-11-07 06:36:57: Epoch [48]  Batch [50]   Speed   4.5 (+ 0) sample/sec  loss-ce = 0.10136, top1 = 0.97250, top5 = 0.99750  
2022-11-07 06:38:25: Epoch [48]   time cost: 187.93 sec (0.05 h)
2022-11-07 06:38:25: Start evaluating epoch 48:
2022-11-07 06:38:50: Epoch [48]  Batch [159]  Speed  12.7 (+ 2) sample/sec  loss-ce = 2.49992, top1 = 0.36875, top5 = 0.89687  
2022-11-07 06:38:50: Start epoch 49:
2022-11-07 06:39:00: Epoch [49]  Batch [0]    Speed   0.8 (+ 3) sample/sec  loss-ce = 0.17979, top1 = 1.00000, top5 = 1.00000  
2022-11-07 06:40:31: Epoch [49]  Batch [50]   Speed   4.4 (+ 0) sample/sec  loss-ce = 0.08444, top1 = 0.98250, top5 = 1.00000  
2022-11-07 06:41:58: Epoch [49]   time cost: 188.24 sec (0.05 h)
2022-11-07 06:41:59: Checkpoint (model & optimizer) saved to: ./exps/models/archive_arid-resnet3d-18-MGsample-ying_caip_canny_thresh_100_200/arid-resnet3d-18-MGsample-ying_caip_canny_thresh_100_200_ep-0050.pth
2022-11-07 06:41:59: Start evaluating epoch 49:
2022-11-07 06:42:24: Epoch [49]  Batch [159]  Speed  12.7 (+ 2) sample/sec  loss-ce = 2.50107, top1 = 0.41250, top5 = 0.90312  
2022-11-07 06:42:24: Current best epoch found with top1 accuracy 0.41250 at epoch 50, saved
2022-11-07 06:42:24: Optimization done!
